[0.026s] Invoking command in '/home/bobo/ros2_ws/build/tug_turtlebot4': CMAKE_PREFIX_PATH=/home/bobo/ros2_ws/install/tug_msgs:/home/bobo/ros2_ws/install/tug_turtlebot4:/home/bobo/ros2_ws/install/tug_stage_ros2:/home/bobo/ros2_ws/install/tug_mr2:/home/bobo/ros2_ws/install/ros2cpp_tutorials_service:/home/bobo/ros2_ws/install/ros2cpp_tutorials_publisher_subscriber:/home/bobo/ros2_ws/install/ros2cpp_tutorials_parameter:/home/bobo/ros2_ws/install/ros2cpp_tutorials_action:/home/bobo/ros2_ws/install/Eigen3:/opt/ros/humble LD_LIBRARY_PATH=/home/bobo/ros2_ws/install/tug_msgs/lib:/home/bobo/stg/lib:/home/bobo/ros2_ws/install/ros2cpp_tutorials_service/lib:/home/bobo/ros2_ws/install/ros2cpp_tutorials_action/lib:/opt/ros/humble/opt/rviz_ogre_vendor/lib:/opt/ros/humble/lib/x86_64-linux-gnu:/opt/ros/humble/lib /usr/bin/cmake --build /home/bobo/ros2_ws/build/tug_turtlebot4 -- -j8 -l8
[0.115s] [35m[1mConsolidate compiler generated dependencies of target simple_turtle[0m
[0.140s] [ 28%] Built target static_transform_publisher
[0.148s] [ 57%] Built target tug_wheel_encoder-system
[0.156s] [ 71%] [32mBuilding CXX object CMakeFiles/simple_turtle.dir/src/SimpleTurtleNode.cpp.o[0m
[3.355s] [01m[K/home/bobo/ros2_ws/src/mr2_public/tug_turtlebot4/src/SimpleTurtleNode.cpp:[m[K In member function â€˜[01m[Kvoid tug_turtlebot4::SimpleTurtleNode::poseCallback(const Pose&)[m[Kâ€™:
[3.355s] [01m[K/home/bobo/ros2_ws/src/mr2_public/tug_turtlebot4/src/SimpleTurtleNode.cpp:164:18:[m[K [01;31m[Kerror: [m[Kâ€˜[01m[Kstruct tug_turtlebot4::PoseState[m[Kâ€™ has no member named â€˜[01m[Klinija[m[Kâ€™
[3.355s]   164 |       pose_state.[01;31m[Klinija[m[K += 1;
[3.355s]       |                  [01;31m[K^~~~~~[m[K
[7.335s] gmake[2]: *** [CMakeFiles/simple_turtle.dir/build.make:90: CMakeFiles/simple_turtle.dir/src/SimpleTurtleNode.cpp.o] Error 1
[7.335s] gmake[1]: *** [CMakeFiles/Makefile2:167: CMakeFiles/simple_turtle.dir/all] Error 2
[7.335s] gmake: *** [Makefile:146: all] Error 2
[7.338s] Invoked command in '/home/bobo/ros2_ws/build/tug_turtlebot4' returned '2': CMAKE_PREFIX_PATH=/home/bobo/ros2_ws/install/tug_msgs:/home/bobo/ros2_ws/install/tug_turtlebot4:/home/bobo/ros2_ws/install/tug_stage_ros2:/home/bobo/ros2_ws/install/tug_mr2:/home/bobo/ros2_ws/install/ros2cpp_tutorials_service:/home/bobo/ros2_ws/install/ros2cpp_tutorials_publisher_subscriber:/home/bobo/ros2_ws/install/ros2cpp_tutorials_parameter:/home/bobo/ros2_ws/install/ros2cpp_tutorials_action:/home/bobo/ros2_ws/install/Eigen3:/opt/ros/humble LD_LIBRARY_PATH=/home/bobo/ros2_ws/install/tug_msgs/lib:/home/bobo/stg/lib:/home/bobo/ros2_ws/install/ros2cpp_tutorials_service/lib:/home/bobo/ros2_ws/install/ros2cpp_tutorials_action/lib:/opt/ros/humble/opt/rviz_ogre_vendor/lib:/opt/ros/humble/lib/x86_64-linux-gnu:/opt/ros/humble/lib /usr/bin/cmake --build /home/bobo/ros2_ws/build/tug_turtlebot4 -- -j8 -l8
