[0.018s] Invoking command in '/home/bobo/ros2_ws/build/tug_turtlebot4': CMAKE_PREFIX_PATH=/home/bobo/ros2_ws/install/tug_msgs:/home/bobo/ros2_ws/install/tug_turtlebot4:/home/bobo/ros2_ws/install/tug_stage_ros2:/home/bobo/ros2_ws/install/tug_mr2:/home/bobo/ros2_ws/install/ros2cpp_tutorials_service:/home/bobo/ros2_ws/install/ros2cpp_tutorials_publisher_subscriber:/home/bobo/ros2_ws/install/ros2cpp_tutorials_parameter:/home/bobo/ros2_ws/install/ros2cpp_tutorials_action:/home/bobo/ros2_ws/install/Eigen3:/opt/ros/humble LD_LIBRARY_PATH=/home/bobo/ros2_ws/install/tug_msgs/lib:/home/bobo/stg/lib:/home/bobo/ros2_ws/install/ros2cpp_tutorials_service/lib:/home/bobo/ros2_ws/install/ros2cpp_tutorials_action/lib:/opt/ros/humble/opt/rviz_ogre_vendor/lib:/opt/ros/humble/lib/x86_64-linux-gnu:/opt/ros/humble/lib /usr/bin/cmake --build /home/bobo/ros2_ws/build/tug_turtlebot4 -- -j8 -l8
[0.085s] [35m[1mConsolidate compiler generated dependencies of target slam[0m
[0.102s] [ 18%] Built target static_transform_publisher
[0.104s] [ 36%] Built target tug_wheel_encoder-system
[0.110s] [ 63%] Built target simple_turtle
[0.128s] [ 72%] [32mBuilding CXX object CMakeFiles/slam.dir/src/slam.cpp.o[0m
[0.128s] [ 81%] [32mBuilding CXX object CMakeFiles/slam.dir/src/SlamNode.cpp.o[0m
[3.999s] [01m[K/home/bobo/ros2_ws/src/mr2_public/tug_turtlebot4/src/SlamNode.cpp:[m[K In member function â€˜[01m[Kvoid tug_turtlebot4::SlamNode::laserScanCallback(const ConstSharedPtr&)[m[Kâ€™:
[3.999s] [01m[K/home/bobo/ros2_ws/src/mr2_public/tug_turtlebot4/src/SlamNode.cpp:150:45:[m[K [01;31m[Kerror: [m[Kcannot convert â€˜[01m[Kgeometry_msgs::msg::Transform_<std::allocator<void> >::_translation_type[m[Kâ€™ {aka â€˜[01m[Kgeometry_msgs::msg::Vector3_<std::allocator<void> >[m[Kâ€™} to â€˜[01m[Kdouble[m[Kâ€™ in initialization
[3.999s]   150 |   double robot_pose = [01;31m[Kbot_to_odom.transform.translation[m[K;
[4.000s]       |                       [01;31m[K~~~~~~~~~~~~~~~~~~~~~~^~~~~~~~~~~[m[K
[4.000s]       |                                             [01;31m[K|[m[K
[4.000s]       |                                             [01;31m[Kgeometry_msgs::msg::Transform_<std::allocator<void> >::_translation_type {aka geometry_msgs::msg::Vector3_<std::allocator<void> >}[m[K
[4.000s] [01m[K/home/bobo/ros2_ws/src/mr2_public/tug_turtlebot4/src/SlamNode.cpp:193:78:[m[K [01;31m[Kerror: [m[Krequest for member â€˜[01m[Kx[m[Kâ€™ in â€˜[01m[Krobot_pose[m[Kâ€™, which is of non-class type â€˜[01m[Kdouble[m[Kâ€™
[4.001s]   193 |         std::vector<std::pair<double, double>> points = draw_line(robot_pose.[01;31m[Kx[m[K, robot_pose.y, x, y);
[4.001s]       |                                                                              [01;31m[K^[m[K
[4.001s] [01m[K/home/bobo/ros2_ws/src/mr2_public/tug_turtlebot4/src/SlamNode.cpp:193:92:[m[K [01;31m[Kerror: [m[Krequest for member â€˜[01m[Ky[m[Kâ€™ in â€˜[01m[Krobot_pose[m[Kâ€™, which is of non-class type â€˜[01m[Kdouble[m[Kâ€™
[4.001s]   193 |         std::vector<std::pair<double, double>> points = draw_line(robot_pose.x, robot_pose.[01;31m[Ky[m[K, x, y);
[4.001s]       |                                                                                            [01;31m[K^[m[K
[8.221s] gmake[2]: *** [CMakeFiles/slam.dir/build.make:90: CMakeFiles/slam.dir/src/SlamNode.cpp.o] Error 1
[8.221s] gmake[1]: *** [CMakeFiles/Makefile2:195: CMakeFiles/slam.dir/all] Error 2
[8.222s] gmake: *** [Makefile:146: all] Error 2
[8.224s] Invoked command in '/home/bobo/ros2_ws/build/tug_turtlebot4' returned '2': CMAKE_PREFIX_PATH=/home/bobo/ros2_ws/install/tug_msgs:/home/bobo/ros2_ws/install/tug_turtlebot4:/home/bobo/ros2_ws/install/tug_stage_ros2:/home/bobo/ros2_ws/install/tug_mr2:/home/bobo/ros2_ws/install/ros2cpp_tutorials_service:/home/bobo/ros2_ws/install/ros2cpp_tutorials_publisher_subscriber:/home/bobo/ros2_ws/install/ros2cpp_tutorials_parameter:/home/bobo/ros2_ws/install/ros2cpp_tutorials_action:/home/bobo/ros2_ws/install/Eigen3:/opt/ros/humble LD_LIBRARY_PATH=/home/bobo/ros2_ws/install/tug_msgs/lib:/home/bobo/stg/lib:/home/bobo/ros2_ws/install/ros2cpp_tutorials_service/lib:/home/bobo/ros2_ws/install/ros2cpp_tutorials_action/lib:/opt/ros/humble/opt/rviz_ogre_vendor/lib:/opt/ros/humble/lib/x86_64-linux-gnu:/opt/ros/humble/lib /usr/bin/cmake --build /home/bobo/ros2_ws/build/tug_turtlebot4 -- -j8 -l8
