[0.012s] Invoking command in '/home/bobo/ros2_ws/build/tug_stage_ros2': CMAKE_PREFIX_PATH=/home/bobo/ros2_ws/install/tug_msgs:/home/bobo/ros2_ws/install/tug_stage_ros2:/home/bobo/ros2_ws/install/tug_mr2:/home/bobo/ros2_ws/install/ros2cpp_tutorials_service:/home/bobo/ros2_ws/install/ros2cpp_tutorials_publisher_subscriber:/home/bobo/ros2_ws/install/ros2cpp_tutorials_parameter:/home/bobo/ros2_ws/install/ros2cpp_tutorials_action:/opt/ros/humble LD_LIBRARY_PATH=/home/bobo/ros2_ws/install/tug_msgs/lib:/home/bobo/stg/lib:/home/bobo/ros2_ws/install/ros2cpp_tutorials_service/lib:/home/bobo/ros2_ws/install/ros2cpp_tutorials_action/lib:/opt/ros/humble/opt/rviz_ogre_vendor/lib:/opt/ros/humble/lib/x86_64-linux-gnu:/opt/ros/humble/lib /usr/bin/cmake --build /home/bobo/ros2_ws/build/tug_stage_ros2 -- -j8 -l8
[0.068s] [ 33%] [32mBuilding CXX object CMakeFiles/tug_stage_ros2.dir/src/tug_stage_ros2.cpp.o[0m
[0.070s] [ 66%] [32mBuilding CXX object CMakeFiles/tug_stage_ros2.dir/src/StageNode.cpp.o[0m
[0.587s] In file included from [01m[K/home/bobo/ros2_ws/src/mr2_public/tug_stage_ros2/src/StageNode.cpp:1[m[K:
[0.587s] [01m[K/home/bobo/ros2_ws/src/mr2_public/tug_stage_ros2/include/tug_stage_ros2/StageNode.hpp:14:10:[m[K [01;31m[Kfatal error: [m[Knav_msgs/odometry.hpp: No such file or directory
[0.587s]    14 | #include [01;31m[K"nav_msgs/odometry.hpp"[m[K
[0.587s]       |          [01;31m[K^~~~~~~~~~~~~~~~~~~~~~~[m[K
[0.587s] compilation terminated.
[0.591s] gmake[2]: *** [CMakeFiles/tug_stage_ros2.dir/build.make:90: CMakeFiles/tug_stage_ros2.dir/src/StageNode.cpp.o] Error 1
[0.591s] gmake[2]: *** Waiting for unfinished jobs....
[0.626s] In file included from [01m[K/home/bobo/ros2_ws/src/mr2_public/tug_stage_ros2/src/tug_stage_ros2.cpp:6[m[K:
[0.626s] [01m[K/home/bobo/ros2_ws/src/mr2_public/tug_stage_ros2/include/tug_stage_ros2/StageNode.hpp:14:10:[m[K [01;31m[Kfatal error: [m[Knav_msgs/odometry.hpp: No such file or directory
[0.626s]    14 | #include [01;31m[K"nav_msgs/odometry.hpp"[m[K
[0.626s]       |          [01;31m[K^~~~~~~~~~~~~~~~~~~~~~~[m[K
[0.626s] compilation terminated.
[0.629s] gmake[2]: *** [CMakeFiles/tug_stage_ros2.dir/build.make:76: CMakeFiles/tug_stage_ros2.dir/src/tug_stage_ros2.cpp.o] Error 1
[0.629s] gmake[1]: *** [CMakeFiles/Makefile2:137: CMakeFiles/tug_stage_ros2.dir/all] Error 2
[0.629s] gmake: *** [Makefile:146: all] Error 2
[0.632s] Invoked command in '/home/bobo/ros2_ws/build/tug_stage_ros2' returned '2': CMAKE_PREFIX_PATH=/home/bobo/ros2_ws/install/tug_msgs:/home/bobo/ros2_ws/install/tug_stage_ros2:/home/bobo/ros2_ws/install/tug_mr2:/home/bobo/ros2_ws/install/ros2cpp_tutorials_service:/home/bobo/ros2_ws/install/ros2cpp_tutorials_publisher_subscriber:/home/bobo/ros2_ws/install/ros2cpp_tutorials_parameter:/home/bobo/ros2_ws/install/ros2cpp_tutorials_action:/opt/ros/humble LD_LIBRARY_PATH=/home/bobo/ros2_ws/install/tug_msgs/lib:/home/bobo/stg/lib:/home/bobo/ros2_ws/install/ros2cpp_tutorials_service/lib:/home/bobo/ros2_ws/install/ros2cpp_tutorials_action/lib:/opt/ros/humble/opt/rviz_ogre_vendor/lib:/opt/ros/humble/lib/x86_64-linux-gnu:/opt/ros/humble/lib /usr/bin/cmake --build /home/bobo/ros2_ws/build/tug_stage_ros2 -- -j8 -l8
