[35m[1mConsolidate compiler generated dependencies of target simple_turtle[0m
[ 28%] Built target static_transform_publisher
[ 57%] Built target tug_wheel_encoder-system
[ 71%] [32mBuilding CXX object CMakeFiles/simple_turtle.dir/src/SimpleTurtleNode.cpp.o[0m
[01m[K/home/bobo/ros2_ws/src/mr2_public/tug_turtlebot4/src/SimpleTurtleNode.cpp:[m[K In member function â€˜[01m[Kvoid tug_turtlebot4::SimpleTurtleNode::poseCallback(const Pose&)[m[Kâ€™:
[01m[K/home/bobo/ros2_ws/src/mr2_public/tug_turtlebot4/src/SimpleTurtleNode.cpp:134:10:[m[K [01;35m[Kwarning: [m[Kunused variable â€˜[01m[Kyaw[m[Kâ€™ [[01;35m[K]8;;https://gcc.gnu.org/onlinedocs/gcc/Warning-Options.html#index-Wunused-variable-Wunused-variable]8;;[m[K]
  134 |   double [01;35m[Kyaw[m[K = atan2(2.0 * (q.w * q.z + q.x * q.y), 1.0 - 2.0 * (q.y * q.y + q.z * q.z));
      |          [01;35m[K^~~[m[K
[01m[K/home/bobo/ros2_ws/src/mr2_public/tug_turtlebot4/src/SimpleTurtleNode.cpp:[m[K In member function â€˜[01m[Kvoid tug_turtlebot4::SimpleTurtleNode::initMotionPattern()[m[Kâ€™:
[01m[K/home/bobo/ros2_ws/src/mr2_public/tug_turtlebot4/src/SimpleTurtleNode.cpp:183:28:[m[K [01;31m[Kerror: [m[Kno matching function for call to â€˜[01m[Kstd::vector<geometry_msgs::msg::Twist_<std::allocator<void> > >::push_back(int)[m[Kâ€™
  183 |     [01;31m[Kcmd_vel_msgs_.push_back(0)[m[K;
      |     [01;31m[K~~~~~~~~~~~~~~~~~~~~~~~^~~[m[K
In file included from [01m[K/usr/include/c++/11/vector:67[m[K,
                 from [01m[K/home/bobo/ros2_ws/src/mr2_public/tug_turtlebot4/include/tug_turtlebot4/SimpleTurtleNode.hpp:5[m[K,
                 from [01m[K/home/bobo/ros2_ws/src/mr2_public/tug_turtlebot4/src/SimpleTurtleNode.cpp:1[m[K:
[01m[K/usr/include/c++/11/bits/stl_vector.h:1187:7:[m[K [01;36m[Knote: [m[Kcandidate: â€˜[01m[Kvoid std::vector<_Tp, _Alloc>::push_back(const value_type&) [with _Tp = geometry_msgs::msg::Twist_<std::allocator<void> >; _Alloc = std::allocator<geometry_msgs::msg::Twist_<std::allocator<void> > >; std::vector<_Tp, _Alloc>::value_type = geometry_msgs::msg::Twist_<std::allocator<void> >][m[Kâ€™
 1187 |       [01;36m[Kpush_back[m[K(const value_type& __x)
      |       [01;36m[K^~~~~~~~~[m[K
[01m[K/usr/include/c++/11/bits/stl_vector.h:1187:35:[m[K [01;36m[Knote: [m[K  no known conversion for argument 1 from â€˜[01m[Kint[m[Kâ€™ to â€˜[01m[Kconst value_type&[m[Kâ€™ {aka â€˜[01m[Kconst geometry_msgs::msg::Twist_<std::allocator<void> >&[m[Kâ€™}
 1187 |       push_back([01;36m[Kconst value_type& __x[m[K)
      |                 [01;36m[K~~~~~~~~~~~~~~~~~~^~~[m[K
[01m[K/usr/include/c++/11/bits/stl_vector.h:1203:7:[m[K [01;36m[Knote: [m[Kcandidate: â€˜[01m[Kvoid std::vector<_Tp, _Alloc>::push_back(std::vector<_Tp, _Alloc>::value_type&&) [with _Tp = geometry_msgs::msg::Twist_<std::allocator<void> >; _Alloc = std::allocator<geometry_msgs::msg::Twist_<std::allocator<void> > >; std::vector<_Tp, _Alloc>::value_type = geometry_msgs::msg::Twist_<std::allocator<void> >][m[Kâ€™
 1203 |       [01;36m[Kpush_back[m[K(value_type&& __x)
      |       [01;36m[K^~~~~~~~~[m[K
[01m[K/usr/include/c++/11/bits/stl_vector.h:1203:30:[m[K [01;36m[Knote: [m[K  no known conversion for argument 1 from â€˜[01m[Kint[m[Kâ€™ to â€˜[01m[Kstd::vector<geometry_msgs::msg::Twist_<std::allocator<void> > >::value_type&&[m[Kâ€™ {aka â€˜[01m[Kgeometry_msgs::msg::Twist_<std::allocator<void> >&&[m[Kâ€™}
 1203 |       push_back([01;36m[Kvalue_type&& __x[m[K)
      |                 [01;36m[K~~~~~~~~~~~~~^~~[m[K
[01m[K/home/bobo/ros2_ws/src/mr2_public/tug_turtlebot4/src/SimpleTurtleNode.cpp:192:5:[m[K [01;31m[Kerror: [m[Kâ€˜[01m[Ktwist_msg[m[Kâ€™ was not declared in this scope
  192 |     [01;31m[Ktwist_msg[m[K.linear.x = A * sin(a * t + delta);  // Forward velocity
      |     [01;31m[K^~~~~~~~~[m[K
gmake[2]: *** [CMakeFiles/simple_turtle.dir/build.make:90: CMakeFiles/simple_turtle.dir/src/SimpleTurtleNode.cpp.o] Error 1
gmake[1]: *** [CMakeFiles/Makefile2:167: CMakeFiles/simple_turtle.dir/all] Error 2
gmake: *** [Makefile:146: all] Error 2
