[01m[K/home/bobo/ros2_ws/src/mr2_public/tug_turtlebot4/src/SlamNode.cpp:82:16:[m[K [01;31m[Kerror: [m[Kexpected identifier before â€˜[01m[K)[m[Kâ€™ token
   82 |                [01;31m[K)[m[K {
      |                [01;31m[K^[m[K
In file included from [01m[K/opt/ros/humble/include/rclcpp/rclcpp/client.hpp:40[m[K,
                 from [01m[K/opt/ros/humble/include/rclcpp/rclcpp/callback_group.hpp:24[m[K,
                 from [01m[K/opt/ros/humble/include/rclcpp/rclcpp/node.hpp:40[m[K,
                 from [01m[K/home/bobo/ros2_ws/src/mr2_public/tug_turtlebot4/include/tug_turtlebot4/SlamNode.hpp:6[m[K,
                 from [01m[K/home/bobo/ros2_ws/src/mr2_public/tug_turtlebot4/src/SlamNode.cpp:1[m[K:
[01m[K/home/bobo/ros2_ws/src/mr2_public/tug_turtlebot4/src/SlamNode.cpp:[m[K In function â€˜[01m[Kvoid tug_turtlebot4::drawLineV(double, double, double, double, std::vector<std::pair<double, double> >&, int)[m[Kâ€™:
[01m[K/home/bobo/ros2_ws/src/mr2_public/tug_turtlebot4/src/SlamNode.cpp:94:17:[m[K [01;31m[Kerror: [m[Kâ€˜[01m[Klogger[m[Kâ€™ was not declared in this scope
   94 |     RCLCPP_INFO([01;31m[Klogger[m[K, "Initial Values:");
      |                 [01;31m[K^~~~~~[m[K
[01m[K/home/bobo/ros2_ws/src/mr2_public/tug_turtlebot4/src/SlamNode.cpp:94:5:[m[K [01;31m[Kerror: [m[Ktemplate argument 1 is invalid
   94 |     [01;31m[KRCLCPP_INFO[m[K(logger, "Initial Values:");
      |     [01;31m[K^~~~~~~~~~~[m[K
[01m[K/home/bobo/ros2_ws/src/mr2_public/tug_turtlebot4/src/SlamNode.cpp:94:5:[m[K [01;31m[Kerror: [m[Ktemplate argument 1 is invalid
   94 |     [01;31m[KRCLCPP_INFO[m[K(logger, "Initial Values:");
      |     [01;31m[K^~~~~~~~~~~[m[K
[01m[K/home/bobo/ros2_ws/src/mr2_public/tug_turtlebot4/src/SlamNode.cpp:94:5:[m[K [01;31m[Kerror: [m[Ktemplate argument 1 is invalid
   94 |     [01;31m[KRCLCPP_INFO[m[K(logger, "Initial Values:");
      |     [01;31m[K^~~~~~~~~~~[m[K
[01m[K/home/bobo/ros2_ws/src/mr2_public/tug_turtlebot4/src/SlamNode.cpp:95:17:[m[K [01;31m[Kerror: [m[Kâ€˜[01m[Klogger[m[Kâ€™ was not declared in this scope
   95 |     RCLCPP_INFO([01;31m[Klogger[m[K, "x0: %f, y0: %f, x1: %f, y1: %f", x0, y0, x1, y1);
      |                 [01;31m[K^~~~~~[m[K
[01m[K/home/bobo/ros2_ws/src/mr2_public/tug_turtlebot4/src/SlamNode.cpp:95:5:[m[K [01;31m[Kerror: [m[Ktemplate argument 1 is invalid
   95 |     [01;31m[KRCLCPP_INFO[m[K(logger, "x0: %f, y0: %f, x1: %f, y1: %f", x0, y0, x1, y1);
      |     [01;31m[K^~~~~~~~~~~[m[K
[01m[K/home/bobo/ros2_ws/src/mr2_public/tug_turtlebot4/src/SlamNode.cpp:95:5:[m[K [01;31m[Kerror: [m[Ktemplate argument 1 is invalid
   95 |     [01;31m[KRCLCPP_INFO[m[K(logger, "x0: %f, y0: %f, x1: %f, y1: %f", x0, y0, x1, y1);
      |     [01;31m[K^~~~~~~~~~~[m[K
[01m[K/home/bobo/ros2_ws/src/mr2_public/tug_turtlebot4/src/SlamNode.cpp:95:5:[m[K [01;31m[Kerror: [m[Ktemplate argument 1 is invalid
   95 |     [01;31m[KRCLCPP_INFO[m[K(logger, "x0: %f, y0: %f, x1: %f, y1: %f", x0, y0, x1, y1);
      |     [01;31m[K^~~~~~~~~~~[m[K
[01m[K/home/bobo/ros2_ws/src/mr2_public/tug_turtlebot4/src/SlamNode.cpp:96:17:[m[K [01;31m[Kerror: [m[Kâ€˜[01m[Klogger[m[Kâ€™ was not declared in this scope
   96 |     RCLCPP_INFO([01;31m[Klogger[m[K, "dx: %f, dy: %f, direction: %d", dx, dy, dir);
      |                 [01;31m[K^~~~~~[m[K
[01m[K/home/bobo/ros2_ws/src/mr2_public/tug_turtlebot4/src/SlamNode.cpp:96:5:[m[K [01;31m[Kerror: [m[Ktemplate argument 1 is invalid
   96 |     [01;31m[KRCLCPP_INFO[m[K(logger, "dx: %f, dy: %f, direction: %d", dx, dy, dir);
      |     [01;31m[K^~~~~~~~~~~[m[K
[01m[K/home/bobo/ros2_ws/src/mr2_public/tug_turtlebot4/src/SlamNode.cpp:96:5:[m[K [01;31m[Kerror: [m[Ktemplate argument 1 is invalid
   96 |     [01;31m[KRCLCPP_INFO[m[K(logger, "dx: %f, dy: %f, direction: %d", dx, dy, dir);
      |     [01;31m[K^~~~~~~~~~~[m[K
[01m[K/home/bobo/ros2_ws/src/mr2_public/tug_turtlebot4/src/SlamNode.cpp:96:5:[m[K [01;31m[Kerror: [m[Ktemplate argument 1 is invalid
   96 |     [01;31m[KRCLCPP_INFO[m[K(logger, "dx: %f, dy: %f, direction: %d", dx, dy, dir);
      |     [01;31m[K^~~~~~~~~~~[m[K
[01m[K/home/bobo/ros2_ws/src/mr2_public/tug_turtlebot4/src/SlamNode.cpp:103:21:[m[K [01;31m[Kerror: [m[Kâ€˜[01m[Klogger[m[Kâ€™ was not declared in this scope
  103 |         RCLCPP_INFO([01;31m[Klogger[m[K, "Starting Line Drawing:");
      |                     [01;31m[K^~~~~~[m[K
[01m[K/home/bobo/ros2_ws/src/mr2_public/tug_turtlebot4/src/SlamNode.cpp:103:9:[m[K [01;31m[Kerror: [m[Ktemplate argument 1 is invalid
  103 |         [01;31m[KRCLCPP_INFO[m[K(logger, "Starting Line Drawing:");
      |         [01;31m[K^~~~~~~~~~~[m[K
[01m[K/home/bobo/ros2_ws/src/mr2_public/tug_turtlebot4/src/SlamNode.cpp:103:9:[m[K [01;31m[Kerror: [m[Ktemplate argument 1 is invalid
  103 |         [01;31m[KRCLCPP_INFO[m[K(logger, "Starting Line Drawing:");
      |         [01;31m[K^~~~~~~~~~~[m[K
[01m[K/home/bobo/ros2_ws/src/mr2_public/tug_turtlebot4/src/SlamNode.cpp:103:9:[m[K [01;31m[Kerror: [m[Ktemplate argument 1 is invalid
  103 |         [01;31m[KRCLCPP_INFO[m[K(logger, "Starting Line Drawing:");
      |         [01;31m[K^~~~~~~~~~~[m[K
[01m[K/home/bobo/ros2_ws/src/mr2_public/tug_turtlebot4/src/SlamNode.cpp:110:25:[m[K [01;31m[Kerror: [m[Kâ€˜[01m[Klogger[m[Kâ€™ was not declared in this scope
  110 |             RCLCPP_INFO([01;31m[Klogger[m[K, "Step i: %f", i);
      |                         [01;31m[K^~~~~~[m[K
[01m[K/home/bobo/ros2_ws/src/mr2_public/tug_turtlebot4/src/SlamNode.cpp:110:13:[m[K [01;31m[Kerror: [m[Ktemplate argument 1 is invalid
  110 |             [01;31m[KRCLCPP_INFO[m[K(logger, "Step i: %f", i);
      |             [01;31m[K^~~~~~~~~~~[m[K
[01m[K/home/bobo/ros2_ws/src/mr2_public/tug_turtlebot4/src/SlamNode.cpp:110:13:[m[K [01;31m[Kerror: [m[Ktemplate argument 1 is invalid
  110 |             [01;31m[KRCLCPP_INFO[m[K(logger, "Step i: %f", i);
      |             [01;31m[K^~~~~~~~~~~[m[K
[01m[K/home/bobo/ros2_ws/src/mr2_public/tug_turtlebot4/src/SlamNode.cpp:110:13:[m[K [01;31m[Kerror: [m[Ktemplate argument 1 is invalid
  110 |             [01;31m[KRCLCPP_INFO[m[K(logger, "Step i: %f", i);
      |             [01;31m[K^~~~~~~~~~~[m[K
[01m[K/home/bobo/ros2_ws/src/mr2_public/tug_turtlebot4/src/SlamNode.cpp:111:25:[m[K [01;31m[Kerror: [m[Kâ€˜[01m[Klogger[m[Kâ€™ was not declared in this scope
  111 |             RCLCPP_INFO([01;31m[Klogger[m[K, "Current Point: (%f, %f)", x, y0 + i);
      |                         [01;31m[K^~~~~~[m[K
[01m[K/home/bobo/ros2_ws/src/mr2_public/tug_turtlebot4/src/SlamNode.cpp:111:13:[m[K [01;31m[Kerror: [m[Ktemplate argument 1 is invalid
  111 |             [01;31m[KRCLCPP_INFO[m[K(logger, "Current Point: (%f, %f)", x, y0 + i);
      |             [01;31m[K^~~~~~~~~~~[m[K
[01m[K/home/bobo/ros2_ws/src/mr2_public/tug_turtlebot4/src/SlamNode.cpp:111:13:[m[K [01;31m[Kerror: [m[Ktemplate argument 1 is invalid
  111 |             [01;31m[KRCLCPP_INFO[m[K(logger, "Current Point: (%f, %f)", x, y0 + i);
      |             [01;31m[K^~~~~~~~~~~[m[K
[01m[K/home/bobo/ros2_ws/src/mr2_public/tug_turtlebot4/src/SlamNode.cpp:111:13:[m[K [01;31m[Kerror: [m[Ktemplate argument 1 is invalid
  111 |             [01;31m[KRCLCPP_INFO[m[K(logger, "Current Point: (%f, %f)", x, y0 + i);
      |             [01;31m[K^~~~~~~~~~~[m[K
[01m[K/home/bobo/ros2_ws/src/mr2_public/tug_turtlebot4/src/SlamNode.cpp:112:25:[m[K [01;31m[Kerror: [m[Kâ€˜[01m[Klogger[m[Kâ€™ was not declared in this scope
  112 |             RCLCPP_INFO([01;31m[Klogger[m[K, "p: %f", p);
      |                         [01;31m[K^~~~~~[m[K
[01m[K/home/bobo/ros2_ws/src/mr2_public/tug_turtlebot4/src/SlamNode.cpp:112:13:[m[K [01;31m[Kerror: [m[Ktemplate argument 1 is invalid
  112 |             [01;31m[KRCLCPP_INFO[m[K(logger, "p: %f", p);
      |             [01;31m[K^~~~~~~~~~~[m[K
[01m[K/home/bobo/ros2_ws/src/mr2_public/tug_turtlebot4/src/SlamNode.cpp:112:13:[m[K [01;31m[Kerror: [m[Ktemplate argument 1 is invalid
  112 |             [01;31m[KRCLCPP_INFO[m[K(logger, "p: %f", p);
      |             [01;31m[K^~~~~~~~~~~[m[K
[01m[K/home/bobo/ros2_ws/src/mr2_public/tug_turtlebot4/src/SlamNode.cpp:112:13:[m[K [01;31m[Kerror: [m[Ktemplate argument 1 is invalid
  112 |             [01;31m[KRCLCPP_INFO[m[K(logger, "p: %f", p);
      |             [01;31m[K^~~~~~~~~~~[m[K
[01m[K/home/bobo/ros2_ws/src/mr2_public/tug_turtlebot4/src/SlamNode.cpp:117:29:[m[K [01;31m[Kerror: [m[Kâ€˜[01m[Klogger[m[Kâ€™ was not declared in this scope
  117 |                 RCLCPP_INFO([01;31m[Klogger[m[K, "x incremented to: %f", x);
      |                             [01;31m[K^~~~~~[m[K
[01m[K/home/bobo/ros2_ws/src/mr2_public/tug_turtlebot4/src/SlamNode.cpp:117:17:[m[K [01;31m[Kerror: [m[Ktemplate argument 1 is invalid
  117 |                 [01;31m[KRCLCPP_INFO[m[K(logger, "x incremented to: %f", x);
      |                 [01;31m[K^~~~~~~~~~~[m[K
[01m[K/home/bobo/ros2_ws/src/mr2_public/tug_turtlebot4/src/SlamNode.cpp:117:17:[m[K [01;31m[Kerror: [m[Ktemplate argument 1 is invalid
  117 |                 [01;31m[KRCLCPP_INFO[m[K(logger, "x incremented to: %f", x);
      |                 [01;31m[K^~~~~~~~~~~[m[K
[01m[K/home/bobo/ros2_ws/src/mr2_public/tug_turtlebot4/src/SlamNode.cpp:117:17:[m[K [01;31m[Kerror: [m[Ktemplate argument 1 is invalid
  117 |                 [01;31m[KRCLCPP_INFO[m[K(logger, "x incremented to: %f", x);
      |                 [01;31m[K^~~~~~~~~~~[m[K
[01m[K/home/bobo/ros2_ws/src/mr2_public/tug_turtlebot4/src/SlamNode.cpp:121:25:[m[K [01;31m[Kerror: [m[Kâ€˜[01m[Klogger[m[Kâ€™ was not declared in this scope
  121 |             RCLCPP_INFO([01;31m[Klogger[m[K, "Updated p: %f", p);
      |                         [01;31m[K^~~~~~[m[K
[01m[K/home/bobo/ros2_ws/src/mr2_public/tug_turtlebot4/src/SlamNode.cpp:121:13:[m[K [01;31m[Kerror: [m[Ktemplate argument 1 is invalid
  121 |             [01;31m[KRCLCPP_INFO[m[K(logger, "Updated p: %f", p);
      |             [01;31m[K^~~~~~~~~~~[m[K
[01m[K/home/bobo/ros2_ws/src/mr2_public/tug_turtlebot4/src/SlamNode.cpp:121:13:[m[K [01;31m[Kerror: [m[Ktemplate argument 1 is invalid
  121 |             [01;31m[KRCLCPP_INFO[m[K(logger, "Updated p: %f", p);
      |             [01;31m[K^~~~~~~~~~~[m[K
[01m[K/home/bobo/ros2_ws/src/mr2_public/tug_turtlebot4/src/SlamNode.cpp:121:13:[m[K [01;31m[Kerror: [m[Ktemplate argument 1 is invalid
  121 |             [01;31m[KRCLCPP_INFO[m[K(logger, "Updated p: %f", p);
      |             [01;31m[K^~~~~~~~~~~[m[K
[01m[K/home/bobo/ros2_ws/src/mr2_public/tug_turtlebot4/src/SlamNode.cpp:125:17:[m[K [01;31m[Kerror: [m[Kâ€˜[01m[Klogger[m[Kâ€™ was not declared in this scope
  125 |     RCLCPP_INFO([01;31m[Klogger[m[K, "Finished Line Drawing. Total Points: %lu", line.size());
      |                 [01;31m[K^~~~~~[m[K
[01m[K/home/bobo/ros2_ws/src/mr2_public/tug_turtlebot4/src/SlamNode.cpp:125:5:[m[K [01;31m[Kerror: [m[Ktemplate argument 1 is invalid
  125 |     [01;31m[KRCLCPP_INFO[m[K(logger, "Finished Line Drawing. Total Points: %lu", line.size());
      |     [01;31m[K^~~~~~~~~~~[m[K
[01m[K/home/bobo/ros2_ws/src/mr2_public/tug_turtlebot4/src/SlamNode.cpp:125:5:[m[K [01;31m[Kerror: [m[Ktemplate argument 1 is invalid
  125 |     [01;31m[KRCLCPP_INFO[m[K(logger, "Finished Line Drawing. Total Points: %lu", line.size());
      |     [01;31m[K^~~~~~~~~~~[m[K
[01m[K/home/bobo/ros2_ws/src/mr2_public/tug_turtlebot4/src/SlamNode.cpp:125:5:[m[K [01;31m[Kerror: [m[Ktemplate argument 1 is invalid
  125 |     [01;31m[KRCLCPP_INFO[m[K(logger, "Finished Line Drawing. Total Points: %lu", line.size());
      |     [01;31m[K^~~~~~~~~~~[m[K
[01m[K/home/bobo/ros2_ws/src/mr2_public/tug_turtlebot4/src/SlamNode.cpp:126:17:[m[K [01;31m[Kerror: [m[Kâ€˜[01m[Klogger[m[Kâ€™ was not declared in this scope
  126 |     RCLCPP_INFO([01;31m[Klogger[m[K, "Line Points:");
      |                 [01;31m[K^~~~~~[m[K
[01m[K/home/bobo/ros2_ws/src/mr2_public/tug_turtlebot4/src/SlamNode.cpp:126:5:[m[K [01;31m[Kerror: [m[Ktemplate argument 1 is invalid
  126 |     [01;31m[KRCLCPP_INFO[m[K(logger, "Line Points:");
      |     [01;31m[K^~~~~~~~~~~[m[K
[01m[K/home/bobo/ros2_ws/src/mr2_public/tug_turtlebot4/src/SlamNode.cpp:126:5:[m[K [01;31m[Kerror: [m[Ktemplate argument 1 is invalid
  126 |     [01;31m[KRCLCPP_INFO[m[K(logger, "Line Points:");
      |     [01;31m[K^~~~~~~~~~~[m[K
[01m[K/home/bobo/ros2_ws/src/mr2_public/tug_turtlebot4/src/SlamNode.cpp:126:5:[m[K [01;31m[Kerror: [m[Ktemplate argument 1 is invalid
  126 |     [01;31m[KRCLCPP_INFO[m[K(logger, "Line Points:");
      |     [01;31m[K^~~~~~~~~~~[m[K
[01m[K/home/bobo/ros2_ws/src/mr2_public/tug_turtlebot4/src/SlamNode.cpp:128:21:[m[K [01;31m[Kerror: [m[Kâ€˜[01m[Klogger[m[Kâ€™ was not declared in this scope
  128 |         RCLCPP_INFO([01;31m[Klogger[m[K, "(%f, %f)", point.first, point.second);
      |                     [01;31m[K^~~~~~[m[K
[01m[K/home/bobo/ros2_ws/src/mr2_public/tug_turtlebot4/src/SlamNode.cpp:128:9:[m[K [01;31m[Kerror: [m[Ktemplate argument 1 is invalid
  128 |         [01;31m[KRCLCPP_INFO[m[K(logger, "(%f, %f)", point.first, point.second);
      |         [01;31m[K^~~~~~~~~~~[m[K
[01m[K/home/bobo/ros2_ws/src/mr2_public/tug_turtlebot4/src/SlamNode.cpp:128:9:[m[K [01;31m[Kerror: [m[Ktemplate argument 1 is invalid
  128 |         [01;31m[KRCLCPP_INFO[m[K(logger, "(%f, %f)", point.first, point.second);
      |         [01;31m[K^~~~~~~~~~~[m[K
[01m[K/home/bobo/ros2_ws/src/mr2_public/tug_turtlebot4/src/SlamNode.cpp:128:9:[m[K [01;31m[Kerror: [m[Ktemplate argument 1 is invalid
  128 |         [01;31m[KRCLCPP_INFO[m[K(logger, "(%f, %f)", point.first, point.second);
      |         [01;31m[K^~~~~~~~~~~[m[K
[01m[K/home/bobo/ros2_ws/src/mr2_public/tug_turtlebot4/src/SlamNode.cpp:[m[K In function â€˜[01m[Kstd::vector<std::pair<double, double> > tug_turtlebot4::draw_line(int, int, int, int)[m[Kâ€™:
[01m[K/home/bobo/ros2_ws/src/mr2_public/tug_turtlebot4/src/SlamNode.cpp:138:14:[m[K [01;31m[Kerror: [m[Ktoo few arguments to function â€˜[01m[Kvoid tug_turtlebot4::drawLineV(double, double, double, double, std::vector<std::pair<double, double> >&, int)[m[Kâ€™
  138 |     [01;31m[KdrawLineV(x0, y0, x1, y1, points)[m[K;
      |     [01;31m[K~~~~~~~~~^~~~~~~~~~~~~~~~~~~~~~~~[m[K
[01m[K/home/bobo/ros2_ws/src/mr2_public/tug_turtlebot4/src/SlamNode.cpp:80:6:[m[K [01;36m[Knote: [m[Kdeclared here
   80 | void [01;36m[KdrawLineV[m[K(double x0, double y0, double x1, double y1,
      |      [01;36m[K^~~~~~~~~[m[K
gmake[2]: *** [CMakeFiles/slam.dir/build.make:90: CMakeFiles/slam.dir/src/SlamNode.cpp.o] Error 1
gmake[1]: *** [CMakeFiles/Makefile2:195: CMakeFiles/slam.dir/all] Error 2
gmake: *** [Makefile:146: all] Error 2
