[0.033s] Invoking command in '/home/bobo/ros2_ws/build/tug_turtlebot4': CMAKE_PREFIX_PATH=/home/bobo/ros2_ws/install/tug_msgs:/home/bobo/ros2_ws/install/tug_turtlebot4:/home/bobo/ros2_ws/install/tug_stage_ros2:/home/bobo/ros2_ws/install/tug_mr2:/home/bobo/ros2_ws/install/ros2cpp_tutorials_service:/home/bobo/ros2_ws/install/ros2cpp_tutorials_publisher_subscriber:/home/bobo/ros2_ws/install/ros2cpp_tutorials_parameter:/home/bobo/ros2_ws/install/ros2cpp_tutorials_action:/home/bobo/ros2_ws/install/Eigen3:/opt/ros/humble LD_LIBRARY_PATH=/home/bobo/ros2_ws/install/tug_msgs/lib:/home/bobo/stg/lib:/home/bobo/ros2_ws/install/ros2cpp_tutorials_service/lib:/home/bobo/ros2_ws/install/ros2cpp_tutorials_action/lib:/opt/ros/humble/opt/rviz_ogre_vendor/lib:/opt/ros/humble/lib/x86_64-linux-gnu:/opt/ros/humble/lib /usr/bin/cmake --build /home/bobo/ros2_ws/build/tug_turtlebot4 -- -j8 -l8
[0.134s] [35m[1mConsolidate compiler generated dependencies of target slam[0m
[0.162s] [ 18%] Built target static_transform_publisher
[0.166s] [ 36%] Built target tug_wheel_encoder-system
[0.168s] [ 63%] Built target simple_turtle
[0.192s] [ 72%] [32mBuilding CXX object CMakeFiles/slam.dir/src/SlamNode.cpp.o[0m
[5.199s] [01m[K/home/bobo/ros2_ws/src/mr2_public/tug_turtlebot4/src/SlamNode.cpp:82:16:[m[K [01;31m[Kerror: [m[Kexpected identifier before â€˜[01m[K)[m[Kâ€™ token
[5.199s]    82 |                [01;31m[K)[m[K {
[5.199s]       |                [01;31m[K^[m[K
[5.205s] In file included from [01m[K/opt/ros/humble/include/rclcpp/rclcpp/client.hpp:40[m[K,
[5.206s]                  from [01m[K/opt/ros/humble/include/rclcpp/rclcpp/callback_group.hpp:24[m[K,
[5.206s]                  from [01m[K/opt/ros/humble/include/rclcpp/rclcpp/node.hpp:40[m[K,
[5.206s]                  from [01m[K/home/bobo/ros2_ws/src/mr2_public/tug_turtlebot4/include/tug_turtlebot4/SlamNode.hpp:6[m[K,
[5.206s]                  from [01m[K/home/bobo/ros2_ws/src/mr2_public/tug_turtlebot4/src/SlamNode.cpp:1[m[K:
[5.207s] [01m[K/home/bobo/ros2_ws/src/mr2_public/tug_turtlebot4/src/SlamNode.cpp:[m[K In function â€˜[01m[Kvoid tug_turtlebot4::drawLineV(double, double, double, double, std::vector<std::pair<double, double> >&, int)[m[Kâ€™:
[5.207s] [01m[K/home/bobo/ros2_ws/src/mr2_public/tug_turtlebot4/src/SlamNode.cpp:94:17:[m[K [01;31m[Kerror: [m[Kâ€˜[01m[Klogger[m[Kâ€™ was not declared in this scope
[5.207s]    94 |     RCLCPP_INFO([01;31m[Klogger[m[K, "Initial Values:");
[5.207s]       |                 [01;31m[K^~~~~~[m[K
[5.207s] [01m[K/home/bobo/ros2_ws/src/mr2_public/tug_turtlebot4/src/SlamNode.cpp:94:5:[m[K [01;31m[Kerror: [m[Ktemplate argument 1 is invalid
[5.207s]    94 |     [01;31m[KRCLCPP_INFO[m[K(logger, "Initial Values:");
[5.208s]       |     [01;31m[K^~~~~~~~~~~[m[K
[5.208s] [01m[K/home/bobo/ros2_ws/src/mr2_public/tug_turtlebot4/src/SlamNode.cpp:94:5:[m[K [01;31m[Kerror: [m[Ktemplate argument 1 is invalid
[5.208s]    94 |     [01;31m[KRCLCPP_INFO[m[K(logger, "Initial Values:");
[5.208s]       |     [01;31m[K^~~~~~~~~~~[m[K
[5.208s] [01m[K/home/bobo/ros2_ws/src/mr2_public/tug_turtlebot4/src/SlamNode.cpp:94:5:[m[K [01;31m[Kerror: [m[Ktemplate argument 1 is invalid
[5.208s]    94 |     [01;31m[KRCLCPP_INFO[m[K(logger, "Initial Values:");
[5.208s]       |     [01;31m[K^~~~~~~~~~~[m[K
[5.213s] [01m[K/home/bobo/ros2_ws/src/mr2_public/tug_turtlebot4/src/SlamNode.cpp:95:17:[m[K [01;31m[Kerror: [m[Kâ€˜[01m[Klogger[m[Kâ€™ was not declared in this scope
[5.213s]    95 |     RCLCPP_INFO([01;31m[Klogger[m[K, "x0: %f, y0: %f, x1: %f, y1: %f", x0, y0, x1, y1);
[5.213s]       |                 [01;31m[K^~~~~~[m[K
[5.214s] [01m[K/home/bobo/ros2_ws/src/mr2_public/tug_turtlebot4/src/SlamNode.cpp:95:5:[m[K [01;31m[Kerror: [m[Ktemplate argument 1 is invalid
[5.214s]    95 |     [01;31m[KRCLCPP_INFO[m[K(logger, "x0: %f, y0: %f, x1: %f, y1: %f", x0, y0, x1, y1);
[5.214s]       |     [01;31m[K^~~~~~~~~~~[m[K
[5.214s] [01m[K/home/bobo/ros2_ws/src/mr2_public/tug_turtlebot4/src/SlamNode.cpp:95:5:[m[K [01;31m[Kerror: [m[Ktemplate argument 1 is invalid
[5.214s]    95 |     [01;31m[KRCLCPP_INFO[m[K(logger, "x0: %f, y0: %f, x1: %f, y1: %f", x0, y0, x1, y1);
[5.214s]       |     [01;31m[K^~~~~~~~~~~[m[K
[5.215s] [01m[K/home/bobo/ros2_ws/src/mr2_public/tug_turtlebot4/src/SlamNode.cpp:95:5:[m[K [01;31m[Kerror: [m[Ktemplate argument 1 is invalid
[5.215s]    95 |     [01;31m[KRCLCPP_INFO[m[K(logger, "x0: %f, y0: %f, x1: %f, y1: %f", x0, y0, x1, y1);
[5.215s]       |     [01;31m[K^~~~~~~~~~~[m[K
[5.219s] [01m[K/home/bobo/ros2_ws/src/mr2_public/tug_turtlebot4/src/SlamNode.cpp:96:17:[m[K [01;31m[Kerror: [m[Kâ€˜[01m[Klogger[m[Kâ€™ was not declared in this scope
[5.219s]    96 |     RCLCPP_INFO([01;31m[Klogger[m[K, "dx: %f, dy: %f, direction: %d", dx, dy, dir);
[5.219s]       |                 [01;31m[K^~~~~~[m[K
[5.219s] [01m[K/home/bobo/ros2_ws/src/mr2_public/tug_turtlebot4/src/SlamNode.cpp:96:5:[m[K [01;31m[Kerror: [m[Ktemplate argument 1 is invalid
[5.219s]    96 |     [01;31m[KRCLCPP_INFO[m[K(logger, "dx: %f, dy: %f, direction: %d", dx, dy, dir);
[5.219s]       |     [01;31m[K^~~~~~~~~~~[m[K
[5.220s] [01m[K/home/bobo/ros2_ws/src/mr2_public/tug_turtlebot4/src/SlamNode.cpp:96:5:[m[K [01;31m[Kerror: [m[Ktemplate argument 1 is invalid
[5.220s]    96 |     [01;31m[KRCLCPP_INFO[m[K(logger, "dx: %f, dy: %f, direction: %d", dx, dy, dir);
[5.220s]       |     [01;31m[K^~~~~~~~~~~[m[K
[5.220s] [01m[K/home/bobo/ros2_ws/src/mr2_public/tug_turtlebot4/src/SlamNode.cpp:96:5:[m[K [01;31m[Kerror: [m[Ktemplate argument 1 is invalid
[5.220s]    96 |     [01;31m[KRCLCPP_INFO[m[K(logger, "dx: %f, dy: %f, direction: %d", dx, dy, dir);
[5.220s]       |     [01;31m[K^~~~~~~~~~~[m[K
[5.224s] [01m[K/home/bobo/ros2_ws/src/mr2_public/tug_turtlebot4/src/SlamNode.cpp:103:21:[m[K [01;31m[Kerror: [m[Kâ€˜[01m[Klogger[m[Kâ€™ was not declared in this scope
[5.224s]   103 |         RCLCPP_INFO([01;31m[Klogger[m[K, "Starting Line Drawing:");
[5.224s]       |                     [01;31m[K^~~~~~[m[K
[5.224s] [01m[K/home/bobo/ros2_ws/src/mr2_public/tug_turtlebot4/src/SlamNode.cpp:103:9:[m[K [01;31m[Kerror: [m[Ktemplate argument 1 is invalid
[5.225s]   103 |         [01;31m[KRCLCPP_INFO[m[K(logger, "Starting Line Drawing:");
[5.225s]       |         [01;31m[K^~~~~~~~~~~[m[K
[5.225s] [01m[K/home/bobo/ros2_ws/src/mr2_public/tug_turtlebot4/src/SlamNode.cpp:103:9:[m[K [01;31m[Kerror: [m[Ktemplate argument 1 is invalid
[5.225s]   103 |         [01;31m[KRCLCPP_INFO[m[K(logger, "Starting Line Drawing:");
[5.225s]       |         [01;31m[K^~~~~~~~~~~[m[K
[5.225s] [01m[K/home/bobo/ros2_ws/src/mr2_public/tug_turtlebot4/src/SlamNode.cpp:103:9:[m[K [01;31m[Kerror: [m[Ktemplate argument 1 is invalid
[5.225s]   103 |         [01;31m[KRCLCPP_INFO[m[K(logger, "Starting Line Drawing:");
[5.226s]       |         [01;31m[K^~~~~~~~~~~[m[K
[5.231s] [01m[K/home/bobo/ros2_ws/src/mr2_public/tug_turtlebot4/src/SlamNode.cpp:110:25:[m[K [01;31m[Kerror: [m[Kâ€˜[01m[Klogger[m[Kâ€™ was not declared in this scope
[5.231s]   110 |             RCLCPP_INFO([01;31m[Klogger[m[K, "Step i: %f", i);
[5.232s]       |                         [01;31m[K^~~~~~[m[K
[5.232s] [01m[K/home/bobo/ros2_ws/src/mr2_public/tug_turtlebot4/src/SlamNode.cpp:110:13:[m[K [01;31m[Kerror: [m[Ktemplate argument 1 is invalid
[5.232s]   110 |             [01;31m[KRCLCPP_INFO[m[K(logger, "Step i: %f", i);
[5.232s]       |             [01;31m[K^~~~~~~~~~~[m[K
[5.232s] [01m[K/home/bobo/ros2_ws/src/mr2_public/tug_turtlebot4/src/SlamNode.cpp:110:13:[m[K [01;31m[Kerror: [m[Ktemplate argument 1 is invalid
[5.232s]   110 |             [01;31m[KRCLCPP_INFO[m[K(logger, "Step i: %f", i);
[5.232s]       |             [01;31m[K^~~~~~~~~~~[m[K
[5.233s] [01m[K/home/bobo/ros2_ws/src/mr2_public/tug_turtlebot4/src/SlamNode.cpp:110:13:[m[K [01;31m[Kerror: [m[Ktemplate argument 1 is invalid
[5.233s]   110 |             [01;31m[KRCLCPP_INFO[m[K(logger, "Step i: %f", i);
[5.233s]       |             [01;31m[K^~~~~~~~~~~[m[K
[5.236s] [01m[K/home/bobo/ros2_ws/src/mr2_public/tug_turtlebot4/src/SlamNode.cpp:111:25:[m[K [01;31m[Kerror: [m[Kâ€˜[01m[Klogger[m[Kâ€™ was not declared in this scope
[5.236s]   111 |             RCLCPP_INFO([01;31m[Klogger[m[K, "Current Point: (%f, %f)", x, y0 + i);
[5.237s]       |                         [01;31m[K^~~~~~[m[K
[5.237s] [01m[K/home/bobo/ros2_ws/src/mr2_public/tug_turtlebot4/src/SlamNode.cpp:111:13:[m[K [01;31m[Kerror: [m[Ktemplate argument 1 is invalid
[5.237s]   111 |             [01;31m[KRCLCPP_INFO[m[K(logger, "Current Point: (%f, %f)", x, y0 + i);
[5.237s]       |             [01;31m[K^~~~~~~~~~~[m[K
[5.238s] [01m[K/home/bobo/ros2_ws/src/mr2_public/tug_turtlebot4/src/SlamNode.cpp:111:13:[m[K [01;31m[Kerror: [m[Ktemplate argument 1 is invalid
[5.238s]   111 |             [01;31m[KRCLCPP_INFO[m[K(logger, "Current Point: (%f, %f)", x, y0 + i);
[5.238s]       |             [01;31m[K^~~~~~~~~~~[m[K
[5.238s] [01m[K/home/bobo/ros2_ws/src/mr2_public/tug_turtlebot4/src/SlamNode.cpp:111:13:[m[K [01;31m[Kerror: [m[Ktemplate argument 1 is invalid
[5.238s]   111 |             [01;31m[KRCLCPP_INFO[m[K(logger, "Current Point: (%f, %f)", x, y0 + i);
[5.238s]       |             [01;31m[K^~~~~~~~~~~[m[K
[5.242s] [01m[K/home/bobo/ros2_ws/src/mr2_public/tug_turtlebot4/src/SlamNode.cpp:112:25:[m[K [01;31m[Kerror: [m[Kâ€˜[01m[Klogger[m[Kâ€™ was not declared in this scope
[5.242s]   112 |             RCLCPP_INFO([01;31m[Klogger[m[K, "p: %f", p);
[5.242s]       |                         [01;31m[K^~~~~~[m[K
[5.242s] [01m[K/home/bobo/ros2_ws/src/mr2_public/tug_turtlebot4/src/SlamNode.cpp:112:13:[m[K [01;31m[Kerror: [m[Ktemplate argument 1 is invalid
[5.242s]   112 |             [01;31m[KRCLCPP_INFO[m[K(logger, "p: %f", p);
[5.242s]       |             [01;31m[K^~~~~~~~~~~[m[K
[5.243s] [01m[K/home/bobo/ros2_ws/src/mr2_public/tug_turtlebot4/src/SlamNode.cpp:112:13:[m[K [01;31m[Kerror: [m[Ktemplate argument 1 is invalid
[5.243s]   112 |             [01;31m[KRCLCPP_INFO[m[K(logger, "p: %f", p);
[5.243s]       |             [01;31m[K^~~~~~~~~~~[m[K
[5.243s] [01m[K/home/bobo/ros2_ws/src/mr2_public/tug_turtlebot4/src/SlamNode.cpp:112:13:[m[K [01;31m[Kerror: [m[Ktemplate argument 1 is invalid
[5.243s]   112 |             [01;31m[KRCLCPP_INFO[m[K(logger, "p: %f", p);
[5.243s]       |             [01;31m[K^~~~~~~~~~~[m[K
[5.247s] [01m[K/home/bobo/ros2_ws/src/mr2_public/tug_turtlebot4/src/SlamNode.cpp:117:29:[m[K [01;31m[Kerror: [m[Kâ€˜[01m[Klogger[m[Kâ€™ was not declared in this scope
[5.247s]   117 |                 RCLCPP_INFO([01;31m[Klogger[m[K, "x incremented to: %f", x);
[5.247s]       |                             [01;31m[K^~~~~~[m[K
[5.247s] [01m[K/home/bobo/ros2_ws/src/mr2_public/tug_turtlebot4/src/SlamNode.cpp:117:17:[m[K [01;31m[Kerror: [m[Ktemplate argument 1 is invalid
[5.248s]   117 |                 [01;31m[KRCLCPP_INFO[m[K(logger, "x incremented to: %f", x);
[5.248s]       |                 [01;31m[K^~~~~~~~~~~[m[K
[5.248s] [01m[K/home/bobo/ros2_ws/src/mr2_public/tug_turtlebot4/src/SlamNode.cpp:117:17:[m[K [01;31m[Kerror: [m[Ktemplate argument 1 is invalid
[5.248s]   117 |                 [01;31m[KRCLCPP_INFO[m[K(logger, "x incremented to: %f", x);
[5.248s]       |                 [01;31m[K^~~~~~~~~~~[m[K
[5.248s] [01m[K/home/bobo/ros2_ws/src/mr2_public/tug_turtlebot4/src/SlamNode.cpp:117:17:[m[K [01;31m[Kerror: [m[Ktemplate argument 1 is invalid
[5.248s]   117 |                 [01;31m[KRCLCPP_INFO[m[K(logger, "x incremented to: %f", x);
[5.249s]       |                 [01;31m[K^~~~~~~~~~~[m[K
[5.252s] [01m[K/home/bobo/ros2_ws/src/mr2_public/tug_turtlebot4/src/SlamNode.cpp:121:25:[m[K [01;31m[Kerror: [m[Kâ€˜[01m[Klogger[m[Kâ€™ was not declared in this scope
[5.253s]   121 |             RCLCPP_INFO([01;31m[Klogger[m[K, "Updated p: %f", p);
[5.253s]       |                         [01;31m[K^~~~~~[m[K
[5.253s] [01m[K/home/bobo/ros2_ws/src/mr2_public/tug_turtlebot4/src/SlamNode.cpp:121:13:[m[K [01;31m[Kerror: [m[Ktemplate argument 1 is invalid
[5.253s]   121 |             [01;31m[KRCLCPP_INFO[m[K(logger, "Updated p: %f", p);
[5.253s]       |             [01;31m[K^~~~~~~~~~~[m[K
[5.253s] [01m[K/home/bobo/ros2_ws/src/mr2_public/tug_turtlebot4/src/SlamNode.cpp:121:13:[m[K [01;31m[Kerror: [m[Ktemplate argument 1 is invalid
[5.254s]   121 |             [01;31m[KRCLCPP_INFO[m[K(logger, "Updated p: %f", p);
[5.254s]       |             [01;31m[K^~~~~~~~~~~[m[K
[5.254s] [01m[K/home/bobo/ros2_ws/src/mr2_public/tug_turtlebot4/src/SlamNode.cpp:121:13:[m[K [01;31m[Kerror: [m[Ktemplate argument 1 is invalid
[5.254s]   121 |             [01;31m[KRCLCPP_INFO[m[K(logger, "Updated p: %f", p);
[5.254s]       |             [01;31m[K^~~~~~~~~~~[m[K
[5.259s] [01m[K/home/bobo/ros2_ws/src/mr2_public/tug_turtlebot4/src/SlamNode.cpp:125:17:[m[K [01;31m[Kerror: [m[Kâ€˜[01m[Klogger[m[Kâ€™ was not declared in this scope
[5.259s]   125 |     RCLCPP_INFO([01;31m[Klogger[m[K, "Finished Line Drawing. Total Points: %lu", line.size());
[5.260s]       |                 [01;31m[K^~~~~~[m[K
[5.260s] [01m[K/home/bobo/ros2_ws/src/mr2_public/tug_turtlebot4/src/SlamNode.cpp:125:5:[m[K [01;31m[Kerror: [m[Ktemplate argument 1 is invalid
[5.260s]   125 |     [01;31m[KRCLCPP_INFO[m[K(logger, "Finished Line Drawing. Total Points: %lu", line.size());
[5.260s]       |     [01;31m[K^~~~~~~~~~~[m[K
[5.260s] [01m[K/home/bobo/ros2_ws/src/mr2_public/tug_turtlebot4/src/SlamNode.cpp:125:5:[m[K [01;31m[Kerror: [m[Ktemplate argument 1 is invalid
[5.261s]   125 |     [01;31m[KRCLCPP_INFO[m[K(logger, "Finished Line Drawing. Total Points: %lu", line.size());
[5.261s]       |     [01;31m[K^~~~~~~~~~~[m[K
[5.261s] [01m[K/home/bobo/ros2_ws/src/mr2_public/tug_turtlebot4/src/SlamNode.cpp:125:5:[m[K [01;31m[Kerror: [m[Ktemplate argument 1 is invalid
[5.261s]   125 |     [01;31m[KRCLCPP_INFO[m[K(logger, "Finished Line Drawing. Total Points: %lu", line.size());
[5.261s]       |     [01;31m[K^~~~~~~~~~~[m[K
[5.265s] [01m[K/home/bobo/ros2_ws/src/mr2_public/tug_turtlebot4/src/SlamNode.cpp:126:17:[m[K [01;31m[Kerror: [m[Kâ€˜[01m[Klogger[m[Kâ€™ was not declared in this scope
[5.265s]   126 |     RCLCPP_INFO([01;31m[Klogger[m[K, "Line Points:");
[5.266s]       |                 [01;31m[K^~~~~~[m[K
[5.266s] [01m[K/home/bobo/ros2_ws/src/mr2_public/tug_turtlebot4/src/SlamNode.cpp:126:5:[m[K [01;31m[Kerror: [m[Ktemplate argument 1 is invalid
[5.266s]   126 |     [01;31m[KRCLCPP_INFO[m[K(logger, "Line Points:");
[5.266s]       |     [01;31m[K^~~~~~~~~~~[m[K
[5.266s] [01m[K/home/bobo/ros2_ws/src/mr2_public/tug_turtlebot4/src/SlamNode.cpp:126:5:[m[K [01;31m[Kerror: [m[Ktemplate argument 1 is invalid
[5.266s]   126 |     [01;31m[KRCLCPP_INFO[m[K(logger, "Line Points:");
[5.266s]       |     [01;31m[K^~~~~~~~~~~[m[K
[5.267s] [01m[K/home/bobo/ros2_ws/src/mr2_public/tug_turtlebot4/src/SlamNode.cpp:126:5:[m[K [01;31m[Kerror: [m[Ktemplate argument 1 is invalid
[5.267s]   126 |     [01;31m[KRCLCPP_INFO[m[K(logger, "Line Points:");
[5.267s]       |     [01;31m[K^~~~~~~~~~~[m[K
[5.273s] [01m[K/home/bobo/ros2_ws/src/mr2_public/tug_turtlebot4/src/SlamNode.cpp:128:21:[m[K [01;31m[Kerror: [m[Kâ€˜[01m[Klogger[m[Kâ€™ was not declared in this scope
[5.273s]   128 |         RCLCPP_INFO([01;31m[Klogger[m[K, "(%f, %f)", point.first, point.second);
[5.273s]       |                     [01;31m[K^~~~~~[m[K
[5.273s] [01m[K/home/bobo/ros2_ws/src/mr2_public/tug_turtlebot4/src/SlamNode.cpp:128:9:[m[K [01;31m[Kerror: [m[Ktemplate argument 1 is invalid
[5.273s]   128 |         [01;31m[KRCLCPP_INFO[m[K(logger, "(%f, %f)", point.first, point.second);
[5.273s]       |         [01;31m[K^~~~~~~~~~~[m[K
[5.274s] [01m[K/home/bobo/ros2_ws/src/mr2_public/tug_turtlebot4/src/SlamNode.cpp:128:9:[m[K [01;31m[Kerror: [m[Ktemplate argument 1 is invalid
[5.274s]   128 |         [01;31m[KRCLCPP_INFO[m[K(logger, "(%f, %f)", point.first, point.second);
[5.274s]       |         [01;31m[K^~~~~~~~~~~[m[K
[5.274s] [01m[K/home/bobo/ros2_ws/src/mr2_public/tug_turtlebot4/src/SlamNode.cpp:128:9:[m[K [01;31m[Kerror: [m[Ktemplate argument 1 is invalid
[5.274s]   128 |         [01;31m[KRCLCPP_INFO[m[K(logger, "(%f, %f)", point.first, point.second);
[5.274s]       |         [01;31m[K^~~~~~~~~~~[m[K
[5.276s] [01m[K/home/bobo/ros2_ws/src/mr2_public/tug_turtlebot4/src/SlamNode.cpp:[m[K In function â€˜[01m[Kstd::vector<std::pair<double, double> > tug_turtlebot4::draw_line(int, int, int, int)[m[Kâ€™:
[5.276s] [01m[K/home/bobo/ros2_ws/src/mr2_public/tug_turtlebot4/src/SlamNode.cpp:138:14:[m[K [01;31m[Kerror: [m[Ktoo few arguments to function â€˜[01m[Kvoid tug_turtlebot4::drawLineV(double, double, double, double, std::vector<std::pair<double, double> >&, int)[m[Kâ€™
[5.276s]   138 |     [01;31m[KdrawLineV(x0, y0, x1, y1, points)[m[K;
[5.277s]       |     [01;31m[K~~~~~~~~~^~~~~~~~~~~~~~~~~~~~~~~~[m[K
[5.277s] [01m[K/home/bobo/ros2_ws/src/mr2_public/tug_turtlebot4/src/SlamNode.cpp:80:6:[m[K [01;36m[Knote: [m[Kdeclared here
[5.277s]    80 | void [01;36m[KdrawLineV[m[K(double x0, double y0, double x1, double y1,
[5.277s]       |      [01;36m[K^~~~~~~~~[m[K
[10.709s] gmake[2]: *** [CMakeFiles/slam.dir/build.make:90: CMakeFiles/slam.dir/src/SlamNode.cpp.o] Error 1
[10.710s] gmake[1]: *** [CMakeFiles/Makefile2:195: CMakeFiles/slam.dir/all] Error 2
[10.710s] gmake: *** [Makefile:146: all] Error 2
[10.713s] Invoked command in '/home/bobo/ros2_ws/build/tug_turtlebot4' returned '2': CMAKE_PREFIX_PATH=/home/bobo/ros2_ws/install/tug_msgs:/home/bobo/ros2_ws/install/tug_turtlebot4:/home/bobo/ros2_ws/install/tug_stage_ros2:/home/bobo/ros2_ws/install/tug_mr2:/home/bobo/ros2_ws/install/ros2cpp_tutorials_service:/home/bobo/ros2_ws/install/ros2cpp_tutorials_publisher_subscriber:/home/bobo/ros2_ws/install/ros2cpp_tutorials_parameter:/home/bobo/ros2_ws/install/ros2cpp_tutorials_action:/home/bobo/ros2_ws/install/Eigen3:/opt/ros/humble LD_LIBRARY_PATH=/home/bobo/ros2_ws/install/tug_msgs/lib:/home/bobo/stg/lib:/home/bobo/ros2_ws/install/ros2cpp_tutorials_service/lib:/home/bobo/ros2_ws/install/ros2cpp_tutorials_action/lib:/opt/ros/humble/opt/rviz_ogre_vendor/lib:/opt/ros/humble/lib/x86_64-linux-gnu:/opt/ros/humble/lib /usr/bin/cmake --build /home/bobo/ros2_ws/build/tug_turtlebot4 -- -j8 -l8
