[0.038s] Invoking command in '/home/bobo/ros2_ws/build/tug_turtlebot4': CMAKE_PREFIX_PATH=/home/bobo/ros2_ws/install/tug_msgs:/home/bobo/ros2_ws/install/tug_turtlebot4:/home/bobo/ros2_ws/install/tug_stage_ros2:/home/bobo/ros2_ws/install/tug_mr2:/home/bobo/ros2_ws/install/ros2cpp_tutorials_service:/home/bobo/ros2_ws/install/ros2cpp_tutorials_publisher_subscriber:/home/bobo/ros2_ws/install/ros2cpp_tutorials_parameter:/home/bobo/ros2_ws/install/ros2cpp_tutorials_action:/home/bobo/ros2_ws/install/Eigen3:/opt/ros/humble LD_LIBRARY_PATH=/home/bobo/ros2_ws/install/tug_msgs/lib:/home/bobo/stg/lib:/home/bobo/ros2_ws/install/ros2cpp_tutorials_service/lib:/home/bobo/ros2_ws/install/ros2cpp_tutorials_action/lib:/opt/ros/humble/opt/rviz_ogre_vendor/lib:/opt/ros/humble/lib/x86_64-linux-gnu:/opt/ros/humble/lib /usr/bin/cmake --build /home/bobo/ros2_ws/build/tug_turtlebot4 -- -j8 -l8
[0.159s] [35m[1mConsolidate compiler generated dependencies of target slam[0m
[0.188s] [ 18%] Built target static_transform_publisher
[0.190s] [ 45%] Built target simple_turtle
[0.195s] [ 63%] Built target tug_wheel_encoder-system
[0.216s] [ 72%] [32mBuilding CXX object CMakeFiles/slam.dir/src/SlamNode.cpp.o[0m
[5.346s] [01m[K/home/bobo/ros2_ws/src/mr2_public/tug_turtlebot4/src/SlamNode.cpp:[m[K In member function â€˜[01m[Kvoid tug_turtlebot4::SlamNode::laserScanCallback(const ConstSharedPtr&)[m[Kâ€™:
[5.346s] [01m[K/home/bobo/ros2_ws/src/mr2_public/tug_turtlebot4/src/SlamNode.cpp:161:12:[m[K [01;31m[Kerror: [m[Kâ€˜[01m[Ktf[m[Kâ€™ does not name a type; did you mean â€˜[01m[Ktm[m[Kâ€™?
[5.346s]   161 |   } catch ([01;31m[Ktf[m[K::TransformException &ex) {
[5.346s]       |            [01;31m[K^~[m[K
[5.346s]       |            [32m[Ktm[m[K
[5.346s] [01m[K/home/bobo/ros2_ws/src/mr2_public/tug_turtlebot4/src/SlamNode.cpp:161:35:[m[K [01;31m[Kerror: [m[Kexpected unqualified-id before â€˜[01m[K&[m[Kâ€™ token
[5.346s]   161 |   } catch (tf::TransformException [01;31m[K&[m[Kex) {
[5.346s]       |                                   [01;31m[K^[m[K
[5.346s] [01m[K/home/bobo/ros2_ws/src/mr2_public/tug_turtlebot4/src/SlamNode.cpp:161:34:[m[K [01;31m[Kerror: [m[Kexpected â€˜[01m[K)[m[Kâ€™ before â€˜[01m[K&[m[Kâ€™ token
[5.346s]   161 |   } catch [34m[K([m[Ktf::TransformException[01;31m[K [m[K[32m[K&[m[Kex) {
[5.346s]       |           [34m[K~[m[K                      [01;31m[K^[m[K[32m[K~[m[K
[5.347s]       |                                  [32m[K)[m[K
[5.347s] [01m[K/home/bobo/ros2_ws/src/mr2_public/tug_turtlebot4/src/SlamNode.cpp:161:35:[m[K [01;31m[Kerror: [m[Kexpected â€˜[01m[K{[m[Kâ€™ before â€˜[01m[K&[m[Kâ€™ token
[5.347s]   161 |   } catch (tf::TransformException [01;31m[K&[m[Kex) {
[5.347s]       |                                   [01;31m[K^[m[K
[5.351s] [01m[K/home/bobo/ros2_ws/src/mr2_public/tug_turtlebot4/src/SlamNode.cpp:161:36:[m[K [01;31m[Kerror: [m[Kâ€˜[01m[Kex[m[Kâ€™ was not declared in this scope; did you mean â€˜[01m[Kexp[m[Kâ€™?
[5.351s]   161 |   } catch (tf::TransformException &[01;31m[Kex[m[K) {
[5.351s]       |                                    [01;31m[K^~[m[K
[5.351s]       |                                    [32m[Kexp[m[K
[5.352s] [01m[K/home/bobo/ros2_ws/src/mr2_public/tug_turtlebot4/src/SlamNode.cpp:166:22:[m[K [01;31m[Kerror: [m[Kâ€˜[01m[Ktransform[m[Kâ€™ was not declared in this scope; did you mean â€˜[01m[Kstd::transform[m[Kâ€™?
[5.352s]   166 |   auto& robot_pose = [01;31m[Ktransform[m[K.transform.translation;
[5.352s]       |                      [01;31m[K^~~~~~~~~[m[K
[5.352s]       |                      [32m[Kstd::transform[m[K
[5.352s] In file included from [01m[K/usr/include/c++/11/algorithm:74[m[K,
[5.352s]                  from [01m[K/opt/ros/humble/include/rcl_interfaces/rcl_interfaces/msg/detail/list_parameters_result__struct.hpp:8[m[K,
[5.352s]                  from [01m[K/opt/ros/humble/include/rcl_interfaces/rcl_interfaces/msg/list_parameters_result.hpp:7[m[K,
[5.352s]                  from [01m[K/opt/ros/humble/include/rclcpp/rclcpp/node.hpp:35[m[K,
[5.353s]                  from [01m[K/home/bobo/ros2_ws/src/mr2_public/tug_turtlebot4/include/tug_turtlebot4/SlamNode.hpp:6[m[K,
[5.353s]                  from [01m[K/home/bobo/ros2_ws/src/mr2_public/tug_turtlebot4/src/SlamNode.cpp:1[m[K:
[5.353s] [01m[K/usr/include/c++/11/pstl/glue_algorithm_defs.h:162:1:[m[K [01;36m[Knote: [m[Kâ€˜[01m[Kstd::transform[m[Kâ€™ declared here
[5.353s]   162 | [01;36m[Ktransform[m[K(_ExecutionPolicy&& __exec, _ForwardIterator1 __first1, _ForwardIterator1 __last1, _ForwardIterator2 __first2,
[5.353s]       | [01;36m[K^~~~~~~~~[m[K
[5.354s] In file included from [01m[K/opt/ros/humble/include/rclcpp/rclcpp/logging.hpp:24[m[K,
[5.354s]                  from [01m[K/opt/ros/humble/include/rclcpp/rclcpp/client.hpp:40[m[K,
[5.354s]                  from [01m[K/opt/ros/humble/include/rclcpp/rclcpp/callback_group.hpp:24[m[K,
[5.354s]                  from [01m[K/opt/ros/humble/include/rclcpp/rclcpp/node.hpp:40[m[K,
[5.354s]                  from [01m[K/home/bobo/ros2_ws/src/mr2_public/tug_turtlebot4/include/tug_turtlebot4/SlamNode.hpp:6[m[K,
[5.354s]                  from [01m[K/home/bobo/ros2_ws/src/mr2_public/tug_turtlebot4/src/SlamNode.cpp:1[m[K:
[5.355s] [01m[K/home/bobo/ros2_ws/src/mr2_public/tug_turtlebot4/src/SlamNode.cpp:217:31:[m[K [01;35m[Kwarning: [m[Kformat â€˜[01m[K%ld[m[Kâ€™ expects argument of type â€˜[01m[Klong int[m[Kâ€™, but argument 6 has type â€˜[01m[Kuint32_t[m[Kâ€™ {aka â€˜[01m[Kunsigned int[m[Kâ€™} [[01;35m[K]8;;https://gcc.gnu.org/onlinedocs/gcc/Warning-Options.html#index-Wformat=-Wformat=]8;;[m[K]
[5.355s]   217 |     RCLCPP_INFO(get_logger(), [01;35m[K"[i - %ld] Cell - X: %ld, Y: %ld"[m[K,i, [32m[Kcell_x[m[K, cell_y);
[5.355s]       |                               [01;35m[K^~~~~~~~~~~~~~~~~~~~~~~~~~~~~~~~~[m[K    [32m[K~~~~~~[m[K
[5.355s]       |                                                                    [32m[K|[m[K
[5.355s]       |                                                                    [32m[Kuint32_t {aka unsigned int}[m[K
[5.356s] [01m[K/home/bobo/ros2_ws/src/mr2_public/tug_turtlebot4/src/SlamNode.cpp:217:54:[m[K [01;36m[Knote: [m[Kformat string is defined here
[5.356s]   217 |     RCLCPP_INFO(get_logger(), "[i - %ld] Cell - X: [01;36m[K%ld[m[K, Y: %ld",i, cell_x, cell_y);
[5.356s]       |                                                    [01;36m[K~~^[m[K
[5.356s]       |                                                      [01;36m[K|[m[K
[5.356s]       |                                                      [01;36m[Klong int[m[K
[5.356s]       |                                                    [32m[K%d[m[K
[5.356s] In file included from [01m[K/opt/ros/humble/include/rclcpp/rclcpp/logging.hpp:24[m[K,
[5.356s]                  from [01m[K/opt/ros/humble/include/rclcpp/rclcpp/client.hpp:40[m[K,
[5.356s]                  from [01m[K/opt/ros/humble/include/rclcpp/rclcpp/callback_group.hpp:24[m[K,
[5.356s]                  from [01m[K/opt/ros/humble/include/rclcpp/rclcpp/node.hpp:40[m[K,
[5.356s]                  from [01m[K/home/bobo/ros2_ws/src/mr2_public/tug_turtlebot4/include/tug_turtlebot4/SlamNode.hpp:6[m[K,
[5.356s]                  from [01m[K/home/bobo/ros2_ws/src/mr2_public/tug_turtlebot4/src/SlamNode.cpp:1[m[K:
[5.356s] [01m[K/home/bobo/ros2_ws/src/mr2_public/tug_turtlebot4/src/SlamNode.cpp:217:31:[m[K [01;35m[Kwarning: [m[Kformat â€˜[01m[K%ld[m[Kâ€™ expects argument of type â€˜[01m[Klong int[m[Kâ€™, but argument 7 has type â€˜[01m[Kuint32_t[m[Kâ€™ {aka â€˜[01m[Kunsigned int[m[Kâ€™} [[01;35m[K]8;;https://gcc.gnu.org/onlinedocs/gcc/Warning-Options.html#index-Wformat=-Wformat=]8;;[m[K]
[5.357s]   217 |     RCLCPP_INFO(get_logger(), [01;35m[K"[i - %ld] Cell - X: %ld, Y: %ld"[m[K,i, cell_x, [32m[Kcell_y[m[K);
[5.357s]       |                               [01;35m[K^~~~~~~~~~~~~~~~~~~~~~~~~~~~~~~~~[m[K            [32m[K~~~~~~[m[K
[5.357s]       |                                                                            [32m[K|[m[K
[5.357s]       |                                                                            [32m[Kuint32_t {aka unsigned int}[m[K
[5.357s] [01m[K/home/bobo/ros2_ws/src/mr2_public/tug_turtlebot4/src/SlamNode.cpp:217:62:[m[K [01;36m[Knote: [m[Kformat string is defined here
[5.357s]   217 |     RCLCPP_INFO(get_logger(), "[i - %ld] Cell - X: %ld, Y: [01;36m[K%ld[m[K",i, cell_x, cell_y);
[5.357s]       |                                                            [01;36m[K~~^[m[K
[5.357s]       |                                                              [01;36m[K|[m[K
[5.357s]       |                                                              [01;36m[Klong int[m[K
[5.357s]       |                                                            [32m[K%d[m[K
[11.056s] gmake[2]: *** [CMakeFiles/slam.dir/build.make:90: CMakeFiles/slam.dir/src/SlamNode.cpp.o] Error 1
[11.056s] gmake[1]: *** [CMakeFiles/Makefile2:195: CMakeFiles/slam.dir/all] Error 2
[11.056s] gmake: *** [Makefile:146: all] Error 2
[11.060s] Invoked command in '/home/bobo/ros2_ws/build/tug_turtlebot4' returned '2': CMAKE_PREFIX_PATH=/home/bobo/ros2_ws/install/tug_msgs:/home/bobo/ros2_ws/install/tug_turtlebot4:/home/bobo/ros2_ws/install/tug_stage_ros2:/home/bobo/ros2_ws/install/tug_mr2:/home/bobo/ros2_ws/install/ros2cpp_tutorials_service:/home/bobo/ros2_ws/install/ros2cpp_tutorials_publisher_subscriber:/home/bobo/ros2_ws/install/ros2cpp_tutorials_parameter:/home/bobo/ros2_ws/install/ros2cpp_tutorials_action:/home/bobo/ros2_ws/install/Eigen3:/opt/ros/humble LD_LIBRARY_PATH=/home/bobo/ros2_ws/install/tug_msgs/lib:/home/bobo/stg/lib:/home/bobo/ros2_ws/install/ros2cpp_tutorials_service/lib:/home/bobo/ros2_ws/install/ros2cpp_tutorials_action/lib:/opt/ros/humble/opt/rviz_ogre_vendor/lib:/opt/ros/humble/lib/x86_64-linux-gnu:/opt/ros/humble/lib /usr/bin/cmake --build /home/bobo/ros2_ws/build/tug_turtlebot4 -- -j8 -l8
