[35m[1mConsolidate compiler generated dependencies of target nav[0m
[ 14%] Built target static_transform_publisher
[ 35%] Built target simple_turtle
[ 64%] Built target slam
[ 71%] [32mBuilding CXX object CMakeFiles/nav.dir/src/NavNode.cpp.o[0m
[ 85%] Built target tug_wheel_encoder-system
[01m[K/home/bobo/ros2_ws/src/mr2_public/tug_turtlebot4/src/NavNode.cpp:[m[K In member function â€˜[01m[Kvoid tug_turtlebot4::NavNode::laserScanCallback(const ConstSharedPtr&)[m[Kâ€™:
[01m[K/home/bobo/ros2_ws/src/mr2_public/tug_turtlebot4/src/NavNode.cpp:243:5:[m[K [01;31m[Kerror: [m[Kâ€˜[01m[Kthreshold[m[Kâ€™ was not declared in this scope; did you mean â€˜[01m[Kthreshold_[m[Kâ€™?
  243 |     [01;31m[Kthreshold[m[K = 7.5;
      |     [01;31m[K^~~~~~~~~[m[K
      |     [32m[Kthreshold_[m[K
[01m[K/home/bobo/ros2_ws/src/mr2_public/tug_turtlebot4/src/NavNode.cpp:245:5:[m[K [01;31m[Kerror: [m[Kâ€˜[01m[Kthreshold[m[Kâ€™ was not declared in this scope; did you mean â€˜[01m[Kthreshold_[m[Kâ€™?
  245 |     [01;31m[Kthreshold[m[K = 7.0;
      |     [01;31m[K^~~~~~~~~[m[K
      |     [32m[Kthreshold_[m[K
gmake[2]: *** [CMakeFiles/nav.dir/build.make:90: CMakeFiles/nav.dir/src/NavNode.cpp.o] Error 1
gmake[1]: *** [CMakeFiles/Makefile2:171: CMakeFiles/nav.dir/all] Error 2
gmake: *** [Makefile:146: all] Error 2
