[01m[K/home/bobo/ros2_ws/src/mr2_public/tug_turtlebot4/src/SimpleTurtleNode.cpp:[m[K In member function â€˜[01m[Kvoid tug_turtlebot4::SimpleTurtleNode::poseCallback(const Pose&)[m[Kâ€™:
[01m[K/home/bobo/ros2_ws/src/mr2_public/tug_turtlebot4/src/SimpleTurtleNode.cpp:150:29:[m[K [01;31m[Kerror: [m[Kâ€˜[01m[Kconst Pose[m[Kâ€™ {aka â€˜[01m[Kconst struct geometry_msgs::msg::Pose_<std::allocator<void> >[m[Kâ€™} has no member named â€˜[01m[Kheader[m[Kâ€™
  150 |   double current_time = msg.[01;31m[Kheader[m[K.stamp.sec + msg.header.stamp.nanosec * 1e-9;
      |                             [01;31m[K^~~~~~[m[K
[01m[K/home/bobo/ros2_ws/src/mr2_public/tug_turtlebot4/src/SimpleTurtleNode.cpp:150:52:[m[K [01;31m[Kerror: [m[Kâ€˜[01m[Kconst Pose[m[Kâ€™ {aka â€˜[01m[Kconst struct geometry_msgs::msg::Pose_<std::allocator<void> >[m[Kâ€™} has no member named â€˜[01m[Kheader[m[Kâ€™
  150 |   double current_time = msg.header.stamp.sec + msg.[01;31m[Kheader[m[K.stamp.nanosec * 1e-9;
      |                                                    [01;31m[K^~~~~~[m[K
In file included from [01m[K/opt/ros/humble/include/rclcpp/rclcpp/logging.hpp:24[m[K,
                 from [01m[K/opt/ros/humble/include/rclcpp/rclcpp/client.hpp:40[m[K,
                 from [01m[K/opt/ros/humble/include/rclcpp/rclcpp/callback_group.hpp:24[m[K,
                 from [01m[K/opt/ros/humble/include/rclcpp/rclcpp/node.hpp:40[m[K,
                 from [01m[K/home/bobo/ros2_ws/src/mr2_public/tug_turtlebot4/include/tug_turtlebot4/SimpleTurtleNode.hpp:7[m[K,
                 from [01m[K/home/bobo/ros2_ws/src/mr2_public/tug_turtlebot4/src/SimpleTurtleNode.cpp:1[m[K:
[01m[K/home/bobo/ros2_ws/src/mr2_public/tug_turtlebot4/src/SimpleTurtleNode.cpp:167:41:[m[K [01;35m[Kwarning: [m[Kformat â€˜[01m[K%d[m[Kâ€™ expects argument of type â€˜[01m[Kint[m[Kâ€™, but argument 5 has type â€˜[01m[Kdouble[m[Kâ€™ [[01;35m[K]8;;https://gcc.gnu.org/onlinedocs/gcc/Warning-Options.html#index-Wformat=-Wformat=]8;;[m[K]
  167 |         RCLCPP_INFO(this->get_logger(), [01;35m[K"Time: %d"[m[K, [32m[Kcurrent_time[m[K);
      |                                         [01;35m[K^~~~~~~~~~[m[K  [32m[K~~~~~~~~~~~~[m[K
      |                                                     [32m[K|[m[K
      |                                                     [32m[Kdouble[m[K
[01m[K/home/bobo/ros2_ws/src/mr2_public/tug_turtlebot4/src/SimpleTurtleNode.cpp:167:49:[m[K [01;36m[Knote: [m[Kformat string is defined here
  167 |         RCLCPP_INFO(this->get_logger(), "Time: [01;36m[K%d[m[K", current_time);
      |                                                [01;36m[K~^[m[K
      |                                                 [01;36m[K|[m[K
      |                                                 [01;36m[Kint[m[K
      |                                                [32m[K%f[m[K
gmake[2]: *** [CMakeFiles/simple_turtle.dir/build.make:90: CMakeFiles/simple_turtle.dir/src/SimpleTurtleNode.cpp.o] Error 1
gmake[1]: *** [CMakeFiles/Makefile2:167: CMakeFiles/simple_turtle.dir/all] Error 2
gmake: *** [Makefile:146: all] Error 2
