[35m[1mConsolidate compiler generated dependencies of target slam[0m
[ 18%] Built target static_transform_publisher
[ 45%] Built target simple_turtle
[ 63%] Built target tug_wheel_encoder-system
[ 72%] [32mBuilding CXX object CMakeFiles/slam.dir/src/SlamNode.cpp.o[0m
[01m[K/home/bobo/ros2_ws/src/mr2_public/tug_turtlebot4/src/SlamNode.cpp:[m[K In function â€˜[01m[Kdouble tug_turtlebot4::drawLineH(double, double, double, double, std::vector<std::pair<double, double> >&)[m[Kâ€™:
[01m[K/home/bobo/ros2_ws/src/mr2_public/tug_turtlebot4/src/SlamNode.cpp:77:1:[m[K [01;35m[Kwarning: [m[Kno return statement in function returning non-void [[01;35m[K]8;;https://gcc.gnu.org/onlinedocs/gcc/Warning-Options.html#index-Wreturn-type-Wreturn-type]8;;[m[K]
   77 | [01;35m[K}[m[K
      | [01;35m[K^[m[K
[01m[K/home/bobo/ros2_ws/src/mr2_public/tug_turtlebot4/src/SlamNode.cpp:[m[K In function â€˜[01m[Kdouble tug_turtlebot4::drawLineV(double, double, double, double, std::vector<std::pair<double, double> >&)[m[Kâ€™:
[01m[K/home/bobo/ros2_ws/src/mr2_public/tug_turtlebot4/src/SlamNode.cpp:103:1:[m[K [01;35m[Kwarning: [m[Kno return statement in function returning non-void [[01;35m[K]8;;https://gcc.gnu.org/onlinedocs/gcc/Warning-Options.html#index-Wreturn-type-Wreturn-type]8;;[m[K]
  103 | [01;35m[K}[m[K
      | [01;35m[K^[m[K
[01m[K/home/bobo/ros2_ws/src/mr2_public/tug_turtlebot4/src/SlamNode.cpp:[m[K In member function â€˜[01m[Kvoid tug_turtlebot4::SlamNode::laserScanCallback(const ConstSharedPtr&)[m[Kâ€™:
[01m[K/home/bobo/ros2_ws/src/mr2_public/tug_turtlebot4/src/SlamNode.cpp:177:44:[m[K [01;31m[Kerror: [m[Kâ€˜[01m[Kcell_x[m[Kâ€™ was not declared in this scope
  177 |     occupancy_grid_map_->worldToCell(x, y, [01;31m[Kcell_x[m[K, cell_y);
      |                                            [01;31m[K^~~~~~[m[K
[01m[K/home/bobo/ros2_ws/src/mr2_public/tug_turtlebot4/src/SlamNode.cpp:177:52:[m[K [01;31m[Kerror: [m[Kâ€˜[01m[Kcell_y[m[Kâ€™ was not declared in this scope
  177 |     occupancy_grid_map_->worldToCell(x, y, cell_x, [01;31m[Kcell_y[m[K);
      |                                                    [01;31m[K^~~~~~[m[K
gmake[2]: *** [CMakeFiles/slam.dir/build.make:90: CMakeFiles/slam.dir/src/SlamNode.cpp.o] Error 1
gmake[1]: *** [CMakeFiles/Makefile2:195: CMakeFiles/slam.dir/all] Error 2
gmake: *** [Makefile:146: all] Error 2
