[0.032s] Invoking command in '/home/bobo/ros2_ws/build/tug_turtlebot4': CMAKE_PREFIX_PATH=/home/bobo/ros2_ws/install/tug_msgs:/home/bobo/ros2_ws/install/tug_turtlebot4:/home/bobo/ros2_ws/install/tug_stage_ros2:/home/bobo/ros2_ws/install/tug_mr2:/home/bobo/ros2_ws/install/ros2cpp_tutorials_service:/home/bobo/ros2_ws/install/ros2cpp_tutorials_publisher_subscriber:/home/bobo/ros2_ws/install/ros2cpp_tutorials_parameter:/home/bobo/ros2_ws/install/ros2cpp_tutorials_action:/home/bobo/ros2_ws/install/Eigen3:/opt/ros/humble LD_LIBRARY_PATH=/home/bobo/ros2_ws/install/tug_msgs/lib:/home/bobo/stg/lib:/home/bobo/ros2_ws/install/ros2cpp_tutorials_service/lib:/home/bobo/ros2_ws/install/ros2cpp_tutorials_action/lib:/opt/ros/humble/opt/rviz_ogre_vendor/lib:/opt/ros/humble/lib/x86_64-linux-gnu:/opt/ros/humble/lib /usr/bin/cmake --build /home/bobo/ros2_ws/build/tug_turtlebot4 -- -j8 -l8
[0.131s] [35m[1mConsolidate compiler generated dependencies of target slam[0m
[0.160s] [ 18%] Built target static_transform_publisher
[0.172s] [ 36%] Built target tug_wheel_encoder-system
[0.174s] [ 63%] Built target simple_turtle
[0.190s] [ 72%] [32mBuilding CXX object CMakeFiles/slam.dir/src/SlamNode.cpp.o[0m
[5.065s] In file included from [01m[K/opt/ros/humble/include/rclcpp/rclcpp/client.hpp:40[m[K,
[5.065s]                  from [01m[K/opt/ros/humble/include/rclcpp/rclcpp/callback_group.hpp:24[m[K,
[5.065s]                  from [01m[K/opt/ros/humble/include/rclcpp/rclcpp/node.hpp:40[m[K,
[5.066s]                  from [01m[K/home/bobo/ros2_ws/src/mr2_public/tug_turtlebot4/include/tug_turtlebot4/SlamNode.hpp:6[m[K,
[5.066s]                  from [01m[K/home/bobo/ros2_ws/src/mr2_public/tug_turtlebot4/src/SlamNode.cpp:1[m[K:
[5.066s] [01m[K/home/bobo/ros2_ws/src/mr2_public/tug_turtlebot4/src/SlamNode.cpp:[m[K In function â€˜[01m[Kvoid tug_turtlebot4::drawLineV(double, double, double, double, std::vector<std::pair<double, double> >&)[m[Kâ€™:
[5.066s] [01m[K/home/bobo/ros2_ws/src/mr2_public/tug_turtlebot4/src/SlamNode.cpp:93:17:[m[K [01;31m[Kerror: [m[Kâ€˜[01m[Kget_logger[m[Kâ€™ was not declared in this scope; did you mean â€˜[01m[Krclcpp::get_logger[m[Kâ€™?
[5.066s]    93 |     RCLCPP_INFO([01;31m[Kget_logger[m[K(), "Initial Values:");
[5.066s]       |                 [01;31m[K^~~~~~~~~~[m[K
[5.066s] In file included from [01m[K/opt/ros/humble/include/rclcpp/rclcpp/logging.hpp:23[m[K,
[5.066s]                  from [01m[K/opt/ros/humble/include/rclcpp/rclcpp/client.hpp:40[m[K,
[5.067s]                  from [01m[K/opt/ros/humble/include/rclcpp/rclcpp/callback_group.hpp:24[m[K,
[5.067s]                  from [01m[K/opt/ros/humble/include/rclcpp/rclcpp/node.hpp:40[m[K,
[5.067s]                  from [01m[K/home/bobo/ros2_ws/src/mr2_public/tug_turtlebot4/include/tug_turtlebot4/SlamNode.hpp:6[m[K,
[5.067s]                  from [01m[K/home/bobo/ros2_ws/src/mr2_public/tug_turtlebot4/src/SlamNode.cpp:1[m[K:
[5.067s] [01m[K/opt/ros/humble/include/rclcpp/rclcpp/logger.hpp:106:17:[m[K [01;36m[Knote: [m[Kâ€˜[01m[Krclcpp::get_logger[m[Kâ€™ declared here
[5.068s]   106 |   friend Logger [01;36m[Krclcpp[m[K::get_logger(const std::string & name);
[5.068s]       |                 [01;36m[K^~~~~~[m[K
[5.068s] In file included from [01m[K/opt/ros/humble/include/rclcpp/rclcpp/client.hpp:40[m[K,
[5.068s]                  from [01m[K/opt/ros/humble/include/rclcpp/rclcpp/callback_group.hpp:24[m[K,
[5.068s]                  from [01m[K/opt/ros/humble/include/rclcpp/rclcpp/node.hpp:40[m[K,
[5.068s]                  from [01m[K/home/bobo/ros2_ws/src/mr2_public/tug_turtlebot4/include/tug_turtlebot4/SlamNode.hpp:6[m[K,
[5.069s]                  from [01m[K/home/bobo/ros2_ws/src/mr2_public/tug_turtlebot4/src/SlamNode.cpp:1[m[K:
[5.069s] [01m[K/home/bobo/ros2_ws/src/mr2_public/tug_turtlebot4/src/SlamNode.cpp:93:5:[m[K [01;31m[Kerror: [m[Ktemplate argument 1 is invalid
[5.070s]    93 |     [01;31m[KRCLCPP_INFO[m[K(get_logger(), "Initial Values:");
[5.070s]       |     [01;31m[K^~~~~~~~~~~[m[K
[5.070s] [01m[K/home/bobo/ros2_ws/src/mr2_public/tug_turtlebot4/src/SlamNode.cpp:93:5:[m[K [01;31m[Kerror: [m[Ktemplate argument 1 is invalid
[5.070s]    93 |     [01;31m[KRCLCPP_INFO[m[K(get_logger(), "Initial Values:");
[5.070s]       |     [01;31m[K^~~~~~~~~~~[m[K
[5.070s] [01m[K/home/bobo/ros2_ws/src/mr2_public/tug_turtlebot4/src/SlamNode.cpp:93:5:[m[K [01;31m[Kerror: [m[Ktemplate argument 1 is invalid
[5.071s]    93 |     [01;31m[KRCLCPP_INFO[m[K(get_logger(), "Initial Values:");
[5.071s]       |     [01;31m[K^~~~~~~~~~~[m[K
[5.071s] [01m[K/home/bobo/ros2_ws/src/mr2_public/tug_turtlebot4/src/SlamNode.cpp:94:17:[m[K [01;31m[Kerror: [m[Kâ€˜[01m[Kget_logger[m[Kâ€™ was not declared in this scope; did you mean â€˜[01m[Krclcpp::get_logger[m[Kâ€™?
[5.071s]    94 |     RCLCPP_INFO([01;31m[Kget_logger[m[K(), "x0: %f, y0: %f, x1: %f, y1: %f", x0, y0, x1, y1);
[5.072s]       |                 [01;31m[K^~~~~~~~~~[m[K
[5.072s] In file included from [01m[K/opt/ros/humble/include/rclcpp/rclcpp/logging.hpp:23[m[K,
[5.072s]                  from [01m[K/opt/ros/humble/include/rclcpp/rclcpp/client.hpp:40[m[K,
[5.072s]                  from [01m[K/opt/ros/humble/include/rclcpp/rclcpp/callback_group.hpp:24[m[K,
[5.072s]                  from [01m[K/opt/ros/humble/include/rclcpp/rclcpp/node.hpp:40[m[K,
[5.072s]                  from [01m[K/home/bobo/ros2_ws/src/mr2_public/tug_turtlebot4/include/tug_turtlebot4/SlamNode.hpp:6[m[K,
[5.072s]                  from [01m[K/home/bobo/ros2_ws/src/mr2_public/tug_turtlebot4/src/SlamNode.cpp:1[m[K:
[5.072s] [01m[K/opt/ros/humble/include/rclcpp/rclcpp/logger.hpp:106:17:[m[K [01;36m[Knote: [m[Kâ€˜[01m[Krclcpp::get_logger[m[Kâ€™ declared here
[5.072s]   106 |   friend Logger [01;36m[Krclcpp[m[K::get_logger(const std::string & name);
[5.072s]       |                 [01;36m[K^~~~~~[m[K
[5.073s] In file included from [01m[K/opt/ros/humble/include/rclcpp/rclcpp/client.hpp:40[m[K,
[5.073s]                  from [01m[K/opt/ros/humble/include/rclcpp/rclcpp/callback_group.hpp:24[m[K,
[5.073s]                  from [01m[K/opt/ros/humble/include/rclcpp/rclcpp/node.hpp:40[m[K,
[5.074s]                  from [01m[K/home/bobo/ros2_ws/src/mr2_public/tug_turtlebot4/include/tug_turtlebot4/SlamNode.hpp:6[m[K,
[5.074s]                  from [01m[K/home/bobo/ros2_ws/src/mr2_public/tug_turtlebot4/src/SlamNode.cpp:1[m[K:
[5.074s] [01m[K/home/bobo/ros2_ws/src/mr2_public/tug_turtlebot4/src/SlamNode.cpp:94:5:[m[K [01;31m[Kerror: [m[Ktemplate argument 1 is invalid
[5.074s]    94 |     [01;31m[KRCLCPP_INFO[m[K(get_logger(), "x0: %f, y0: %f, x1: %f, y1: %f", x0, y0, x1, y1);
[5.074s]       |     [01;31m[K^~~~~~~~~~~[m[K
[5.075s] [01m[K/home/bobo/ros2_ws/src/mr2_public/tug_turtlebot4/src/SlamNode.cpp:94:5:[m[K [01;31m[Kerror: [m[Ktemplate argument 1 is invalid
[5.075s]    94 |     [01;31m[KRCLCPP_INFO[m[K(get_logger(), "x0: %f, y0: %f, x1: %f, y1: %f", x0, y0, x1, y1);
[5.075s]       |     [01;31m[K^~~~~~~~~~~[m[K
[5.075s] [01m[K/home/bobo/ros2_ws/src/mr2_public/tug_turtlebot4/src/SlamNode.cpp:94:5:[m[K [01;31m[Kerror: [m[Ktemplate argument 1 is invalid
[5.075s]    94 |     [01;31m[KRCLCPP_INFO[m[K(get_logger(), "x0: %f, y0: %f, x1: %f, y1: %f", x0, y0, x1, y1);
[5.075s]       |     [01;31m[K^~~~~~~~~~~[m[K
[5.076s] [01m[K/home/bobo/ros2_ws/src/mr2_public/tug_turtlebot4/src/SlamNode.cpp:95:17:[m[K [01;31m[Kerror: [m[Kâ€˜[01m[Kget_logger[m[Kâ€™ was not declared in this scope; did you mean â€˜[01m[Krclcpp::get_logger[m[Kâ€™?
[5.076s]    95 |     RCLCPP_INFO([01;31m[Kget_logger[m[K(), "dx: %f, dy: %f, direction: %d", dx, dy, dir);
[5.076s]       |                 [01;31m[K^~~~~~~~~~[m[K
[5.076s] In file included from [01m[K/opt/ros/humble/include/rclcpp/rclcpp/logging.hpp:23[m[K,
[5.076s]                  from [01m[K/opt/ros/humble/include/rclcpp/rclcpp/client.hpp:40[m[K,
[5.076s]                  from [01m[K/opt/ros/humble/include/rclcpp/rclcpp/callback_group.hpp:24[m[K,
[5.076s]                  from [01m[K/opt/ros/humble/include/rclcpp/rclcpp/node.hpp:40[m[K,
[5.077s]                  from [01m[K/home/bobo/ros2_ws/src/mr2_public/tug_turtlebot4/include/tug_turtlebot4/SlamNode.hpp:6[m[K,
[5.077s]                  from [01m[K/home/bobo/ros2_ws/src/mr2_public/tug_turtlebot4/src/SlamNode.cpp:1[m[K:
[5.077s] [01m[K/opt/ros/humble/include/rclcpp/rclcpp/logger.hpp:106:17:[m[K [01;36m[Knote: [m[Kâ€˜[01m[Krclcpp::get_logger[m[Kâ€™ declared here
[5.077s]   106 |   friend Logger [01;36m[Krclcpp[m[K::get_logger(const std::string & name);
[5.077s]       |                 [01;36m[K^~~~~~[m[K
[5.077s] In file included from [01m[K/opt/ros/humble/include/rclcpp/rclcpp/client.hpp:40[m[K,
[5.077s]                  from [01m[K/opt/ros/humble/include/rclcpp/rclcpp/callback_group.hpp:24[m[K,
[5.078s]                  from [01m[K/opt/ros/humble/include/rclcpp/rclcpp/node.hpp:40[m[K,
[5.078s]                  from [01m[K/home/bobo/ros2_ws/src/mr2_public/tug_turtlebot4/include/tug_turtlebot4/SlamNode.hpp:6[m[K,
[5.078s]                  from [01m[K/home/bobo/ros2_ws/src/mr2_public/tug_turtlebot4/src/SlamNode.cpp:1[m[K:
[5.078s] [01m[K/home/bobo/ros2_ws/src/mr2_public/tug_turtlebot4/src/SlamNode.cpp:95:5:[m[K [01;31m[Kerror: [m[Ktemplate argument 1 is invalid
[5.078s]    95 |     [01;31m[KRCLCPP_INFO[m[K(get_logger(), "dx: %f, dy: %f, direction: %d", dx, dy, dir);
[5.078s]       |     [01;31m[K^~~~~~~~~~~[m[K
[5.078s] [01m[K/home/bobo/ros2_ws/src/mr2_public/tug_turtlebot4/src/SlamNode.cpp:95:5:[m[K [01;31m[Kerror: [m[Ktemplate argument 1 is invalid
[5.079s]    95 |     [01;31m[KRCLCPP_INFO[m[K(get_logger(), "dx: %f, dy: %f, direction: %d", dx, dy, dir);
[5.079s]       |     [01;31m[K^~~~~~~~~~~[m[K
[5.079s] [01m[K/home/bobo/ros2_ws/src/mr2_public/tug_turtlebot4/src/SlamNode.cpp:95:5:[m[K [01;31m[Kerror: [m[Ktemplate argument 1 is invalid
[5.079s]    95 |     [01;31m[KRCLCPP_INFO[m[K(get_logger(), "dx: %f, dy: %f, direction: %d", dx, dy, dir);
[5.079s]       |     [01;31m[K^~~~~~~~~~~[m[K
[5.079s] [01m[K/home/bobo/ros2_ws/src/mr2_public/tug_turtlebot4/src/SlamNode.cpp:102:21:[m[K [01;31m[Kerror: [m[Kâ€˜[01m[Kget_logger[m[Kâ€™ was not declared in this scope; did you mean â€˜[01m[Krclcpp::get_logger[m[Kâ€™?
[5.079s]   102 |         RCLCPP_INFO([01;31m[Kget_logger[m[K(), "Starting Line Drawing:");
[5.080s]       |                     [01;31m[K^~~~~~~~~~[m[K
[5.080s] In file included from [01m[K/opt/ros/humble/include/rclcpp/rclcpp/logging.hpp:23[m[K,
[5.080s]                  from [01m[K/opt/ros/humble/include/rclcpp/rclcpp/client.hpp:40[m[K,
[5.080s]                  from [01m[K/opt/ros/humble/include/rclcpp/rclcpp/callback_group.hpp:24[m[K,
[5.080s]                  from [01m[K/opt/ros/humble/include/rclcpp/rclcpp/node.hpp:40[m[K,
[5.080s]                  from [01m[K/home/bobo/ros2_ws/src/mr2_public/tug_turtlebot4/include/tug_turtlebot4/SlamNode.hpp:6[m[K,
[5.080s]                  from [01m[K/home/bobo/ros2_ws/src/mr2_public/tug_turtlebot4/src/SlamNode.cpp:1[m[K:
[5.080s] [01m[K/opt/ros/humble/include/rclcpp/rclcpp/logger.hpp:106:17:[m[K [01;36m[Knote: [m[Kâ€˜[01m[Krclcpp::get_logger[m[Kâ€™ declared here
[5.080s]   106 |   friend Logger [01;36m[Krclcpp[m[K::get_logger(const std::string & name);
[5.081s]       |                 [01;36m[K^~~~~~[m[K
[5.081s] In file included from [01m[K/opt/ros/humble/include/rclcpp/rclcpp/client.hpp:40[m[K,
[5.081s]                  from [01m[K/opt/ros/humble/include/rclcpp/rclcpp/callback_group.hpp:24[m[K,
[5.081s]                  from [01m[K/opt/ros/humble/include/rclcpp/rclcpp/node.hpp:40[m[K,
[5.081s]                  from [01m[K/home/bobo/ros2_ws/src/mr2_public/tug_turtlebot4/include/tug_turtlebot4/SlamNode.hpp:6[m[K,
[5.081s]                  from [01m[K/home/bobo/ros2_ws/src/mr2_public/tug_turtlebot4/src/SlamNode.cpp:1[m[K:
[5.081s] [01m[K/home/bobo/ros2_ws/src/mr2_public/tug_turtlebot4/src/SlamNode.cpp:102:9:[m[K [01;31m[Kerror: [m[Ktemplate argument 1 is invalid
[5.082s]   102 |         [01;31m[KRCLCPP_INFO[m[K(get_logger(), "Starting Line Drawing:");
[5.082s]       |         [01;31m[K^~~~~~~~~~~[m[K
[5.082s] [01m[K/home/bobo/ros2_ws/src/mr2_public/tug_turtlebot4/src/SlamNode.cpp:102:9:[m[K [01;31m[Kerror: [m[Ktemplate argument 1 is invalid
[5.082s]   102 |         [01;31m[KRCLCPP_INFO[m[K(get_logger(), "Starting Line Drawing:");
[5.082s]       |         [01;31m[K^~~~~~~~~~~[m[K
[5.082s] [01m[K/home/bobo/ros2_ws/src/mr2_public/tug_turtlebot4/src/SlamNode.cpp:102:9:[m[K [01;31m[Kerror: [m[Ktemplate argument 1 is invalid
[5.082s]   102 |         [01;31m[KRCLCPP_INFO[m[K(get_logger(), "Starting Line Drawing:");
[5.082s]       |         [01;31m[K^~~~~~~~~~~[m[K
[5.082s] [01m[K/home/bobo/ros2_ws/src/mr2_public/tug_turtlebot4/src/SlamNode.cpp:109:25:[m[K [01;31m[Kerror: [m[Kâ€˜[01m[Kget_logger[m[Kâ€™ was not declared in this scope; did you mean â€˜[01m[Krclcpp::get_logger[m[Kâ€™?
[5.082s]   109 |             RCLCPP_INFO([01;31m[Kget_logger[m[K(), "Step i: %f", i);
[5.082s]       |                         [01;31m[K^~~~~~~~~~[m[K
[5.083s] In file included from [01m[K/opt/ros/humble/include/rclcpp/rclcpp/logging.hpp:23[m[K,
[5.083s]                  from [01m[K/opt/ros/humble/include/rclcpp/rclcpp/client.hpp:40[m[K,
[5.083s]                  from [01m[K/opt/ros/humble/include/rclcpp/rclcpp/callback_group.hpp:24[m[K,
[5.083s]                  from [01m[K/opt/ros/humble/include/rclcpp/rclcpp/node.hpp:40[m[K,
[5.083s]                  from [01m[K/home/bobo/ros2_ws/src/mr2_public/tug_turtlebot4/include/tug_turtlebot4/SlamNode.hpp:6[m[K,
[5.083s]                  from [01m[K/home/bobo/ros2_ws/src/mr2_public/tug_turtlebot4/src/SlamNode.cpp:1[m[K:
[5.083s] [01m[K/opt/ros/humble/include/rclcpp/rclcpp/logger.hpp:106:17:[m[K [01;36m[Knote: [m[Kâ€˜[01m[Krclcpp::get_logger[m[Kâ€™ declared here
[5.083s]   106 |   friend Logger [01;36m[Krclcpp[m[K::get_logger(const std::string & name);
[5.083s]       |                 [01;36m[K^~~~~~[m[K
[5.083s] In file included from [01m[K/opt/ros/humble/include/rclcpp/rclcpp/client.hpp:40[m[K,
[5.083s]                  from [01m[K/opt/ros/humble/include/rclcpp/rclcpp/callback_group.hpp:24[m[K,
[5.083s]                  from [01m[K/opt/ros/humble/include/rclcpp/rclcpp/node.hpp:40[m[K,
[5.084s]                  from [01m[K/home/bobo/ros2_ws/src/mr2_public/tug_turtlebot4/include/tug_turtlebot4/SlamNode.hpp:6[m[K,
[5.084s]                  from [01m[K/home/bobo/ros2_ws/src/mr2_public/tug_turtlebot4/src/SlamNode.cpp:1[m[K:
[5.084s] [01m[K/home/bobo/ros2_ws/src/mr2_public/tug_turtlebot4/src/SlamNode.cpp:109:13:[m[K [01;31m[Kerror: [m[Ktemplate argument 1 is invalid
[5.084s]   109 |             [01;31m[KRCLCPP_INFO[m[K(get_logger(), "Step i: %f", i);
[5.084s]       |             [01;31m[K^~~~~~~~~~~[m[K
[5.084s] [01m[K/home/bobo/ros2_ws/src/mr2_public/tug_turtlebot4/src/SlamNode.cpp:109:13:[m[K [01;31m[Kerror: [m[Ktemplate argument 1 is invalid
[5.084s]   109 |             [01;31m[KRCLCPP_INFO[m[K(get_logger(), "Step i: %f", i);
[5.084s]       |             [01;31m[K^~~~~~~~~~~[m[K
[5.084s] [01m[K/home/bobo/ros2_ws/src/mr2_public/tug_turtlebot4/src/SlamNode.cpp:109:13:[m[K [01;31m[Kerror: [m[Ktemplate argument 1 is invalid
[5.084s]   109 |             [01;31m[KRCLCPP_INFO[m[K(get_logger(), "Step i: %f", i);
[5.085s]       |             [01;31m[K^~~~~~~~~~~[m[K
[5.085s] [01m[K/home/bobo/ros2_ws/src/mr2_public/tug_turtlebot4/src/SlamNode.cpp:110:25:[m[K [01;31m[Kerror: [m[Kâ€˜[01m[Kget_logger[m[Kâ€™ was not declared in this scope; did you mean â€˜[01m[Krclcpp::get_logger[m[Kâ€™?
[5.085s]   110 |             RCLCPP_INFO([01;31m[Kget_logger[m[K(), "Current Point: (%f, %f)", x, y0 + i);
[5.085s]       |                         [01;31m[K^~~~~~~~~~[m[K
[5.085s] In file included from [01m[K/opt/ros/humble/include/rclcpp/rclcpp/logging.hpp:23[m[K,
[5.085s]                  from [01m[K/opt/ros/humble/include/rclcpp/rclcpp/client.hpp:40[m[K,
[5.085s]                  from [01m[K/opt/ros/humble/include/rclcpp/rclcpp/callback_group.hpp:24[m[K,
[5.085s]                  from [01m[K/opt/ros/humble/include/rclcpp/rclcpp/node.hpp:40[m[K,
[5.085s]                  from [01m[K/home/bobo/ros2_ws/src/mr2_public/tug_turtlebot4/include/tug_turtlebot4/SlamNode.hpp:6[m[K,
[5.085s]                  from [01m[K/home/bobo/ros2_ws/src/mr2_public/tug_turtlebot4/src/SlamNode.cpp:1[m[K:
[5.085s] [01m[K/opt/ros/humble/include/rclcpp/rclcpp/logger.hpp:106:17:[m[K [01;36m[Knote: [m[Kâ€˜[01m[Krclcpp::get_logger[m[Kâ€™ declared here
[5.085s]   106 |   friend Logger [01;36m[Krclcpp[m[K::get_logger(const std::string & name);
[5.085s]       |                 [01;36m[K^~~~~~[m[K
[5.086s] In file included from [01m[K/opt/ros/humble/include/rclcpp/rclcpp/client.hpp:40[m[K,
[5.086s]                  from [01m[K/opt/ros/humble/include/rclcpp/rclcpp/callback_group.hpp:24[m[K,
[5.086s]                  from [01m[K/opt/ros/humble/include/rclcpp/rclcpp/node.hpp:40[m[K,
[5.086s]                  from [01m[K/home/bobo/ros2_ws/src/mr2_public/tug_turtlebot4/include/tug_turtlebot4/SlamNode.hpp:6[m[K,
[5.086s]                  from [01m[K/home/bobo/ros2_ws/src/mr2_public/tug_turtlebot4/src/SlamNode.cpp:1[m[K:
[5.086s] [01m[K/home/bobo/ros2_ws/src/mr2_public/tug_turtlebot4/src/SlamNode.cpp:110:13:[m[K [01;31m[Kerror: [m[Ktemplate argument 1 is invalid
[5.086s]   110 |             [01;31m[KRCLCPP_INFO[m[K(get_logger(), "Current Point: (%f, %f)", x, y0 + i);
[5.086s]       |             [01;31m[K^~~~~~~~~~~[m[K
[5.086s] [01m[K/home/bobo/ros2_ws/src/mr2_public/tug_turtlebot4/src/SlamNode.cpp:110:13:[m[K [01;31m[Kerror: [m[Ktemplate argument 1 is invalid
[5.086s]   110 |             [01;31m[KRCLCPP_INFO[m[K(get_logger(), "Current Point: (%f, %f)", x, y0 + i);
[5.086s]       |             [01;31m[K^~~~~~~~~~~[m[K
[5.086s] [01m[K/home/bobo/ros2_ws/src/mr2_public/tug_turtlebot4/src/SlamNode.cpp:110:13:[m[K [01;31m[Kerror: [m[Ktemplate argument 1 is invalid
[5.086s]   110 |             [01;31m[KRCLCPP_INFO[m[K(get_logger(), "Current Point: (%f, %f)", x, y0 + i);
[5.087s]       |             [01;31m[K^~~~~~~~~~~[m[K
[5.087s] [01m[K/home/bobo/ros2_ws/src/mr2_public/tug_turtlebot4/src/SlamNode.cpp:111:25:[m[K [01;31m[Kerror: [m[Kâ€˜[01m[Kget_logger[m[Kâ€™ was not declared in this scope; did you mean â€˜[01m[Krclcpp::get_logger[m[Kâ€™?
[5.087s]   111 |             RCLCPP_INFO([01;31m[Kget_logger[m[K(), "p: %f", p);
[5.087s]       |                         [01;31m[K^~~~~~~~~~[m[K
[5.087s] In file included from [01m[K/opt/ros/humble/include/rclcpp/rclcpp/logging.hpp:23[m[K,
[5.087s]                  from [01m[K/opt/ros/humble/include/rclcpp/rclcpp/client.hpp:40[m[K,
[5.087s]                  from [01m[K/opt/ros/humble/include/rclcpp/rclcpp/callback_group.hpp:24[m[K,
[5.087s]                  from [01m[K/opt/ros/humble/include/rclcpp/rclcpp/node.hpp:40[m[K,
[5.087s]                  from [01m[K/home/bobo/ros2_ws/src/mr2_public/tug_turtlebot4/include/tug_turtlebot4/SlamNode.hpp:6[m[K,
[5.087s]                  from [01m[K/home/bobo/ros2_ws/src/mr2_public/tug_turtlebot4/src/SlamNode.cpp:1[m[K:
[5.087s] [01m[K/opt/ros/humble/include/rclcpp/rclcpp/logger.hpp:106:17:[m[K [01;36m[Knote: [m[Kâ€˜[01m[Krclcpp::get_logger[m[Kâ€™ declared here
[5.087s]   106 |   friend Logger [01;36m[Krclcpp[m[K::get_logger(const std::string & name);
[5.087s]       |                 [01;36m[K^~~~~~[m[K
[5.088s] In file included from [01m[K/opt/ros/humble/include/rclcpp/rclcpp/client.hpp:40[m[K,
[5.088s]                  from [01m[K/opt/ros/humble/include/rclcpp/rclcpp/callback_group.hpp:24[m[K,
[5.088s]                  from [01m[K/opt/ros/humble/include/rclcpp/rclcpp/node.hpp:40[m[K,
[5.088s]                  from [01m[K/home/bobo/ros2_ws/src/mr2_public/tug_turtlebot4/include/tug_turtlebot4/SlamNode.hpp:6[m[K,
[5.088s]                  from [01m[K/home/bobo/ros2_ws/src/mr2_public/tug_turtlebot4/src/SlamNode.cpp:1[m[K:
[5.088s] [01m[K/home/bobo/ros2_ws/src/mr2_public/tug_turtlebot4/src/SlamNode.cpp:111:13:[m[K [01;31m[Kerror: [m[Ktemplate argument 1 is invalid
[5.088s]   111 |             [01;31m[KRCLCPP_INFO[m[K(get_logger(), "p: %f", p);
[5.088s]       |             [01;31m[K^~~~~~~~~~~[m[K
[5.088s] [01m[K/home/bobo/ros2_ws/src/mr2_public/tug_turtlebot4/src/SlamNode.cpp:111:13:[m[K [01;31m[Kerror: [m[Ktemplate argument 1 is invalid
[5.088s]   111 |             [01;31m[KRCLCPP_INFO[m[K(get_logger(), "p: %f", p);
[5.088s]       |             [01;31m[K^~~~~~~~~~~[m[K
[5.088s] [01m[K/home/bobo/ros2_ws/src/mr2_public/tug_turtlebot4/src/SlamNode.cpp:111:13:[m[K [01;31m[Kerror: [m[Ktemplate argument 1 is invalid
[5.089s]   111 |             [01;31m[KRCLCPP_INFO[m[K(get_logger(), "p: %f", p);
[5.089s]       |             [01;31m[K^~~~~~~~~~~[m[K
[5.089s] [01m[K/home/bobo/ros2_ws/src/mr2_public/tug_turtlebot4/src/SlamNode.cpp:116:29:[m[K [01;31m[Kerror: [m[Kâ€˜[01m[Kget_logger[m[Kâ€™ was not declared in this scope; did you mean â€˜[01m[Krclcpp::get_logger[m[Kâ€™?
[5.089s]   116 |                 RCLCPP_INFO([01;31m[Kget_logger[m[K(), "x incremented to: %f", x);
[5.089s]       |                             [01;31m[K^~~~~~~~~~[m[K
[5.089s] In file included from [01m[K/opt/ros/humble/include/rclcpp/rclcpp/logging.hpp:23[m[K,
[5.089s]                  from [01m[K/opt/ros/humble/include/rclcpp/rclcpp/client.hpp:40[m[K,
[5.089s]                  from [01m[K/opt/ros/humble/include/rclcpp/rclcpp/callback_group.hpp:24[m[K,
[5.089s]                  from [01m[K/opt/ros/humble/include/rclcpp/rclcpp/node.hpp:40[m[K,
[5.089s]                  from [01m[K/home/bobo/ros2_ws/src/mr2_public/tug_turtlebot4/include/tug_turtlebot4/SlamNode.hpp:6[m[K,
[5.090s]                  from [01m[K/home/bobo/ros2_ws/src/mr2_public/tug_turtlebot4/src/SlamNode.cpp:1[m[K:
[5.090s] [01m[K/opt/ros/humble/include/rclcpp/rclcpp/logger.hpp:106:17:[m[K [01;36m[Knote: [m[Kâ€˜[01m[Krclcpp::get_logger[m[Kâ€™ declared here
[5.090s]   106 |   friend Logger [01;36m[Krclcpp[m[K::get_logger(const std::string & name);
[5.090s]       |                 [01;36m[K^~~~~~[m[K
[5.090s] In file included from [01m[K/opt/ros/humble/include/rclcpp/rclcpp/client.hpp:40[m[K,
[5.090s]                  from [01m[K/opt/ros/humble/include/rclcpp/rclcpp/callback_group.hpp:24[m[K,
[5.090s]                  from [01m[K/opt/ros/humble/include/rclcpp/rclcpp/node.hpp:40[m[K,
[5.090s]                  from [01m[K/home/bobo/ros2_ws/src/mr2_public/tug_turtlebot4/include/tug_turtlebot4/SlamNode.hpp:6[m[K,
[5.090s]                  from [01m[K/home/bobo/ros2_ws/src/mr2_public/tug_turtlebot4/src/SlamNode.cpp:1[m[K:
[5.090s] [01m[K/home/bobo/ros2_ws/src/mr2_public/tug_turtlebot4/src/SlamNode.cpp:116:17:[m[K [01;31m[Kerror: [m[Ktemplate argument 1 is invalid
[5.090s]   116 |                 [01;31m[KRCLCPP_INFO[m[K(get_logger(), "x incremented to: %f", x);
[5.090s]       |                 [01;31m[K^~~~~~~~~~~[m[K
[5.090s] [01m[K/home/bobo/ros2_ws/src/mr2_public/tug_turtlebot4/src/SlamNode.cpp:116:17:[m[K [01;31m[Kerror: [m[Ktemplate argument 1 is invalid
[5.091s]   116 |                 [01;31m[KRCLCPP_INFO[m[K(get_logger(), "x incremented to: %f", x);
[5.091s]       |                 [01;31m[K^~~~~~~~~~~[m[K
[5.091s] [01m[K/home/bobo/ros2_ws/src/mr2_public/tug_turtlebot4/src/SlamNode.cpp:116:17:[m[K [01;31m[Kerror: [m[Ktemplate argument 1 is invalid
[5.091s]   116 |                 [01;31m[KRCLCPP_INFO[m[K(get_logger(), "x incremented to: %f", x);
[5.091s]       |                 [01;31m[K^~~~~~~~~~~[m[K
[5.091s] [01m[K/home/bobo/ros2_ws/src/mr2_public/tug_turtlebot4/src/SlamNode.cpp:120:25:[m[K [01;31m[Kerror: [m[Kâ€˜[01m[Kget_logger[m[Kâ€™ was not declared in this scope; did you mean â€˜[01m[Krclcpp::get_logger[m[Kâ€™?
[5.091s]   120 |             RCLCPP_INFO([01;31m[Kget_logger[m[K(), "Updated p: %f", p);
[5.091s]       |                         [01;31m[K^~~~~~~~~~[m[K
[5.091s] In file included from [01m[K/opt/ros/humble/include/rclcpp/rclcpp/logging.hpp:23[m[K,
[5.091s]                  from [01m[K/opt/ros/humble/include/rclcpp/rclcpp/client.hpp:40[m[K,
[5.092s]                  from [01m[K/opt/ros/humble/include/rclcpp/rclcpp/callback_group.hpp:24[m[K,
[5.092s]                  from [01m[K/opt/ros/humble/include/rclcpp/rclcpp/node.hpp:40[m[K,
[5.092s]                  from [01m[K/home/bobo/ros2_ws/src/mr2_public/tug_turtlebot4/include/tug_turtlebot4/SlamNode.hpp:6[m[K,
[5.092s]                  from [01m[K/home/bobo/ros2_ws/src/mr2_public/tug_turtlebot4/src/SlamNode.cpp:1[m[K:
[5.092s] [01m[K/opt/ros/humble/include/rclcpp/rclcpp/logger.hpp:106:17:[m[K [01;36m[Knote: [m[Kâ€˜[01m[Krclcpp::get_logger[m[Kâ€™ declared here
[5.092s]   106 |   friend Logger [01;36m[Krclcpp[m[K::get_logger(const std::string & name);
[5.092s]       |                 [01;36m[K^~~~~~[m[K
[5.092s] In file included from [01m[K/opt/ros/humble/include/rclcpp/rclcpp/client.hpp:40[m[K,
[5.092s]                  from [01m[K/opt/ros/humble/include/rclcpp/rclcpp/callback_group.hpp:24[m[K,
[5.092s]                  from [01m[K/opt/ros/humble/include/rclcpp/rclcpp/node.hpp:40[m[K,
[5.092s]                  from [01m[K/home/bobo/ros2_ws/src/mr2_public/tug_turtlebot4/include/tug_turtlebot4/SlamNode.hpp:6[m[K,
[5.092s]                  from [01m[K/home/bobo/ros2_ws/src/mr2_public/tug_turtlebot4/src/SlamNode.cpp:1[m[K:
[5.093s] [01m[K/home/bobo/ros2_ws/src/mr2_public/tug_turtlebot4/src/SlamNode.cpp:120:13:[m[K [01;31m[Kerror: [m[Ktemplate argument 1 is invalid
[5.093s]   120 |             [01;31m[KRCLCPP_INFO[m[K(get_logger(), "Updated p: %f", p);
[5.093s]       |             [01;31m[K^~~~~~~~~~~[m[K
[5.093s] [01m[K/home/bobo/ros2_ws/src/mr2_public/tug_turtlebot4/src/SlamNode.cpp:120:13:[m[K [01;31m[Kerror: [m[Ktemplate argument 1 is invalid
[5.093s]   120 |             [01;31m[KRCLCPP_INFO[m[K(get_logger(), "Updated p: %f", p);
[5.093s]       |             [01;31m[K^~~~~~~~~~~[m[K
[5.093s] [01m[K/home/bobo/ros2_ws/src/mr2_public/tug_turtlebot4/src/SlamNode.cpp:120:13:[m[K [01;31m[Kerror: [m[Ktemplate argument 1 is invalid
[5.093s]   120 |             [01;31m[KRCLCPP_INFO[m[K(get_logger(), "Updated p: %f", p);
[5.093s]       |             [01;31m[K^~~~~~~~~~~[m[K
[5.093s] [01m[K/home/bobo/ros2_ws/src/mr2_public/tug_turtlebot4/src/SlamNode.cpp:124:17:[m[K [01;31m[Kerror: [m[Kâ€˜[01m[Kget_logger[m[Kâ€™ was not declared in this scope; did you mean â€˜[01m[Krclcpp::get_logger[m[Kâ€™?
[5.093s]   124 |     RCLCPP_INFO([01;31m[Kget_logger[m[K(), "Finished Line Drawing. Total Points: %lu", line.size());
[5.093s]       |                 [01;31m[K^~~~~~~~~~[m[K
[5.094s] In file included from [01m[K/opt/ros/humble/include/rclcpp/rclcpp/logging.hpp:23[m[K,
[5.094s]                  from [01m[K/opt/ros/humble/include/rclcpp/rclcpp/client.hpp:40[m[K,
[5.094s]                  from [01m[K/opt/ros/humble/include/rclcpp/rclcpp/callback_group.hpp:24[m[K,
[5.094s]                  from [01m[K/opt/ros/humble/include/rclcpp/rclcpp/node.hpp:40[m[K,
[5.094s]                  from [01m[K/home/bobo/ros2_ws/src/mr2_public/tug_turtlebot4/include/tug_turtlebot4/SlamNode.hpp:6[m[K,
[5.094s]                  from [01m[K/home/bobo/ros2_ws/src/mr2_public/tug_turtlebot4/src/SlamNode.cpp:1[m[K:
[5.094s] [01m[K/opt/ros/humble/include/rclcpp/rclcpp/logger.hpp:106:17:[m[K [01;36m[Knote: [m[Kâ€˜[01m[Krclcpp::get_logger[m[Kâ€™ declared here
[5.094s]   106 |   friend Logger [01;36m[Krclcpp[m[K::get_logger(const std::string & name);
[5.094s]       |                 [01;36m[K^~~~~~[m[K
[5.094s] In file included from [01m[K/opt/ros/humble/include/rclcpp/rclcpp/client.hpp:40[m[K,
[5.094s]                  from [01m[K/opt/ros/humble/include/rclcpp/rclcpp/callback_group.hpp:24[m[K,
[5.094s]                  from [01m[K/opt/ros/humble/include/rclcpp/rclcpp/node.hpp:40[m[K,
[5.094s]                  from [01m[K/home/bobo/ros2_ws/src/mr2_public/tug_turtlebot4/include/tug_turtlebot4/SlamNode.hpp:6[m[K,
[5.095s]                  from [01m[K/home/bobo/ros2_ws/src/mr2_public/tug_turtlebot4/src/SlamNode.cpp:1[m[K:
[5.095s] [01m[K/home/bobo/ros2_ws/src/mr2_public/tug_turtlebot4/src/SlamNode.cpp:124:5:[m[K [01;31m[Kerror: [m[Ktemplate argument 1 is invalid
[5.095s]   124 |     [01;31m[KRCLCPP_INFO[m[K(get_logger(), "Finished Line Drawing. Total Points: %lu", line.size());
[5.095s]       |     [01;31m[K^~~~~~~~~~~[m[K
[5.095s] [01m[K/home/bobo/ros2_ws/src/mr2_public/tug_turtlebot4/src/SlamNode.cpp:124:5:[m[K [01;31m[Kerror: [m[Ktemplate argument 1 is invalid
[5.095s]   124 |     [01;31m[KRCLCPP_INFO[m[K(get_logger(), "Finished Line Drawing. Total Points: %lu", line.size());
[5.095s]       |     [01;31m[K^~~~~~~~~~~[m[K
[5.095s] [01m[K/home/bobo/ros2_ws/src/mr2_public/tug_turtlebot4/src/SlamNode.cpp:124:5:[m[K [01;31m[Kerror: [m[Ktemplate argument 1 is invalid
[5.095s]   124 |     [01;31m[KRCLCPP_INFO[m[K(get_logger(), "Finished Line Drawing. Total Points: %lu", line.size());
[5.095s]       |     [01;31m[K^~~~~~~~~~~[m[K
[5.096s] [01m[K/home/bobo/ros2_ws/src/mr2_public/tug_turtlebot4/src/SlamNode.cpp:125:17:[m[K [01;31m[Kerror: [m[Kâ€˜[01m[Kget_logger[m[Kâ€™ was not declared in this scope; did you mean â€˜[01m[Krclcpp::get_logger[m[Kâ€™?
[5.096s]   125 |     RCLCPP_INFO([01;31m[Kget_logger[m[K(), "Line Points:");
[5.096s]       |                 [01;31m[K^~~~~~~~~~[m[K
[5.096s] In file included from [01m[K/opt/ros/humble/include/rclcpp/rclcpp/logging.hpp:23[m[K,
[5.096s]                  from [01m[K/opt/ros/humble/include/rclcpp/rclcpp/client.hpp:40[m[K,
[5.096s]                  from [01m[K/opt/ros/humble/include/rclcpp/rclcpp/callback_group.hpp:24[m[K,
[5.096s]                  from [01m[K/opt/ros/humble/include/rclcpp/rclcpp/node.hpp:40[m[K,
[5.096s]                  from [01m[K/home/bobo/ros2_ws/src/mr2_public/tug_turtlebot4/include/tug_turtlebot4/SlamNode.hpp:6[m[K,
[5.096s]                  from [01m[K/home/bobo/ros2_ws/src/mr2_public/tug_turtlebot4/src/SlamNode.cpp:1[m[K:
[5.096s] [01m[K/opt/ros/humble/include/rclcpp/rclcpp/logger.hpp:106:17:[m[K [01;36m[Knote: [m[Kâ€˜[01m[Krclcpp::get_logger[m[Kâ€™ declared here
[5.096s]   106 |   friend Logger [01;36m[Krclcpp[m[K::get_logger(const std::string & name);
[5.097s]       |                 [01;36m[K^~~~~~[m[K
[5.097s] In file included from [01m[K/opt/ros/humble/include/rclcpp/rclcpp/client.hpp:40[m[K,
[5.097s]                  from [01m[K/opt/ros/humble/include/rclcpp/rclcpp/callback_group.hpp:24[m[K,
[5.097s]                  from [01m[K/opt/ros/humble/include/rclcpp/rclcpp/node.hpp:40[m[K,
[5.097s]                  from [01m[K/home/bobo/ros2_ws/src/mr2_public/tug_turtlebot4/include/tug_turtlebot4/SlamNode.hpp:6[m[K,
[5.097s]                  from [01m[K/home/bobo/ros2_ws/src/mr2_public/tug_turtlebot4/src/SlamNode.cpp:1[m[K:
[5.097s] [01m[K/home/bobo/ros2_ws/src/mr2_public/tug_turtlebot4/src/SlamNode.cpp:125:5:[m[K [01;31m[Kerror: [m[Ktemplate argument 1 is invalid
[5.097s]   125 |     [01;31m[KRCLCPP_INFO[m[K(get_logger(), "Line Points:");
[5.097s]       |     [01;31m[K^~~~~~~~~~~[m[K
[5.097s] [01m[K/home/bobo/ros2_ws/src/mr2_public/tug_turtlebot4/src/SlamNode.cpp:125:5:[m[K [01;31m[Kerror: [m[Ktemplate argument 1 is invalid
[5.098s]   125 |     [01;31m[KRCLCPP_INFO[m[K(get_logger(), "Line Points:");
[5.098s]       |     [01;31m[K^~~~~~~~~~~[m[K
[5.098s] [01m[K/home/bobo/ros2_ws/src/mr2_public/tug_turtlebot4/src/SlamNode.cpp:125:5:[m[K [01;31m[Kerror: [m[Ktemplate argument 1 is invalid
[5.098s]   125 |     [01;31m[KRCLCPP_INFO[m[K(get_logger(), "Line Points:");
[5.098s]       |     [01;31m[K^~~~~~~~~~~[m[K
[5.098s] [01m[K/home/bobo/ros2_ws/src/mr2_public/tug_turtlebot4/src/SlamNode.cpp:127:21:[m[K [01;31m[Kerror: [m[Kâ€˜[01m[Kget_logger[m[Kâ€™ was not declared in this scope; did you mean â€˜[01m[Krclcpp::get_logger[m[Kâ€™?
[5.098s]   127 |         RCLCPP_INFO([01;31m[Kget_logger[m[K(), "(%f, %f)", point.first, point.second);
[5.098s]       |                     [01;31m[K^~~~~~~~~~[m[K
[5.098s] In file included from [01m[K/opt/ros/humble/include/rclcpp/rclcpp/logging.hpp:23[m[K,
[5.098s]                  from [01m[K/opt/ros/humble/include/rclcpp/rclcpp/client.hpp:40[m[K,
[5.098s]                  from [01m[K/opt/ros/humble/include/rclcpp/rclcpp/callback_group.hpp:24[m[K,
[5.098s]                  from [01m[K/opt/ros/humble/include/rclcpp/rclcpp/node.hpp:40[m[K,
[5.098s]                  from [01m[K/home/bobo/ros2_ws/src/mr2_public/tug_turtlebot4/include/tug_turtlebot4/SlamNode.hpp:6[m[K,
[5.099s]                  from [01m[K/home/bobo/ros2_ws/src/mr2_public/tug_turtlebot4/src/SlamNode.cpp:1[m[K:
[5.099s] [01m[K/opt/ros/humble/include/rclcpp/rclcpp/logger.hpp:106:17:[m[K [01;36m[Knote: [m[Kâ€˜[01m[Krclcpp::get_logger[m[Kâ€™ declared here
[5.099s]   106 |   friend Logger [01;36m[Krclcpp[m[K::get_logger(const std::string & name);
[5.099s]       |                 [01;36m[K^~~~~~[m[K
[5.099s] In file included from [01m[K/opt/ros/humble/include/rclcpp/rclcpp/client.hpp:40[m[K,
[5.099s]                  from [01m[K/opt/ros/humble/include/rclcpp/rclcpp/callback_group.hpp:24[m[K,
[5.099s]                  from [01m[K/opt/ros/humble/include/rclcpp/rclcpp/node.hpp:40[m[K,
[5.099s]                  from [01m[K/home/bobo/ros2_ws/src/mr2_public/tug_turtlebot4/include/tug_turtlebot4/SlamNode.hpp:6[m[K,
[5.099s]                  from [01m[K/home/bobo/ros2_ws/src/mr2_public/tug_turtlebot4/src/SlamNode.cpp:1[m[K:
[5.099s] [01m[K/home/bobo/ros2_ws/src/mr2_public/tug_turtlebot4/src/SlamNode.cpp:127:9:[m[K [01;31m[Kerror: [m[Ktemplate argument 1 is invalid
[5.099s]   127 |         [01;31m[KRCLCPP_INFO[m[K(get_logger(), "(%f, %f)", point.first, point.second);
[5.100s]       |         [01;31m[K^~~~~~~~~~~[m[K
[5.100s] [01m[K/home/bobo/ros2_ws/src/mr2_public/tug_turtlebot4/src/SlamNode.cpp:127:9:[m[K [01;31m[Kerror: [m[Ktemplate argument 1 is invalid
[5.100s]   127 |         [01;31m[KRCLCPP_INFO[m[K(get_logger(), "(%f, %f)", point.first, point.second);
[5.100s]       |         [01;31m[K^~~~~~~~~~~[m[K
[5.100s] [01m[K/home/bobo/ros2_ws/src/mr2_public/tug_turtlebot4/src/SlamNode.cpp:127:9:[m[K [01;31m[Kerror: [m[Ktemplate argument 1 is invalid
[5.100s]   127 |         [01;31m[KRCLCPP_INFO[m[K(get_logger(), "(%f, %f)", point.first, point.second);
[5.100s]       |         [01;31m[K^~~~~~~~~~~[m[K
[10.526s] gmake[2]: *** [CMakeFiles/slam.dir/build.make:90: CMakeFiles/slam.dir/src/SlamNode.cpp.o] Error 1
[10.527s] gmake[1]: *** [CMakeFiles/Makefile2:195: CMakeFiles/slam.dir/all] Error 2
[10.527s] gmake: *** [Makefile:146: all] Error 2
[10.532s] Invoked command in '/home/bobo/ros2_ws/build/tug_turtlebot4' returned '2': CMAKE_PREFIX_PATH=/home/bobo/ros2_ws/install/tug_msgs:/home/bobo/ros2_ws/install/tug_turtlebot4:/home/bobo/ros2_ws/install/tug_stage_ros2:/home/bobo/ros2_ws/install/tug_mr2:/home/bobo/ros2_ws/install/ros2cpp_tutorials_service:/home/bobo/ros2_ws/install/ros2cpp_tutorials_publisher_subscriber:/home/bobo/ros2_ws/install/ros2cpp_tutorials_parameter:/home/bobo/ros2_ws/install/ros2cpp_tutorials_action:/home/bobo/ros2_ws/install/Eigen3:/opt/ros/humble LD_LIBRARY_PATH=/home/bobo/ros2_ws/install/tug_msgs/lib:/home/bobo/stg/lib:/home/bobo/ros2_ws/install/ros2cpp_tutorials_service/lib:/home/bobo/ros2_ws/install/ros2cpp_tutorials_action/lib:/opt/ros/humble/opt/rviz_ogre_vendor/lib:/opt/ros/humble/lib/x86_64-linux-gnu:/opt/ros/humble/lib /usr/bin/cmake --build /home/bobo/ros2_ws/build/tug_turtlebot4 -- -j8 -l8
