[0.043s] Invoking command in '/home/bobo/ros2_ws/build/tug_turtlebot4': CMAKE_PREFIX_PATH=/home/bobo/ros2_ws/install/tug_msgs:/home/bobo/ros2_ws/install/tug_turtlebot4:/home/bobo/ros2_ws/install/tug_stage_ros2:/home/bobo/ros2_ws/install/tug_mr2:/home/bobo/ros2_ws/install/ros2cpp_tutorials_service:/home/bobo/ros2_ws/install/ros2cpp_tutorials_publisher_subscriber:/home/bobo/ros2_ws/install/ros2cpp_tutorials_parameter:/home/bobo/ros2_ws/install/ros2cpp_tutorials_action:/home/bobo/ros2_ws/install/Eigen3:/opt/ros/humble LD_LIBRARY_PATH=/home/bobo/ros2_ws/install/tug_msgs/lib:/home/bobo/stg/lib:/home/bobo/ros2_ws/install/ros2cpp_tutorials_service/lib:/home/bobo/ros2_ws/install/ros2cpp_tutorials_action/lib:/opt/ros/humble/opt/rviz_ogre_vendor/lib:/opt/ros/humble/lib/x86_64-linux-gnu:/opt/ros/humble/lib /usr/bin/cmake --build /home/bobo/ros2_ws/build/tug_turtlebot4 -- -j8 -l8
[0.163s] [35m[1mConsolidate compiler generated dependencies of target simple_turtle[0m
[0.193s] [ 28%] Built target static_transform_publisher
[0.197s] [ 57%] Built target tug_wheel_encoder-system
[0.216s] [ 71%] [32mBuilding CXX object CMakeFiles/simple_turtle.dir/src/SimpleTurtleNode.cpp.o[0m
[6.188s] [01m[K/home/bobo/ros2_ws/src/mr2_public/tug_turtlebot4/src/SimpleTurtleNode.cpp:[m[K In member function â€˜[01m[Kvoid tug_turtlebot4::SimpleTurtleNode::poseCallback(const Pose&)[m[Kâ€™:
[6.188s] [01m[K/home/bobo/ros2_ws/src/mr2_public/tug_turtlebot4/src/SimpleTurtleNode.cpp:134:10:[m[K [01;35m[Kwarning: [m[Kunused variable â€˜[01m[Kyaw[m[Kâ€™ [[01;35m[K]8;;https://gcc.gnu.org/onlinedocs/gcc/Warning-Options.html#index-Wunused-variable-Wunused-variable]8;;[m[K]
[6.188s]   134 |   double [01;35m[Kyaw[m[K = atan2(2.0 * (q.w * q.z + q.x * q.y), 1.0 - 2.0 * (q.y * q.y + q.z * q.z));
[6.188s]       |          [01;35m[K^~~[m[K
[6.189s] [01m[K/home/bobo/ros2_ws/src/mr2_public/tug_turtlebot4/src/SimpleTurtleNode.cpp:[m[K In member function â€˜[01m[Kvoid tug_turtlebot4::SimpleTurtleNode::initMotionPattern()[m[Kâ€™:
[6.190s] [01m[K/home/bobo/ros2_ws/src/mr2_public/tug_turtlebot4/src/SimpleTurtleNode.cpp:183:28:[m[K [01;31m[Kerror: [m[Kno matching function for call to â€˜[01m[Kstd::vector<geometry_msgs::msg::Twist_<std::allocator<void> > >::push_back(int)[m[Kâ€™
[6.190s]   183 |     [01;31m[Kcmd_vel_msgs_.push_back(0)[m[K;
[6.190s]       |     [01;31m[K~~~~~~~~~~~~~~~~~~~~~~~^~~[m[K
[6.198s] In file included from [01m[K/usr/include/c++/11/vector:67[m[K,
[6.198s]                  from [01m[K/home/bobo/ros2_ws/src/mr2_public/tug_turtlebot4/include/tug_turtlebot4/SimpleTurtleNode.hpp:5[m[K,
[6.198s]                  from [01m[K/home/bobo/ros2_ws/src/mr2_public/tug_turtlebot4/src/SimpleTurtleNode.cpp:1[m[K:
[6.198s] [01m[K/usr/include/c++/11/bits/stl_vector.h:1187:7:[m[K [01;36m[Knote: [m[Kcandidate: â€˜[01m[Kvoid std::vector<_Tp, _Alloc>::push_back(const value_type&) [with _Tp = geometry_msgs::msg::Twist_<std::allocator<void> >; _Alloc = std::allocator<geometry_msgs::msg::Twist_<std::allocator<void> > >; std::vector<_Tp, _Alloc>::value_type = geometry_msgs::msg::Twist_<std::allocator<void> >][m[Kâ€™
[6.199s]  1187 |       [01;36m[Kpush_back[m[K(const value_type& __x)
[6.199s]       |       [01;36m[K^~~~~~~~~[m[K
[6.199s] [01m[K/usr/include/c++/11/bits/stl_vector.h:1187:35:[m[K [01;36m[Knote: [m[K  no known conversion for argument 1 from â€˜[01m[Kint[m[Kâ€™ to â€˜[01m[Kconst value_type&[m[Kâ€™ {aka â€˜[01m[Kconst geometry_msgs::msg::Twist_<std::allocator<void> >&[m[Kâ€™}
[6.199s]  1187 |       push_back([01;36m[Kconst value_type& __x[m[K)
[6.199s]       |                 [01;36m[K~~~~~~~~~~~~~~~~~~^~~[m[K
[6.199s] [01m[K/usr/include/c++/11/bits/stl_vector.h:1203:7:[m[K [01;36m[Knote: [m[Kcandidate: â€˜[01m[Kvoid std::vector<_Tp, _Alloc>::push_back(std::vector<_Tp, _Alloc>::value_type&&) [with _Tp = geometry_msgs::msg::Twist_<std::allocator<void> >; _Alloc = std::allocator<geometry_msgs::msg::Twist_<std::allocator<void> > >; std::vector<_Tp, _Alloc>::value_type = geometry_msgs::msg::Twist_<std::allocator<void> >][m[Kâ€™
[6.199s]  1203 |       [01;36m[Kpush_back[m[K(value_type&& __x)
[6.199s]       |       [01;36m[K^~~~~~~~~[m[K
[6.199s] [01m[K/usr/include/c++/11/bits/stl_vector.h:1203:30:[m[K [01;36m[Knote: [m[K  no known conversion for argument 1 from â€˜[01m[Kint[m[Kâ€™ to â€˜[01m[Kstd::vector<geometry_msgs::msg::Twist_<std::allocator<void> > >::value_type&&[m[Kâ€™ {aka â€˜[01m[Kgeometry_msgs::msg::Twist_<std::allocator<void> >&&[m[Kâ€™}
[6.199s]  1203 |       push_back([01;36m[Kvalue_type&& __x[m[K)
[6.200s]       |                 [01;36m[K~~~~~~~~~~~~~^~~[m[K
[6.200s] [01m[K/home/bobo/ros2_ws/src/mr2_public/tug_turtlebot4/src/SimpleTurtleNode.cpp:174:10:[m[K [01;35m[Kwarning: [m[Kunused variable â€˜[01m[KA[m[Kâ€™ [[01;35m[K]8;;https://gcc.gnu.org/onlinedocs/gcc/Warning-Options.html#index-Wunused-variable-Wunused-variable]8;;[m[K]
[6.200s]   174 |   double [01;35m[KA[m[K = 0.5;   // Amplitude for linear velocity (forward motion)
[6.200s]       |          [01;35m[K^[m[K
[6.200s] [01m[K/home/bobo/ros2_ws/src/mr2_public/tug_turtlebot4/src/SimpleTurtleNode.cpp:175:10:[m[K [01;35m[Kwarning: [m[Kunused variable â€˜[01m[KB[m[Kâ€™ [[01;35m[K]8;;https://gcc.gnu.org/onlinedocs/gcc/Warning-Options.html#index-Wunused-variable-Wunused-variable]8;;[m[K]
[6.200s]   175 |   double [01;35m[KB[m[K = 1.0;   // Amplitude for angular velocity (turning)
[6.200s]       |          [01;35m[K^[m[K
[6.200s] [01m[K/home/bobo/ros2_ws/src/mr2_public/tug_turtlebot4/src/SimpleTurtleNode.cpp:176:10:[m[K [01;35m[Kwarning: [m[Kunused variable â€˜[01m[Ka[m[Kâ€™ [[01;35m[K]8;;https://gcc.gnu.org/onlinedocs/gcc/Warning-Options.html#index-Wunused-variable-Wunused-variable]8;;[m[K]
[6.200s]   176 |   double [01;35m[Ka[m[K = 3.0;   // Frequency for linear velocity
[6.200s]       |          [01;35m[K^[m[K
[6.201s] [01m[K/home/bobo/ros2_ws/src/mr2_public/tug_turtlebot4/src/SimpleTurtleNode.cpp:177:10:[m[K [01;35m[Kwarning: [m[Kunused variable â€˜[01m[Kb[m[Kâ€™ [[01;35m[K]8;;https://gcc.gnu.org/onlinedocs/gcc/Warning-Options.html#index-Wunused-variable-Wunused-variable]8;;[m[K]
[6.201s]   177 |   double [01;35m[Kb[m[K = 2.0;   // Frequency for angular velocity
[6.201s]       |          [01;35m[K^[m[K
[6.201s] [01m[K/home/bobo/ros2_ws/src/mr2_public/tug_turtlebot4/src/SimpleTurtleNode.cpp:178:10:[m[K [01;35m[Kwarning: [m[Kunused variable â€˜[01m[Kdelta[m[Kâ€™ [[01;35m[K]8;;https://gcc.gnu.org/onlinedocs/gcc/Warning-Options.html#index-Wunused-variable-Wunused-variable]8;;[m[K]
[6.201s]   178 |   double [01;35m[Kdelta[m[K = M_PI / 2; // Phase difference between linear and angular components
[6.201s]       |          [01;35m[K^~~~~[m[K
[6.201s] [01m[K/home/bobo/ros2_ws/src/mr2_public/tug_turtlebot4/src/SimpleTurtleNode.cpp:179:10:[m[K [01;35m[Kwarning: [m[Kunused variable â€˜[01m[Kdt[m[Kâ€™ [[01;35m[K]8;;https://gcc.gnu.org/onlinedocs/gcc/Warning-Options.html#index-Wunused-variable-Wunused-variable]8;;[m[K]
[6.201s]   179 |   double [01;35m[Kdt[m[K = 0.05; // Time step (50 ms) matches the timer frequency
[6.201s]       |          [01;35m[K^~[m[K
[6.201s] [01m[K/home/bobo/ros2_ws/src/mr2_public/tug_turtlebot4/src/SimpleTurtleNode.cpp:[m[K At global scope:
[6.202s] [01m[K/home/bobo/ros2_ws/src/mr2_public/tug_turtlebot4/src/SimpleTurtleNode.cpp:188:3:[m[K [01;31m[Kerror: [m[Kexpected unqualified-id before â€˜[01m[Kfor[m[Kâ€™
[6.202s]   188 |   [01;31m[Kfor[m[K (int i = 0; i < 500; i++) {  // 500 steps = 500 * 50 ms = 25 seconds
[6.202s]       |   [01;31m[K^~~[m[K
[6.202s] [01m[K/home/bobo/ros2_ws/src/mr2_public/tug_turtlebot4/src/SimpleTurtleNode.cpp:188:19:[m[K [01;31m[Kerror: [m[Kâ€˜[01m[Ki[m[Kâ€™ does not name a type
[6.202s]   188 |   for (int i = 0; [01;31m[Ki[m[K < 500; i++) {  // 500 steps = 500 * 50 ms = 25 seconds
[6.202s]       |                   [01;31m[K^[m[K
[6.202s] [01m[K/home/bobo/ros2_ws/src/mr2_public/tug_turtlebot4/src/SimpleTurtleNode.cpp:188:28:[m[K [01;31m[Kerror: [m[Kâ€˜[01m[Ki[m[Kâ€™ does not name a type
[6.202s]   188 |   for (int i = 0; i < 500; [01;31m[Ki[m[K++) {  // 500 steps = 500 * 50 ms = 25 seconds
[6.202s]       |                            [01;31m[K^[m[K
[6.202s] [01m[K/home/bobo/ros2_ws/src/mr2_public/tug_turtlebot4/src/SimpleTurtleNode.cpp:200:1:[m[K [01;31m[Kerror: [m[Kexpected declaration before â€˜[01m[K}[m[Kâ€™ token
[6.202s]   200 | [01;31m[K}[m[K /* namespace tug_turtlebot4 */
[6.202s]       | [01;31m[K^[m[K
[14.581s] gmake[2]: *** [CMakeFiles/simple_turtle.dir/build.make:90: CMakeFiles/simple_turtle.dir/src/SimpleTurtleNode.cpp.o] Error 1
[14.582s] gmake[1]: *** [CMakeFiles/Makefile2:167: CMakeFiles/simple_turtle.dir/all] Error 2
[14.583s] gmake: *** [Makefile:146: all] Error 2
[14.587s] Invoked command in '/home/bobo/ros2_ws/build/tug_turtlebot4' returned '2': CMAKE_PREFIX_PATH=/home/bobo/ros2_ws/install/tug_msgs:/home/bobo/ros2_ws/install/tug_turtlebot4:/home/bobo/ros2_ws/install/tug_stage_ros2:/home/bobo/ros2_ws/install/tug_mr2:/home/bobo/ros2_ws/install/ros2cpp_tutorials_service:/home/bobo/ros2_ws/install/ros2cpp_tutorials_publisher_subscriber:/home/bobo/ros2_ws/install/ros2cpp_tutorials_parameter:/home/bobo/ros2_ws/install/ros2cpp_tutorials_action:/home/bobo/ros2_ws/install/Eigen3:/opt/ros/humble LD_LIBRARY_PATH=/home/bobo/ros2_ws/install/tug_msgs/lib:/home/bobo/stg/lib:/home/bobo/ros2_ws/install/ros2cpp_tutorials_service/lib:/home/bobo/ros2_ws/install/ros2cpp_tutorials_action/lib:/opt/ros/humble/opt/rviz_ogre_vendor/lib:/opt/ros/humble/lib/x86_64-linux-gnu:/opt/ros/humble/lib /usr/bin/cmake --build /home/bobo/ros2_ws/build/tug_turtlebot4 -- -j8 -l8
