[35m[1mConsolidate compiler generated dependencies of target slam[0m
[ 18%] Built target static_transform_publisher
[ 36%] Built target tug_wheel_encoder-system
[ 63%] Built target simple_turtle
[ 72%] [32mBuilding CXX object CMakeFiles/slam.dir/src/SlamNode.cpp.o[0m
[ 81%] [32mBuilding CXX object CMakeFiles/slam.dir/src/slam.cpp.o[0m
[01m[K/home/bobo/ros2_ws/src/mr2_public/tug_turtlebot4/src/SlamNode.cpp:[m[K In constructor â€˜[01m[Ktug_turtlebot4::SlamNode::SlamNode()[m[Kâ€™:
[01m[K/home/bobo/ros2_ws/src/mr2_public/tug_turtlebot4/src/SlamNode.cpp:42:5:[m[K [01;31m[Kerror: [m[Kâ€˜[01m[Ktask2[m[Kâ€™ was not declared in this scope; did you mean â€˜[01m[Ktask1[m[Kâ€™?
   42 |     [01;31m[Ktask2[m[K();
      |     [01;31m[K^~~~~[m[K
      |     [32m[Ktask1[m[K
[01m[K/home/bobo/ros2_ws/src/mr2_public/tug_turtlebot4/src/SlamNode.cpp:[m[K In member function â€˜[01m[Kvoid tug_turtlebot4::SlamNode::task1()[m[Kâ€™:
[01m[K/home/bobo/ros2_ws/src/mr2_public/tug_turtlebot4/src/SlamNode.cpp:81:28:[m[K [01;31m[Kerror: [m[Kâ€˜[01m[KhandleSaveSensorData[m[Kâ€™ is not a member of â€˜[01m[Ktug_turtlebot4::SlamNode[m[Kâ€™
   81 |       std::bind(&SlamNode::[01;31m[KhandleSaveSensorData[m[K, this, std::placeholders::_1, std::placeholders::_2));
      |                            [01;31m[K^~~~~~~~~~~~~~~~~~~~[m[K
[01m[K/home/bobo/ros2_ws/src/mr2_public/tug_turtlebot4/src/SlamNode.cpp:[m[K At global scope:
[01m[K/home/bobo/ros2_ws/src/mr2_public/tug_turtlebot4/src/SlamNode.cpp:87:6:[m[K [01;31m[Kerror: [m[Kno declaration matches â€˜[01m[Kvoid tug_turtlebot4::SlamNode::task2()[m[Kâ€™
   87 | void [01;31m[KSlamNode[m[K::task2() {
      |      [01;31m[K^~~~~~~~[m[K
[01m[K/home/bobo/ros2_ws/src/mr2_public/tug_turtlebot4/src/SlamNode.cpp:87:6:[m[K [01;36m[Knote: [m[Kno functions named â€˜[01m[Kvoid tug_turtlebot4::SlamNode::task2()[m[Kâ€™
In file included from [01m[K/home/bobo/ros2_ws/src/mr2_public/tug_turtlebot4/src/SlamNode.cpp:1[m[K:
[01m[K/home/bobo/ros2_ws/src/mr2_public/tug_turtlebot4/include/tug_turtlebot4/SlamNode.hpp:35:7:[m[K [01;36m[Knote: [m[Kâ€˜[01m[Kclass tug_turtlebot4::SlamNode[m[Kâ€™ defined here
   35 | class [01;36m[KSlamNode[m[K : public rclcpp::Node
      |       [01;36m[K^~~~~~~~[m[K
[01m[K/home/bobo/ros2_ws/src/mr2_public/tug_turtlebot4/src/SlamNode.cpp:104:6:[m[K [01;31m[Kerror: [m[Kno declaration matches â€˜[01m[Kvoid tug_turtlebot4::SlamNode::handleSaveSensorData(std_srvs::srv::Trigger_Request_<std::allocator<void> >::SharedPtr, std_srvs::srv::Trigger_Response_<std::allocator<void> >::SharedPtr)[m[Kâ€™
  104 | void [01;31m[KSlamNode[m[K::handleSaveSensorData(
      |      [01;31m[K^~~~~~~~[m[K
[01m[K/home/bobo/ros2_ws/src/mr2_public/tug_turtlebot4/src/SlamNode.cpp:104:6:[m[K [01;36m[Knote: [m[Kno functions named â€˜[01m[Kvoid tug_turtlebot4::SlamNode::handleSaveSensorData(std_srvs::srv::Trigger_Request_<std::allocator<void> >::SharedPtr, std_srvs::srv::Trigger_Response_<std::allocator<void> >::SharedPtr)[m[Kâ€™
In file included from [01m[K/home/bobo/ros2_ws/src/mr2_public/tug_turtlebot4/src/SlamNode.cpp:1[m[K:
[01m[K/home/bobo/ros2_ws/src/mr2_public/tug_turtlebot4/include/tug_turtlebot4/SlamNode.hpp:35:7:[m[K [01;36m[Knote: [m[Kâ€˜[01m[Kclass tug_turtlebot4::SlamNode[m[Kâ€™ defined here
   35 | class [01;36m[KSlamNode[m[K : public rclcpp::Node
      |       [01;36m[K^~~~~~~~[m[K
gmake[2]: *** [CMakeFiles/slam.dir/build.make:90: CMakeFiles/slam.dir/src/SlamNode.cpp.o] Error 1
gmake[1]: *** [CMakeFiles/Makefile2:195: CMakeFiles/slam.dir/all] Error 2
gmake: *** [Makefile:146: all] Error 2
