[0.029s] Invoking command in '/home/bobo/ros2_ws/build/tug_turtlebot4': CMAKE_PREFIX_PATH=/home/bobo/ros2_ws/install/tug_msgs:/home/bobo/ros2_ws/install/tug_turtlebot4:/home/bobo/ros2_ws/install/tug_stage_ros2:/home/bobo/ros2_ws/install/tug_mr2:/home/bobo/ros2_ws/install/ros2cpp_tutorials_service:/home/bobo/ros2_ws/install/ros2cpp_tutorials_publisher_subscriber:/home/bobo/ros2_ws/install/ros2cpp_tutorials_parameter:/home/bobo/ros2_ws/install/ros2cpp_tutorials_action:/home/bobo/ros2_ws/install/Eigen3:/opt/ros/humble LD_LIBRARY_PATH=/home/bobo/ros2_ws/install/tug_msgs/lib:/home/bobo/stg/lib:/home/bobo/ros2_ws/install/ros2cpp_tutorials_service/lib:/home/bobo/ros2_ws/install/ros2cpp_tutorials_action/lib:/opt/ros/humble/opt/rviz_ogre_vendor/lib:/opt/ros/humble/lib/x86_64-linux-gnu:/opt/ros/humble/lib /usr/bin/cmake --build /home/bobo/ros2_ws/build/tug_turtlebot4 -- -j8 -l8
[0.144s] [35m[1mConsolidate compiler generated dependencies of target slam[0m
[0.171s] [ 18%] Built target static_transform_publisher
[0.177s] [ 36%] Built target tug_wheel_encoder-system
[0.178s] [ 63%] Built target simple_turtle
[0.205s] [ 72%] [32mBuilding CXX object CMakeFiles/slam.dir/src/SlamNode.cpp.o[0m
[0.208s] [ 81%] [32mBuilding CXX object CMakeFiles/slam.dir/src/slam.cpp.o[0m
[6.127s] [01m[K/home/bobo/ros2_ws/src/mr2_public/tug_turtlebot4/src/SlamNode.cpp:[m[K In constructor â€˜[01m[Ktug_turtlebot4::SlamNode::SlamNode()[m[Kâ€™:
[6.127s] [01m[K/home/bobo/ros2_ws/src/mr2_public/tug_turtlebot4/src/SlamNode.cpp:42:5:[m[K [01;31m[Kerror: [m[Kâ€˜[01m[Ktask2[m[Kâ€™ was not declared in this scope; did you mean â€˜[01m[Ktask1[m[Kâ€™?
[6.128s]    42 |     [01;31m[Ktask2[m[K();
[6.128s]       |     [01;31m[K^~~~~[m[K
[6.128s]       |     [32m[Ktask1[m[K
[6.144s] [01m[K/home/bobo/ros2_ws/src/mr2_public/tug_turtlebot4/src/SlamNode.cpp:[m[K In member function â€˜[01m[Kvoid tug_turtlebot4::SlamNode::task1()[m[Kâ€™:
[6.145s] [01m[K/home/bobo/ros2_ws/src/mr2_public/tug_turtlebot4/src/SlamNode.cpp:81:28:[m[K [01;31m[Kerror: [m[Kâ€˜[01m[KhandleSaveSensorData[m[Kâ€™ is not a member of â€˜[01m[Ktug_turtlebot4::SlamNode[m[Kâ€™
[6.145s]    81 |       std::bind(&SlamNode::[01;31m[KhandleSaveSensorData[m[K, this, std::placeholders::_1, std::placeholders::_2));
[6.145s]       |                            [01;31m[K^~~~~~~~~~~~~~~~~~~~[m[K
[6.146s] [01m[K/home/bobo/ros2_ws/src/mr2_public/tug_turtlebot4/src/SlamNode.cpp:[m[K At global scope:
[6.146s] [01m[K/home/bobo/ros2_ws/src/mr2_public/tug_turtlebot4/src/SlamNode.cpp:87:6:[m[K [01;31m[Kerror: [m[Kno declaration matches â€˜[01m[Kvoid tug_turtlebot4::SlamNode::task2()[m[Kâ€™
[6.146s]    87 | void [01;31m[KSlamNode[m[K::task2() {
[6.146s]       |      [01;31m[K^~~~~~~~[m[K
[6.147s] [01m[K/home/bobo/ros2_ws/src/mr2_public/tug_turtlebot4/src/SlamNode.cpp:87:6:[m[K [01;36m[Knote: [m[Kno functions named â€˜[01m[Kvoid tug_turtlebot4::SlamNode::task2()[m[Kâ€™
[6.147s] In file included from [01m[K/home/bobo/ros2_ws/src/mr2_public/tug_turtlebot4/src/SlamNode.cpp:1[m[K:
[6.147s] [01m[K/home/bobo/ros2_ws/src/mr2_public/tug_turtlebot4/include/tug_turtlebot4/SlamNode.hpp:35:7:[m[K [01;36m[Knote: [m[Kâ€˜[01m[Kclass tug_turtlebot4::SlamNode[m[Kâ€™ defined here
[6.148s]    35 | class [01;36m[KSlamNode[m[K : public rclcpp::Node
[6.148s]       |       [01;36m[K^~~~~~~~[m[K
[6.148s] [01m[K/home/bobo/ros2_ws/src/mr2_public/tug_turtlebot4/src/SlamNode.cpp:104:6:[m[K [01;31m[Kerror: [m[Kno declaration matches â€˜[01m[Kvoid tug_turtlebot4::SlamNode::handleSaveSensorData(std_srvs::srv::Trigger_Request_<std::allocator<void> >::SharedPtr, std_srvs::srv::Trigger_Response_<std::allocator<void> >::SharedPtr)[m[Kâ€™
[6.149s]   104 | void [01;31m[KSlamNode[m[K::handleSaveSensorData(
[6.150s]       |      [01;31m[K^~~~~~~~[m[K
[6.150s] [01m[K/home/bobo/ros2_ws/src/mr2_public/tug_turtlebot4/src/SlamNode.cpp:104:6:[m[K [01;36m[Knote: [m[Kno functions named â€˜[01m[Kvoid tug_turtlebot4::SlamNode::handleSaveSensorData(std_srvs::srv::Trigger_Request_<std::allocator<void> >::SharedPtr, std_srvs::srv::Trigger_Response_<std::allocator<void> >::SharedPtr)[m[Kâ€™
[6.151s] In file included from [01m[K/home/bobo/ros2_ws/src/mr2_public/tug_turtlebot4/src/SlamNode.cpp:1[m[K:
[6.151s] [01m[K/home/bobo/ros2_ws/src/mr2_public/tug_turtlebot4/include/tug_turtlebot4/SlamNode.hpp:35:7:[m[K [01;36m[Knote: [m[Kâ€˜[01m[Kclass tug_turtlebot4::SlamNode[m[Kâ€™ defined here
[6.151s]    35 | class [01;36m[KSlamNode[m[K : public rclcpp::Node
[6.153s]       |       [01;36m[K^~~~~~~~[m[K
[13.170s] gmake[2]: *** [CMakeFiles/slam.dir/build.make:90: CMakeFiles/slam.dir/src/SlamNode.cpp.o] Error 1
[13.171s] gmake[1]: *** [CMakeFiles/Makefile2:195: CMakeFiles/slam.dir/all] Error 2
[13.171s] gmake: *** [Makefile:146: all] Error 2
[13.176s] Invoked command in '/home/bobo/ros2_ws/build/tug_turtlebot4' returned '2': CMAKE_PREFIX_PATH=/home/bobo/ros2_ws/install/tug_msgs:/home/bobo/ros2_ws/install/tug_turtlebot4:/home/bobo/ros2_ws/install/tug_stage_ros2:/home/bobo/ros2_ws/install/tug_mr2:/home/bobo/ros2_ws/install/ros2cpp_tutorials_service:/home/bobo/ros2_ws/install/ros2cpp_tutorials_publisher_subscriber:/home/bobo/ros2_ws/install/ros2cpp_tutorials_parameter:/home/bobo/ros2_ws/install/ros2cpp_tutorials_action:/home/bobo/ros2_ws/install/Eigen3:/opt/ros/humble LD_LIBRARY_PATH=/home/bobo/ros2_ws/install/tug_msgs/lib:/home/bobo/stg/lib:/home/bobo/ros2_ws/install/ros2cpp_tutorials_service/lib:/home/bobo/ros2_ws/install/ros2cpp_tutorials_action/lib:/opt/ros/humble/opt/rviz_ogre_vendor/lib:/opt/ros/humble/lib/x86_64-linux-gnu:/opt/ros/humble/lib /usr/bin/cmake --build /home/bobo/ros2_ws/build/tug_turtlebot4 -- -j8 -l8
