[ 33%] [32mBuilding CXX object CMakeFiles/tug_stage_ros2.dir/src/tug_stage_ros2.cpp.o[0m
[ 66%] [32mBuilding CXX object CMakeFiles/tug_stage_ros2.dir/src/StageNode.cpp.o[0m
In file included from [01m[K/home/bobo/ros2_ws/src/mr2_public/tug_stage_ros2/src/StageNode.cpp:1[m[K:
[01m[K/home/bobo/ros2_ws/src/mr2_public/tug_stage_ros2/include/tug_stage_ros2/StageNode.hpp:16:10:[m[K [01;31m[Kfatal error: [m[Ksensor_msgs/msg/laser_scan.hpp: No such file or directory
   16 | #include [01;31m[K"sensor_msgs/msg/laser_scan.hpp"[m[K
      |          [01;31m[K^~~~~~~~~~~~~~~~~~~~~~~~~~~~~~~~[m[K
compilation terminated.
gmake[2]: *** [CMakeFiles/tug_stage_ros2.dir/build.make:90: CMakeFiles/tug_stage_ros2.dir/src/StageNode.cpp.o] Error 1
gmake[2]: *** Waiting for unfinished jobs....
In file included from [01m[K/home/bobo/ros2_ws/src/mr2_public/tug_stage_ros2/src/tug_stage_ros2.cpp:6[m[K:
[01m[K/home/bobo/ros2_ws/src/mr2_public/tug_stage_ros2/include/tug_stage_ros2/StageNode.hpp:16:10:[m[K [01;31m[Kfatal error: [m[Ksensor_msgs/msg/laser_scan.hpp: No such file or directory
   16 | #include [01;31m[K"sensor_msgs/msg/laser_scan.hpp"[m[K
      |          [01;31m[K^~~~~~~~~~~~~~~~~~~~~~~~~~~~~~~~[m[K
compilation terminated.
gmake[2]: *** [CMakeFiles/tug_stage_ros2.dir/build.make:76: CMakeFiles/tug_stage_ros2.dir/src/tug_stage_ros2.cpp.o] Error 1
gmake[1]: *** [CMakeFiles/Makefile2:137: CMakeFiles/tug_stage_ros2.dir/all] Error 2
gmake: *** [Makefile:146: all] Error 2
