[35m[1mConsolidate compiler generated dependencies of target slam[0m
[ 18%] Built target static_transform_publisher
[ 36%] Built target tug_wheel_encoder-system
[ 63%] Built target simple_turtle
[ 72%] [32mBuilding CXX object CMakeFiles/slam.dir/src/SlamNode.cpp.o[0m
[01m[K/home/bobo/ros2_ws/src/mr2_public/tug_turtlebot4/src/SlamNode.cpp:[m[K In member function â€˜[01m[Kvoid tug_turtlebot4::SlamNode::laserScanCallback(const ConstSharedPtr&)[m[Kâ€™:
[01m[K/home/bobo/ros2_ws/src/mr2_public/tug_turtlebot4/src/SlamNode.cpp:186:14:[m[K [01;31m[Kerror: [m[Kredeclaration of â€˜[01m[Kuint32_t cell_x[m[Kâ€™
  186 |     uint32_t [01;31m[Kcell_x[m[K, cell_y;
      |              [01;31m[K^~~~~~[m[K
[01m[K/home/bobo/ros2_ws/src/mr2_public/tug_turtlebot4/src/SlamNode.cpp:176:14:[m[K [01;36m[Knote: [m[Kâ€˜[01m[Kuint32_t cell_x[m[Kâ€™ previously declared here
  176 |     uint32_t [01;36m[Kcell_x[m[K, cell_y;
      |              [01;36m[K^~~~~~[m[K
[01m[K/home/bobo/ros2_ws/src/mr2_public/tug_turtlebot4/src/SlamNode.cpp:186:22:[m[K [01;31m[Kerror: [m[Kredeclaration of â€˜[01m[Kuint32_t cell_y[m[Kâ€™
  186 |     uint32_t cell_x, [01;31m[Kcell_y[m[K;
      |                      [01;31m[K^~~~~~[m[K
[01m[K/home/bobo/ros2_ws/src/mr2_public/tug_turtlebot4/src/SlamNode.cpp:176:22:[m[K [01;36m[Knote: [m[Kâ€˜[01m[Kuint32_t cell_y[m[Kâ€™ previously declared here
  176 |     uint32_t cell_x, [01;36m[Kcell_y[m[K;
      |                      [01;36m[K^~~~~~[m[K
gmake[2]: *** [CMakeFiles/slam.dir/build.make:90: CMakeFiles/slam.dir/src/SlamNode.cpp.o] Error 1
gmake[1]: *** [CMakeFiles/Makefile2:195: CMakeFiles/slam.dir/all] Error 2
gmake: *** [Makefile:146: all] Error 2
