[35m[1mConsolidate compiler generated dependencies of target slam[0m
[ 18%] Built target tug_wheel_encoder-system
[ 36%] Built target static_transform_publisher
[ 63%] Built target simple_turtle
[ 72%] [32mBuilding CXX object CMakeFiles/slam.dir/src/SlamNode.cpp.o[0m
[01m[K/home/bobo/ros2_ws/src/mr2_public/tug_turtlebot4/src/SlamNode.cpp:[m[K In member function â€˜[01m[Kvoid tug_turtlebot4::SlamNode::laserScanCallback(const ConstSharedPtr&)[m[Kâ€™:
[01m[K/home/bobo/ros2_ws/src/mr2_public/tug_turtlebot4/src/SlamNode.cpp:118:14:[m[K [01;35m[Kwarning: [m[Kunused variable â€˜[01m[KlogOddsUpdate[m[Kâ€™ [[01;35m[K]8;;https://gcc.gnu.org/onlinedocs/gcc/Warning-Options.html#index-Wunused-variable-Wunused-variable]8;;[m[K]
  118 |       double [01;35m[KlogOddsUpdate[m[K = 0.5;
      |              [01;35m[K^~~~~~~~~~~~~[m[K
[01m[K/home/bobo/ros2_ws/src/mr2_public/tug_turtlebot4/src/SlamNode.cpp:120:14:[m[K [01;35m[Kwarning: [m[Kunused variable â€˜[01m[KlogOddsUpdate[m[Kâ€™ [[01;35m[K]8;;https://gcc.gnu.org/onlinedocs/gcc/Warning-Options.html#index-Wunused-variable-Wunused-variable]8;;[m[K]
  120 |       double [01;35m[KlogOddsUpdate[m[K = probToLog((P_OCCUPIED) + prevLog);
      |              [01;35m[K^~~~~~~~~~~~~[m[K
In file included from [01m[K/opt/ros/humble/include/rclcpp/rclcpp/logging.hpp:24[m[K,
                 from [01m[K/opt/ros/humble/include/rclcpp/rclcpp/client.hpp:40[m[K,
                 from [01m[K/opt/ros/humble/include/rclcpp/rclcpp/callback_group.hpp:24[m[K,
                 from [01m[K/opt/ros/humble/include/rclcpp/rclcpp/node.hpp:40[m[K,
                 from [01m[K/home/bobo/ros2_ws/src/mr2_public/tug_turtlebot4/include/tug_turtlebot4/SlamNode.hpp:6[m[K,
                 from [01m[K/home/bobo/ros2_ws/src/mr2_public/tug_turtlebot4/src/SlamNode.cpp:1[m[K:
[01m[K/home/bobo/ros2_ws/src/mr2_public/tug_turtlebot4/src/SlamNode.cpp:124:56:[m[K [01;31m[Kerror: [m[Kâ€˜[01m[KlogOddsUpdate[m[Kâ€™ was not declared in this scope
  124 |       RCLCPP_INFO(get_logger(), "log update black %f", [01;31m[KlogOddsUpdate[m[K);
      |                                                        [01;31m[K^~~~~~~~~~~~~[m[K
[01m[K/home/bobo/ros2_ws/src/mr2_public/tug_turtlebot4/src/SlamNode.cpp:127:57:[m[K [01;31m[Kerror: [m[Kâ€˜[01m[KlogOddsUpdate[m[Kâ€™ was not declared in this scope
  127 |         occupancy_grid_map_->updateCell(cell_x, cell_y, [01;31m[KlogOddsUpdate[m[K);
      |                                                         [01;31m[K^~~~~~~~~~~~~[m[K
[01m[K/home/bobo/ros2_ws/src/mr2_public/tug_turtlebot4/src/SlamNode.cpp:159:16:[m[K [01;35m[Kwarning: [m[Kunused variable â€˜[01m[KlogOddsUpdate[m[Kâ€™ [[01;35m[K]8;;https://gcc.gnu.org/onlinedocs/gcc/Warning-Options.html#index-Wunused-variable-Wunused-variable]8;;[m[K]
  159 |         double [01;35m[KlogOddsUpdate[m[K = 0.5;
      |                [01;35m[K^~~~~~~~~~~~~[m[K
[01m[K/home/bobo/ros2_ws/src/mr2_public/tug_turtlebot4/src/SlamNode.cpp:161:16:[m[K [01;35m[Kwarning: [m[Kunused variable â€˜[01m[KlogOddsUpdate[m[Kâ€™ [[01;35m[K]8;;https://gcc.gnu.org/onlinedocs/gcc/Warning-Options.html#index-Wunused-variable-Wunused-variable]8;;[m[K]
  161 |         double [01;35m[KlogOddsUpdate[m[K = probToLog((P_FREE) + prevLog);
      |                [01;35m[K^~~~~~~~~~~~~[m[K
gmake[2]: *** [CMakeFiles/slam.dir/build.make:90: CMakeFiles/slam.dir/src/SlamNode.cpp.o] Error 1
gmake[1]: *** [CMakeFiles/Makefile2:195: CMakeFiles/slam.dir/all] Error 2
gmake: *** [Makefile:146: all] Error 2
