[01m[K/home/bobo/ros2_ws/src/mr2_public/tug_turtlebot4/src/SlamNode.cpp:[m[K In member function â€˜[01m[Kvoid tug_turtlebot4::SlamNode::laserScanCallback(const ConstSharedPtr&)[m[Kâ€™:
[01m[K/home/bobo/ros2_ws/src/mr2_public/tug_turtlebot4/src/SlamNode.cpp:165:6:[m[K [01;31m[Kerror: [m[Kexpected â€˜[01m[K;[m[Kâ€™ before â€˜[01m[K:[m[Kâ€™ token
  165 |   z++[01;31m[K:[m[K
      |      [01;31m[K^[m[K
      |      [32m[K;[m[K
[01m[K/home/bobo/ros2_ws/src/mr2_public/tug_turtlebot4/src/SlamNode.cpp:173:5:[m[K [01;31m[Kerror: [m[Kâ€˜[01m[Ktransform[m[Kâ€™ was not declared in this scope; did you mean â€˜[01m[Kstd::transform[m[Kâ€™?
  173 |     [01;31m[Ktransform[m[K = tf_buffer_->lookupTransform("odom", "tug_turtlebot4", rclcpp::Time(0));
      |     [01;31m[K^~~~~~~~~[m[K
      |     [32m[Kstd::transform[m[K
In file included from [01m[K/usr/include/c++/11/algorithm:74[m[K,
                 from [01m[K/opt/ros/humble/include/rcl_interfaces/rcl_interfaces/msg/detail/list_parameters_result__struct.hpp:8[m[K,
                 from [01m[K/opt/ros/humble/include/rcl_interfaces/rcl_interfaces/msg/list_parameters_result.hpp:7[m[K,
                 from [01m[K/opt/ros/humble/include/rclcpp/rclcpp/node.hpp:35[m[K,
                 from [01m[K/home/bobo/ros2_ws/src/mr2_public/tug_turtlebot4/include/tug_turtlebot4/SlamNode.hpp:6[m[K,
                 from [01m[K/home/bobo/ros2_ws/src/mr2_public/tug_turtlebot4/src/SlamNode.cpp:1[m[K:
[01m[K/usr/include/c++/11/pstl/glue_algorithm_defs.h:162:1:[m[K [01;36m[Knote: [m[Kâ€˜[01m[Kstd::transform[m[Kâ€™ declared here
  162 | [01;36m[Ktransform[m[K(_ExecutionPolicy&& __exec, _ForwardIterator1 __first1, _ForwardIterator1 __last1, _ForwardIterator2 __first2,
      | [01;36m[K^~~~~~~~~[m[K
[01m[K/home/bobo/ros2_ws/src/mr2_public/tug_turtlebot4/src/SlamNode.cpp:178:22:[m[K [01;31m[Kerror: [m[Kâ€˜[01m[Ktransform[m[Kâ€™ was not declared in this scope; did you mean â€˜[01m[Kstd::transform[m[Kâ€™?
  178 |   auto& robot_pose = [01;31m[Ktransform[m[K.transform.translation;
      |                      [01;31m[K^~~~~~~~~[m[K
      |                      [32m[Kstd::transform[m[K
In file included from [01m[K/usr/include/c++/11/algorithm:74[m[K,
                 from [01m[K/opt/ros/humble/include/rcl_interfaces/rcl_interfaces/msg/detail/list_parameters_result__struct.hpp:8[m[K,
                 from [01m[K/opt/ros/humble/include/rcl_interfaces/rcl_interfaces/msg/list_parameters_result.hpp:7[m[K,
                 from [01m[K/opt/ros/humble/include/rclcpp/rclcpp/node.hpp:35[m[K,
                 from [01m[K/home/bobo/ros2_ws/src/mr2_public/tug_turtlebot4/include/tug_turtlebot4/SlamNode.hpp:6[m[K,
                 from [01m[K/home/bobo/ros2_ws/src/mr2_public/tug_turtlebot4/src/SlamNode.cpp:1[m[K:
[01m[K/usr/include/c++/11/pstl/glue_algorithm_defs.h:162:1:[m[K [01;36m[Knote: [m[Kâ€˜[01m[Kstd::transform[m[Kâ€™ declared here
  162 | [01;36m[Ktransform[m[K(_ExecutionPolicy&& __exec, _ForwardIterator1 __first1, _ForwardIterator1 __last1, _ForwardIterator2 __first2,
      | [01;36m[K^~~~~~~~~[m[K
[01m[K/home/bobo/ros2_ws/src/mr2_public/tug_turtlebot4/src/SlamNode.cpp:192:9:[m[K [01;35m[Kwarning: [m[Kunused variable â€˜[01m[Ktheta[m[Kâ€™ [[01;35m[K]8;;https://gcc.gnu.org/onlinedocs/gcc/Warning-Options.html#index-Wunused-variable-Wunused-variable]8;;[m[K]
  192 |   float [01;35m[Ktheta[m[K = static_cast<float>(yaw);
      |         [01;35m[K^~~~~[m[K
gmake[2]: *** [CMakeFiles/slam.dir/build.make:90: CMakeFiles/slam.dir/src/SlamNode.cpp.o] Error 1
gmake[1]: *** [CMakeFiles/Makefile2:195: CMakeFiles/slam.dir/all] Error 2
gmake: *** [Makefile:146: all] Error 2
