[0.016s] Invoking command in '/home/bobo/ros2_ws/build/tug_turtlebot4': CMAKE_PREFIX_PATH=/home/bobo/ros2_ws/install/tug_msgs:/home/bobo/ros2_ws/install/tug_turtlebot4:/home/bobo/ros2_ws/install/tug_stage_ros2:/home/bobo/ros2_ws/install/tug_mr2:/home/bobo/ros2_ws/install/ros2cpp_tutorials_service:/home/bobo/ros2_ws/install/ros2cpp_tutorials_publisher_subscriber:/home/bobo/ros2_ws/install/ros2cpp_tutorials_parameter:/home/bobo/ros2_ws/install/ros2cpp_tutorials_action:/home/bobo/ros2_ws/install/Eigen3:/opt/ros/humble LD_LIBRARY_PATH=/home/bobo/ros2_ws/install/tug_msgs/lib:/home/bobo/stg/lib:/home/bobo/ros2_ws/install/ros2cpp_tutorials_service/lib:/home/bobo/ros2_ws/install/ros2cpp_tutorials_action/lib:/opt/ros/humble/opt/rviz_ogre_vendor/lib:/opt/ros/humble/lib/x86_64-linux-gnu:/opt/ros/humble/lib /usr/bin/cmake --build /home/bobo/ros2_ws/build/tug_turtlebot4 -- -j8 -l8
[0.079s] [35m[1mConsolidate compiler generated dependencies of target slam[0m
[0.101s] [ 27%] Built target simple_turtle
[0.102s] [ 45%] Built target static_transform_publisher
[0.107s] [ 63%] Built target tug_wheel_encoder-system
[0.121s] [ 72%] [32mBuilding CXX object CMakeFiles/slam.dir/src/SlamNode.cpp.o[0m
[3.257s] [01m[K/home/bobo/ros2_ws/src/mr2_public/tug_turtlebot4/src/SlamNode.cpp:[m[K In member function â€˜[01m[Kvoid tug_turtlebot4::SlamNode::laserScanCallback(const ConstSharedPtr&)[m[Kâ€™:
[3.258s] [01m[K/home/bobo/ros2_ws/src/mr2_public/tug_turtlebot4/src/SlamNode.cpp:165:6:[m[K [01;31m[Kerror: [m[Kexpected â€˜[01m[K;[m[Kâ€™ before â€˜[01m[K:[m[Kâ€™ token
[3.258s]   165 |   z++[01;31m[K:[m[K
[3.258s]       |      [01;31m[K^[m[K
[3.258s]       |      [32m[K;[m[K
[3.258s] [01m[K/home/bobo/ros2_ws/src/mr2_public/tug_turtlebot4/src/SlamNode.cpp:173:5:[m[K [01;31m[Kerror: [m[Kâ€˜[01m[Ktransform[m[Kâ€™ was not declared in this scope; did you mean â€˜[01m[Kstd::transform[m[Kâ€™?
[3.258s]   173 |     [01;31m[Ktransform[m[K = tf_buffer_->lookupTransform("odom", "tug_turtlebot4", rclcpp::Time(0));
[3.258s]       |     [01;31m[K^~~~~~~~~[m[K
[3.259s]       |     [32m[Kstd::transform[m[K
[3.259s] In file included from [01m[K/usr/include/c++/11/algorithm:74[m[K,
[3.259s]                  from [01m[K/opt/ros/humble/include/rcl_interfaces/rcl_interfaces/msg/detail/list_parameters_result__struct.hpp:8[m[K,
[3.259s]                  from [01m[K/opt/ros/humble/include/rcl_interfaces/rcl_interfaces/msg/list_parameters_result.hpp:7[m[K,
[3.259s]                  from [01m[K/opt/ros/humble/include/rclcpp/rclcpp/node.hpp:35[m[K,
[3.259s]                  from [01m[K/home/bobo/ros2_ws/src/mr2_public/tug_turtlebot4/include/tug_turtlebot4/SlamNode.hpp:6[m[K,
[3.259s]                  from [01m[K/home/bobo/ros2_ws/src/mr2_public/tug_turtlebot4/src/SlamNode.cpp:1[m[K:
[3.259s] [01m[K/usr/include/c++/11/pstl/glue_algorithm_defs.h:162:1:[m[K [01;36m[Knote: [m[Kâ€˜[01m[Kstd::transform[m[Kâ€™ declared here
[3.259s]   162 | [01;36m[Ktransform[m[K(_ExecutionPolicy&& __exec, _ForwardIterator1 __first1, _ForwardIterator1 __last1, _ForwardIterator2 __first2,
[3.259s]       | [01;36m[K^~~~~~~~~[m[K
[3.260s] [01m[K/home/bobo/ros2_ws/src/mr2_public/tug_turtlebot4/src/SlamNode.cpp:178:22:[m[K [01;31m[Kerror: [m[Kâ€˜[01m[Ktransform[m[Kâ€™ was not declared in this scope; did you mean â€˜[01m[Kstd::transform[m[Kâ€™?
[3.260s]   178 |   auto& robot_pose = [01;31m[Ktransform[m[K.transform.translation;
[3.260s]       |                      [01;31m[K^~~~~~~~~[m[K
[3.260s]       |                      [32m[Kstd::transform[m[K
[3.260s] In file included from [01m[K/usr/include/c++/11/algorithm:74[m[K,
[3.260s]                  from [01m[K/opt/ros/humble/include/rcl_interfaces/rcl_interfaces/msg/detail/list_parameters_result__struct.hpp:8[m[K,
[3.260s]                  from [01m[K/opt/ros/humble/include/rcl_interfaces/rcl_interfaces/msg/list_parameters_result.hpp:7[m[K,
[3.260s]                  from [01m[K/opt/ros/humble/include/rclcpp/rclcpp/node.hpp:35[m[K,
[3.260s]                  from [01m[K/home/bobo/ros2_ws/src/mr2_public/tug_turtlebot4/include/tug_turtlebot4/SlamNode.hpp:6[m[K,
[3.260s]                  from [01m[K/home/bobo/ros2_ws/src/mr2_public/tug_turtlebot4/src/SlamNode.cpp:1[m[K:
[3.260s] [01m[K/usr/include/c++/11/pstl/glue_algorithm_defs.h:162:1:[m[K [01;36m[Knote: [m[Kâ€˜[01m[Kstd::transform[m[Kâ€™ declared here
[3.260s]   162 | [01;36m[Ktransform[m[K(_ExecutionPolicy&& __exec, _ForwardIterator1 __first1, _ForwardIterator1 __last1, _ForwardIterator2 __first2,
[3.260s]       | [01;36m[K^~~~~~~~~[m[K
[3.261s] [01m[K/home/bobo/ros2_ws/src/mr2_public/tug_turtlebot4/src/SlamNode.cpp:192:9:[m[K [01;35m[Kwarning: [m[Kunused variable â€˜[01m[Ktheta[m[Kâ€™ [[01;35m[K]8;;https://gcc.gnu.org/onlinedocs/gcc/Warning-Options.html#index-Wunused-variable-Wunused-variable]8;;[m[K]
[3.261s]   192 |   float [01;35m[Ktheta[m[K = static_cast<float>(yaw);
[3.261s]       |         [01;35m[K^~~~~[m[K
[7.537s] gmake[2]: *** [CMakeFiles/slam.dir/build.make:90: CMakeFiles/slam.dir/src/SlamNode.cpp.o] Error 1
[7.537s] gmake[1]: *** [CMakeFiles/Makefile2:195: CMakeFiles/slam.dir/all] Error 2
[7.538s] gmake: *** [Makefile:146: all] Error 2
[7.540s] Invoked command in '/home/bobo/ros2_ws/build/tug_turtlebot4' returned '2': CMAKE_PREFIX_PATH=/home/bobo/ros2_ws/install/tug_msgs:/home/bobo/ros2_ws/install/tug_turtlebot4:/home/bobo/ros2_ws/install/tug_stage_ros2:/home/bobo/ros2_ws/install/tug_mr2:/home/bobo/ros2_ws/install/ros2cpp_tutorials_service:/home/bobo/ros2_ws/install/ros2cpp_tutorials_publisher_subscriber:/home/bobo/ros2_ws/install/ros2cpp_tutorials_parameter:/home/bobo/ros2_ws/install/ros2cpp_tutorials_action:/home/bobo/ros2_ws/install/Eigen3:/opt/ros/humble LD_LIBRARY_PATH=/home/bobo/ros2_ws/install/tug_msgs/lib:/home/bobo/stg/lib:/home/bobo/ros2_ws/install/ros2cpp_tutorials_service/lib:/home/bobo/ros2_ws/install/ros2cpp_tutorials_action/lib:/opt/ros/humble/opt/rviz_ogre_vendor/lib:/opt/ros/humble/lib/x86_64-linux-gnu:/opt/ros/humble/lib /usr/bin/cmake --build /home/bobo/ros2_ws/build/tug_turtlebot4 -- -j8 -l8
