[ 18%] Built target tug_wheel_encoder-system
[ 36%] Built target static_transform_publisher
[35m[1mConsolidate compiler generated dependencies of target slam[0m
[ 45%] [32mBuilding CXX object CMakeFiles/slam.dir/src/SlamNode.cpp.o[0m
[01m[K/home/bobo/ros2_ws/src/mr2_public/tug_turtlebot4/src/SlamNode.cpp:156:32:[m[K [01;31m[Kerror: [m[Kunterminated argument list invoking macro "RCLCPP_INFO"
  156 | } /* namespace tug_turtlebot */
      |                                [01;31m[K^[m[K
[01m[K/home/bobo/ros2_ws/src/mr2_public/tug_turtlebot4/src/SlamNode.cpp:[m[K In member function â€˜[01m[Kvoid tug_turtlebot4::SlamNode::laserScanCallback(const ConstSharedPtr&)[m[Kâ€™:
[01m[K/home/bobo/ros2_ws/src/mr2_public/tug_turtlebot4/src/SlamNode.cpp:113:7:[m[K [01;31m[Kerror: [m[Kâ€˜[01m[KRCLCPP_INFO[m[Kâ€™ was not declared in this scope
  113 |       [01;31m[KRCLCPP_INFO[m[K(get_logger(), "log update %f = %f + %f", logOddsUpdate,probToLog(P_OCCUPIED), probToLog(occupancy_grid_map_->getCell(cell_x, cell_y));
      |       [01;31m[K^~~~~~~~~~~[m[K
[01m[K/home/bobo/ros2_ws/src/mr2_public/tug_turtlebot4/src/SlamNode.cpp:113:18:[m[K [01;31m[Kerror: [m[Kexpected â€˜[01m[K}[m[Kâ€™ at end of input
  113 |       RCLCPP_INFO[01;31m[K([m[Kget_logger(), "log update %f = %f + %f", logOddsUpdate,probToLog(P_OCCUPIED), probToLog(occupancy_grid_map_->getCell(cell_x, cell_y));
      |                  [01;31m[K^[m[K
[01m[K/home/bobo/ros2_ws/src/mr2_public/tug_turtlebot4/src/SlamNode.cpp:112:18:[m[K [01;36m[Knote: [m[Kto match this â€˜[01m[K{[m[Kâ€™
  112 |     if (j < 100) [01;36m[K{[m[K
      |                  [01;36m[K^[m[K
[01m[K/home/bobo/ros2_ws/src/mr2_public/tug_turtlebot4/src/SlamNode.cpp:113:18:[m[K [01;31m[Kerror: [m[Kexpected â€˜[01m[K}[m[Kâ€™ at end of input
  113 |       RCLCPP_INFO[01;31m[K([m[Kget_logger(), "log update %f = %f + %f", logOddsUpdate,probToLog(P_OCCUPIED), probToLog(occupancy_grid_map_->getCell(cell_x, cell_y));
      |                  [01;31m[K^[m[K
[01m[K/home/bobo/ros2_ws/src/mr2_public/tug_turtlebot4/src/SlamNode.cpp:77:51:[m[K [01;36m[Knote: [m[Kto match this â€˜[01m[K{[m[Kâ€™
   77 |   for (size_t i = 0; i < msg->ranges.size(); i++) [01;36m[K{[m[K
      |                                                   [01;36m[K^[m[K
[01m[K/home/bobo/ros2_ws/src/mr2_public/tug_turtlebot4/src/SlamNode.cpp:113:18:[m[K [01;31m[Kerror: [m[Kexpected â€˜[01m[K}[m[Kâ€™ at end of input
  113 |       RCLCPP_INFO[01;31m[K([m[Kget_logger(), "log update %f = %f + %f", logOddsUpdate,probToLog(P_OCCUPIED), probToLog(occupancy_grid_map_->getCell(cell_x, cell_y));
      |                  [01;31m[K^[m[K
[01m[K/home/bobo/ros2_ws/src/mr2_public/tug_turtlebot4/src/SlamNode.cpp:58:1:[m[K [01;36m[Knote: [m[Kto match this â€˜[01m[K{[m[Kâ€™
   58 | [01;36m[K{[m[K
      | [01;36m[K^[m[K
[01m[K/home/bobo/ros2_ws/src/mr2_public/tug_turtlebot4/src/SlamNode.cpp:74:9:[m[K [01;35m[Kwarning: [m[Kunused variable â€˜[01m[Krobot_pose[m[Kâ€™ [[01;35m[K]8;;https://gcc.gnu.org/onlinedocs/gcc/Warning-Options.html#index-Wunused-variable-Wunused-variable]8;;[m[K]
   74 |   auto& [01;35m[Krobot_pose[m[K = bot_to_odom.transform.translation;
      |         [01;35m[K^~~~~~~~~~[m[K
[01m[K/home/bobo/ros2_ws/src/mr2_public/tug_turtlebot4/src/SlamNode.cpp:[m[K At global scope:
[01m[K/home/bobo/ros2_ws/src/mr2_public/tug_turtlebot4/src/SlamNode.cpp:113:18:[m[K [01;31m[Kerror: [m[Kexpected â€˜[01m[K}[m[Kâ€™ at end of input
  113 |       RCLCPP_INFO[01;31m[K([m[Kget_logger(), "log update %f = %f + %f", logOddsUpdate,probToLog(P_OCCUPIED), probToLog(occupancy_grid_map_->getCell(cell_x, cell_y));
      |                  [01;31m[K^[m[K
[01m[K/home/bobo/ros2_ws/src/mr2_public/tug_turtlebot4/src/SlamNode.cpp:7:1:[m[K [01;36m[Knote: [m[Kto match this â€˜[01m[K{[m[Kâ€™
    7 | [01;36m[K{[m[K
      | [01;36m[K^[m[K
gmake[2]: *** [CMakeFiles/slam.dir/build.make:90: CMakeFiles/slam.dir/src/SlamNode.cpp.o] Error 1
gmake[1]: *** [CMakeFiles/Makefile2:195: CMakeFiles/slam.dir/all] Error 2
gmake: *** [Makefile:146: all] Error 2
