[0.032s] Invoking command in '/home/bobo/ros2_ws/build/tug_turtlebot4': CMAKE_PREFIX_PATH=/home/bobo/ros2_ws/install/tug_msgs:/home/bobo/ros2_ws/install/tug_turtlebot4:/home/bobo/ros2_ws/install/tug_stage_ros2:/home/bobo/ros2_ws/install/tug_mr2:/home/bobo/ros2_ws/install/ros2cpp_tutorials_service:/home/bobo/ros2_ws/install/ros2cpp_tutorials_publisher_subscriber:/home/bobo/ros2_ws/install/ros2cpp_tutorials_parameter:/home/bobo/ros2_ws/install/ros2cpp_tutorials_action:/home/bobo/ros2_ws/install/Eigen3:/opt/ros/humble LD_LIBRARY_PATH=/home/bobo/ros2_ws/install/tug_msgs/lib:/home/bobo/stg/lib:/home/bobo/ros2_ws/install/ros2cpp_tutorials_service/lib:/home/bobo/ros2_ws/install/ros2cpp_tutorials_action/lib:/opt/ros/humble/opt/rviz_ogre_vendor/lib:/opt/ros/humble/lib/x86_64-linux-gnu:/opt/ros/humble/lib /usr/bin/cmake --build /home/bobo/ros2_ws/build/tug_turtlebot4 -- -j8 -l8
[0.154s] [35m[1mConsolidate compiler generated dependencies of target slam[0m
[0.211s] [ 18%] Built target static_transform_publisher
[0.225s] [ 45%] Built target simple_turtle
[0.246s] [ 63%] Built target tug_wheel_encoder-system
[0.251s] [ 72%] [32mBuilding CXX object CMakeFiles/slam.dir/src/SlamNode.cpp.o[0m
[6.574s] [01m[K/home/bobo/ros2_ws/src/mr2_public/tug_turtlebot4/src/SlamNode.cpp:[m[K In member function â€˜[01m[Kvoid tug_turtlebot4::SlamNode::laserScanCallback(const ConstSharedPtr&)[m[Kâ€™:
[6.575s] [01m[K/home/bobo/ros2_ws/src/mr2_public/tug_turtlebot4/src/SlamNode.cpp:151:114:[m[K [01;31m[Kerror: [m[Kno matching function for call to â€˜[01m[Krclcpp::Duration::Duration(double)[m[Kâ€™
[6.575s]   151 |     transform = tf_buffer_->lookupTransform("odom", msg->header.frame_id, msg->header.stamp, rclcpp::Duration(0.1[01;31m[K)[m[K);
[6.575s]       |                                                                                                                  [01;31m[K^[m[K
[6.576s] In file included from [01m[K/opt/ros/humble/include/rclcpp/rclcpp/qos.hpp:20[m[K,
[6.576s]                  from [01m[K/opt/ros/humble/include/rclcpp/rclcpp/node_interfaces/node_graph_interface.hpp:32[m[K,
[6.576s]                  from [01m[K/opt/ros/humble/include/rclcpp/rclcpp/client.hpp:42[m[K,
[6.576s]                  from [01m[K/opt/ros/humble/include/rclcpp/rclcpp/callback_group.hpp:24[m[K,
[6.576s]                  from [01m[K/opt/ros/humble/include/rclcpp/rclcpp/node.hpp:40[m[K,
[6.576s]                  from [01m[K/home/bobo/ros2_ws/src/mr2_public/tug_turtlebot4/include/tug_turtlebot4/SlamNode.hpp:6[m[K,
[6.576s]                  from [01m[K/home/bobo/ros2_ws/src/mr2_public/tug_turtlebot4/src/SlamNode.cpp:1[m[K:
[6.576s] [01m[K/opt/ros/humble/include/rclcpp/rclcpp/duration.hpp:48:3:[m[K [01;36m[Knote: [m[Kcandidate: â€˜[01m[Ktemplate<class Rep, class Period> rclcpp::Duration::Duration(const std::chrono::duration<_Rep1, _Period1>&)[m[Kâ€™
[6.576s]    48 |   [01;36m[KDuration[m[K(const std::chrono::duration<Rep, Period> & duration)  // NOLINT(runtime/explicit)
[6.577s]       |   [01;36m[K^~~~~~~~[m[K
[6.577s] [01m[K/opt/ros/humble/include/rclcpp/rclcpp/duration.hpp:48:3:[m[K [01;36m[Knote: [m[K  template argument deduction/substitution failed:
[6.577s] [01m[K/home/bobo/ros2_ws/src/mr2_public/tug_turtlebot4/src/SlamNode.cpp:151:114:[m[K [01;36m[Knote: [m[K  mismatched types â€˜[01m[Kconst std::chrono::duration<_Rep1, _Period1>[m[Kâ€™ and â€˜[01m[Kdouble[m[Kâ€™
[6.577s]   151 |     transform = tf_buffer_->lookupTransform("odom", msg->header.frame_id, msg->header.stamp, rclcpp::Duration(0.1[01;36m[K)[m[K);
[6.577s]       |                                                                                                                  [01;36m[K^[m[K
[6.577s] In file included from [01m[K/opt/ros/humble/include/rclcpp/rclcpp/qos.hpp:20[m[K,
[6.577s]                  from [01m[K/opt/ros/humble/include/rclcpp/rclcpp/node_interfaces/node_graph_interface.hpp:32[m[K,
[6.577s]                  from [01m[K/opt/ros/humble/include/rclcpp/rclcpp/client.hpp:42[m[K,
[6.578s]                  from [01m[K/opt/ros/humble/include/rclcpp/rclcpp/callback_group.hpp:24[m[K,
[6.578s]                  from [01m[K/opt/ros/humble/include/rclcpp/rclcpp/node.hpp:40[m[K,
[6.579s]                  from [01m[K/home/bobo/ros2_ws/src/mr2_public/tug_turtlebot4/include/tug_turtlebot4/SlamNode.hpp:6[m[K,
[6.579s]                  from [01m[K/home/bobo/ros2_ws/src/mr2_public/tug_turtlebot4/src/SlamNode.cpp:1[m[K:
[6.579s] [01m[K/opt/ros/humble/include/rclcpp/rclcpp/duration.hpp:151:3:[m[K [01;36m[Knote: [m[Kcandidate: â€˜[01m[Krclcpp::Duration::Duration()[m[Kâ€™
[6.579s]   151 |   [01;36m[KDuration[m[K() = default;
[6.579s]       |   [01;36m[K^~~~~~~~[m[K
[6.579s] [01m[K/opt/ros/humble/include/rclcpp/rclcpp/duration.hpp:151:3:[m[K [01;36m[Knote: [m[K  candidate expects 0 arguments, 1 provided
[6.579s] [01m[K/opt/ros/humble/include/rclcpp/rclcpp/duration.hpp:61:3:[m[K [01;36m[Knote: [m[Kcandidate: â€˜[01m[Krclcpp::Duration::Duration(const rclcpp::Duration&)[m[Kâ€™
[6.579s]    61 |   [01;36m[KDuration[m[K(const Duration & rhs);
[6.580s]       |   [01;36m[K^~~~~~~~[m[K
[6.580s] [01m[K/opt/ros/humble/include/rclcpp/rclcpp/duration.hpp:61:29:[m[K [01;36m[Knote: [m[K  no known conversion for argument 1 from â€˜[01m[Kdouble[m[Kâ€™ to â€˜[01m[Kconst rclcpp::Duration&[m[Kâ€™
[6.580s]    61 |   Duration([01;36m[Kconst Duration & rhs[m[K);
[6.580s]       |            [01;36m[K~~~~~~~~~~~~~~~~~^~~[m[K
[6.580s] [01m[K/opt/ros/humble/include/rclcpp/rclcpp/duration.hpp:59:12:[m[K [01;36m[Knote: [m[Kcandidate: â€˜[01m[Krclcpp::Duration::Duration(const rcl_duration_t&)[m[Kâ€™
[6.580s]    59 |   explicit [01;36m[KDuration[m[K(const rcl_duration_t & duration);
[6.580s]       |            [01;36m[K^~~~~~~~[m[K
[6.580s] [01m[K/opt/ros/humble/include/rclcpp/rclcpp/duration.hpp:59:44:[m[K [01;36m[Knote: [m[K  no known conversion for argument 1 from â€˜[01m[Kdouble[m[Kâ€™ to â€˜[01m[Kconst rcl_duration_t&[m[Kâ€™ {aka â€˜[01m[Kconst rcl_duration_s&[m[Kâ€™}
[6.581s]    59 |   explicit Duration([01;36m[Kconst rcl_duration_t & duration[m[K);
[6.581s]       |                     [01;36m[K~~~~~~~~~~~~~~~~~~~~~~~^~~~~~~~[m[K
[6.581s] [01m[K/opt/ros/humble/include/rclcpp/rclcpp/duration.hpp:53:3:[m[K [01;36m[Knote: [m[Kcandidate: â€˜[01m[Krclcpp::Duration::Duration(const Duration&)[m[Kâ€™
[6.581s]    53 |   [01;36m[KDuration[m[K(const builtin_interfaces::msg::Duration & duration_msg);  // NOLINT(runtime/explicit)
[6.581s]       |   [01;36m[K^~~~~~~~[m[K
[6.581s] [01m[K/opt/ros/humble/include/rclcpp/rclcpp/duration.hpp:53:54:[m[K [01;36m[Knote: [m[K  no known conversion for argument 1 from â€˜[01m[Kdouble[m[Kâ€™ to â€˜[01m[Kconst Duration&[m[Kâ€™ {aka â€˜[01m[Kconst builtin_interfaces::msg::Duration_<std::allocator<void> >&[m[Kâ€™}
[6.581s]    53 |   Duration([01;36m[Kconst builtin_interfaces::msg::Duration & duration_msg[m[K);  // NOLINT(runtime/explicit)
[6.581s]       |            [01;36m[K~~~~~~~~~~~~~~~~~~~~~~~~~~~~~~~~~~~~~~~~~~^~~~~~~~~~~~[m[K
[6.581s] [01m[K/opt/ros/humble/include/rclcpp/rclcpp/duration.hpp:42:12:[m[K [01;36m[Knote: [m[Kcandidate: â€˜[01m[Krclcpp::Duration::Duration(std::chrono::nanoseconds)[m[Kâ€™
[6.582s]    42 |   explicit [01;36m[KDuration[m[K(std::chrono::nanoseconds nanoseconds);
[6.582s]       |            [01;36m[K^~~~~~~~[m[K
[6.582s] [01m[K/opt/ros/humble/include/rclcpp/rclcpp/duration.hpp:42:46:[m[K [01;36m[Knote: [m[K  no known conversion for argument 1 from â€˜[01m[Kdouble[m[Kâ€™ to â€˜[01m[Kstd::chrono::nanoseconds[m[Kâ€™ {aka â€˜[01m[Kstd::chrono::duration<long int, std::ratio<1, 1000000000> >[m[Kâ€™}
[6.582s]    42 |   explicit Duration([01;36m[Kstd::chrono::nanoseconds nanoseconds[m[K);
[6.582s]       |                     [01;36m[K~~~~~~~~~~~~~~~~~~~~~~~~~^~~~~~~~~~~[m[K
[6.582s] [01m[K/opt/ros/humble/include/rclcpp/rclcpp/duration.hpp:39:3:[m[K [01;36m[Knote: [m[Kcandidate: â€˜[01m[Krclcpp::Duration::Duration(int32_t, uint32_t)[m[Kâ€™
[6.582s]    39 |   [01;36m[KDuration[m[K(int32_t seconds, uint32_t nanoseconds);
[6.582s]       |   [01;36m[K^~~~~~~~[m[K
[6.582s] [01m[K/opt/ros/humble/include/rclcpp/rclcpp/duration.hpp:39:3:[m[K [01;36m[Knote: [m[K  candidate expects 2 arguments, 1 provided
[6.582s] In file included from [01m[K/opt/ros/humble/include/rclcpp/rclcpp/logging.hpp:24[m[K,
[6.582s]                  from [01m[K/opt/ros/humble/include/rclcpp/rclcpp/client.hpp:40[m[K,
[6.583s]                  from [01m[K/opt/ros/humble/include/rclcpp/rclcpp/callback_group.hpp:24[m[K,
[6.583s]                  from [01m[K/opt/ros/humble/include/rclcpp/rclcpp/node.hpp:40[m[K,
[6.583s]                  from [01m[K/home/bobo/ros2_ws/src/mr2_public/tug_turtlebot4/include/tug_turtlebot4/SlamNode.hpp:6[m[K,
[6.583s]                  from [01m[K/home/bobo/ros2_ws/src/mr2_public/tug_turtlebot4/src/SlamNode.cpp:1[m[K:
[6.583s] [01m[K/home/bobo/ros2_ws/src/mr2_public/tug_turtlebot4/src/SlamNode.cpp:209:31:[m[K [01;35m[Kwarning: [m[Kformat â€˜[01m[K%ld[m[Kâ€™ expects argument of type â€˜[01m[Klong int[m[Kâ€™, but argument 6 has type â€˜[01m[Kuint32_t[m[Kâ€™ {aka â€˜[01m[Kunsigned int[m[Kâ€™} [[01;35m[K]8;;https://gcc.gnu.org/onlinedocs/gcc/Warning-Options.html#index-Wformat=-Wformat=]8;;[m[K]
[6.583s]   209 |     RCLCPP_INFO(get_logger(), [01;35m[K"[i - %ld] Cell - X: %ld, Y: %ld"[m[K,i, [32m[Kcell_x[m[K, cell_y);
[6.583s]       |                               [01;35m[K^~~~~~~~~~~~~~~~~~~~~~~~~~~~~~~~~[m[K    [32m[K~~~~~~[m[K
[6.583s]       |                                                                    [32m[K|[m[K
[6.583s]       |                                                                    [32m[Kuint32_t {aka unsigned int}[m[K
[6.583s] [01m[K/home/bobo/ros2_ws/src/mr2_public/tug_turtlebot4/src/SlamNode.cpp:209:54:[m[K [01;36m[Knote: [m[Kformat string is defined here
[6.584s]   209 |     RCLCPP_INFO(get_logger(), "[i - %ld] Cell - X: [01;36m[K%ld[m[K, Y: %ld",i, cell_x, cell_y);
[6.584s]       |                                                    [01;36m[K~~^[m[K
[6.584s]       |                                                      [01;36m[K|[m[K
[6.584s]       |                                                      [01;36m[Klong int[m[K
[6.584s]       |                                                    [32m[K%d[m[K
[6.584s] In file included from [01m[K/opt/ros/humble/include/rclcpp/rclcpp/logging.hpp:24[m[K,
[6.584s]                  from [01m[K/opt/ros/humble/include/rclcpp/rclcpp/client.hpp:40[m[K,
[6.584s]                  from [01m[K/opt/ros/humble/include/rclcpp/rclcpp/callback_group.hpp:24[m[K,
[6.584s]                  from [01m[K/opt/ros/humble/include/rclcpp/rclcpp/node.hpp:40[m[K,
[6.584s]                  from [01m[K/home/bobo/ros2_ws/src/mr2_public/tug_turtlebot4/include/tug_turtlebot4/SlamNode.hpp:6[m[K,
[6.584s]                  from [01m[K/home/bobo/ros2_ws/src/mr2_public/tug_turtlebot4/src/SlamNode.cpp:1[m[K:
[6.584s] [01m[K/home/bobo/ros2_ws/src/mr2_public/tug_turtlebot4/src/SlamNode.cpp:209:31:[m[K [01;35m[Kwarning: [m[Kformat â€˜[01m[K%ld[m[Kâ€™ expects argument of type â€˜[01m[Klong int[m[Kâ€™, but argument 7 has type â€˜[01m[Kuint32_t[m[Kâ€™ {aka â€˜[01m[Kunsigned int[m[Kâ€™} [[01;35m[K]8;;https://gcc.gnu.org/onlinedocs/gcc/Warning-Options.html#index-Wformat=-Wformat=]8;;[m[K]
[6.585s]   209 |     RCLCPP_INFO(get_logger(), [01;35m[K"[i - %ld] Cell - X: %ld, Y: %ld"[m[K,i, cell_x, [32m[Kcell_y[m[K);
[6.585s]       |                               [01;35m[K^~~~~~~~~~~~~~~~~~~~~~~~~~~~~~~~~[m[K            [32m[K~~~~~~[m[K
[6.585s]       |                                                                            [32m[K|[m[K
[6.585s]       |                                                                            [32m[Kuint32_t {aka unsigned int}[m[K
[6.585s] [01m[K/home/bobo/ros2_ws/src/mr2_public/tug_turtlebot4/src/SlamNode.cpp:209:62:[m[K [01;36m[Knote: [m[Kformat string is defined here
[6.585s]   209 |     RCLCPP_INFO(get_logger(), "[i - %ld] Cell - X: %ld, Y: [01;36m[K%ld[m[K",i, cell_x, cell_y);
[6.585s]       |                                                            [01;36m[K~~^[m[K
[6.585s]       |                                                              [01;36m[K|[m[K
[6.585s]       |                                                              [01;36m[Klong int[m[K
[6.585s]       |                                                            [32m[K%d[m[K
[6.586s] [01m[K/home/bobo/ros2_ws/src/mr2_public/tug_turtlebot4/src/SlamNode.cpp:158:9:[m[K [01;35m[Kwarning: [m[Kunused variable â€˜[01m[Krobot_pose[m[Kâ€™ [[01;35m[K]8;;https://gcc.gnu.org/onlinedocs/gcc/Warning-Options.html#index-Wunused-variable-Wunused-variable]8;;[m[K]
[6.586s]   158 |   auto& [01;35m[Krobot_pose[m[K = transform.transform.translation;
[6.586s]       |         [01;35m[K^~~~~~~~~~[m[K
[12.499s] gmake[2]: *** [CMakeFiles/slam.dir/build.make:90: CMakeFiles/slam.dir/src/SlamNode.cpp.o] Error 1
[12.499s] gmake[1]: *** [CMakeFiles/Makefile2:195: CMakeFiles/slam.dir/all] Error 2
[12.499s] gmake: *** [Makefile:146: all] Error 2
[12.503s] Invoked command in '/home/bobo/ros2_ws/build/tug_turtlebot4' returned '2': CMAKE_PREFIX_PATH=/home/bobo/ros2_ws/install/tug_msgs:/home/bobo/ros2_ws/install/tug_turtlebot4:/home/bobo/ros2_ws/install/tug_stage_ros2:/home/bobo/ros2_ws/install/tug_mr2:/home/bobo/ros2_ws/install/ros2cpp_tutorials_service:/home/bobo/ros2_ws/install/ros2cpp_tutorials_publisher_subscriber:/home/bobo/ros2_ws/install/ros2cpp_tutorials_parameter:/home/bobo/ros2_ws/install/ros2cpp_tutorials_action:/home/bobo/ros2_ws/install/Eigen3:/opt/ros/humble LD_LIBRARY_PATH=/home/bobo/ros2_ws/install/tug_msgs/lib:/home/bobo/stg/lib:/home/bobo/ros2_ws/install/ros2cpp_tutorials_service/lib:/home/bobo/ros2_ws/install/ros2cpp_tutorials_action/lib:/opt/ros/humble/opt/rviz_ogre_vendor/lib:/opt/ros/humble/lib/x86_64-linux-gnu:/opt/ros/humble/lib /usr/bin/cmake --build /home/bobo/ros2_ws/build/tug_turtlebot4 -- -j8 -l8
