[35m[1mConsolidate compiler generated dependencies of target slam[0m
[ 18%] Built target static_transform_publisher
[ 45%] Built target simple_turtle
[ 63%] Built target tug_wheel_encoder-system
[ 72%] [32mBuilding CXX object CMakeFiles/slam.dir/src/SlamNode.cpp.o[0m
[01m[K/home/bobo/ros2_ws/src/mr2_public/tug_turtlebot4/src/SlamNode.cpp:[m[K In function â€˜[01m[Kstd::vector<std::pair<double, double> > tug_turtlebot4::draw_line(double, double, double, double)[m[Kâ€™:
[01m[K/home/bobo/ros2_ws/src/mr2_public/tug_turtlebot4/src/SlamNode.cpp:137:24:[m[K [01;31m[Kerror: [m[Kcannot call member function â€˜[01m[Kvoid tug_turtlebot4::SlamNode::drawLineV(double, double, double, double, std::vector<std::pair<double, double> >&)[m[Kâ€™ without object
  137 |     [01;31m[KSlamNode::drawLineV(x0, y0, x1, y1, points)[m[K;
      |     [01;31m[K~~~~~~~~~~~~~~~~~~~^~~~~~~~~~~~~~~~~~~~~~~~[m[K
gmake[2]: *** [CMakeFiles/slam.dir/build.make:90: CMakeFiles/slam.dir/src/SlamNode.cpp.o] Error 1
gmake[1]: *** [CMakeFiles/Makefile2:195: CMakeFiles/slam.dir/all] Error 2
gmake: *** [Makefile:146: all] Error 2
