[35m[1mConsolidate compiler generated dependencies of target simple_turtle[0m
[ 28%] Built target static_transform_publisher
[ 57%] Built target tug_wheel_encoder-system
[ 71%] [32mBuilding CXX object CMakeFiles/simple_turtle.dir/src/SimpleTurtleNode.cpp.o[0m
[01m[K/home/bobo/ros2_ws/src/mr2_public/tug_turtlebot4/src/SimpleTurtleNode.cpp:[m[K In member function â€˜[01m[Kvoid tug_turtlebot4::SimpleTurtleNode::poseCallback(const Pose&)[m[Kâ€™:
[01m[K/home/bobo/ros2_ws/src/mr2_public/tug_turtlebot4/src/SimpleTurtleNode.cpp:143:55:[m[K [01;31m[Kerror: [m[Kâ€˜[01m[Kconst struct geometry_msgs::msg::Quaternion_<std::allocator<void> >[m[Kâ€™ has no member named â€˜[01m[Kyaw[m[Kâ€™
  143 |   if (q.x != pose_state.x || q.y != pose_state.y || q.[01;31m[Kyaw[m[K != pose_state.yaw) {
      |                                                       [01;31m[K^~~[m[K
[01m[K/home/bobo/ros2_ws/src/mr2_public/tug_turtlebot4/src/SimpleTurtleNode.cpp:147:24:[m[K [01;31m[Kerror: [m[Kâ€˜[01m[Kconst struct geometry_msgs::msg::Quaternion_<std::allocator<void> >[m[Kâ€™ has no member named â€˜[01m[Kyaw[m[Kâ€™
  147 |     pose_state.yaw = q.[01;31m[Kyaw[m[K;
      |                        [01;31m[K^~~[m[K
gmake[2]: *** [CMakeFiles/simple_turtle.dir/build.make:90: CMakeFiles/simple_turtle.dir/src/SimpleTurtleNode.cpp.o] Error 1
gmake[1]: *** [CMakeFiles/Makefile2:167: CMakeFiles/simple_turtle.dir/all] Error 2
gmake: *** [Makefile:146: all] Error 2
