[01m[K/home/bobo/ros2_ws/src/mr2_public/tug_turtlebot4/src/SlamNode.cpp:[m[K In member function â€˜[01m[Kvoid tug_turtlebot4::SlamNode::hillClimbOptimization(const std::set<std::pair<unsigned int, unsigned int> >&)[m[Kâ€™:
[01m[K/home/bobo/ros2_ws/src/mr2_public/tug_turtlebot4/src/SlamNode.cpp:131:39:[m[K [01;31m[Kerror: [m[Kâ€˜[01m[KcalculateLikelihood[m[Kâ€™ was not declared in this scope; did you mean â€˜[01m[KcalculateLogLikelihood[m[Kâ€™?
  131 |           double current_likelihood = [01;31m[KcalculateLikelihood[m[K(cell_x, cell_y, current_log_odds);
      |                                       [01;31m[K^~~~~~~~~~~~~~~~~~~[m[K
      |                                       [32m[KcalculateLogLikelihood[m[K
[01m[K/home/bobo/ros2_ws/src/mr2_public/tug_turtlebot4/src/SlamNode.cpp:135:61:[m[K [01;31m[Kerror: [m[Kâ€˜[01m[Kflupped_log_odd[m[Kâ€™ was not declared in this scope; did you mean â€˜[01m[Kflipped_log_odd[m[Kâ€™?
  135 |             occupancy_grid_map_->updateCell(cell_x, cell_y, [01;31m[Kflupped_log_odd[m[K);
      |                                                             [01;31m[K^~~~~~~~~~~~~~~[m[K
      |                                                             [32m[Kflipped_log_odd[m[K
[01m[K/home/bobo/ros2_ws/src/mr2_public/tug_turtlebot4/src/SlamNode.cpp:[m[K In member function â€˜[01m[Kvoid tug_turtlebot4::SlamNode::laserScanCallback(const ConstSharedPtr&)[m[Kâ€™:
[01m[K/home/bobo/ros2_ws/src/mr2_public/tug_turtlebot4/src/SlamNode.cpp:299:27:[m[K [01;31m[Kerror: [m[Kcannot convert â€˜[01m[Kstd::set<std::pair<unsigned int, unsigned int> >*[m[Kâ€™ to â€˜[01m[Kconst std::set<std::pair<unsigned int, unsigned int> >&[m[Kâ€™
  299 |     hillClimbOptimization([01;31m[K&scanned_cells[m[K);
      |                           [01;31m[K^~~~~~~~~~~~~~[m[K
      |                           [01;31m[K|[m[K
      |                           [01;31m[Kstd::set<std::pair<unsigned int, unsigned int> >*[m[K
[01m[K/home/bobo/ros2_ws/src/mr2_public/tug_turtlebot4/src/SlamNode.cpp:121:85:[m[K [01;36m[Knote: [m[K  initializing argument 1 of â€˜[01m[Kvoid tug_turtlebot4::SlamNode::hillClimbOptimization(const std::set<std::pair<unsigned int, unsigned int> >&)[m[Kâ€™
  121 | void SlamNode::hillClimbOptimization([01;36m[Kconst std::set<std::pair<uint32_t, uint32_t>>& scanned_cells[m[K) {
      |                                      [01;36m[K~~~~~~~~~~~~~~~~~~~~~~~~~~~~~~~~~~~~~~~~~~~~~~~^~~~~~~~~~~~~[m[K
gmake[2]: *** [CMakeFiles/slam.dir/build.make:90: CMakeFiles/slam.dir/src/SlamNode.cpp.o] Error 1
gmake[1]: *** [CMakeFiles/Makefile2:195: CMakeFiles/slam.dir/all] Error 2
gmake: *** [Makefile:146: all] Error 2
