[0.039s] Invoking command in '/home/bobo/ros2_ws/build/tug_turtlebot4': CMAKE_PREFIX_PATH=/home/bobo/ros2_ws/install/tug_msgs:/home/bobo/ros2_ws/install/tug_turtlebot4:/home/bobo/ros2_ws/install/tug_stage_ros2:/home/bobo/ros2_ws/install/tug_mr2:/home/bobo/ros2_ws/install/ros2cpp_tutorials_service:/home/bobo/ros2_ws/install/ros2cpp_tutorials_publisher_subscriber:/home/bobo/ros2_ws/install/ros2cpp_tutorials_parameter:/home/bobo/ros2_ws/install/ros2cpp_tutorials_action:/home/bobo/ros2_ws/install/Eigen3:/opt/ros/humble LD_LIBRARY_PATH=/home/bobo/ros2_ws/install/tug_msgs/lib:/home/bobo/stg/lib:/home/bobo/ros2_ws/install/ros2cpp_tutorials_service/lib:/home/bobo/ros2_ws/install/ros2cpp_tutorials_action/lib:/opt/ros/humble/opt/rviz_ogre_vendor/lib:/opt/ros/humble/lib/x86_64-linux-gnu:/opt/ros/humble/lib /usr/bin/cmake --build /home/bobo/ros2_ws/build/tug_turtlebot4 -- -j8 -l8
[0.243s] [35m[1mConsolidate compiler generated dependencies of target slam[0m
[0.264s] [ 27%] Built target simple_turtle
[0.338s] [ 45%] Built target tug_wheel_encoder-system
[0.338s] [ 63%] Built target static_transform_publisher
[0.345s] [ 72%] [32mBuilding CXX object CMakeFiles/slam.dir/src/SlamNode.cpp.o[0m
[6.225s] In file included from [01m[K/opt/ros/humble/include/rclcpp/rclcpp/client.hpp:40[m[K,
[6.225s]                  from [01m[K/opt/ros/humble/include/rclcpp/rclcpp/callback_group.hpp:24[m[K,
[6.225s]                  from [01m[K/opt/ros/humble/include/rclcpp/rclcpp/node.hpp:40[m[K,
[6.225s]                  from [01m[K/home/bobo/ros2_ws/src/mr2_public/tug_turtlebot4/include/tug_turtlebot4/SlamNode.hpp:6[m[K,
[6.225s]                  from [01m[K/home/bobo/ros2_ws/src/mr2_public/tug_turtlebot4/src/SlamNode.cpp:1[m[K:
[6.225s] [01m[K/home/bobo/ros2_ws/src/mr2_public/tug_turtlebot4/src/SlamNode.cpp:[m[K In function â€˜[01m[Kvoid tug_turtlebot4::drawLineV(double, double, double, double, std::vector<std::pair<double, double> >&)[m[Kâ€™:
[6.226s] [01m[K/home/bobo/ros2_ws/src/mr2_public/tug_turtlebot4/src/SlamNode.cpp:93:17:[m[K [01;31m[Kerror: [m[Kâ€˜[01m[Klogger[m[Kâ€™ was not declared in this scope
[6.226s]    93 |     RCLCPP_INFO([01;31m[Klogger[m[K, "Initial Values:");
[6.226s]       |                 [01;31m[K^~~~~~[m[K
[6.226s] [01m[K/home/bobo/ros2_ws/src/mr2_public/tug_turtlebot4/src/SlamNode.cpp:93:5:[m[K [01;31m[Kerror: [m[Ktemplate argument 1 is invalid
[6.226s]    93 |     [01;31m[KRCLCPP_INFO[m[K(logger, "Initial Values:");
[6.226s]       |     [01;31m[K^~~~~~~~~~~[m[K
[6.226s] [01m[K/home/bobo/ros2_ws/src/mr2_public/tug_turtlebot4/src/SlamNode.cpp:93:5:[m[K [01;31m[Kerror: [m[Ktemplate argument 1 is invalid
[6.226s]    93 |     [01;31m[KRCLCPP_INFO[m[K(logger, "Initial Values:");
[6.226s]       |     [01;31m[K^~~~~~~~~~~[m[K
[6.227s] [01m[K/home/bobo/ros2_ws/src/mr2_public/tug_turtlebot4/src/SlamNode.cpp:93:5:[m[K [01;31m[Kerror: [m[Ktemplate argument 1 is invalid
[6.227s]    93 |     [01;31m[KRCLCPP_INFO[m[K(logger, "Initial Values:");
[6.227s]       |     [01;31m[K^~~~~~~~~~~[m[K
[6.230s] [01m[K/home/bobo/ros2_ws/src/mr2_public/tug_turtlebot4/src/SlamNode.cpp:94:17:[m[K [01;31m[Kerror: [m[Kâ€˜[01m[Klogger[m[Kâ€™ was not declared in this scope
[6.230s]    94 |     RCLCPP_INFO([01;31m[Klogger[m[K, "x0: %f, y0: %f, x1: %f, y1: %f", x0, y0, x1, y1);
[6.230s]       |                 [01;31m[K^~~~~~[m[K
[6.230s] [01m[K/home/bobo/ros2_ws/src/mr2_public/tug_turtlebot4/src/SlamNode.cpp:94:5:[m[K [01;31m[Kerror: [m[Ktemplate argument 1 is invalid
[6.230s]    94 |     [01;31m[KRCLCPP_INFO[m[K(logger, "x0: %f, y0: %f, x1: %f, y1: %f", x0, y0, x1, y1);
[6.230s]       |     [01;31m[K^~~~~~~~~~~[m[K
[6.230s] [01m[K/home/bobo/ros2_ws/src/mr2_public/tug_turtlebot4/src/SlamNode.cpp:94:5:[m[K [01;31m[Kerror: [m[Ktemplate argument 1 is invalid
[6.231s]    94 |     [01;31m[KRCLCPP_INFO[m[K(logger, "x0: %f, y0: %f, x1: %f, y1: %f", x0, y0, x1, y1);
[6.231s]       |     [01;31m[K^~~~~~~~~~~[m[K
[6.231s] [01m[K/home/bobo/ros2_ws/src/mr2_public/tug_turtlebot4/src/SlamNode.cpp:94:5:[m[K [01;31m[Kerror: [m[Ktemplate argument 1 is invalid
[6.231s]    94 |     [01;31m[KRCLCPP_INFO[m[K(logger, "x0: %f, y0: %f, x1: %f, y1: %f", x0, y0, x1, y1);
[6.231s]       |     [01;31m[K^~~~~~~~~~~[m[K
[6.235s] [01m[K/home/bobo/ros2_ws/src/mr2_public/tug_turtlebot4/src/SlamNode.cpp:95:17:[m[K [01;31m[Kerror: [m[Kâ€˜[01m[Klogger[m[Kâ€™ was not declared in this scope
[6.235s]    95 |     RCLCPP_INFO([01;31m[Klogger[m[K, "dx: %f, dy: %f, direction: %d", dx, dy, dir);
[6.235s]       |                 [01;31m[K^~~~~~[m[K
[6.235s] [01m[K/home/bobo/ros2_ws/src/mr2_public/tug_turtlebot4/src/SlamNode.cpp:95:5:[m[K [01;31m[Kerror: [m[Ktemplate argument 1 is invalid
[6.235s]    95 |     [01;31m[KRCLCPP_INFO[m[K(logger, "dx: %f, dy: %f, direction: %d", dx, dy, dir);
[6.235s]       |     [01;31m[K^~~~~~~~~~~[m[K
[6.235s] [01m[K/home/bobo/ros2_ws/src/mr2_public/tug_turtlebot4/src/SlamNode.cpp:95:5:[m[K [01;31m[Kerror: [m[Ktemplate argument 1 is invalid
[6.235s]    95 |     [01;31m[KRCLCPP_INFO[m[K(logger, "dx: %f, dy: %f, direction: %d", dx, dy, dir);
[6.235s]       |     [01;31m[K^~~~~~~~~~~[m[K
[6.235s] [01m[K/home/bobo/ros2_ws/src/mr2_public/tug_turtlebot4/src/SlamNode.cpp:95:5:[m[K [01;31m[Kerror: [m[Ktemplate argument 1 is invalid
[6.236s]    95 |     [01;31m[KRCLCPP_INFO[m[K(logger, "dx: %f, dy: %f, direction: %d", dx, dy, dir);
[6.236s]       |     [01;31m[K^~~~~~~~~~~[m[K
[6.241s] [01m[K/home/bobo/ros2_ws/src/mr2_public/tug_turtlebot4/src/SlamNode.cpp:102:21:[m[K [01;31m[Kerror: [m[Kâ€˜[01m[Klogger[m[Kâ€™ was not declared in this scope
[6.241s]   102 |         RCLCPP_INFO([01;31m[Klogger[m[K, "Starting Line Drawing:");
[6.241s]       |                     [01;31m[K^~~~~~[m[K
[6.241s] [01m[K/home/bobo/ros2_ws/src/mr2_public/tug_turtlebot4/src/SlamNode.cpp:102:9:[m[K [01;31m[Kerror: [m[Ktemplate argument 1 is invalid
[6.241s]   102 |         [01;31m[KRCLCPP_INFO[m[K(logger, "Starting Line Drawing:");
[6.241s]       |         [01;31m[K^~~~~~~~~~~[m[K
[6.241s] [01m[K/home/bobo/ros2_ws/src/mr2_public/tug_turtlebot4/src/SlamNode.cpp:102:9:[m[K [01;31m[Kerror: [m[Ktemplate argument 1 is invalid
[6.241s]   102 |         [01;31m[KRCLCPP_INFO[m[K(logger, "Starting Line Drawing:");
[6.242s]       |         [01;31m[K^~~~~~~~~~~[m[K
[6.242s] [01m[K/home/bobo/ros2_ws/src/mr2_public/tug_turtlebot4/src/SlamNode.cpp:102:9:[m[K [01;31m[Kerror: [m[Ktemplate argument 1 is invalid
[6.242s]   102 |         [01;31m[KRCLCPP_INFO[m[K(logger, "Starting Line Drawing:");
[6.242s]       |         [01;31m[K^~~~~~~~~~~[m[K
[6.244s] [01m[K/home/bobo/ros2_ws/src/mr2_public/tug_turtlebot4/src/SlamNode.cpp:109:25:[m[K [01;31m[Kerror: [m[Kâ€˜[01m[Kget_logger[m[Kâ€™ was not declared in this scope; did you mean â€˜[01m[Krclcpp::get_logger[m[Kâ€™?
[6.245s]   109 |             RCLCPP_INFO([01;31m[Kget_logger[m[K(), "Step i: %f", i);
[6.245s]       |                         [01;31m[K^~~~~~~~~~[m[K
[6.245s] In file included from [01m[K/opt/ros/humble/include/rclcpp/rclcpp/logging.hpp:23[m[K,
[6.245s]                  from [01m[K/opt/ros/humble/include/rclcpp/rclcpp/client.hpp:40[m[K,
[6.245s]                  from [01m[K/opt/ros/humble/include/rclcpp/rclcpp/callback_group.hpp:24[m[K,
[6.245s]                  from [01m[K/opt/ros/humble/include/rclcpp/rclcpp/node.hpp:40[m[K,
[6.245s]                  from [01m[K/home/bobo/ros2_ws/src/mr2_public/tug_turtlebot4/include/tug_turtlebot4/SlamNode.hpp:6[m[K,
[6.245s]                  from [01m[K/home/bobo/ros2_ws/src/mr2_public/tug_turtlebot4/src/SlamNode.cpp:1[m[K:
[6.245s] [01m[K/opt/ros/humble/include/rclcpp/rclcpp/logger.hpp:106:17:[m[K [01;36m[Knote: [m[Kâ€˜[01m[Krclcpp::get_logger[m[Kâ€™ declared here
[6.246s]   106 |   friend Logger [01;36m[Krclcpp[m[K::get_logger(const std::string & name);
[6.246s]       |                 [01;36m[K^~~~~~[m[K
[6.246s] In file included from [01m[K/opt/ros/humble/include/rclcpp/rclcpp/client.hpp:40[m[K,
[6.246s]                  from [01m[K/opt/ros/humble/include/rclcpp/rclcpp/callback_group.hpp:24[m[K,
[6.246s]                  from [01m[K/opt/ros/humble/include/rclcpp/rclcpp/node.hpp:40[m[K,
[6.246s]                  from [01m[K/home/bobo/ros2_ws/src/mr2_public/tug_turtlebot4/include/tug_turtlebot4/SlamNode.hpp:6[m[K,
[6.246s]                  from [01m[K/home/bobo/ros2_ws/src/mr2_public/tug_turtlebot4/src/SlamNode.cpp:1[m[K:
[6.247s] [01m[K/home/bobo/ros2_ws/src/mr2_public/tug_turtlebot4/src/SlamNode.cpp:109:13:[m[K [01;31m[Kerror: [m[Ktemplate argument 1 is invalid
[6.247s]   109 |             [01;31m[KRCLCPP_INFO[m[K(get_logger(), "Step i: %f", i);
[6.247s]       |             [01;31m[K^~~~~~~~~~~[m[K
[6.248s] [01m[K/home/bobo/ros2_ws/src/mr2_public/tug_turtlebot4/src/SlamNode.cpp:109:13:[m[K [01;31m[Kerror: [m[Ktemplate argument 1 is invalid
[6.248s]   109 |             [01;31m[KRCLCPP_INFO[m[K(get_logger(), "Step i: %f", i);
[6.248s]       |             [01;31m[K^~~~~~~~~~~[m[K
[6.248s] [01m[K/home/bobo/ros2_ws/src/mr2_public/tug_turtlebot4/src/SlamNode.cpp:109:13:[m[K [01;31m[Kerror: [m[Ktemplate argument 1 is invalid
[6.248s]   109 |             [01;31m[KRCLCPP_INFO[m[K(get_logger(), "Step i: %f", i);
[6.248s]       |             [01;31m[K^~~~~~~~~~~[m[K
[6.249s] [01m[K/home/bobo/ros2_ws/src/mr2_public/tug_turtlebot4/src/SlamNode.cpp:110:25:[m[K [01;31m[Kerror: [m[Kâ€˜[01m[Kget_logger[m[Kâ€™ was not declared in this scope; did you mean â€˜[01m[Krclcpp::get_logger[m[Kâ€™?
[6.249s]   110 |             RCLCPP_INFO([01;31m[Kget_logger[m[K(), "Current Point: (%f, %f)", x, y0 + i);
[6.249s]       |                         [01;31m[K^~~~~~~~~~[m[K
[6.249s] In file included from [01m[K/opt/ros/humble/include/rclcpp/rclcpp/logging.hpp:23[m[K,
[6.249s]                  from [01m[K/opt/ros/humble/include/rclcpp/rclcpp/client.hpp:40[m[K,
[6.250s]                  from [01m[K/opt/ros/humble/include/rclcpp/rclcpp/callback_group.hpp:24[m[K,
[6.250s]                  from [01m[K/opt/ros/humble/include/rclcpp/rclcpp/node.hpp:40[m[K,
[6.250s]                  from [01m[K/home/bobo/ros2_ws/src/mr2_public/tug_turtlebot4/include/tug_turtlebot4/SlamNode.hpp:6[m[K,
[6.250s]                  from [01m[K/home/bobo/ros2_ws/src/mr2_public/tug_turtlebot4/src/SlamNode.cpp:1[m[K:
[6.250s] [01m[K/opt/ros/humble/include/rclcpp/rclcpp/logger.hpp:106:17:[m[K [01;36m[Knote: [m[Kâ€˜[01m[Krclcpp::get_logger[m[Kâ€™ declared here
[6.250s]   106 |   friend Logger [01;36m[Krclcpp[m[K::get_logger(const std::string & name);
[6.250s]       |                 [01;36m[K^~~~~~[m[K
[6.251s] In file included from [01m[K/opt/ros/humble/include/rclcpp/rclcpp/client.hpp:40[m[K,
[6.251s]                  from [01m[K/opt/ros/humble/include/rclcpp/rclcpp/callback_group.hpp:24[m[K,
[6.251s]                  from [01m[K/opt/ros/humble/include/rclcpp/rclcpp/node.hpp:40[m[K,
[6.251s]                  from [01m[K/home/bobo/ros2_ws/src/mr2_public/tug_turtlebot4/include/tug_turtlebot4/SlamNode.hpp:6[m[K,
[6.251s]                  from [01m[K/home/bobo/ros2_ws/src/mr2_public/tug_turtlebot4/src/SlamNode.cpp:1[m[K:
[6.251s] [01m[K/home/bobo/ros2_ws/src/mr2_public/tug_turtlebot4/src/SlamNode.cpp:110:13:[m[K [01;31m[Kerror: [m[Ktemplate argument 1 is invalid
[6.251s]   110 |             [01;31m[KRCLCPP_INFO[m[K(get_logger(), "Current Point: (%f, %f)", x, y0 + i);
[6.251s]       |             [01;31m[K^~~~~~~~~~~[m[K
[6.251s] [01m[K/home/bobo/ros2_ws/src/mr2_public/tug_turtlebot4/src/SlamNode.cpp:110:13:[m[K [01;31m[Kerror: [m[Ktemplate argument 1 is invalid
[6.251s]   110 |             [01;31m[KRCLCPP_INFO[m[K(get_logger(), "Current Point: (%f, %f)", x, y0 + i);
[6.251s]       |             [01;31m[K^~~~~~~~~~~[m[K
[6.252s] [01m[K/home/bobo/ros2_ws/src/mr2_public/tug_turtlebot4/src/SlamNode.cpp:110:13:[m[K [01;31m[Kerror: [m[Ktemplate argument 1 is invalid
[6.252s]   110 |             [01;31m[KRCLCPP_INFO[m[K(get_logger(), "Current Point: (%f, %f)", x, y0 + i);
[6.252s]       |             [01;31m[K^~~~~~~~~~~[m[K
[6.252s] [01m[K/home/bobo/ros2_ws/src/mr2_public/tug_turtlebot4/src/SlamNode.cpp:111:25:[m[K [01;31m[Kerror: [m[Kâ€˜[01m[Kget_logger[m[Kâ€™ was not declared in this scope; did you mean â€˜[01m[Krclcpp::get_logger[m[Kâ€™?
[6.252s]   111 |             RCLCPP_INFO([01;31m[Kget_logger[m[K(), "p: %f", p);
[6.252s]       |                         [01;31m[K^~~~~~~~~~[m[K
[6.252s] In file included from [01m[K/opt/ros/humble/include/rclcpp/rclcpp/logging.hpp:23[m[K,
[6.252s]                  from [01m[K/opt/ros/humble/include/rclcpp/rclcpp/client.hpp:40[m[K,
[6.252s]                  from [01m[K/opt/ros/humble/include/rclcpp/rclcpp/callback_group.hpp:24[m[K,
[6.253s]                  from [01m[K/opt/ros/humble/include/rclcpp/rclcpp/node.hpp:40[m[K,
[6.253s]                  from [01m[K/home/bobo/ros2_ws/src/mr2_public/tug_turtlebot4/include/tug_turtlebot4/SlamNode.hpp:6[m[K,
[6.253s]                  from [01m[K/home/bobo/ros2_ws/src/mr2_public/tug_turtlebot4/src/SlamNode.cpp:1[m[K:
[6.253s] [01m[K/opt/ros/humble/include/rclcpp/rclcpp/logger.hpp:106:17:[m[K [01;36m[Knote: [m[Kâ€˜[01m[Krclcpp::get_logger[m[Kâ€™ declared here
[6.253s]   106 |   friend Logger [01;36m[Krclcpp[m[K::get_logger(const std::string & name);
[6.253s]       |                 [01;36m[K^~~~~~[m[K
[6.253s] In file included from [01m[K/opt/ros/humble/include/rclcpp/rclcpp/client.hpp:40[m[K,
[6.253s]                  from [01m[K/opt/ros/humble/include/rclcpp/rclcpp/callback_group.hpp:24[m[K,
[6.253s]                  from [01m[K/opt/ros/humble/include/rclcpp/rclcpp/node.hpp:40[m[K,
[6.254s]                  from [01m[K/home/bobo/ros2_ws/src/mr2_public/tug_turtlebot4/include/tug_turtlebot4/SlamNode.hpp:6[m[K,
[6.254s]                  from [01m[K/home/bobo/ros2_ws/src/mr2_public/tug_turtlebot4/src/SlamNode.cpp:1[m[K:
[6.254s] [01m[K/home/bobo/ros2_ws/src/mr2_public/tug_turtlebot4/src/SlamNode.cpp:111:13:[m[K [01;31m[Kerror: [m[Ktemplate argument 1 is invalid
[6.254s]   111 |             [01;31m[KRCLCPP_INFO[m[K(get_logger(), "p: %f", p);
[6.254s]       |             [01;31m[K^~~~~~~~~~~[m[K
[6.254s] [01m[K/home/bobo/ros2_ws/src/mr2_public/tug_turtlebot4/src/SlamNode.cpp:111:13:[m[K [01;31m[Kerror: [m[Ktemplate argument 1 is invalid
[6.254s]   111 |             [01;31m[KRCLCPP_INFO[m[K(get_logger(), "p: %f", p);
[6.254s]       |             [01;31m[K^~~~~~~~~~~[m[K
[6.255s] [01m[K/home/bobo/ros2_ws/src/mr2_public/tug_turtlebot4/src/SlamNode.cpp:111:13:[m[K [01;31m[Kerror: [m[Ktemplate argument 1 is invalid
[6.255s]   111 |             [01;31m[KRCLCPP_INFO[m[K(get_logger(), "p: %f", p);
[6.255s]       |             [01;31m[K^~~~~~~~~~~[m[K
[6.255s] [01m[K/home/bobo/ros2_ws/src/mr2_public/tug_turtlebot4/src/SlamNode.cpp:116:29:[m[K [01;31m[Kerror: [m[Kâ€˜[01m[Kget_logger[m[Kâ€™ was not declared in this scope; did you mean â€˜[01m[Krclcpp::get_logger[m[Kâ€™?
[6.255s]   116 |                 RCLCPP_INFO([01;31m[Kget_logger[m[K(), "x incremented to: %f", x);
[6.255s]       |                             [01;31m[K^~~~~~~~~~[m[K
[6.255s] In file included from [01m[K/opt/ros/humble/include/rclcpp/rclcpp/logging.hpp:23[m[K,
[6.255s]                  from [01m[K/opt/ros/humble/include/rclcpp/rclcpp/client.hpp:40[m[K,
[6.255s]                  from [01m[K/opt/ros/humble/include/rclcpp/rclcpp/callback_group.hpp:24[m[K,
[6.255s]                  from [01m[K/opt/ros/humble/include/rclcpp/rclcpp/node.hpp:40[m[K,
[6.255s]                  from [01m[K/home/bobo/ros2_ws/src/mr2_public/tug_turtlebot4/include/tug_turtlebot4/SlamNode.hpp:6[m[K,
[6.256s]                  from [01m[K/home/bobo/ros2_ws/src/mr2_public/tug_turtlebot4/src/SlamNode.cpp:1[m[K:
[6.256s] [01m[K/opt/ros/humble/include/rclcpp/rclcpp/logger.hpp:106:17:[m[K [01;36m[Knote: [m[Kâ€˜[01m[Krclcpp::get_logger[m[Kâ€™ declared here
[6.256s]   106 |   friend Logger [01;36m[Krclcpp[m[K::get_logger(const std::string & name);
[6.256s]       |                 [01;36m[K^~~~~~[m[K
[6.256s] In file included from [01m[K/opt/ros/humble/include/rclcpp/rclcpp/client.hpp:40[m[K,
[6.256s]                  from [01m[K/opt/ros/humble/include/rclcpp/rclcpp/callback_group.hpp:24[m[K,
[6.256s]                  from [01m[K/opt/ros/humble/include/rclcpp/rclcpp/node.hpp:40[m[K,
[6.256s]                  from [01m[K/home/bobo/ros2_ws/src/mr2_public/tug_turtlebot4/include/tug_turtlebot4/SlamNode.hpp:6[m[K,
[6.256s]                  from [01m[K/home/bobo/ros2_ws/src/mr2_public/tug_turtlebot4/src/SlamNode.cpp:1[m[K:
[6.256s] [01m[K/home/bobo/ros2_ws/src/mr2_public/tug_turtlebot4/src/SlamNode.cpp:116:17:[m[K [01;31m[Kerror: [m[Ktemplate argument 1 is invalid
[6.257s]   116 |                 [01;31m[KRCLCPP_INFO[m[K(get_logger(), "x incremented to: %f", x);
[6.257s]       |                 [01;31m[K^~~~~~~~~~~[m[K
[6.257s] [01m[K/home/bobo/ros2_ws/src/mr2_public/tug_turtlebot4/src/SlamNode.cpp:116:17:[m[K [01;31m[Kerror: [m[Ktemplate argument 1 is invalid
[6.257s]   116 |                 [01;31m[KRCLCPP_INFO[m[K(get_logger(), "x incremented to: %f", x);
[6.257s]       |                 [01;31m[K^~~~~~~~~~~[m[K
[6.257s] [01m[K/home/bobo/ros2_ws/src/mr2_public/tug_turtlebot4/src/SlamNode.cpp:116:17:[m[K [01;31m[Kerror: [m[Ktemplate argument 1 is invalid
[6.257s]   116 |                 [01;31m[KRCLCPP_INFO[m[K(get_logger(), "x incremented to: %f", x);
[6.257s]       |                 [01;31m[K^~~~~~~~~~~[m[K
[6.257s] [01m[K/home/bobo/ros2_ws/src/mr2_public/tug_turtlebot4/src/SlamNode.cpp:120:25:[m[K [01;31m[Kerror: [m[Kâ€˜[01m[Kget_logger[m[Kâ€™ was not declared in this scope; did you mean â€˜[01m[Krclcpp::get_logger[m[Kâ€™?
[6.257s]   120 |             RCLCPP_INFO([01;31m[Kget_logger[m[K(), "Updated p: %f", p);
[6.257s]       |                         [01;31m[K^~~~~~~~~~[m[K
[6.257s] In file included from [01m[K/opt/ros/humble/include/rclcpp/rclcpp/logging.hpp:23[m[K,
[6.258s]                  from [01m[K/opt/ros/humble/include/rclcpp/rclcpp/client.hpp:40[m[K,
[6.258s]                  from [01m[K/opt/ros/humble/include/rclcpp/rclcpp/callback_group.hpp:24[m[K,
[6.258s]                  from [01m[K/opt/ros/humble/include/rclcpp/rclcpp/node.hpp:40[m[K,
[6.258s]                  from [01m[K/home/bobo/ros2_ws/src/mr2_public/tug_turtlebot4/include/tug_turtlebot4/SlamNode.hpp:6[m[K,
[6.258s]                  from [01m[K/home/bobo/ros2_ws/src/mr2_public/tug_turtlebot4/src/SlamNode.cpp:1[m[K:
[6.258s] [01m[K/opt/ros/humble/include/rclcpp/rclcpp/logger.hpp:106:17:[m[K [01;36m[Knote: [m[Kâ€˜[01m[Krclcpp::get_logger[m[Kâ€™ declared here
[6.258s]   106 |   friend Logger [01;36m[Krclcpp[m[K::get_logger(const std::string & name);
[6.258s]       |                 [01;36m[K^~~~~~[m[K
[6.258s] In file included from [01m[K/opt/ros/humble/include/rclcpp/rclcpp/client.hpp:40[m[K,
[6.258s]                  from [01m[K/opt/ros/humble/include/rclcpp/rclcpp/callback_group.hpp:24[m[K,
[6.258s]                  from [01m[K/opt/ros/humble/include/rclcpp/rclcpp/node.hpp:40[m[K,
[6.259s]                  from [01m[K/home/bobo/ros2_ws/src/mr2_public/tug_turtlebot4/include/tug_turtlebot4/SlamNode.hpp:6[m[K,
[6.259s]                  from [01m[K/home/bobo/ros2_ws/src/mr2_public/tug_turtlebot4/src/SlamNode.cpp:1[m[K:
[6.259s] [01m[K/home/bobo/ros2_ws/src/mr2_public/tug_turtlebot4/src/SlamNode.cpp:120:13:[m[K [01;31m[Kerror: [m[Ktemplate argument 1 is invalid
[6.259s]   120 |             [01;31m[KRCLCPP_INFO[m[K(get_logger(), "Updated p: %f", p);
[6.259s]       |             [01;31m[K^~~~~~~~~~~[m[K
[6.259s] [01m[K/home/bobo/ros2_ws/src/mr2_public/tug_turtlebot4/src/SlamNode.cpp:120:13:[m[K [01;31m[Kerror: [m[Ktemplate argument 1 is invalid
[6.259s]   120 |             [01;31m[KRCLCPP_INFO[m[K(get_logger(), "Updated p: %f", p);
[6.259s]       |             [01;31m[K^~~~~~~~~~~[m[K
[6.259s] [01m[K/home/bobo/ros2_ws/src/mr2_public/tug_turtlebot4/src/SlamNode.cpp:120:13:[m[K [01;31m[Kerror: [m[Ktemplate argument 1 is invalid
[6.260s]   120 |             [01;31m[KRCLCPP_INFO[m[K(get_logger(), "Updated p: %f", p);
[6.260s]       |             [01;31m[K^~~~~~~~~~~[m[K
[6.260s] [01m[K/home/bobo/ros2_ws/src/mr2_public/tug_turtlebot4/src/SlamNode.cpp:124:17:[m[K [01;31m[Kerror: [m[Kâ€˜[01m[Kget_logger[m[Kâ€™ was not declared in this scope; did you mean â€˜[01m[Krclcpp::get_logger[m[Kâ€™?
[6.260s]   124 |     RCLCPP_INFO([01;31m[Kget_logger[m[K(), "Finished Line Drawing. Total Points: %lu", line.size());
[6.260s]       |                 [01;31m[K^~~~~~~~~~[m[K
[6.260s] In file included from [01m[K/opt/ros/humble/include/rclcpp/rclcpp/logging.hpp:23[m[K,
[6.261s]                  from [01m[K/opt/ros/humble/include/rclcpp/rclcpp/client.hpp:40[m[K,
[6.261s]                  from [01m[K/opt/ros/humble/include/rclcpp/rclcpp/callback_group.hpp:24[m[K,
[6.261s]                  from [01m[K/opt/ros/humble/include/rclcpp/rclcpp/node.hpp:40[m[K,
[6.261s]                  from [01m[K/home/bobo/ros2_ws/src/mr2_public/tug_turtlebot4/include/tug_turtlebot4/SlamNode.hpp:6[m[K,
[6.261s]                  from [01m[K/home/bobo/ros2_ws/src/mr2_public/tug_turtlebot4/src/SlamNode.cpp:1[m[K:
[6.261s] [01m[K/opt/ros/humble/include/rclcpp/rclcpp/logger.hpp:106:17:[m[K [01;36m[Knote: [m[Kâ€˜[01m[Krclcpp::get_logger[m[Kâ€™ declared here
[6.261s]   106 |   friend Logger [01;36m[Krclcpp[m[K::get_logger(const std::string & name);
[6.261s]       |                 [01;36m[K^~~~~~[m[K
[6.261s] In file included from [01m[K/opt/ros/humble/include/rclcpp/rclcpp/client.hpp:40[m[K,
[6.261s]                  from [01m[K/opt/ros/humble/include/rclcpp/rclcpp/callback_group.hpp:24[m[K,
[6.262s]                  from [01m[K/opt/ros/humble/include/rclcpp/rclcpp/node.hpp:40[m[K,
[6.262s]                  from [01m[K/home/bobo/ros2_ws/src/mr2_public/tug_turtlebot4/include/tug_turtlebot4/SlamNode.hpp:6[m[K,
[6.262s]                  from [01m[K/home/bobo/ros2_ws/src/mr2_public/tug_turtlebot4/src/SlamNode.cpp:1[m[K:
[6.262s] [01m[K/home/bobo/ros2_ws/src/mr2_public/tug_turtlebot4/src/SlamNode.cpp:124:5:[m[K [01;31m[Kerror: [m[Ktemplate argument 1 is invalid
[6.262s]   124 |     [01;31m[KRCLCPP_INFO[m[K(get_logger(), "Finished Line Drawing. Total Points: %lu", line.size());
[6.262s]       |     [01;31m[K^~~~~~~~~~~[m[K
[6.262s] [01m[K/home/bobo/ros2_ws/src/mr2_public/tug_turtlebot4/src/SlamNode.cpp:124:5:[m[K [01;31m[Kerror: [m[Ktemplate argument 1 is invalid
[6.262s]   124 |     [01;31m[KRCLCPP_INFO[m[K(get_logger(), "Finished Line Drawing. Total Points: %lu", line.size());
[6.262s]       |     [01;31m[K^~~~~~~~~~~[m[K
[6.262s] [01m[K/home/bobo/ros2_ws/src/mr2_public/tug_turtlebot4/src/SlamNode.cpp:124:5:[m[K [01;31m[Kerror: [m[Ktemplate argument 1 is invalid
[6.262s]   124 |     [01;31m[KRCLCPP_INFO[m[K(get_logger(), "Finished Line Drawing. Total Points: %lu", line.size());
[6.262s]       |     [01;31m[K^~~~~~~~~~~[m[K
[6.263s] [01m[K/home/bobo/ros2_ws/src/mr2_public/tug_turtlebot4/src/SlamNode.cpp:125:17:[m[K [01;31m[Kerror: [m[Kâ€˜[01m[Kget_logger[m[Kâ€™ was not declared in this scope; did you mean â€˜[01m[Krclcpp::get_logger[m[Kâ€™?
[6.263s]   125 |     RCLCPP_INFO([01;31m[Kget_logger[m[K(), "Line Points:");
[6.263s]       |                 [01;31m[K^~~~~~~~~~[m[K
[6.263s] In file included from [01m[K/opt/ros/humble/include/rclcpp/rclcpp/logging.hpp:23[m[K,
[6.263s]                  from [01m[K/opt/ros/humble/include/rclcpp/rclcpp/client.hpp:40[m[K,
[6.263s]                  from [01m[K/opt/ros/humble/include/rclcpp/rclcpp/callback_group.hpp:24[m[K,
[6.263s]                  from [01m[K/opt/ros/humble/include/rclcpp/rclcpp/node.hpp:40[m[K,
[6.263s]                  from [01m[K/home/bobo/ros2_ws/src/mr2_public/tug_turtlebot4/include/tug_turtlebot4/SlamNode.hpp:6[m[K,
[6.263s]                  from [01m[K/home/bobo/ros2_ws/src/mr2_public/tug_turtlebot4/src/SlamNode.cpp:1[m[K:
[6.263s] [01m[K/opt/ros/humble/include/rclcpp/rclcpp/logger.hpp:106:17:[m[K [01;36m[Knote: [m[Kâ€˜[01m[Krclcpp::get_logger[m[Kâ€™ declared here
[6.263s]   106 |   friend Logger [01;36m[Krclcpp[m[K::get_logger(const std::string & name);
[6.263s]       |                 [01;36m[K^~~~~~[m[K
[6.263s] In file included from [01m[K/opt/ros/humble/include/rclcpp/rclcpp/client.hpp:40[m[K,
[6.264s]                  from [01m[K/opt/ros/humble/include/rclcpp/rclcpp/callback_group.hpp:24[m[K,
[6.264s]                  from [01m[K/opt/ros/humble/include/rclcpp/rclcpp/node.hpp:40[m[K,
[6.264s]                  from [01m[K/home/bobo/ros2_ws/src/mr2_public/tug_turtlebot4/include/tug_turtlebot4/SlamNode.hpp:6[m[K,
[6.264s]                  from [01m[K/home/bobo/ros2_ws/src/mr2_public/tug_turtlebot4/src/SlamNode.cpp:1[m[K:
[6.264s] [01m[K/home/bobo/ros2_ws/src/mr2_public/tug_turtlebot4/src/SlamNode.cpp:125:5:[m[K [01;31m[Kerror: [m[Ktemplate argument 1 is invalid
[6.264s]   125 |     [01;31m[KRCLCPP_INFO[m[K(get_logger(), "Line Points:");
[6.264s]       |     [01;31m[K^~~~~~~~~~~[m[K
[6.264s] [01m[K/home/bobo/ros2_ws/src/mr2_public/tug_turtlebot4/src/SlamNode.cpp:125:5:[m[K [01;31m[Kerror: [m[Ktemplate argument 1 is invalid
[6.264s]   125 |     [01;31m[KRCLCPP_INFO[m[K(get_logger(), "Line Points:");
[6.264s]       |     [01;31m[K^~~~~~~~~~~[m[K
[6.264s] [01m[K/home/bobo/ros2_ws/src/mr2_public/tug_turtlebot4/src/SlamNode.cpp:125:5:[m[K [01;31m[Kerror: [m[Ktemplate argument 1 is invalid
[6.264s]   125 |     [01;31m[KRCLCPP_INFO[m[K(get_logger(), "Line Points:");
[6.265s]       |     [01;31m[K^~~~~~~~~~~[m[K
[6.265s] [01m[K/home/bobo/ros2_ws/src/mr2_public/tug_turtlebot4/src/SlamNode.cpp:127:21:[m[K [01;31m[Kerror: [m[Kâ€˜[01m[Kget_logger[m[Kâ€™ was not declared in this scope; did you mean â€˜[01m[Krclcpp::get_logger[m[Kâ€™?
[6.265s]   127 |         RCLCPP_INFO([01;31m[Kget_logger[m[K(), "(%f, %f)", point.first, point.second);
[6.265s]       |                     [01;31m[K^~~~~~~~~~[m[K
[6.265s] In file included from [01m[K/opt/ros/humble/include/rclcpp/rclcpp/logging.hpp:23[m[K,
[6.265s]                  from [01m[K/opt/ros/humble/include/rclcpp/rclcpp/client.hpp:40[m[K,
[6.265s]                  from [01m[K/opt/ros/humble/include/rclcpp/rclcpp/callback_group.hpp:24[m[K,
[6.265s]                  from [01m[K/opt/ros/humble/include/rclcpp/rclcpp/node.hpp:40[m[K,
[6.266s]                  from [01m[K/home/bobo/ros2_ws/src/mr2_public/tug_turtlebot4/include/tug_turtlebot4/SlamNode.hpp:6[m[K,
[6.266s]                  from [01m[K/home/bobo/ros2_ws/src/mr2_public/tug_turtlebot4/src/SlamNode.cpp:1[m[K:
[6.266s] [01m[K/opt/ros/humble/include/rclcpp/rclcpp/logger.hpp:106:17:[m[K [01;36m[Knote: [m[Kâ€˜[01m[Krclcpp::get_logger[m[Kâ€™ declared here
[6.266s]   106 |   friend Logger [01;36m[Krclcpp[m[K::get_logger(const std::string & name);
[6.266s]       |                 [01;36m[K^~~~~~[m[K
[6.266s] In file included from [01m[K/opt/ros/humble/include/rclcpp/rclcpp/client.hpp:40[m[K,
[6.266s]                  from [01m[K/opt/ros/humble/include/rclcpp/rclcpp/callback_group.hpp:24[m[K,
[6.266s]                  from [01m[K/opt/ros/humble/include/rclcpp/rclcpp/node.hpp:40[m[K,
[6.266s]                  from [01m[K/home/bobo/ros2_ws/src/mr2_public/tug_turtlebot4/include/tug_turtlebot4/SlamNode.hpp:6[m[K,
[6.266s]                  from [01m[K/home/bobo/ros2_ws/src/mr2_public/tug_turtlebot4/src/SlamNode.cpp:1[m[K:
[6.266s] [01m[K/home/bobo/ros2_ws/src/mr2_public/tug_turtlebot4/src/SlamNode.cpp:127:9:[m[K [01;31m[Kerror: [m[Ktemplate argument 1 is invalid
[6.266s]   127 |         [01;31m[KRCLCPP_INFO[m[K(get_logger(), "(%f, %f)", point.first, point.second);
[6.266s]       |         [01;31m[K^~~~~~~~~~~[m[K
[6.267s] [01m[K/home/bobo/ros2_ws/src/mr2_public/tug_turtlebot4/src/SlamNode.cpp:127:9:[m[K [01;31m[Kerror: [m[Ktemplate argument 1 is invalid
[6.267s]   127 |         [01;31m[KRCLCPP_INFO[m[K(get_logger(), "(%f, %f)", point.first, point.second);
[6.267s]       |         [01;31m[K^~~~~~~~~~~[m[K
[6.267s] [01m[K/home/bobo/ros2_ws/src/mr2_public/tug_turtlebot4/src/SlamNode.cpp:127:9:[m[K [01;31m[Kerror: [m[Ktemplate argument 1 is invalid
[6.267s]   127 |         [01;31m[KRCLCPP_INFO[m[K(get_logger(), "(%f, %f)", point.first, point.second);
[6.267s]       |         [01;31m[K^~~~~~~~~~~[m[K
[12.550s] gmake[2]: *** [CMakeFiles/slam.dir/build.make:90: CMakeFiles/slam.dir/src/SlamNode.cpp.o] Error 1
[12.550s] gmake[1]: *** [CMakeFiles/Makefile2:195: CMakeFiles/slam.dir/all] Error 2
[12.550s] gmake: *** [Makefile:146: all] Error 2
[12.556s] Invoked command in '/home/bobo/ros2_ws/build/tug_turtlebot4' returned '2': CMAKE_PREFIX_PATH=/home/bobo/ros2_ws/install/tug_msgs:/home/bobo/ros2_ws/install/tug_turtlebot4:/home/bobo/ros2_ws/install/tug_stage_ros2:/home/bobo/ros2_ws/install/tug_mr2:/home/bobo/ros2_ws/install/ros2cpp_tutorials_service:/home/bobo/ros2_ws/install/ros2cpp_tutorials_publisher_subscriber:/home/bobo/ros2_ws/install/ros2cpp_tutorials_parameter:/home/bobo/ros2_ws/install/ros2cpp_tutorials_action:/home/bobo/ros2_ws/install/Eigen3:/opt/ros/humble LD_LIBRARY_PATH=/home/bobo/ros2_ws/install/tug_msgs/lib:/home/bobo/stg/lib:/home/bobo/ros2_ws/install/ros2cpp_tutorials_service/lib:/home/bobo/ros2_ws/install/ros2cpp_tutorials_action/lib:/opt/ros/humble/opt/rviz_ogre_vendor/lib:/opt/ros/humble/lib/x86_64-linux-gnu:/opt/ros/humble/lib /usr/bin/cmake --build /home/bobo/ros2_ws/build/tug_turtlebot4 -- -j8 -l8
