[0.107s] Invoking command in '/home/bobo/ros2_ws/build/tug_turtlebot4': CMAKE_PREFIX_PATH=/home/bobo/ros2_ws/install/tug_msgs:/home/bobo/ros2_ws/install/tug_turtlebot4:/home/bobo/ros2_ws/install/tug_stage_ros2:/home/bobo/ros2_ws/install/tug_mr2:/home/bobo/ros2_ws/install/ros2cpp_tutorials_service:/home/bobo/ros2_ws/install/ros2cpp_tutorials_publisher_subscriber:/home/bobo/ros2_ws/install/ros2cpp_tutorials_parameter:/home/bobo/ros2_ws/install/ros2cpp_tutorials_action:/home/bobo/ros2_ws/install/Eigen3:/opt/ros/humble LD_LIBRARY_PATH=/home/bobo/ros2_ws/install/tug_msgs/lib:/home/bobo/stg/lib:/home/bobo/ros2_ws/install/ros2cpp_tutorials_service/lib:/home/bobo/ros2_ws/install/ros2cpp_tutorials_action/lib:/opt/ros/humble/opt/rviz_ogre_vendor/lib:/opt/ros/humble/lib/x86_64-linux-gnu:/opt/ros/humble/lib /usr/bin/cmake --build /home/bobo/ros2_ws/build/tug_turtlebot4 -- -j8 -l8
[0.327s] [35m[1mConsolidate compiler generated dependencies of target simple_turtle[0m
[0.399s] [ 28%] Built target tug_wheel_encoder-system
[0.409s] [ 57%] Built target static_transform_publisher
[0.455s] [ 71%] [32mBuilding CXX object CMakeFiles/simple_turtle.dir/src/SimpleTurtleNode.cpp.o[0m
[5.471s] In file included from [01m[K/opt/ros/humble/include/rclcpp/rclcpp/logging.hpp:24[m[K,
[5.472s]                  from [01m[K/opt/ros/humble/include/rclcpp/rclcpp/client.hpp:40[m[K,
[5.472s]                  from [01m[K/opt/ros/humble/include/rclcpp/rclcpp/callback_group.hpp:24[m[K,
[5.472s]                  from [01m[K/opt/ros/humble/include/rclcpp/rclcpp/node.hpp:40[m[K,
[5.472s]                  from [01m[K/home/bobo/ros2_ws/src/mr2_public/tug_turtlebot4/include/tug_turtlebot4/SimpleTurtleNode.hpp:7[m[K,
[5.473s]                  from [01m[K/home/bobo/ros2_ws/src/mr2_public/tug_turtlebot4/src/SimpleTurtleNode.cpp:1[m[K:
[5.473s] [01m[K/home/bobo/ros2_ws/src/mr2_public/tug_turtlebot4/src/SimpleTurtleNode.cpp:[m[K In member function â€˜[01m[Kvoid tug_turtlebot4::SimpleTurtleNode::wheelEncoderCallback(const ConstSharedPtr&)[m[Kâ€™:
[5.473s] [01m[K/home/bobo/ros2_ws/src/mr2_public/tug_turtlebot4/src/SimpleTurtleNode.cpp:91:37:[m[K [01;35m[Kwarning: [m[Kformat â€˜[01m[K%f[m[Kâ€™ expects argument of type â€˜[01m[Kdouble[m[Kâ€™, but argument 6 has type â€˜[01m[Kint[m[Kâ€™ [[01;35m[K]8;;https://gcc.gnu.org/onlinedocs/gcc/Warning-Options.html#index-Wformat=-Wformat=]8;;[m[K]
[5.473s]    91 |     RCLCPP_INFO(this->get_logger(), [01;35m[K"disL = dist(%f) * odom_state.left(%f) = %f"[m[K, dist, [32m[Kodom_state.left[m[K, disL);
[5.473s]       |                                     [01;35m[K^~~~~~~~~~~~~~~~~~~~~~~~~~~~~~~~~~~~~~~~~~~~[m[K        [32m[K~~~~~~~~~~~~~~~[m[K
[5.473s]       |                                                                                                    [32m[K|[m[K
[5.474s]       |                                                                                                    [32m[Kint[m[K
[5.474s] [01m[K/home/bobo/ros2_ws/src/mr2_public/tug_turtlebot4/src/SimpleTurtleNode.cpp:91:73:[m[K [01;36m[Knote: [m[Kformat string is defined here
[5.474s]    91 |     RCLCPP_INFO(this->get_logger(), "disL = dist(%f) * odom_state.left([01;36m[K%f[m[K) = %f", dist, odom_state.left, disL);
[5.474s]       |                                                                        [01;36m[K~^[m[K
[5.474s]       |                                                                         [01;36m[K|[m[K
[5.474s]       |                                                                         [01;36m[Kdouble[m[K
[5.475s]       |                                                                        [32m[K%d[m[K
[5.475s] In file included from [01m[K/opt/ros/humble/include/rclcpp/rclcpp/logging.hpp:24[m[K,
[5.475s]                  from [01m[K/opt/ros/humble/include/rclcpp/rclcpp/client.hpp:40[m[K,
[5.475s]                  from [01m[K/opt/ros/humble/include/rclcpp/rclcpp/callback_group.hpp:24[m[K,
[5.475s]                  from [01m[K/opt/ros/humble/include/rclcpp/rclcpp/node.hpp:40[m[K,
[5.476s]                  from [01m[K/home/bobo/ros2_ws/src/mr2_public/tug_turtlebot4/include/tug_turtlebot4/SimpleTurtleNode.hpp:7[m[K,
[5.476s]                  from [01m[K/home/bobo/ros2_ws/src/mr2_public/tug_turtlebot4/src/SimpleTurtleNode.cpp:1[m[K:
[5.476s] [01m[K/home/bobo/ros2_ws/src/mr2_public/tug_turtlebot4/src/SimpleTurtleNode.cpp:92:37:[m[K [01;35m[Kwarning: [m[Kformat â€˜[01m[K%f[m[Kâ€™ expects argument of type â€˜[01m[Kdouble[m[Kâ€™, but argument 6 has type â€˜[01m[Kint[m[Kâ€™ [[01;35m[K]8;;https://gcc.gnu.org/onlinedocs/gcc/Warning-Options.html#index-Wformat=-Wformat=]8;;[m[K]
[5.476s]    92 |     RCLCPP_INFO(this->get_logger(), [01;35m[K"disR = dist(%f) * odom_state.right(%f) = %f"[m[K, dist, [32m[Kodom_state.right[m[K, disR);
[5.476s]       |                                     [01;35m[K^~~~~~~~~~~~~~~~~~~~~~~~~~~~~~~~~~~~~~~~~~~~~[m[K        [32m[K~~~~~~~~~~~~~~~~[m[K
[5.476s]       |                                                                                                     [32m[K|[m[K
[5.477s]       |                                                                                                     [32m[Kint[m[K
[5.477s] [01m[K/home/bobo/ros2_ws/src/mr2_public/tug_turtlebot4/src/SimpleTurtleNode.cpp:92:74:[m[K [01;36m[Knote: [m[Kformat string is defined here
[5.477s]    92 |     RCLCPP_INFO(this->get_logger(), "disR = dist(%f) * odom_state.right([01;36m[K%f[m[K) = %f", dist, odom_state.right, disR);
[5.477s]       |                                                                         [01;36m[K~^[m[K
[5.477s]       |                                                                          [01;36m[K|[m[K
[5.477s]       |                                                                          [01;36m[Kdouble[m[K
[5.477s]       |                                                                         [32m[K%d[m[K
[5.478s] [01m[K/home/bobo/ros2_ws/src/mr2_public/tug_turtlebot4/src/SimpleTurtleNode.cpp:[m[K At global scope:
[5.478s] [01m[K/home/bobo/ros2_ws/src/mr2_public/tug_turtlebot4/src/SimpleTurtleNode.cpp:127:6:[m[K [01;31m[Kerror: [m[Kâ€˜[01m[KSimpleTurtleNode[m[Kâ€™ has not been declared
[5.478s]   127 | void [01;31m[KSimpleTurtleNode[m[K::poseCallback(const Pose& msg)
[5.478s]       |      [01;31m[K^~~~~~~~~~~~~~~~[m[K
[5.480s] [01m[K/home/bobo/ros2_ws/src/mr2_public/tug_turtlebot4/src/SimpleTurtleNode.cpp:127:43:[m[K [01;31m[Kerror: [m[Kâ€˜[01m[KPose[m[Kâ€™ does not name a type
[5.480s]   127 | void SimpleTurtleNode::poseCallback(const [01;31m[KPose[m[K& msg)
[5.480s]       |                                           [01;31m[K^~~~[m[K
[5.480s] [01m[K/home/bobo/ros2_ws/src/mr2_public/tug_turtlebot4/src/SimpleTurtleNode.cpp:[m[K In function â€˜[01m[Kvoid poseCallback(const int&)[m[Kâ€™:
[5.480s] [01m[K/home/bobo/ros2_ws/src/mr2_public/tug_turtlebot4/src/SimpleTurtleNode.cpp:127:49:[m[K [01;35m[Kwarning: [m[Kunused parameter â€˜[01m[Kmsg[m[Kâ€™ [[01;35m[K]8;;https://gcc.gnu.org/onlinedocs/gcc/Warning-Options.html#index-Wunused-parameter-Wunused-parameter]8;;[m[K]
[5.480s]   127 | void SimpleTurtleNode::poseCallback([01;35m[Kconst Pose& msg[m[K)
[5.481s]       |                                     [01;35m[K~~~~~~~~~~~~^~~[m[K
[5.481s] [01m[K/home/bobo/ros2_ws/src/mr2_public/tug_turtlebot4/src/SimpleTurtleNode.cpp:[m[K At global scope:
[5.481s] [01m[K/home/bobo/ros2_ws/src/mr2_public/tug_turtlebot4/src/SimpleTurtleNode.cpp:133:6:[m[K [01;31m[Kerror: [m[Kâ€˜[01m[KSimpleTurtleNode[m[Kâ€™ has not been declared
[5.481s]   133 | void [01;31m[KSimpleTurtleNode[m[K::publishTransform(
[5.481s]       |      [01;31m[K^~~~~~~~~~~~~~~~[m[K
[5.486s] [01m[K/home/bobo/ros2_ws/src/mr2_public/tug_turtlebot4/src/SimpleTurtleNode.cpp:[m[K In function â€˜[01m[Kvoid publishTransform(const tf2::Quaternion&, const tf2::Vector3&)[m[Kâ€™:
[5.486s] [01m[K/home/bobo/ros2_ws/src/mr2_public/tug_turtlebot4/src/SimpleTurtleNode.cpp:139:28:[m[K [01;31m[Kerror: [m[Kâ€˜[01m[Kget_clock[m[Kâ€™ was not declared in this scope
[5.486s]   139 |   transform.header.stamp = [01;31m[Kget_clock[m[K()->now();
[5.487s]       |                            [01;31m[K^~~~~~~~~[m[K
[5.495s] [01m[K/home/bobo/ros2_ws/src/mr2_public/tug_turtlebot4/src/SimpleTurtleNode.cpp:145:3:[m[K [01;31m[Kerror: [m[Kâ€˜[01m[Ktf_broadcaster_[m[Kâ€™ was not declared in this scope
[5.495s]   145 |   [01;31m[Ktf_broadcaster_[m[K->sendTransform(transform);
[5.495s]       |   [01;31m[K^~~~~~~~~~~~~~~[m[K
[5.495s] [01m[K/home/bobo/ros2_ws/src/mr2_public/tug_turtlebot4/src/SimpleTurtleNode.cpp:[m[K At global scope:
[5.495s] [01m[K/home/bobo/ros2_ws/src/mr2_public/tug_turtlebot4/src/SimpleTurtleNode.cpp:149:6:[m[K [01;31m[Kerror: [m[Kâ€˜[01m[KSimpleTurtleNode[m[Kâ€™ has not been declared
[5.496s]   149 | void [01;31m[KSimpleTurtleNode[m[K::step()
[5.496s]       |      [01;31m[K^~~~~~~~~~~~~~~~[m[K
[5.503s] [01m[K/home/bobo/ros2_ws/src/mr2_public/tug_turtlebot4/src/SimpleTurtleNode.cpp:[m[K In function â€˜[01m[Kvoid step()[m[Kâ€™:
[5.503s] [01m[K/home/bobo/ros2_ws/src/mr2_public/tug_turtlebot4/src/SimpleTurtleNode.cpp:153:14:[m[K [01;31m[Kerror: [m[Kâ€˜[01m[Kcmd_vel_msgs_[m[Kâ€™ was not declared in this scope
[5.503s]   153 |   if (step < [01;31m[Kcmd_vel_msgs_[m[K.size())
[5.503s]       |              [01;31m[K^~~~~~~~~~~~~[m[K
[5.509s] [01m[K/home/bobo/ros2_ws/src/mr2_public/tug_turtlebot4/src/SimpleTurtleNode.cpp:154:5:[m[K [01;31m[Kerror: [m[Kâ€˜[01m[Kcmd_vel_pub_[m[Kâ€™ was not declared in this scope
[5.509s]   154 |     [01;31m[Kcmd_vel_pub_[m[K->publish(cmd_vel_msgs_[step++]);
[5.509s]       |     [01;31m[K^~~~~~~~~~~~[m[K
[5.516s] [01m[K/home/bobo/ros2_ws/src/mr2_public/tug_turtlebot4/src/SimpleTurtleNode.cpp:157:5:[m[K [01;31m[Kerror: [m[Kâ€˜[01m[Kcmd_vel_pub_[m[Kâ€™ was not declared in this scope
[5.516s]   157 |     [01;31m[Kcmd_vel_pub_[m[K->publish(Twist());
[5.517s]       |     [01;31m[K^~~~~~~~~~~~[m[K
[5.517s] [01m[K/home/bobo/ros2_ws/src/mr2_public/tug_turtlebot4/src/SimpleTurtleNode.cpp:157:27:[m[K [01;31m[Kerror: [m[Kâ€˜[01m[KTwist[m[Kâ€™ was not declared in this scope
[5.517s]   157 |     cmd_vel_pub_->publish([01;31m[KTwist[m[K());
[5.517s]       |                           [01;31m[K^~~~~[m[K
[5.518s] [01m[K/home/bobo/ros2_ws/src/mr2_public/tug_turtlebot4/src/SimpleTurtleNode.cpp:157:27:[m[K [01;36m[Knote: [m[Ksuggested alternatives:
[5.518s] In file included from [01m[K/opt/ros/humble/include/tf2_geometry_msgs/tf2_geometry_msgs/tf2_geometry_msgs.hpp:54[m[K,
[5.518s]                  from [01m[K/home/bobo/ros2_ws/src/mr2_public/tug_turtlebot4/src/SimpleTurtleNode.cpp:9[m[K:
[5.518s] [01m[K/usr/include/kdl/frames.hpp:720:7:[m[K [01;36m[Knote: [m[K  â€˜[01m[KKDL::Twist[m[Kâ€™
[5.518s]   720 | class [01;36m[KTwist[m[K {
[5.518s]       |       [01;36m[K^~~~~[m[K
[5.518s] In file included from [01m[K/opt/ros/humble/include/geometry_msgs/geometry_msgs/msg/twist.hpp:7[m[K,
[5.518s]                  from [01m[K/home/bobo/ros2_ws/src/mr2_public/tug_turtlebot4/include/tug_turtlebot4/SimpleTurtleNode.hpp:16[m[K,
[5.519s]                  from [01m[K/home/bobo/ros2_ws/src/mr2_public/tug_turtlebot4/src/SimpleTurtleNode.cpp:1[m[K:
[5.519s] [01m[K/opt/ros/humble/include/geometry_msgs/geometry_msgs/msg/detail/twist__struct.hpp:134:7:[m[K [01;36m[Knote: [m[K  â€˜[01m[Kgeometry_msgs::msg::Twist[m[Kâ€™
[5.519s]   134 | using [01;36m[KTwist[m[K =
[5.519s]       |       [01;36m[K^~~~~[m[K
[5.519s] [01m[K/home/bobo/ros2_ws/src/mr2_public/tug_turtlebot4/src/SimpleTurtleNode.cpp:[m[K At global scope:
[5.519s] [01m[K/home/bobo/ros2_ws/src/mr2_public/tug_turtlebot4/src/SimpleTurtleNode.cpp:163:6:[m[K [01;31m[Kerror: [m[Kâ€˜[01m[KSimpleTurtleNode[m[Kâ€™ has not been declared
[5.519s]   163 | void [01;31m[KSimpleTurtleNode[m[K::initMotionPattern()
[5.519s]       |      [01;31m[K^~~~~~~~~~~~~~~~[m[K
[5.525s] [01m[K/home/bobo/ros2_ws/src/mr2_public/tug_turtlebot4/src/SimpleTurtleNode.cpp:[m[K In function â€˜[01m[Kvoid initMotionPattern()[m[Kâ€™:
[5.525s] [01m[K/home/bobo/ros2_ws/src/mr2_public/tug_turtlebot4/src/SimpleTurtleNode.cpp:166:3:[m[K [01;31m[Kerror: [m[Kâ€˜[01m[Kcmd_vel_msgs_[m[Kâ€™ was not declared in this scope
[5.525s]   166 |   [01;31m[Kcmd_vel_msgs_[m[K.push_back(Twist());
[5.525s]       |   [01;31m[K^~~~~~~~~~~~~[m[K
[5.526s] [01m[K/home/bobo/ros2_ws/src/mr2_public/tug_turtlebot4/src/SimpleTurtleNode.cpp:166:27:[m[K [01;31m[Kerror: [m[Kâ€˜[01m[KTwist[m[Kâ€™ was not declared in this scope
[5.526s]   166 |   cmd_vel_msgs_.push_back([01;31m[KTwist[m[K());
[5.526s]       |                           [01;31m[K^~~~~[m[K
[5.526s] [01m[K/home/bobo/ros2_ws/src/mr2_public/tug_turtlebot4/src/SimpleTurtleNode.cpp:166:27:[m[K [01;36m[Knote: [m[Ksuggested alternatives:
[5.526s] In file included from [01m[K/opt/ros/humble/include/tf2_geometry_msgs/tf2_geometry_msgs/tf2_geometry_msgs.hpp:54[m[K,
[5.527s]                  from [01m[K/home/bobo/ros2_ws/src/mr2_public/tug_turtlebot4/src/SimpleTurtleNode.cpp:9[m[K:
[5.527s] [01m[K/usr/include/kdl/frames.hpp:720:7:[m[K [01;36m[Knote: [m[K  â€˜[01m[KKDL::Twist[m[Kâ€™
[5.527s]   720 | class [01;36m[KTwist[m[K {
[5.527s]       |       [01;36m[K^~~~~[m[K
[5.527s] In file included from [01m[K/opt/ros/humble/include/geometry_msgs/geometry_msgs/msg/twist.hpp:7[m[K,
[5.527s]                  from [01m[K/home/bobo/ros2_ws/src/mr2_public/tug_turtlebot4/include/tug_turtlebot4/SimpleTurtleNode.hpp:16[m[K,
[5.527s]                  from [01m[K/home/bobo/ros2_ws/src/mr2_public/tug_turtlebot4/src/SimpleTurtleNode.cpp:1[m[K:
[5.527s] [01m[K/opt/ros/humble/include/geometry_msgs/geometry_msgs/msg/detail/twist__struct.hpp:134:7:[m[K [01;36m[Knote: [m[K  â€˜[01m[Kgeometry_msgs::msg::Twist[m[Kâ€™
[5.527s]   134 | using [01;36m[KTwist[m[K =
[5.527s]       |       [01;36m[K^~~~~[m[K
[5.527s] [01m[K/home/bobo/ros2_ws/src/mr2_public/tug_turtlebot4/src/SimpleTurtleNode.cpp:[m[K At global scope:
[5.528s] [01m[K/home/bobo/ros2_ws/src/mr2_public/tug_turtlebot4/src/SimpleTurtleNode.cpp:169:1:[m[K [01;31m[Kerror: [m[Kexpected declaration before â€˜[01m[K}[m[Kâ€™ token
[5.528s]   169 | [01;31m[K}[m[K /* namespace tug_turtlebot4 */
[5.528s]       | [01;31m[K^[m[K
[10.926s] gmake[2]: *** [CMakeFiles/simple_turtle.dir/build.make:90: CMakeFiles/simple_turtle.dir/src/SimpleTurtleNode.cpp.o] Error 1
[10.927s] gmake[1]: *** [CMakeFiles/Makefile2:167: CMakeFiles/simple_turtle.dir/all] Error 2
[10.927s] gmake: *** [Makefile:146: all] Error 2
[10.932s] Invoked command in '/home/bobo/ros2_ws/build/tug_turtlebot4' returned '2': CMAKE_PREFIX_PATH=/home/bobo/ros2_ws/install/tug_msgs:/home/bobo/ros2_ws/install/tug_turtlebot4:/home/bobo/ros2_ws/install/tug_stage_ros2:/home/bobo/ros2_ws/install/tug_mr2:/home/bobo/ros2_ws/install/ros2cpp_tutorials_service:/home/bobo/ros2_ws/install/ros2cpp_tutorials_publisher_subscriber:/home/bobo/ros2_ws/install/ros2cpp_tutorials_parameter:/home/bobo/ros2_ws/install/ros2cpp_tutorials_action:/home/bobo/ros2_ws/install/Eigen3:/opt/ros/humble LD_LIBRARY_PATH=/home/bobo/ros2_ws/install/tug_msgs/lib:/home/bobo/stg/lib:/home/bobo/ros2_ws/install/ros2cpp_tutorials_service/lib:/home/bobo/ros2_ws/install/ros2cpp_tutorials_action/lib:/opt/ros/humble/opt/rviz_ogre_vendor/lib:/opt/ros/humble/lib/x86_64-linux-gnu:/opt/ros/humble/lib /usr/bin/cmake --build /home/bobo/ros2_ws/build/tug_turtlebot4 -- -j8 -l8
