[0.017s] Invoking command in '/home/bobo/ros2_ws/build/tug_turtlebot4': CMAKE_PREFIX_PATH=/home/bobo/ros2_ws/install/tug_msgs:/home/bobo/ros2_ws/install/tug_turtlebot4:/home/bobo/ros2_ws/install/tug_stage_ros2:/home/bobo/ros2_ws/install/tug_mr2:/home/bobo/ros2_ws/install/ros2cpp_tutorials_service:/home/bobo/ros2_ws/install/ros2cpp_tutorials_publisher_subscriber:/home/bobo/ros2_ws/install/ros2cpp_tutorials_parameter:/home/bobo/ros2_ws/install/ros2cpp_tutorials_action:/home/bobo/ros2_ws/install/Eigen3:/opt/ros/humble LD_LIBRARY_PATH=/home/bobo/ros2_ws/install/tug_msgs/lib:/home/bobo/stg/lib:/home/bobo/ros2_ws/install/ros2cpp_tutorials_service/lib:/home/bobo/ros2_ws/install/ros2cpp_tutorials_action/lib:/opt/ros/humble/opt/rviz_ogre_vendor/lib:/opt/ros/humble/lib/x86_64-linux-gnu:/opt/ros/humble/lib /usr/bin/cmake --build /home/bobo/ros2_ws/build/tug_turtlebot4 -- -j8 -l8
[0.114s] [35m[1mConsolidate compiler generated dependencies of target slam[0m
[0.145s] [ 18%] Built target static_transform_publisher
[0.148s] [ 36%] Built target tug_wheel_encoder-system
[0.150s] [ 63%] Built target simple_turtle
[0.176s] [ 72%] [32mBuilding CXX object CMakeFiles/slam.dir/src/SlamNode.cpp.o[0m
[3.620s] In file included from [01m[K/opt/ros/humble/include/rclcpp/rclcpp/client.hpp:40[m[K,
[3.621s]                  from [01m[K/opt/ros/humble/include/rclcpp/rclcpp/callback_group.hpp:24[m[K,
[3.621s]                  from [01m[K/opt/ros/humble/include/rclcpp/rclcpp/node.hpp:40[m[K,
[3.621s]                  from [01m[K/home/bobo/ros2_ws/src/mr2_public/tug_turtlebot4/include/tug_turtlebot4/SlamNode.hpp:6[m[K,
[3.621s]                  from [01m[K/home/bobo/ros2_ws/src/mr2_public/tug_turtlebot4/src/SlamNode.cpp:1[m[K:
[3.621s] [01m[K/home/bobo/ros2_ws/src/mr2_public/tug_turtlebot4/src/SlamNode.cpp:[m[K In function â€˜[01m[Kvoid tug_turtlebot4::drawLineH(float, float, float, float, tug_turtlebot4::OccupancyGridMap*)[m[Kâ€™:
[3.621s] [01m[K/home/bobo/ros2_ws/src/mr2_public/tug_turtlebot4/src/SlamNode.cpp:72:29:[m[K [01;31m[Kerror: [m[Kâ€˜[01m[Kget_loggdbger[m[Kâ€™ is not a member of â€˜[01m[Krclcpp[m[Kâ€™; did you mean â€˜[01m[Kget_logger[m[Kâ€™?
[3.621s]    72 |         RCLCPP_WARN(rclcpp::[01;31m[Kget_loggdbger[m[K("slam_node"), "Cell value is infinite");
[3.621s]       |                             [01;31m[K^~~~~~~~~~~~~[m[K
[3.622s] [01m[K/home/bobo/ros2_ws/src/mr2_public/tug_turtlebot4/src/SlamNode.cpp:72:29:[m[K [01;31m[Kerror: [m[Kâ€˜[01m[Kget_loggdbger[m[Kâ€™ is not a member of â€˜[01m[Krclcpp[m[Kâ€™; did you mean â€˜[01m[Kget_logger[m[Kâ€™?
[3.622s] [01m[K/home/bobo/ros2_ws/src/mr2_public/tug_turtlebot4/src/SlamNode.cpp:72:9:[m[K [01;31m[Kerror: [m[Ktemplate argument 1 is invalid
[3.622s]    72 |         [01;31m[KRCLCPP_WARN[m[K(rclcpp::get_loggdbger("slam_node"), "Cell value is infinite");
[3.622s]       |         [01;31m[K^~~~~~~~~~~[m[K
[3.622s] [01m[K/home/bobo/ros2_ws/src/mr2_public/tug_turtlebot4/src/SlamNode.cpp:72:9:[m[K [01;31m[Kerror: [m[Ktemplate argument 1 is invalid
[3.622s]    72 |         [01;31m[KRCLCPP_WARN[m[K(rclcpp::get_loggdbger("slam_node"), "Cell value is infinite");
[3.622s]       |         [01;31m[K^~~~~~~~~~~[m[K
[3.622s] [01m[K/home/bobo/ros2_ws/src/mr2_public/tug_turtlebot4/src/SlamNode.cpp:72:9:[m[K [01;31m[Kerror: [m[Ktemplate argument 1 is invalid
[3.622s]    72 |         [01;31m[KRCLCPP_WARN[m[K(rclcpp::get_loggdbger("slam_node"), "Cell value is infinite");
[3.623s]       |         [01;31m[K^~~~~~~~~~~[m[K
[3.623s] In file included from [01m[K/opt/ros/humble/include/rclcpp/rclcpp/logging.hpp:24[m[K,
[3.623s]                  from [01m[K/opt/ros/humble/include/rclcpp/rclcpp/client.hpp:40[m[K,
[3.623s]                  from [01m[K/opt/ros/humble/include/rclcpp/rclcpp/callback_group.hpp:24[m[K,
[3.623s]                  from [01m[K/opt/ros/humble/include/rclcpp/rclcpp/node.hpp:40[m[K,
[3.623s]                  from [01m[K/home/bobo/ros2_ws/src/mr2_public/tug_turtlebot4/include/tug_turtlebot4/SlamNode.hpp:6[m[K,
[3.623s]                  from [01m[K/home/bobo/ros2_ws/src/mr2_public/tug_turtlebot4/src/SlamNode.cpp:1[m[K:
[3.623s] [01m[K/home/bobo/ros2_ws/src/mr2_public/tug_turtlebot4/src/SlamNode.cpp:72:29:[m[K [01;31m[Kerror: [m[Kâ€˜[01m[Kget_loggdbger[m[Kâ€™ is not a member of â€˜[01m[Krclcpp[m[Kâ€™; did you mean â€˜[01m[Kget_logger[m[Kâ€™?
[3.623s]    72 |         RCLCPP_WARN(rclcpp::[01;31m[Kget_loggdbger[m[K("slam_node"), "Cell value is infinite");
[3.624s]       |                             [01;31m[K^~~~~~~~~~~~~[m[K
[3.624s] [01m[K/home/bobo/ros2_ws/src/mr2_public/tug_turtlebot4/src/SlamNode.cpp:72:29:[m[K [01;31m[Kerror: [m[Kâ€˜[01m[Kget_loggdbger[m[Kâ€™ is not a member of â€˜[01m[Krclcpp[m[Kâ€™; did you mean â€˜[01m[Kget_logger[m[Kâ€™?
[3.624s]    72 |         RCLCPP_WARN(rclcpp::[01;31m[Kget_loggdbger[m[K("slam_node"), "Cell value is infinite");
[3.624s]       |                             [01;31m[K^~~~~~~~~~~~~[m[K
[7.864s] gmake[2]: *** [CMakeFiles/slam.dir/build.make:90: CMakeFiles/slam.dir/src/SlamNode.cpp.o] Error 1
[7.865s] gmake[1]: *** [CMakeFiles/Makefile2:195: CMakeFiles/slam.dir/all] Error 2
[7.865s] gmake: *** [Makefile:146: all] Error 2
[7.868s] Invoked command in '/home/bobo/ros2_ws/build/tug_turtlebot4' returned '2': CMAKE_PREFIX_PATH=/home/bobo/ros2_ws/install/tug_msgs:/home/bobo/ros2_ws/install/tug_turtlebot4:/home/bobo/ros2_ws/install/tug_stage_ros2:/home/bobo/ros2_ws/install/tug_mr2:/home/bobo/ros2_ws/install/ros2cpp_tutorials_service:/home/bobo/ros2_ws/install/ros2cpp_tutorials_publisher_subscriber:/home/bobo/ros2_ws/install/ros2cpp_tutorials_parameter:/home/bobo/ros2_ws/install/ros2cpp_tutorials_action:/home/bobo/ros2_ws/install/Eigen3:/opt/ros/humble LD_LIBRARY_PATH=/home/bobo/ros2_ws/install/tug_msgs/lib:/home/bobo/stg/lib:/home/bobo/ros2_ws/install/ros2cpp_tutorials_service/lib:/home/bobo/ros2_ws/install/ros2cpp_tutorials_action/lib:/opt/ros/humble/opt/rviz_ogre_vendor/lib:/opt/ros/humble/lib/x86_64-linux-gnu:/opt/ros/humble/lib /usr/bin/cmake --build /home/bobo/ros2_ws/build/tug_turtlebot4 -- -j8 -l8
