[35m[1mConsolidate compiler generated dependencies of target simple_turtle[0m
[ 28%] Built target static_transform_publisher
[ 57%] Built target tug_wheel_encoder-system
[ 71%] [32mBuilding CXX object CMakeFiles/simple_turtle.dir/src/SimpleTurtleNode.cpp.o[0m
[01m[K/home/bobo/ros2_ws/src/mr2_public/tug_turtlebot4/src/SimpleTurtleNode.cpp:116:6:[m[K [01;31m[Kerror: [m[Kno declaration matches â€˜[01m[Kvoid tug_turtlebot4::SimpleTurtleNode::wheelEncoderCallback2(const ConstSharedPtr&)[m[Kâ€™
  116 | void [01;31m[KSimpleTurtleNode[m[K::wheelEncoderCallback2(
      |      [01;31m[K^~~~~~~~~~~~~~~~[m[K
[01m[K/home/bobo/ros2_ws/src/mr2_public/tug_turtlebot4/src/SimpleTurtleNode.cpp:116:6:[m[K [01;36m[Knote: [m[Kno functions named â€˜[01m[Kvoid tug_turtlebot4::SimpleTurtleNode::wheelEncoderCallback2(const ConstSharedPtr&)[m[Kâ€™
In file included from [01m[K/home/bobo/ros2_ws/src/mr2_public/tug_turtlebot4/src/SimpleTurtleNode.cpp:1[m[K:
[01m[K/home/bobo/ros2_ws/src/mr2_public/tug_turtlebot4/include/tug_turtlebot4/SimpleTurtleNode.hpp:22:7:[m[K [01;36m[Knote: [m[Kâ€˜[01m[Kclass tug_turtlebot4::SimpleTurtleNode[m[Kâ€™ defined here
   22 | class [01;36m[KSimpleTurtleNode[m[K : public rclcpp::Node
      |       [01;36m[K^~~~~~~~~~~~~~~~[m[K
[01m[K/home/bobo/ros2_ws/src/mr2_public/tug_turtlebot4/src/SimpleTurtleNode.cpp:117:9:[m[K [01;31m[Kerror: [m[Kâ€˜[01m[Kusing WheelEncoder = using WheelEncoder = struct tug_msgs::msg::WheelEncoder_<std::allocator<void> >[m[Kâ€™ is private within this context
  117 |   const [01;31m[KWheelEncoder[m[K::ConstSharedPtr& msg
      |         [01;31m[K^~~~~~~~~~~~[m[K
In file included from [01m[K/home/bobo/ros2_ws/src/mr2_public/tug_turtlebot4/src/SimpleTurtleNode.cpp:1[m[K:
[01m[K/home/bobo/ros2_ws/src/mr2_public/tug_turtlebot4/include/tug_turtlebot4/SimpleTurtleNode.hpp:29:11:[m[K [01;36m[Knote: [m[Kdeclared private here
   29 |     using [01;36m[KWheelEncoder[m[K = tug_msgs::msg::WheelEncoder;
      |           [01;36m[K^~~~~~~~~~~~[m[K
[01m[K/home/bobo/ros2_ws/src/mr2_public/tug_turtlebot4/src/SimpleTurtleNode.cpp:[m[K In member function â€˜[01m[Kvoid tug_turtlebot4::SimpleTurtleNode::poseCallback(const Pose&)[m[Kâ€™:
[01m[K/home/bobo/ros2_ws/src/mr2_public/tug_turtlebot4/src/SimpleTurtleNode.cpp:179:49:[m[K [01;35m[Kwarning: [m[Kunused parameter â€˜[01m[Kmsg[m[Kâ€™ [[01;35m[K]8;;https://gcc.gnu.org/onlinedocs/gcc/Warning-Options.html#index-Wunused-parameter-Wunused-parameter]8;;[m[K]
  179 | void SimpleTurtleNode::poseCallback([01;35m[Kconst Pose& msg[m[K)
      |                                     [01;35m[K~~~~~~~~~~~~^~~[m[K
gmake[2]: *** [CMakeFiles/simple_turtle.dir/build.make:90: CMakeFiles/simple_turtle.dir/src/SimpleTurtleNode.cpp.o] Error 1
gmake[1]: *** [CMakeFiles/Makefile2:167: CMakeFiles/simple_turtle.dir/all] Error 2
gmake: *** [Makefile:146: all] Error 2
