[0.031s] Invoking command in '/home/bobo/ros2_ws/build/tug_turtlebot4': CMAKE_PREFIX_PATH=/home/bobo/ros2_ws/install/tug_msgs:/home/bobo/ros2_ws/install/tug_turtlebot4:/home/bobo/ros2_ws/install/tug_stage_ros2:/home/bobo/ros2_ws/install/tug_mr2:/home/bobo/ros2_ws/install/ros2cpp_tutorials_service:/home/bobo/ros2_ws/install/ros2cpp_tutorials_publisher_subscriber:/home/bobo/ros2_ws/install/ros2cpp_tutorials_parameter:/home/bobo/ros2_ws/install/ros2cpp_tutorials_action:/home/bobo/ros2_ws/install/Eigen3:/opt/ros/humble LD_LIBRARY_PATH=/home/bobo/ros2_ws/install/tug_msgs/lib:/home/bobo/stg/lib:/home/bobo/ros2_ws/install/ros2cpp_tutorials_service/lib:/home/bobo/ros2_ws/install/ros2cpp_tutorials_action/lib:/opt/ros/humble/opt/rviz_ogre_vendor/lib:/opt/ros/humble/lib/x86_64-linux-gnu:/opt/ros/humble/lib /usr/bin/cmake --build /home/bobo/ros2_ws/build/tug_turtlebot4 -- -j8 -l8
[0.136s] [35m[1mConsolidate compiler generated dependencies of target slam[0m
[0.155s] [ 18%] Built target static_transform_publisher
[0.162s] [ 36%] Built target tug_wheel_encoder-system
[0.176s] [ 63%] Built target simple_turtle
[0.187s] [ 72%] [32mBuilding CXX object CMakeFiles/slam.dir/src/SlamNode.cpp.o[0m
[5.104s] In file included from [01m[K/opt/ros/humble/include/rclcpp/rclcpp/client.hpp:40[m[K,
[5.104s]                  from [01m[K/opt/ros/humble/include/rclcpp/rclcpp/callback_group.hpp:24[m[K,
[5.104s]                  from [01m[K/opt/ros/humble/include/rclcpp/rclcpp/node.hpp:40[m[K,
[5.104s]                  from [01m[K/home/bobo/ros2_ws/src/mr2_public/tug_turtlebot4/include/tug_turtlebot4/SlamNode.hpp:6[m[K,
[5.104s]                  from [01m[K/home/bobo/ros2_ws/src/mr2_public/tug_turtlebot4/src/SlamNode.cpp:1[m[K:
[5.105s] [01m[K/home/bobo/ros2_ws/src/mr2_public/tug_turtlebot4/src/SlamNode.cpp:[m[K In function â€˜[01m[Kvoid tug_turtlebot4::drawLineV(double, double, double, double, std::vector<std::pair<double, double> >&)[m[Kâ€™:
[5.105s] [01m[K/home/bobo/ros2_ws/src/mr2_public/tug_turtlebot4/src/SlamNode.cpp:93:17:[m[K [01;31m[Kerror: [m[Kâ€˜[01m[Klogger[m[Kâ€™ was not declared in this scope
[5.105s]    93 |     RCLCPP_INFO([01;31m[Klogger[m[K, "Initial Values:");
[5.105s]       |                 [01;31m[K^~~~~~[m[K
[5.105s] [01m[K/home/bobo/ros2_ws/src/mr2_public/tug_turtlebot4/src/SlamNode.cpp:93:5:[m[K [01;31m[Kerror: [m[Ktemplate argument 1 is invalid
[5.105s]    93 |     [01;31m[KRCLCPP_INFO[m[K(logger, "Initial Values:");
[5.105s]       |     [01;31m[K^~~~~~~~~~~[m[K
[5.105s] [01m[K/home/bobo/ros2_ws/src/mr2_public/tug_turtlebot4/src/SlamNode.cpp:93:5:[m[K [01;31m[Kerror: [m[Ktemplate argument 1 is invalid
[5.105s]    93 |     [01;31m[KRCLCPP_INFO[m[K(logger, "Initial Values:");
[5.105s]       |     [01;31m[K^~~~~~~~~~~[m[K
[5.105s] [01m[K/home/bobo/ros2_ws/src/mr2_public/tug_turtlebot4/src/SlamNode.cpp:93:5:[m[K [01;31m[Kerror: [m[Ktemplate argument 1 is invalid
[5.105s]    93 |     [01;31m[KRCLCPP_INFO[m[K(logger, "Initial Values:");
[5.105s]       |     [01;31m[K^~~~~~~~~~~[m[K
[5.108s] [01m[K/home/bobo/ros2_ws/src/mr2_public/tug_turtlebot4/src/SlamNode.cpp:94:17:[m[K [01;31m[Kerror: [m[Kâ€˜[01m[Klogger[m[Kâ€™ was not declared in this scope
[5.109s]    94 |     RCLCPP_INFO([01;31m[Klogger[m[K, "x0: %f, y0: %f, x1: %f, y1: %f", x0, y0, x1, y1);
[5.109s]       |                 [01;31m[K^~~~~~[m[K
[5.109s] [01m[K/home/bobo/ros2_ws/src/mr2_public/tug_turtlebot4/src/SlamNode.cpp:94:5:[m[K [01;31m[Kerror: [m[Ktemplate argument 1 is invalid
[5.109s]    94 |     [01;31m[KRCLCPP_INFO[m[K(logger, "x0: %f, y0: %f, x1: %f, y1: %f", x0, y0, x1, y1);
[5.110s]       |     [01;31m[K^~~~~~~~~~~[m[K
[5.110s] [01m[K/home/bobo/ros2_ws/src/mr2_public/tug_turtlebot4/src/SlamNode.cpp:94:5:[m[K [01;31m[Kerror: [m[Ktemplate argument 1 is invalid
[5.110s]    94 |     [01;31m[KRCLCPP_INFO[m[K(logger, "x0: %f, y0: %f, x1: %f, y1: %f", x0, y0, x1, y1);
[5.110s]       |     [01;31m[K^~~~~~~~~~~[m[K
[5.110s] [01m[K/home/bobo/ros2_ws/src/mr2_public/tug_turtlebot4/src/SlamNode.cpp:94:5:[m[K [01;31m[Kerror: [m[Ktemplate argument 1 is invalid
[5.110s]    94 |     [01;31m[KRCLCPP_INFO[m[K(logger, "x0: %f, y0: %f, x1: %f, y1: %f", x0, y0, x1, y1);
[5.110s]       |     [01;31m[K^~~~~~~~~~~[m[K
[5.115s] [01m[K/home/bobo/ros2_ws/src/mr2_public/tug_turtlebot4/src/SlamNode.cpp:95:17:[m[K [01;31m[Kerror: [m[Kâ€˜[01m[Klogger[m[Kâ€™ was not declared in this scope
[5.116s]    95 |     RCLCPP_INFO([01;31m[Klogger[m[K, "dx: %f, dy: %f, direction: %d", dx, dy, dir);
[5.116s]       |                 [01;31m[K^~~~~~[m[K
[5.116s] [01m[K/home/bobo/ros2_ws/src/mr2_public/tug_turtlebot4/src/SlamNode.cpp:95:5:[m[K [01;31m[Kerror: [m[Ktemplate argument 1 is invalid
[5.116s]    95 |     [01;31m[KRCLCPP_INFO[m[K(logger, "dx: %f, dy: %f, direction: %d", dx, dy, dir);
[5.116s]       |     [01;31m[K^~~~~~~~~~~[m[K
[5.116s] [01m[K/home/bobo/ros2_ws/src/mr2_public/tug_turtlebot4/src/SlamNode.cpp:95:5:[m[K [01;31m[Kerror: [m[Ktemplate argument 1 is invalid
[5.116s]    95 |     [01;31m[KRCLCPP_INFO[m[K(logger, "dx: %f, dy: %f, direction: %d", dx, dy, dir);
[5.116s]       |     [01;31m[K^~~~~~~~~~~[m[K
[5.116s] [01m[K/home/bobo/ros2_ws/src/mr2_public/tug_turtlebot4/src/SlamNode.cpp:95:5:[m[K [01;31m[Kerror: [m[Ktemplate argument 1 is invalid
[5.116s]    95 |     [01;31m[KRCLCPP_INFO[m[K(logger, "dx: %f, dy: %f, direction: %d", dx, dy, dir);
[5.117s]       |     [01;31m[K^~~~~~~~~~~[m[K
[5.121s] [01m[K/home/bobo/ros2_ws/src/mr2_public/tug_turtlebot4/src/SlamNode.cpp:102:21:[m[K [01;31m[Kerror: [m[Kâ€˜[01m[Klogger[m[Kâ€™ was not declared in this scope
[5.121s]   102 |         RCLCPP_INFO([01;31m[Klogger[m[K, "Starting Line Drawing:");
[5.121s]       |                     [01;31m[K^~~~~~[m[K
[5.121s] [01m[K/home/bobo/ros2_ws/src/mr2_public/tug_turtlebot4/src/SlamNode.cpp:102:9:[m[K [01;31m[Kerror: [m[Ktemplate argument 1 is invalid
[5.121s]   102 |         [01;31m[KRCLCPP_INFO[m[K(logger, "Starting Line Drawing:");
[5.122s]       |         [01;31m[K^~~~~~~~~~~[m[K
[5.122s] [01m[K/home/bobo/ros2_ws/src/mr2_public/tug_turtlebot4/src/SlamNode.cpp:102:9:[m[K [01;31m[Kerror: [m[Ktemplate argument 1 is invalid
[5.122s]   102 |         [01;31m[KRCLCPP_INFO[m[K(logger, "Starting Line Drawing:");
[5.122s]       |         [01;31m[K^~~~~~~~~~~[m[K
[5.122s] [01m[K/home/bobo/ros2_ws/src/mr2_public/tug_turtlebot4/src/SlamNode.cpp:102:9:[m[K [01;31m[Kerror: [m[Ktemplate argument 1 is invalid
[5.122s]   102 |         [01;31m[KRCLCPP_INFO[m[K(logger, "Starting Line Drawing:");
[5.122s]       |         [01;31m[K^~~~~~~~~~~[m[K
[5.132s] [01m[K/home/bobo/ros2_ws/src/mr2_public/tug_turtlebot4/src/SlamNode.cpp:109:25:[m[K [01;31m[Kerror: [m[Kâ€˜[01m[Kget_logger[m[Kâ€™ was not declared in this scope; did you mean â€˜[01m[Krclcpp::get_logger[m[Kâ€™?
[5.133s]   109 |             RCLCPP_INFO([01;31m[Kget_logger[m[K(), "Step i: %f", i);
[5.133s]       |                         [01;31m[K^~~~~~~~~~[m[K
[5.133s] In file included from [01m[K/opt/ros/humble/include/rclcpp/rclcpp/logging.hpp:23[m[K,
[5.133s]                  from [01m[K/opt/ros/humble/include/rclcpp/rclcpp/client.hpp:40[m[K,
[5.133s]                  from [01m[K/opt/ros/humble/include/rclcpp/rclcpp/callback_group.hpp:24[m[K,
[5.134s]                  from [01m[K/opt/ros/humble/include/rclcpp/rclcpp/node.hpp:40[m[K,
[5.134s]                  from [01m[K/home/bobo/ros2_ws/src/mr2_public/tug_turtlebot4/include/tug_turtlebot4/SlamNode.hpp:6[m[K,
[5.134s]                  from [01m[K/home/bobo/ros2_ws/src/mr2_public/tug_turtlebot4/src/SlamNode.cpp:1[m[K:
[5.134s] [01m[K/opt/ros/humble/include/rclcpp/rclcpp/logger.hpp:106:17:[m[K [01;36m[Knote: [m[Kâ€˜[01m[Krclcpp::get_logger[m[Kâ€™ declared here
[5.134s]   106 |   friend Logger [01;36m[Krclcpp[m[K::get_logger(const std::string & name);
[5.135s]       |                 [01;36m[K^~~~~~[m[K
[5.135s] In file included from [01m[K/opt/ros/humble/include/rclcpp/rclcpp/client.hpp:40[m[K,
[5.135s]                  from [01m[K/opt/ros/humble/include/rclcpp/rclcpp/callback_group.hpp:24[m[K,
[5.135s]                  from [01m[K/opt/ros/humble/include/rclcpp/rclcpp/node.hpp:40[m[K,
[5.136s]                  from [01m[K/home/bobo/ros2_ws/src/mr2_public/tug_turtlebot4/include/tug_turtlebot4/SlamNode.hpp:6[m[K,
[5.136s]                  from [01m[K/home/bobo/ros2_ws/src/mr2_public/tug_turtlebot4/src/SlamNode.cpp:1[m[K:
[5.136s] [01m[K/home/bobo/ros2_ws/src/mr2_public/tug_turtlebot4/src/SlamNode.cpp:109:13:[m[K [01;31m[Kerror: [m[Ktemplate argument 1 is invalid
[5.137s]   109 |             [01;31m[KRCLCPP_INFO[m[K(get_logger(), "Step i: %f", i);
[5.137s]       |             [01;31m[K^~~~~~~~~~~[m[K
[5.137s] [01m[K/home/bobo/ros2_ws/src/mr2_public/tug_turtlebot4/src/SlamNode.cpp:109:13:[m[K [01;31m[Kerror: [m[Ktemplate argument 1 is invalid
[5.137s]   109 |             [01;31m[KRCLCPP_INFO[m[K(get_logger(), "Step i: %f", i);
[5.137s]       |             [01;31m[K^~~~~~~~~~~[m[K
[5.138s] [01m[K/home/bobo/ros2_ws/src/mr2_public/tug_turtlebot4/src/SlamNode.cpp:109:13:[m[K [01;31m[Kerror: [m[Ktemplate argument 1 is invalid
[5.138s]   109 |             [01;31m[KRCLCPP_INFO[m[K(get_logger(), "Step i: %f", i);
[5.138s]       |             [01;31m[K^~~~~~~~~~~[m[K
[5.138s] [01m[K/home/bobo/ros2_ws/src/mr2_public/tug_turtlebot4/src/SlamNode.cpp:110:25:[m[K [01;31m[Kerror: [m[Kâ€˜[01m[Kget_logger[m[Kâ€™ was not declared in this scope; did you mean â€˜[01m[Krclcpp::get_logger[m[Kâ€™?
[5.138s]   110 |             RCLCPP_INFO([01;31m[Kget_logger[m[K(), "Current Point: (%f, %f)", x, y0 + i);
[5.139s]       |                         [01;31m[K^~~~~~~~~~[m[K
[5.139s] In file included from [01m[K/opt/ros/humble/include/rclcpp/rclcpp/logging.hpp:23[m[K,
[5.139s]                  from [01m[K/opt/ros/humble/include/rclcpp/rclcpp/client.hpp:40[m[K,
[5.139s]                  from [01m[K/opt/ros/humble/include/rclcpp/rclcpp/callback_group.hpp:24[m[K,
[5.140s]                  from [01m[K/opt/ros/humble/include/rclcpp/rclcpp/node.hpp:40[m[K,
[5.140s]                  from [01m[K/home/bobo/ros2_ws/src/mr2_public/tug_turtlebot4/include/tug_turtlebot4/SlamNode.hpp:6[m[K,
[5.140s]                  from [01m[K/home/bobo/ros2_ws/src/mr2_public/tug_turtlebot4/src/SlamNode.cpp:1[m[K:
[5.140s] [01m[K/opt/ros/humble/include/rclcpp/rclcpp/logger.hpp:106:17:[m[K [01;36m[Knote: [m[Kâ€˜[01m[Krclcpp::get_logger[m[Kâ€™ declared here
[5.141s]   106 |   friend Logger [01;36m[Krclcpp[m[K::get_logger(const std::string & name);
[5.141s]       |                 [01;36m[K^~~~~~[m[K
[5.141s] In file included from [01m[K/opt/ros/humble/include/rclcpp/rclcpp/client.hpp:40[m[K,
[5.141s]                  from [01m[K/opt/ros/humble/include/rclcpp/rclcpp/callback_group.hpp:24[m[K,
[5.141s]                  from [01m[K/opt/ros/humble/include/rclcpp/rclcpp/node.hpp:40[m[K,
[5.142s]                  from [01m[K/home/bobo/ros2_ws/src/mr2_public/tug_turtlebot4/include/tug_turtlebot4/SlamNode.hpp:6[m[K,
[5.142s]                  from [01m[K/home/bobo/ros2_ws/src/mr2_public/tug_turtlebot4/src/SlamNode.cpp:1[m[K:
[5.142s] [01m[K/home/bobo/ros2_ws/src/mr2_public/tug_turtlebot4/src/SlamNode.cpp:110:13:[m[K [01;31m[Kerror: [m[Ktemplate argument 1 is invalid
[5.142s]   110 |             [01;31m[KRCLCPP_INFO[m[K(get_logger(), "Current Point: (%f, %f)", x, y0 + i);
[5.142s]       |             [01;31m[K^~~~~~~~~~~[m[K
[5.142s] [01m[K/home/bobo/ros2_ws/src/mr2_public/tug_turtlebot4/src/SlamNode.cpp:110:13:[m[K [01;31m[Kerror: [m[Ktemplate argument 1 is invalid
[5.143s]   110 |             [01;31m[KRCLCPP_INFO[m[K(get_logger(), "Current Point: (%f, %f)", x, y0 + i);
[5.143s]       |             [01;31m[K^~~~~~~~~~~[m[K
[5.143s] [01m[K/home/bobo/ros2_ws/src/mr2_public/tug_turtlebot4/src/SlamNode.cpp:110:13:[m[K [01;31m[Kerror: [m[Ktemplate argument 1 is invalid
[5.143s]   110 |             [01;31m[KRCLCPP_INFO[m[K(get_logger(), "Current Point: (%f, %f)", x, y0 + i);
[5.144s]       |             [01;31m[K^~~~~~~~~~~[m[K
[5.144s] [01m[K/home/bobo/ros2_ws/src/mr2_public/tug_turtlebot4/src/SlamNode.cpp:111:25:[m[K [01;31m[Kerror: [m[Kâ€˜[01m[Kget_logger[m[Kâ€™ was not declared in this scope; did you mean â€˜[01m[Krclcpp::get_logger[m[Kâ€™?
[5.144s]   111 |             RCLCPP_INFO([01;31m[Kget_logger[m[K(), "p: %f", p);
[5.145s]       |                         [01;31m[K^~~~~~~~~~[m[K
[5.145s] In file included from [01m[K/opt/ros/humble/include/rclcpp/rclcpp/logging.hpp:23[m[K,
[5.145s]                  from [01m[K/opt/ros/humble/include/rclcpp/rclcpp/client.hpp:40[m[K,
[5.145s]                  from [01m[K/opt/ros/humble/include/rclcpp/rclcpp/callback_group.hpp:24[m[K,
[5.145s]                  from [01m[K/opt/ros/humble/include/rclcpp/rclcpp/node.hpp:40[m[K,
[5.146s]                  from [01m[K/home/bobo/ros2_ws/src/mr2_public/tug_turtlebot4/include/tug_turtlebot4/SlamNode.hpp:6[m[K,
[5.146s]                  from [01m[K/home/bobo/ros2_ws/src/mr2_public/tug_turtlebot4/src/SlamNode.cpp:1[m[K:
[5.146s] [01m[K/opt/ros/humble/include/rclcpp/rclcpp/logger.hpp:106:17:[m[K [01;36m[Knote: [m[Kâ€˜[01m[Krclcpp::get_logger[m[Kâ€™ declared here
[5.146s]   106 |   friend Logger [01;36m[Krclcpp[m[K::get_logger(const std::string & name);
[5.146s]       |                 [01;36m[K^~~~~~[m[K
[5.146s] In file included from [01m[K/opt/ros/humble/include/rclcpp/rclcpp/client.hpp:40[m[K,
[5.147s]                  from [01m[K/opt/ros/humble/include/rclcpp/rclcpp/callback_group.hpp:24[m[K,
[5.147s]                  from [01m[K/opt/ros/humble/include/rclcpp/rclcpp/node.hpp:40[m[K,
[5.147s]                  from [01m[K/home/bobo/ros2_ws/src/mr2_public/tug_turtlebot4/include/tug_turtlebot4/SlamNode.hpp:6[m[K,
[5.147s]                  from [01m[K/home/bobo/ros2_ws/src/mr2_public/tug_turtlebot4/src/SlamNode.cpp:1[m[K:
[5.147s] [01m[K/home/bobo/ros2_ws/src/mr2_public/tug_turtlebot4/src/SlamNode.cpp:111:13:[m[K [01;31m[Kerror: [m[Ktemplate argument 1 is invalid
[5.147s]   111 |             [01;31m[KRCLCPP_INFO[m[K(get_logger(), "p: %f", p);
[5.148s]       |             [01;31m[K^~~~~~~~~~~[m[K
[5.148s] [01m[K/home/bobo/ros2_ws/src/mr2_public/tug_turtlebot4/src/SlamNode.cpp:111:13:[m[K [01;31m[Kerror: [m[Ktemplate argument 1 is invalid
[5.148s]   111 |             [01;31m[KRCLCPP_INFO[m[K(get_logger(), "p: %f", p);
[5.148s]       |             [01;31m[K^~~~~~~~~~~[m[K
[5.148s] [01m[K/home/bobo/ros2_ws/src/mr2_public/tug_turtlebot4/src/SlamNode.cpp:111:13:[m[K [01;31m[Kerror: [m[Ktemplate argument 1 is invalid
[5.149s]   111 |             [01;31m[KRCLCPP_INFO[m[K(get_logger(), "p: %f", p);
[5.149s]       |             [01;31m[K^~~~~~~~~~~[m[K
[5.149s] [01m[K/home/bobo/ros2_ws/src/mr2_public/tug_turtlebot4/src/SlamNode.cpp:116:29:[m[K [01;31m[Kerror: [m[Kâ€˜[01m[Kget_logger[m[Kâ€™ was not declared in this scope; did you mean â€˜[01m[Krclcpp::get_logger[m[Kâ€™?
[5.149s]   116 |                 RCLCPP_INFO([01;31m[Kget_logger[m[K(), "x incremented to: %f", x);
[5.149s]       |                             [01;31m[K^~~~~~~~~~[m[K
[5.149s] In file included from [01m[K/opt/ros/humble/include/rclcpp/rclcpp/logging.hpp:23[m[K,
[5.150s]                  from [01m[K/opt/ros/humble/include/rclcpp/rclcpp/client.hpp:40[m[K,
[5.150s]                  from [01m[K/opt/ros/humble/include/rclcpp/rclcpp/callback_group.hpp:24[m[K,
[5.150s]                  from [01m[K/opt/ros/humble/include/rclcpp/rclcpp/node.hpp:40[m[K,
[5.150s]                  from [01m[K/home/bobo/ros2_ws/src/mr2_public/tug_turtlebot4/include/tug_turtlebot4/SlamNode.hpp:6[m[K,
[5.150s]                  from [01m[K/home/bobo/ros2_ws/src/mr2_public/tug_turtlebot4/src/SlamNode.cpp:1[m[K:
[5.150s] [01m[K/opt/ros/humble/include/rclcpp/rclcpp/logger.hpp:106:17:[m[K [01;36m[Knote: [m[Kâ€˜[01m[Krclcpp::get_logger[m[Kâ€™ declared here
[5.151s]   106 |   friend Logger [01;36m[Krclcpp[m[K::get_logger(const std::string & name);
[5.151s]       |                 [01;36m[K^~~~~~[m[K
[5.151s] In file included from [01m[K/opt/ros/humble/include/rclcpp/rclcpp/client.hpp:40[m[K,
[5.151s]                  from [01m[K/opt/ros/humble/include/rclcpp/rclcpp/callback_group.hpp:24[m[K,
[5.151s]                  from [01m[K/opt/ros/humble/include/rclcpp/rclcpp/node.hpp:40[m[K,
[5.151s]                  from [01m[K/home/bobo/ros2_ws/src/mr2_public/tug_turtlebot4/include/tug_turtlebot4/SlamNode.hpp:6[m[K,
[5.152s]                  from [01m[K/home/bobo/ros2_ws/src/mr2_public/tug_turtlebot4/src/SlamNode.cpp:1[m[K:
[5.152s] [01m[K/home/bobo/ros2_ws/src/mr2_public/tug_turtlebot4/src/SlamNode.cpp:116:17:[m[K [01;31m[Kerror: [m[Ktemplate argument 1 is invalid
[5.152s]   116 |                 [01;31m[KRCLCPP_INFO[m[K(get_logger(), "x incremented to: %f", x);
[5.152s]       |                 [01;31m[K^~~~~~~~~~~[m[K
[5.152s] [01m[K/home/bobo/ros2_ws/src/mr2_public/tug_turtlebot4/src/SlamNode.cpp:116:17:[m[K [01;31m[Kerror: [m[Ktemplate argument 1 is invalid
[5.152s]   116 |                 [01;31m[KRCLCPP_INFO[m[K(get_logger(), "x incremented to: %f", x);
[5.153s]       |                 [01;31m[K^~~~~~~~~~~[m[K
[5.153s] [01m[K/home/bobo/ros2_ws/src/mr2_public/tug_turtlebot4/src/SlamNode.cpp:116:17:[m[K [01;31m[Kerror: [m[Ktemplate argument 1 is invalid
[5.153s]   116 |                 [01;31m[KRCLCPP_INFO[m[K(get_logger(), "x incremented to: %f", x);
[5.153s]       |                 [01;31m[K^~~~~~~~~~~[m[K
[5.153s] [01m[K/home/bobo/ros2_ws/src/mr2_public/tug_turtlebot4/src/SlamNode.cpp:120:25:[m[K [01;31m[Kerror: [m[Kâ€˜[01m[Kget_logger[m[Kâ€™ was not declared in this scope; did you mean â€˜[01m[Krclcpp::get_logger[m[Kâ€™?
[5.153s]   120 |             RCLCPP_INFO([01;31m[Kget_logger[m[K(), "Updated p: %f", p);
[5.154s]       |                         [01;31m[K^~~~~~~~~~[m[K
[5.154s] In file included from [01m[K/opt/ros/humble/include/rclcpp/rclcpp/logging.hpp:23[m[K,
[5.154s]                  from [01m[K/opt/ros/humble/include/rclcpp/rclcpp/client.hpp:40[m[K,
[5.154s]                  from [01m[K/opt/ros/humble/include/rclcpp/rclcpp/callback_group.hpp:24[m[K,
[5.154s]                  from [01m[K/opt/ros/humble/include/rclcpp/rclcpp/node.hpp:40[m[K,
[5.155s]                  from [01m[K/home/bobo/ros2_ws/src/mr2_public/tug_turtlebot4/include/tug_turtlebot4/SlamNode.hpp:6[m[K,
[5.155s]                  from [01m[K/home/bobo/ros2_ws/src/mr2_public/tug_turtlebot4/src/SlamNode.cpp:1[m[K:
[5.155s] [01m[K/opt/ros/humble/include/rclcpp/rclcpp/logger.hpp:106:17:[m[K [01;36m[Knote: [m[Kâ€˜[01m[Krclcpp::get_logger[m[Kâ€™ declared here
[5.155s]   106 |   friend Logger [01;36m[Krclcpp[m[K::get_logger(const std::string & name);
[5.155s]       |                 [01;36m[K^~~~~~[m[K
[5.155s] In file included from [01m[K/opt/ros/humble/include/rclcpp/rclcpp/client.hpp:40[m[K,
[5.156s]                  from [01m[K/opt/ros/humble/include/rclcpp/rclcpp/callback_group.hpp:24[m[K,
[5.156s]                  from [01m[K/opt/ros/humble/include/rclcpp/rclcpp/node.hpp:40[m[K,
[5.156s]                  from [01m[K/home/bobo/ros2_ws/src/mr2_public/tug_turtlebot4/include/tug_turtlebot4/SlamNode.hpp:6[m[K,
[5.156s]                  from [01m[K/home/bobo/ros2_ws/src/mr2_public/tug_turtlebot4/src/SlamNode.cpp:1[m[K:
[5.156s] [01m[K/home/bobo/ros2_ws/src/mr2_public/tug_turtlebot4/src/SlamNode.cpp:120:13:[m[K [01;31m[Kerror: [m[Ktemplate argument 1 is invalid
[5.157s]   120 |             [01;31m[KRCLCPP_INFO[m[K(get_logger(), "Updated p: %f", p);
[5.157s]       |             [01;31m[K^~~~~~~~~~~[m[K
[5.157s] [01m[K/home/bobo/ros2_ws/src/mr2_public/tug_turtlebot4/src/SlamNode.cpp:120:13:[m[K [01;31m[Kerror: [m[Ktemplate argument 1 is invalid
[5.157s]   120 |             [01;31m[KRCLCPP_INFO[m[K(get_logger(), "Updated p: %f", p);
[5.157s]       |             [01;31m[K^~~~~~~~~~~[m[K
[5.158s] [01m[K/home/bobo/ros2_ws/src/mr2_public/tug_turtlebot4/src/SlamNode.cpp:120:13:[m[K [01;31m[Kerror: [m[Ktemplate argument 1 is invalid
[5.158s]   120 |             [01;31m[KRCLCPP_INFO[m[K(get_logger(), "Updated p: %f", p);
[5.158s]       |             [01;31m[K^~~~~~~~~~~[m[K
[5.158s] [01m[K/home/bobo/ros2_ws/src/mr2_public/tug_turtlebot4/src/SlamNode.cpp:124:17:[m[K [01;31m[Kerror: [m[Kâ€˜[01m[Kget_logger[m[Kâ€™ was not declared in this scope; did you mean â€˜[01m[Krclcpp::get_logger[m[Kâ€™?
[5.158s]   124 |     RCLCPP_INFO([01;31m[Kget_logger[m[K(), "Finished Line Drawing. Total Points: %lu", line.size());
[5.158s]       |                 [01;31m[K^~~~~~~~~~[m[K
[5.158s] In file included from [01m[K/opt/ros/humble/include/rclcpp/rclcpp/logging.hpp:23[m[K,
[5.158s]                  from [01m[K/opt/ros/humble/include/rclcpp/rclcpp/client.hpp:40[m[K,
[5.158s]                  from [01m[K/opt/ros/humble/include/rclcpp/rclcpp/callback_group.hpp:24[m[K,
[5.158s]                  from [01m[K/opt/ros/humble/include/rclcpp/rclcpp/node.hpp:40[m[K,
[5.158s]                  from [01m[K/home/bobo/ros2_ws/src/mr2_public/tug_turtlebot4/include/tug_turtlebot4/SlamNode.hpp:6[m[K,
[5.159s]                  from [01m[K/home/bobo/ros2_ws/src/mr2_public/tug_turtlebot4/src/SlamNode.cpp:1[m[K:
[5.159s] [01m[K/opt/ros/humble/include/rclcpp/rclcpp/logger.hpp:106:17:[m[K [01;36m[Knote: [m[Kâ€˜[01m[Krclcpp::get_logger[m[Kâ€™ declared here
[5.159s]   106 |   friend Logger [01;36m[Krclcpp[m[K::get_logger(const std::string & name);
[5.159s]       |                 [01;36m[K^~~~~~[m[K
[5.159s] In file included from [01m[K/opt/ros/humble/include/rclcpp/rclcpp/client.hpp:40[m[K,
[5.159s]                  from [01m[K/opt/ros/humble/include/rclcpp/rclcpp/callback_group.hpp:24[m[K,
[5.159s]                  from [01m[K/opt/ros/humble/include/rclcpp/rclcpp/node.hpp:40[m[K,
[5.159s]                  from [01m[K/home/bobo/ros2_ws/src/mr2_public/tug_turtlebot4/include/tug_turtlebot4/SlamNode.hpp:6[m[K,
[5.159s]                  from [01m[K/home/bobo/ros2_ws/src/mr2_public/tug_turtlebot4/src/SlamNode.cpp:1[m[K:
[5.159s] [01m[K/home/bobo/ros2_ws/src/mr2_public/tug_turtlebot4/src/SlamNode.cpp:124:5:[m[K [01;31m[Kerror: [m[Ktemplate argument 1 is invalid
[5.160s]   124 |     [01;31m[KRCLCPP_INFO[m[K(get_logger(), "Finished Line Drawing. Total Points: %lu", line.size());
[5.160s]       |     [01;31m[K^~~~~~~~~~~[m[K
[5.160s] [01m[K/home/bobo/ros2_ws/src/mr2_public/tug_turtlebot4/src/SlamNode.cpp:124:5:[m[K [01;31m[Kerror: [m[Ktemplate argument 1 is invalid
[5.160s]   124 |     [01;31m[KRCLCPP_INFO[m[K(get_logger(), "Finished Line Drawing. Total Points: %lu", line.size());
[5.160s]       |     [01;31m[K^~~~~~~~~~~[m[K
[5.160s] [01m[K/home/bobo/ros2_ws/src/mr2_public/tug_turtlebot4/src/SlamNode.cpp:124:5:[m[K [01;31m[Kerror: [m[Ktemplate argument 1 is invalid
[5.160s]   124 |     [01;31m[KRCLCPP_INFO[m[K(get_logger(), "Finished Line Drawing. Total Points: %lu", line.size());
[5.160s]       |     [01;31m[K^~~~~~~~~~~[m[K
[5.160s] [01m[K/home/bobo/ros2_ws/src/mr2_public/tug_turtlebot4/src/SlamNode.cpp:125:17:[m[K [01;31m[Kerror: [m[Kâ€˜[01m[Kget_logger[m[Kâ€™ was not declared in this scope; did you mean â€˜[01m[Krclcpp::get_logger[m[Kâ€™?
[5.161s]   125 |     RCLCPP_INFO([01;31m[Kget_logger[m[K(), "Line Points:");
[5.161s]       |                 [01;31m[K^~~~~~~~~~[m[K
[5.161s] In file included from [01m[K/opt/ros/humble/include/rclcpp/rclcpp/logging.hpp:23[m[K,
[5.161s]                  from [01m[K/opt/ros/humble/include/rclcpp/rclcpp/client.hpp:40[m[K,
[5.161s]                  from [01m[K/opt/ros/humble/include/rclcpp/rclcpp/callback_group.hpp:24[m[K,
[5.161s]                  from [01m[K/opt/ros/humble/include/rclcpp/rclcpp/node.hpp:40[m[K,
[5.161s]                  from [01m[K/home/bobo/ros2_ws/src/mr2_public/tug_turtlebot4/include/tug_turtlebot4/SlamNode.hpp:6[m[K,
[5.161s]                  from [01m[K/home/bobo/ros2_ws/src/mr2_public/tug_turtlebot4/src/SlamNode.cpp:1[m[K:
[5.161s] [01m[K/opt/ros/humble/include/rclcpp/rclcpp/logger.hpp:106:17:[m[K [01;36m[Knote: [m[Kâ€˜[01m[Krclcpp::get_logger[m[Kâ€™ declared here
[5.161s]   106 |   friend Logger [01;36m[Krclcpp[m[K::get_logger(const std::string & name);
[5.162s]       |                 [01;36m[K^~~~~~[m[K
[5.162s] In file included from [01m[K/opt/ros/humble/include/rclcpp/rclcpp/client.hpp:40[m[K,
[5.162s]                  from [01m[K/opt/ros/humble/include/rclcpp/rclcpp/callback_group.hpp:24[m[K,
[5.162s]                  from [01m[K/opt/ros/humble/include/rclcpp/rclcpp/node.hpp:40[m[K,
[5.162s]                  from [01m[K/home/bobo/ros2_ws/src/mr2_public/tug_turtlebot4/include/tug_turtlebot4/SlamNode.hpp:6[m[K,
[5.162s]                  from [01m[K/home/bobo/ros2_ws/src/mr2_public/tug_turtlebot4/src/SlamNode.cpp:1[m[K:
[5.163s] [01m[K/home/bobo/ros2_ws/src/mr2_public/tug_turtlebot4/src/SlamNode.cpp:125:5:[m[K [01;31m[Kerror: [m[Ktemplate argument 1 is invalid
[5.163s]   125 |     [01;31m[KRCLCPP_INFO[m[K(get_logger(), "Line Points:");
[5.163s]       |     [01;31m[K^~~~~~~~~~~[m[K
[5.163s] [01m[K/home/bobo/ros2_ws/src/mr2_public/tug_turtlebot4/src/SlamNode.cpp:125:5:[m[K [01;31m[Kerror: [m[Ktemplate argument 1 is invalid
[5.163s]   125 |     [01;31m[KRCLCPP_INFO[m[K(get_logger(), "Line Points:");
[5.163s]       |     [01;31m[K^~~~~~~~~~~[m[K
[5.163s] [01m[K/home/bobo/ros2_ws/src/mr2_public/tug_turtlebot4/src/SlamNode.cpp:125:5:[m[K [01;31m[Kerror: [m[Ktemplate argument 1 is invalid
[5.163s]   125 |     [01;31m[KRCLCPP_INFO[m[K(get_logger(), "Line Points:");
[5.163s]       |     [01;31m[K^~~~~~~~~~~[m[K
[5.164s] [01m[K/home/bobo/ros2_ws/src/mr2_public/tug_turtlebot4/src/SlamNode.cpp:127:21:[m[K [01;31m[Kerror: [m[Kâ€˜[01m[Kget_logger[m[Kâ€™ was not declared in this scope; did you mean â€˜[01m[Krclcpp::get_logger[m[Kâ€™?
[5.164s]   127 |         RCLCPP_INFO([01;31m[Kget_logger[m[K(), "(%f, %f)", point.first, point.second);
[5.164s]       |                     [01;31m[K^~~~~~~~~~[m[K
[5.164s] In file included from [01m[K/opt/ros/humble/include/rclcpp/rclcpp/logging.hpp:23[m[K,
[5.164s]                  from [01m[K/opt/ros/humble/include/rclcpp/rclcpp/client.hpp:40[m[K,
[5.164s]                  from [01m[K/opt/ros/humble/include/rclcpp/rclcpp/callback_group.hpp:24[m[K,
[5.164s]                  from [01m[K/opt/ros/humble/include/rclcpp/rclcpp/node.hpp:40[m[K,
[5.164s]                  from [01m[K/home/bobo/ros2_ws/src/mr2_public/tug_turtlebot4/include/tug_turtlebot4/SlamNode.hpp:6[m[K,
[5.164s]                  from [01m[K/home/bobo/ros2_ws/src/mr2_public/tug_turtlebot4/src/SlamNode.cpp:1[m[K:
[5.164s] [01m[K/opt/ros/humble/include/rclcpp/rclcpp/logger.hpp:106:17:[m[K [01;36m[Knote: [m[Kâ€˜[01m[Krclcpp::get_logger[m[Kâ€™ declared here
[5.164s]   106 |   friend Logger [01;36m[Krclcpp[m[K::get_logger(const std::string & name);
[5.165s]       |                 [01;36m[K^~~~~~[m[K
[5.165s] In file included from [01m[K/opt/ros/humble/include/rclcpp/rclcpp/client.hpp:40[m[K,
[5.165s]                  from [01m[K/opt/ros/humble/include/rclcpp/rclcpp/callback_group.hpp:24[m[K,
[5.165s]                  from [01m[K/opt/ros/humble/include/rclcpp/rclcpp/node.hpp:40[m[K,
[5.165s]                  from [01m[K/home/bobo/ros2_ws/src/mr2_public/tug_turtlebot4/include/tug_turtlebot4/SlamNode.hpp:6[m[K,
[5.165s]                  from [01m[K/home/bobo/ros2_ws/src/mr2_public/tug_turtlebot4/src/SlamNode.cpp:1[m[K:
[5.165s] [01m[K/home/bobo/ros2_ws/src/mr2_public/tug_turtlebot4/src/SlamNode.cpp:127:9:[m[K [01;31m[Kerror: [m[Ktemplate argument 1 is invalid
[5.165s]   127 |         [01;31m[KRCLCPP_INFO[m[K(get_logger(), "(%f, %f)", point.first, point.second);
[5.165s]       |         [01;31m[K^~~~~~~~~~~[m[K
[5.165s] [01m[K/home/bobo/ros2_ws/src/mr2_public/tug_turtlebot4/src/SlamNode.cpp:127:9:[m[K [01;31m[Kerror: [m[Ktemplate argument 1 is invalid
[5.166s]   127 |         [01;31m[KRCLCPP_INFO[m[K(get_logger(), "(%f, %f)", point.first, point.second);
[5.166s]       |         [01;31m[K^~~~~~~~~~~[m[K
[5.166s] [01m[K/home/bobo/ros2_ws/src/mr2_public/tug_turtlebot4/src/SlamNode.cpp:127:9:[m[K [01;31m[Kerror: [m[Ktemplate argument 1 is invalid
[5.166s]   127 |         [01;31m[KRCLCPP_INFO[m[K(get_logger(), "(%f, %f)", point.first, point.second);
[5.166s]       |         [01;31m[K^~~~~~~~~~~[m[K
[11.222s] gmake[2]: *** [CMakeFiles/slam.dir/build.make:90: CMakeFiles/slam.dir/src/SlamNode.cpp.o] Error 1
[11.222s] gmake[1]: *** [CMakeFiles/Makefile2:195: CMakeFiles/slam.dir/all] Error 2
[11.223s] gmake: *** [Makefile:146: all] Error 2
[11.231s] Invoked command in '/home/bobo/ros2_ws/build/tug_turtlebot4' returned '2': CMAKE_PREFIX_PATH=/home/bobo/ros2_ws/install/tug_msgs:/home/bobo/ros2_ws/install/tug_turtlebot4:/home/bobo/ros2_ws/install/tug_stage_ros2:/home/bobo/ros2_ws/install/tug_mr2:/home/bobo/ros2_ws/install/ros2cpp_tutorials_service:/home/bobo/ros2_ws/install/ros2cpp_tutorials_publisher_subscriber:/home/bobo/ros2_ws/install/ros2cpp_tutorials_parameter:/home/bobo/ros2_ws/install/ros2cpp_tutorials_action:/home/bobo/ros2_ws/install/Eigen3:/opt/ros/humble LD_LIBRARY_PATH=/home/bobo/ros2_ws/install/tug_msgs/lib:/home/bobo/stg/lib:/home/bobo/ros2_ws/install/ros2cpp_tutorials_service/lib:/home/bobo/ros2_ws/install/ros2cpp_tutorials_action/lib:/opt/ros/humble/opt/rviz_ogre_vendor/lib:/opt/ros/humble/lib/x86_64-linux-gnu:/opt/ros/humble/lib /usr/bin/cmake --build /home/bobo/ros2_ws/build/tug_turtlebot4 -- -j8 -l8
