[0.020s] Invoking command in '/home/bobo/ros2_ws/build/tug_turtlebot4': CMAKE_PREFIX_PATH=/home/bobo/ros2_ws/install/tug_msgs:/home/bobo/ros2_ws/install/tug_turtlebot4:/home/bobo/ros2_ws/install/tug_stage_ros2:/home/bobo/ros2_ws/install/tug_mr2:/home/bobo/ros2_ws/install/ros2cpp_tutorials_service:/home/bobo/ros2_ws/install/ros2cpp_tutorials_publisher_subscriber:/home/bobo/ros2_ws/install/ros2cpp_tutorials_parameter:/home/bobo/ros2_ws/install/ros2cpp_tutorials_action:/home/bobo/ros2_ws/install/Eigen3:/opt/ros/humble LD_LIBRARY_PATH=/home/bobo/ros2_ws/install/tug_msgs/lib:/home/bobo/stg/lib:/home/bobo/ros2_ws/install/ros2cpp_tutorials_service/lib:/home/bobo/ros2_ws/install/ros2cpp_tutorials_action/lib:/opt/ros/humble/opt/rviz_ogre_vendor/lib:/opt/ros/humble/lib/x86_64-linux-gnu:/opt/ros/humble/lib /usr/bin/cmake --build /home/bobo/ros2_ws/build/tug_turtlebot4 -- -j8 -l8
[0.100s] [ 18%] Built target tug_wheel_encoder-system
[0.135s] [ 36%] Built target static_transform_publisher
[0.157s] [35m[1mConsolidate compiler generated dependencies of target slam[0m
[0.187s] [ 45%] [32mBuilding CXX object CMakeFiles/slam.dir/src/slam.cpp.o[0m
[5.659s] [ 54%] [32mBuilding CXX object CMakeFiles/slam.dir/src/SlamNode.cpp.o[0m
[9.610s] [01m[K/home/bobo/ros2_ws/src/mr2_public/tug_turtlebot4/src/SlamNode.cpp:[m[K In lambda function:
[9.610s] [01m[K/home/bobo/ros2_ws/src/mr2_public/tug_turtlebot4/src/SlamNode.cpp:94:70:[m[K [01;35m[Kwarning: [m[Kunused parameter â€˜[01m[Krequest[m[Kâ€™ [[01;35m[K]8;;https://gcc.gnu.org/onlinedocs/gcc/Warning-Options.html#index-Wunused-parameter-Wunused-parameter]8;;[m[K]
[9.611s]    94 |        [this]([01;35m[Kconst std::shared_ptr<std_srvs::srv::Trigger::Request> request[m[K,
[9.611s]       |               [01;35m[K~~~~~~~~~~~~~~~~~~~~~~~~~~~~~~~~~~~~~~~~~~~~~~~~~~~~~~~^~~~~~~[m[K
[9.611s] [01m[K/home/bobo/ros2_ws/src/mr2_public/tug_turtlebot4/src/SlamNode.cpp:[m[K At global scope:
[9.611s] [01m[K/home/bobo/ros2_ws/src/mr2_public/tug_turtlebot4/src/SlamNode.cpp:115:6:[m[K [01;31m[Kerror: [m[Kâ€˜[01m[KSlamNode[m[Kâ€™ has not been declared
[9.611s]   115 | void [01;31m[KSlamNode[m[K::handleSaveSensorData(
[9.611s]       |      [01;31m[K^~~~~~~~[m[K
[9.620s] [01m[K/home/bobo/ros2_ws/src/mr2_public/tug_turtlebot4/src/SlamNode.cpp:[m[K In function â€˜[01m[Kvoid handleSaveSensorData(std_srvs::srv::Trigger_Request_<std::allocator<void> >::SharedPtr, std_srvs::srv::Trigger_Response_<std::allocator<void> >::SharedPtr)[m[Kâ€™:
[9.620s] [01m[K/home/bobo/ros2_ws/src/mr2_public/tug_turtlebot4/src/SlamNode.cpp:119:3:[m[K [01;31m[Kerror: [m[Kâ€˜[01m[KsaveSensorDataToCSV[m[Kâ€™ was not declared in this scope
[9.620s]   119 |   [01;31m[KsaveSensorDataToCSV[m[K("sensor_data.csv");
[9.620s]       |   [01;31m[K^~~~~~~~~~~~~~~~~~~[m[K
[9.621s] In file included from [01m[K/opt/ros/humble/include/rclcpp/rclcpp/client.hpp:40[m[K,
[9.621s]                  from [01m[K/opt/ros/humble/include/rclcpp/rclcpp/callback_group.hpp:24[m[K,
[9.621s]                  from [01m[K/opt/ros/humble/include/rclcpp/rclcpp/node.hpp:40[m[K,
[9.621s]                  from [01m[K/home/bobo/ros2_ws/src/mr2_public/tug_turtlebot4/include/tug_turtlebot4/SlamNode.hpp:9[m[K,
[9.621s]                  from [01m[K/home/bobo/ros2_ws/src/mr2_public/tug_turtlebot4/src/SlamNode.cpp:1[m[K:
[9.621s] [01m[K/home/bobo/ros2_ws/src/mr2_public/tug_turtlebot4/src/SlamNode.cpp:122:15:[m[K [01;31m[Kerror: [m[Kâ€˜[01m[Kget_logger[m[Kâ€™ was not declared in this scope; did you mean â€˜[01m[Krclcpp::get_logger[m[Kâ€™?
[9.621s]   122 |   RCLCPP_INFO([01;31m[Kget_logger[m[K(), "Sensor data saved successfully.");
[9.621s]       |               [01;31m[K^~~~~~~~~~[m[K
[9.622s] In file included from [01m[K/opt/ros/humble/include/rclcpp/rclcpp/logging.hpp:23[m[K,
[9.622s]                  from [01m[K/opt/ros/humble/include/rclcpp/rclcpp/client.hpp:40[m[K,
[9.622s]                  from [01m[K/opt/ros/humble/include/rclcpp/rclcpp/callback_group.hpp:24[m[K,
[9.622s]                  from [01m[K/opt/ros/humble/include/rclcpp/rclcpp/node.hpp:40[m[K,
[9.622s]                  from [01m[K/home/bobo/ros2_ws/src/mr2_public/tug_turtlebot4/include/tug_turtlebot4/SlamNode.hpp:9[m[K,
[9.622s]                  from [01m[K/home/bobo/ros2_ws/src/mr2_public/tug_turtlebot4/src/SlamNode.cpp:1[m[K:
[9.622s] [01m[K/opt/ros/humble/include/rclcpp/rclcpp/logger.hpp:106:17:[m[K [01;36m[Knote: [m[Kâ€˜[01m[Krclcpp::get_logger[m[Kâ€™ declared here
[9.622s]   106 |   friend Logger [01;36m[Krclcpp[m[K::get_logger(const std::string & name);
[9.622s]       |                 [01;36m[K^~~~~~[m[K
[9.623s] In file included from [01m[K/opt/ros/humble/include/rclcpp/rclcpp/client.hpp:40[m[K,
[9.623s]                  from [01m[K/opt/ros/humble/include/rclcpp/rclcpp/callback_group.hpp:24[m[K,
[9.623s]                  from [01m[K/opt/ros/humble/include/rclcpp/rclcpp/node.hpp:40[m[K,
[9.623s]                  from [01m[K/home/bobo/ros2_ws/src/mr2_public/tug_turtlebot4/include/tug_turtlebot4/SlamNode.hpp:9[m[K,
[9.623s]                  from [01m[K/home/bobo/ros2_ws/src/mr2_public/tug_turtlebot4/src/SlamNode.cpp:1[m[K:
[9.623s] [01m[K/home/bobo/ros2_ws/src/mr2_public/tug_turtlebot4/src/SlamNode.cpp:122:3:[m[K [01;31m[Kerror: [m[Ktemplate argument 1 is invalid
[9.623s]   122 |   [01;31m[KRCLCPP_INFO[m[K(get_logger(), "Sensor data saved successfully.");
[9.623s]       |   [01;31m[K^~~~~~~~~~~[m[K
[9.623s] [01m[K/home/bobo/ros2_ws/src/mr2_public/tug_turtlebot4/src/SlamNode.cpp:122:3:[m[K [01;31m[Kerror: [m[Ktemplate argument 1 is invalid
[9.623s]   122 |   [01;31m[KRCLCPP_INFO[m[K(get_logger(), "Sensor data saved successfully.");
[9.623s]       |   [01;31m[K^~~~~~~~~~~[m[K
[9.623s] [01m[K/home/bobo/ros2_ws/src/mr2_public/tug_turtlebot4/src/SlamNode.cpp:122:3:[m[K [01;31m[Kerror: [m[Ktemplate argument 1 is invalid
[9.623s]   122 |   [01;31m[KRCLCPP_INFO[m[K(get_logger(), "Sensor data saved successfully.");
[9.623s]       |   [01;31m[K^~~~~~~~~~~[m[K
[9.623s] [01m[K/home/bobo/ros2_ws/src/mr2_public/tug_turtlebot4/src/SlamNode.cpp:[m[K At global scope:
[9.623s] [01m[K/home/bobo/ros2_ws/src/mr2_public/tug_turtlebot4/src/SlamNode.cpp:127:6:[m[K [01;31m[Kerror: [m[Kâ€˜[01m[KSlamNode[m[Kâ€™ has not been declared
[9.624s]   127 | void [01;31m[KSlamNode[m[K::laserScanCallback(const LaserScan::ConstSharedPtr& msg)
[9.624s]       |      [01;31m[K^~~~~~~~[m[K
[9.624s] [01m[K/home/bobo/ros2_ws/src/mr2_public/tug_turtlebot4/src/SlamNode.cpp:127:40:[m[K [01;31m[Kerror: [m[Kâ€˜[01m[KLaserScan[m[Kâ€™ does not name a type
[9.624s]   127 | void SlamNode::laserScanCallback(const [01;31m[KLaserScan[m[K::ConstSharedPtr& msg)
[9.624s]       |                                        [01;31m[K^~~~~~~~~[m[K
[9.624s] [01m[K/home/bobo/ros2_ws/src/mr2_public/tug_turtlebot4/src/SlamNode.cpp:127:65:[m[K [01;31m[Kerror: [m[Kexpected unqualified-id before â€˜[01m[K&[m[Kâ€™ token
[9.625s]   127 | void SlamNode::laserScanCallback(const LaserScan::ConstSharedPtr[01;31m[K&[m[K msg)
[9.625s]       |                                                                 [01;31m[K^[m[K
[9.625s] [01m[K/home/bobo/ros2_ws/src/mr2_public/tug_turtlebot4/src/SlamNode.cpp:127:65:[m[K [01;31m[Kerror: [m[Kexpected â€˜[01m[K)[m[Kâ€™ before â€˜[01m[K&[m[Kâ€™ token
[9.625s]   127 | void SlamNode::laserScanCallback[34m[K([m[Kconst LaserScan::ConstSharedPtr[01;31m[K&[m[K msg)
[9.625s]       |                                 [34m[K~[m[K                               [01;31m[K^[m[K
[9.625s]       |                                                                 [32m[K)[m[K
[9.625s] [01m[K/home/bobo/ros2_ws/src/mr2_public/tug_turtlebot4/src/SlamNode.cpp:127:67:[m[K [01;31m[Kerror: [m[Kexpected initializer before â€˜[01m[Kmsg[m[Kâ€™
[9.626s]   127 | void SlamNode::laserScanCallback(const LaserScan::ConstSharedPtr& [01;31m[Kmsg[m[K)
[9.626s]       |                                                                   [01;31m[K^~~[m[K
[9.626s] [01m[K/home/bobo/ros2_ws/src/mr2_public/tug_turtlebot4/src/SlamNode.cpp:243:6:[m[K [01;31m[Kerror: [m[Kâ€˜[01m[KSlamNode[m[Kâ€™ has not been declared
[9.627s]   243 | void [01;31m[KSlamNode[m[K::optimizeMap() {
[9.627s]       |      [01;31m[K^~~~~~~~[m[K
[9.627s] In file included from [01m[K/opt/ros/humble/include/rclcpp/rclcpp/client.hpp:40[m[K,
[9.627s]                  from [01m[K/opt/ros/humble/include/rclcpp/rclcpp/callback_group.hpp:24[m[K,
[9.627s]                  from [01m[K/opt/ros/humble/include/rclcpp/rclcpp/node.hpp:40[m[K,
[9.627s]                  from [01m[K/home/bobo/ros2_ws/src/mr2_public/tug_turtlebot4/include/tug_turtlebot4/SlamNode.hpp:9[m[K,
[9.627s]                  from [01m[K/home/bobo/ros2_ws/src/mr2_public/tug_turtlebot4/src/SlamNode.cpp:1[m[K:
[9.627s] [01m[K/home/bobo/ros2_ws/src/mr2_public/tug_turtlebot4/src/SlamNode.cpp:[m[K In function â€˜[01m[Kvoid optimizeMap()[m[Kâ€™:
[9.627s] [01m[K/home/bobo/ros2_ws/src/mr2_public/tug_turtlebot4/src/SlamNode.cpp:244:17:[m[K [01;31m[Kerror: [m[Kâ€˜[01m[Kget_logger[m[Kâ€™ was not declared in this scope; did you mean â€˜[01m[Krclcpp::get_logger[m[Kâ€™?
[9.628s]   244 |     RCLCPP_INFO([01;31m[Kget_logger[m[K(), "Starting global optimization...");
[9.628s]       |                 [01;31m[K^~~~~~~~~~[m[K
[9.628s] In file included from [01m[K/opt/ros/humble/include/rclcpp/rclcpp/logging.hpp:23[m[K,
[9.628s]                  from [01m[K/opt/ros/humble/include/rclcpp/rclcpp/client.hpp:40[m[K,
[9.628s]                  from [01m[K/opt/ros/humble/include/rclcpp/rclcpp/callback_group.hpp:24[m[K,
[9.628s]                  from [01m[K/opt/ros/humble/include/rclcpp/rclcpp/node.hpp:40[m[K,
[9.628s]                  from [01m[K/home/bobo/ros2_ws/src/mr2_public/tug_turtlebot4/include/tug_turtlebot4/SlamNode.hpp:9[m[K,
[9.628s]                  from [01m[K/home/bobo/ros2_ws/src/mr2_public/tug_turtlebot4/src/SlamNode.cpp:1[m[K:
[9.628s] [01m[K/opt/ros/humble/include/rclcpp/rclcpp/logger.hpp:106:17:[m[K [01;36m[Knote: [m[Kâ€˜[01m[Krclcpp::get_logger[m[Kâ€™ declared here
[9.628s]   106 |   friend Logger [01;36m[Krclcpp[m[K::get_logger(const std::string & name);
[9.628s]       |                 [01;36m[K^~~~~~[m[K
[9.628s] In file included from [01m[K/opt/ros/humble/include/rclcpp/rclcpp/client.hpp:40[m[K,
[9.629s]                  from [01m[K/opt/ros/humble/include/rclcpp/rclcpp/callback_group.hpp:24[m[K,
[9.629s]                  from [01m[K/opt/ros/humble/include/rclcpp/rclcpp/node.hpp:40[m[K,
[9.629s]                  from [01m[K/home/bobo/ros2_ws/src/mr2_public/tug_turtlebot4/include/tug_turtlebot4/SlamNode.hpp:9[m[K,
[9.629s]                  from [01m[K/home/bobo/ros2_ws/src/mr2_public/tug_turtlebot4/src/SlamNode.cpp:1[m[K:
[9.629s] [01m[K/home/bobo/ros2_ws/src/mr2_public/tug_turtlebot4/src/SlamNode.cpp:244:5:[m[K [01;31m[Kerror: [m[Ktemplate argument 1 is invalid
[9.629s]   244 |     [01;31m[KRCLCPP_INFO[m[K(get_logger(), "Starting global optimization...");
[9.629s]       |     [01;31m[K^~~~~~~~~~~[m[K
[9.629s] [01m[K/home/bobo/ros2_ws/src/mr2_public/tug_turtlebot4/src/SlamNode.cpp:244:5:[m[K [01;31m[Kerror: [m[Ktemplate argument 1 is invalid
[9.629s]   244 |     [01;31m[KRCLCPP_INFO[m[K(get_logger(), "Starting global optimization...");
[9.629s]       |     [01;31m[K^~~~~~~~~~~[m[K
[9.629s] [01m[K/home/bobo/ros2_ws/src/mr2_public/tug_turtlebot4/src/SlamNode.cpp:244:5:[m[K [01;31m[Kerror: [m[Ktemplate argument 1 is invalid
[9.629s]   244 |     [01;31m[KRCLCPP_INFO[m[K(get_logger(), "Starting global optimization...");
[9.629s]       |     [01;31m[K^~~~~~~~~~~[m[K
[9.635s] [01m[K/home/bobo/ros2_ws/src/mr2_public/tug_turtlebot4/src/SlamNode.cpp:250:44:[m[K [01;31m[Kerror: [m[Kâ€˜[01m[Koccupancy_grid_map_[m[Kâ€™ was not declared in this scope
[9.635s]   250 |         for (uint32_t cell_x = 0; cell_x < [01;31m[Koccupancy_grid_map_[m[K->getWidth(); ++cell_x) {
[9.635s]       |                                            [01;31m[K^~~~~~~~~~~~~~~~~~~[m[K
[9.636s] [01m[K/home/bobo/ros2_ws/src/mr2_public/tug_turtlebot4/src/SlamNode.cpp:253:43:[m[K [01;31m[Kerror: [m[Kâ€˜[01m[KprobToLog[m[Kâ€™ was not declared in this scope; did you mean â€˜[01m[Ktug_turtlebot4::probToLog[m[Kâ€™?
[9.636s]   253 |                 double current_log_odds = [01;31m[KprobToLog[m[K(occupancy_grid_map_->getCell(cell_x, cell_y));
[9.636s]       |                                           [01;31m[K^~~~~~~~~[m[K
[9.636s]       |                                           [32m[Ktug_turtlebot4::probToLog[m[K
[9.636s] [01m[K/home/bobo/ros2_ws/src/mr2_public/tug_turtlebot4/src/SlamNode.cpp:64:8:[m[K [01;36m[Knote: [m[Kâ€˜[01m[Ktug_turtlebot4::probToLog[m[Kâ€™ declared here
[9.636s]    64 | double [01;36m[KprobToLog[m[K(double x) {
[9.636s]       |        [01;36m[K^~~~~~~~~[m[K
[9.636s] [01m[K/home/bobo/ros2_ws/src/mr2_public/tug_turtlebot4/src/SlamNode.cpp:256:78:[m[K [01;31m[Kerror: [m[Kâ€˜[01m[KP_FREE[m[Kâ€™ was not declared in this scope; did you mean â€˜[01m[Ktug_turtlebot4::P_FREE[m[Kâ€™?
[9.636s]   256 |                 double flipped_log_odds = (current_log_odds > 0) ? probToLog([01;31m[KP_FREE[m[K) : probToLog(P_OCCUPIED);
[9.636s]       |                                                                              [01;31m[K^~~~~~[m[K
[9.636s]       |                                                                              [32m[Ktug_turtlebot4::P_FREE[m[K
[9.636s] [01m[K/home/bobo/ros2_ws/src/mr2_public/tug_turtlebot4/src/SlamNode.cpp:58:14:[m[K [01;36m[Knote: [m[Kâ€˜[01m[Ktug_turtlebot4::P_FREE[m[Kâ€™ declared here
[9.637s]    58 | const double [01;36m[KP_FREE[m[K = 0.1;
[9.637s]       |              [01;36m[K^~~~~~[m[K
[9.637s] [01m[K/home/bobo/ros2_ws/src/mr2_public/tug_turtlebot4/src/SlamNode.cpp:256:98:[m[K [01;31m[Kerror: [m[Kâ€˜[01m[KP_OCCUPIED[m[Kâ€™ was not declared in this scope; did you mean â€˜[01m[Ktug_turtlebot4::P_OCCUPIED[m[Kâ€™?
[9.637s]   256 |                 double flipped_log_odds = (current_log_odds > 0) ? probToLog(P_FREE) : probToLog([01;31m[KP_OCCUPIED[m[K);
[9.637s]       |                                                                                                  [01;31m[K^~~~~~~~~~[m[K
[9.637s]       |                                                                                                  [32m[Ktug_turtlebot4::P_OCCUPIED[m[K
[9.637s] [01m[K/home/bobo/ros2_ws/src/mr2_public/tug_turtlebot4/src/SlamNode.cpp:57:14:[m[K [01;36m[Knote: [m[Kâ€˜[01m[Ktug_turtlebot4::P_OCCUPIED[m[Kâ€™ declared here
[9.637s]    57 | const double [01;36m[KP_OCCUPIED[m[K = 0.9;
[9.637s]       |              [01;36m[K^~~~~~~~~~[m[K
[9.646s] [01m[K/home/bobo/ros2_ws/src/mr2_public/tug_turtlebot4/src/SlamNode.cpp:257:45:[m[K [01;31m[Kerror: [m[Kâ€˜[01m[KcalculateLogLikelihood[m[Kâ€™ was not declared in this scope
[9.646s]   257 |                 double current_likelihood = [01;31m[KcalculateLogLikelihood[m[K(cell_x, cell_y, current_log_odds);
[9.646s]       |                                             [01;31m[K^~~~~~~~~~~~~~~~~~~~~~[m[K
[9.647s] In file included from [01m[K/opt/ros/humble/include/rclcpp/rclcpp/client.hpp:40[m[K,
[9.647s]                  from [01m[K/opt/ros/humble/include/rclcpp/rclcpp/callback_group.hpp:24[m[K,
[9.647s]                  from [01m[K/opt/ros/humble/include/rclcpp/rclcpp/node.hpp:40[m[K,
[9.647s]                  from [01m[K/home/bobo/ros2_ws/src/mr2_public/tug_turtlebot4/include/tug_turtlebot4/SlamNode.hpp:9[m[K,
[9.647s]                  from [01m[K/home/bobo/ros2_ws/src/mr2_public/tug_turtlebot4/src/SlamNode.cpp:1[m[K:
[9.647s] [01m[K/home/bobo/ros2_ws/src/mr2_public/tug_turtlebot4/src/SlamNode.cpp:269:17:[m[K [01;31m[Kerror: [m[Kâ€˜[01m[Kget_logger[m[Kâ€™ was not declared in this scope; did you mean â€˜[01m[Krclcpp::get_logger[m[Kâ€™?
[9.647s]   269 |     RCLCPP_INFO([01;31m[Kget_logger[m[K(), "Global optimization complete.");
[9.647s]       |                 [01;31m[K^~~~~~~~~~[m[K
[9.647s] In file included from [01m[K/opt/ros/humble/include/rclcpp/rclcpp/logging.hpp:23[m[K,
[9.647s]                  from [01m[K/opt/ros/humble/include/rclcpp/rclcpp/client.hpp:40[m[K,
[9.647s]                  from [01m[K/opt/ros/humble/include/rclcpp/rclcpp/callback_group.hpp:24[m[K,
[9.647s]                  from [01m[K/opt/ros/humble/include/rclcpp/rclcpp/node.hpp:40[m[K,
[9.648s]                  from [01m[K/home/bobo/ros2_ws/src/mr2_public/tug_turtlebot4/include/tug_turtlebot4/SlamNode.hpp:9[m[K,
[9.648s]                  from [01m[K/home/bobo/ros2_ws/src/mr2_public/tug_turtlebot4/src/SlamNode.cpp:1[m[K:
[9.648s] [01m[K/opt/ros/humble/include/rclcpp/rclcpp/logger.hpp:106:17:[m[K [01;36m[Knote: [m[Kâ€˜[01m[Krclcpp::get_logger[m[Kâ€™ declared here
[9.648s]   106 |   friend Logger [01;36m[Krclcpp[m[K::get_logger(const std::string & name);
[9.648s]       |                 [01;36m[K^~~~~~[m[K
[9.648s] In file included from [01m[K/opt/ros/humble/include/rclcpp/rclcpp/client.hpp:40[m[K,
[9.648s]                  from [01m[K/opt/ros/humble/include/rclcpp/rclcpp/callback_group.hpp:24[m[K,
[9.648s]                  from [01m[K/opt/ros/humble/include/rclcpp/rclcpp/node.hpp:40[m[K,
[9.648s]                  from [01m[K/home/bobo/ros2_ws/src/mr2_public/tug_turtlebot4/include/tug_turtlebot4/SlamNode.hpp:9[m[K,
[9.648s]                  from [01m[K/home/bobo/ros2_ws/src/mr2_public/tug_turtlebot4/src/SlamNode.cpp:1[m[K:
[9.648s] [01m[K/home/bobo/ros2_ws/src/mr2_public/tug_turtlebot4/src/SlamNode.cpp:269:5:[m[K [01;31m[Kerror: [m[Ktemplate argument 1 is invalid
[9.648s]   269 |     [01;31m[KRCLCPP_INFO[m[K(get_logger(), "Global optimization complete.");
[9.648s]       |     [01;31m[K^~~~~~~~~~~[m[K
[9.649s] [01m[K/home/bobo/ros2_ws/src/mr2_public/tug_turtlebot4/src/SlamNode.cpp:269:5:[m[K [01;31m[Kerror: [m[Ktemplate argument 1 is invalid
[9.649s]   269 |     [01;31m[KRCLCPP_INFO[m[K(get_logger(), "Global optimization complete.");
[9.649s]       |     [01;31m[K^~~~~~~~~~~[m[K
[9.649s] [01m[K/home/bobo/ros2_ws/src/mr2_public/tug_turtlebot4/src/SlamNode.cpp:269:5:[m[K [01;31m[Kerror: [m[Ktemplate argument 1 is invalid
[9.649s]   269 |     [01;31m[KRCLCPP_INFO[m[K(get_logger(), "Global optimization complete.");
[9.649s]       |     [01;31m[K^~~~~~~~~~~[m[K
[9.649s] [01m[K/home/bobo/ros2_ws/src/mr2_public/tug_turtlebot4/src/SlamNode.cpp:[m[K At global scope:
[9.649s] [01m[K/home/bobo/ros2_ws/src/mr2_public/tug_turtlebot4/src/SlamNode.cpp:272:8:[m[K [01;31m[Kerror: [m[Kâ€˜[01m[KSlamNode[m[Kâ€™ has not been declared
[9.649s]   272 | double [01;31m[KSlamNode[m[K::calculateLogLikelihood(uint32_t cell_x, uint32_t cell_y, double log_odds) {
[9.649s]       |        [01;31m[K^~~~~~~~[m[K
[9.655s] [01m[K/home/bobo/ros2_ws/src/mr2_public/tug_turtlebot4/src/SlamNode.cpp:[m[K In function â€˜[01m[Kdouble calculateLogLikelihood(uint32_t, uint32_t, double)[m[Kâ€™:
[9.655s] [01m[K/home/bobo/ros2_ws/src/mr2_public/tug_turtlebot4/src/SlamNode.cpp:275:32:[m[K [01;31m[Kerror: [m[Kâ€˜[01m[Ksensor_readings_[m[Kâ€™ was not declared in this scope
[9.655s]   275 |     for (const auto& reading : [01;31m[Ksensor_readings_[m[K) {
[9.655s]       |                                [01;31m[K^~~~~~~~~~~~~~~~[m[K
[9.663s] [01m[K/home/bobo/ros2_ws/src/mr2_public/tug_turtlebot4/src/SlamNode.cpp:290:17:[m[K [01;31m[Kerror: [m[Kâ€˜[01m[Koccupancy_grid_map_[m[Kâ€™ was not declared in this scope
[9.663s]   290 |             if ([01;31m[Koccupancy_grid_map_[m[K->worldToCell(x_global, y_global, test_cell_x, test_cell_y)) {
[9.663s]       |                 [01;31m[K^~~~~~~~~~~~~~~~~~~[m[K
[9.664s] [01m[K/home/bobo/ros2_ws/src/mr2_public/tug_turtlebot4/src/SlamNode.cpp:292:35:[m[K [01;31m[Kerror: [m[Kâ€˜[01m[KlogToProb[m[Kâ€™ was not declared in this scope; did you mean â€˜[01m[Ktug_turtlebot4::logToProb[m[Kâ€™?
[9.664s]   292 |                     likelihood += [01;31m[KlogToProb[m[K(log_odds);
[9.664s]       |                                   [01;31m[K^~~~~~~~~[m[K
[9.664s]       |                                   [32m[Ktug_turtlebot4::logToProb[m[K
[9.664s] [01m[K/home/bobo/ros2_ws/src/mr2_public/tug_turtlebot4/src/SlamNode.cpp:60:8:[m[K [01;36m[Knote: [m[Kâ€˜[01m[Ktug_turtlebot4::logToProb[m[Kâ€™ declared here
[9.664s]    60 | double [01;36m[KlogToProb[m[K(double x) {
[9.664s]       |        [01;36m[K^~~~~~~~~[m[K
[9.665s] [01m[K/home/bobo/ros2_ws/src/mr2_public/tug_turtlebot4/src/SlamNode.cpp:[m[K At global scope:
[9.665s] [01m[K/home/bobo/ros2_ws/src/mr2_public/tug_turtlebot4/src/SlamNode.cpp:304:6:[m[K [01;31m[Kerror: [m[Kâ€˜[01m[KSlamNode[m[Kâ€™ has not been declared
[9.665s]   304 | void [01;31m[KSlamNode[m[K::saveSensorDataToCSV(const std::string& filename) {
[9.665s]       |      [01;31m[K^~~~~~~~[m[K
[9.665s] In file included from [01m[K/opt/ros/humble/include/rclcpp/rclcpp/client.hpp:40[m[K,
[9.665s]                  from [01m[K/opt/ros/humble/include/rclcpp/rclcpp/callback_group.hpp:24[m[K,
[9.665s]                  from [01m[K/opt/ros/humble/include/rclcpp/rclcpp/node.hpp:40[m[K,
[9.665s]                  from [01m[K/home/bobo/ros2_ws/src/mr2_public/tug_turtlebot4/include/tug_turtlebot4/SlamNode.hpp:9[m[K,
[9.665s]                  from [01m[K/home/bobo/ros2_ws/src/mr2_public/tug_turtlebot4/src/SlamNode.cpp:1[m[K:
[9.665s] [01m[K/home/bobo/ros2_ws/src/mr2_public/tug_turtlebot4/src/SlamNode.cpp:[m[K In function â€˜[01m[Kvoid saveSensorDataToCSV(const string&)[m[Kâ€™:
[9.665s] [01m[K/home/bobo/ros2_ws/src/mr2_public/tug_turtlebot4/src/SlamNode.cpp:307:22:[m[K [01;31m[Kerror: [m[Kâ€˜[01m[Kget_logger[m[Kâ€™ was not declared in this scope; did you mean â€˜[01m[Krclcpp::get_logger[m[Kâ€™?
[9.665s]   307 |         RCLCPP_ERROR([01;31m[Kget_logger[m[K(), "Failed to open file: %s", filename.c_str());
[9.665s]       |                      [01;31m[K^~~~~~~~~~[m[K
[9.665s] In file included from [01m[K/opt/ros/humble/include/rclcpp/rclcpp/logging.hpp:23[m[K,
[9.666s]                  from [01m[K/opt/ros/humble/include/rclcpp/rclcpp/client.hpp:40[m[K,
[9.666s]                  from [01m[K/opt/ros/humble/include/rclcpp/rclcpp/callback_group.hpp:24[m[K,
[9.666s]                  from [01m[K/opt/ros/humble/include/rclcpp/rclcpp/node.hpp:40[m[K,
[9.666s]                  from [01m[K/home/bobo/ros2_ws/src/mr2_public/tug_turtlebot4/include/tug_turtlebot4/SlamNode.hpp:9[m[K,
[9.666s]                  from [01m[K/home/bobo/ros2_ws/src/mr2_public/tug_turtlebot4/src/SlamNode.cpp:1[m[K:
[9.666s] [01m[K/opt/ros/humble/include/rclcpp/rclcpp/logger.hpp:106:17:[m[K [01;36m[Knote: [m[Kâ€˜[01m[Krclcpp::get_logger[m[Kâ€™ declared here
[9.666s]   106 |   friend Logger [01;36m[Krclcpp[m[K::get_logger(const std::string & name);
[9.666s]       |                 [01;36m[K^~~~~~[m[K
[9.666s] In file included from [01m[K/opt/ros/humble/include/rclcpp/rclcpp/client.hpp:40[m[K,
[9.666s]                  from [01m[K/opt/ros/humble/include/rclcpp/rclcpp/callback_group.hpp:24[m[K,
[9.666s]                  from [01m[K/opt/ros/humble/include/rclcpp/rclcpp/node.hpp:40[m[K,
[9.666s]                  from [01m[K/home/bobo/ros2_ws/src/mr2_public/tug_turtlebot4/include/tug_turtlebot4/SlamNode.hpp:9[m[K,
[9.666s]                  from [01m[K/home/bobo/ros2_ws/src/mr2_public/tug_turtlebot4/src/SlamNode.cpp:1[m[K:
[9.666s] [01m[K/home/bobo/ros2_ws/src/mr2_public/tug_turtlebot4/src/SlamNode.cpp:307:9:[m[K [01;31m[Kerror: [m[Ktemplate argument 1 is invalid
[9.666s]   307 |         [01;31m[KRCLCPP_ERROR[m[K(get_logger(), "Failed to open file: %s", filename.c_str());
[9.666s]       |         [01;31m[K^~~~~~~~~~~~[m[K
[9.667s] [01m[K/home/bobo/ros2_ws/src/mr2_public/tug_turtlebot4/src/SlamNode.cpp:307:9:[m[K [01;31m[Kerror: [m[Ktemplate argument 1 is invalid
[9.667s]   307 |         [01;31m[KRCLCPP_ERROR[m[K(get_logger(), "Failed to open file: %s", filename.c_str());
[9.667s]       |         [01;31m[K^~~~~~~~~~~~[m[K
[9.667s] [01m[K/home/bobo/ros2_ws/src/mr2_public/tug_turtlebot4/src/SlamNode.cpp:307:9:[m[K [01;31m[Kerror: [m[Ktemplate argument 1 is invalid
[9.667s]   307 |         [01;31m[KRCLCPP_ERROR[m[K(get_logger(), "Failed to open file: %s", filename.c_str());
[9.667s]       |         [01;31m[K^~~~~~~~~~~~[m[K
[9.672s] [01m[K/home/bobo/ros2_ws/src/mr2_public/tug_turtlebot4/src/SlamNode.cpp:315:32:[m[K [01;31m[Kerror: [m[Kâ€˜[01m[Ksensor_readings_[m[Kâ€™ was not declared in this scope
[9.672s]   315 |     for (const auto& reading : [01;31m[Ksensor_readings_[m[K) {
[9.672s]       |                                [01;31m[K^~~~~~~~~~~~~~~~[m[K
[9.673s] In file included from [01m[K/opt/ros/humble/include/rclcpp/rclcpp/client.hpp:40[m[K,
[9.673s]                  from [01m[K/opt/ros/humble/include/rclcpp/rclcpp/callback_group.hpp:24[m[K,
[9.673s]                  from [01m[K/opt/ros/humble/include/rclcpp/rclcpp/node.hpp:40[m[K,
[9.673s]                  from [01m[K/home/bobo/ros2_ws/src/mr2_public/tug_turtlebot4/include/tug_turtlebot4/SlamNode.hpp:9[m[K,
[9.673s]                  from [01m[K/home/bobo/ros2_ws/src/mr2_public/tug_turtlebot4/src/SlamNode.cpp:1[m[K:
[9.673s] [01m[K/home/bobo/ros2_ws/src/mr2_public/tug_turtlebot4/src/SlamNode.cpp:339:17:[m[K [01;31m[Kerror: [m[Kâ€˜[01m[Kget_logger[m[Kâ€™ was not declared in this scope; did you mean â€˜[01m[Krclcpp::get_logger[m[Kâ€™?
[9.673s]   339 |     RCLCPP_INFO([01;31m[Kget_logger[m[K(), "Sensor data saved to file: %s", filename.c_str());
[9.673s]       |                 [01;31m[K^~~~~~~~~~[m[K
[9.674s] In file included from [01m[K/opt/ros/humble/include/rclcpp/rclcpp/logging.hpp:23[m[K,
[9.674s]                  from [01m[K/opt/ros/humble/include/rclcpp/rclcpp/client.hpp:40[m[K,
[9.674s]                  from [01m[K/opt/ros/humble/include/rclcpp/rclcpp/callback_group.hpp:24[m[K,
[9.674s]                  from [01m[K/opt/ros/humble/include/rclcpp/rclcpp/node.hpp:40[m[K,
[9.674s]                  from [01m[K/home/bobo/ros2_ws/src/mr2_public/tug_turtlebot4/include/tug_turtlebot4/SlamNode.hpp:9[m[K,
[9.674s]                  from [01m[K/home/bobo/ros2_ws/src/mr2_public/tug_turtlebot4/src/SlamNode.cpp:1[m[K:
[9.674s] [01m[K/opt/ros/humble/include/rclcpp/rclcpp/logger.hpp:106:17:[m[K [01;36m[Knote: [m[Kâ€˜[01m[Krclcpp::get_logger[m[Kâ€™ declared here
[9.674s]   106 |   friend Logger [01;36m[Krclcpp[m[K::get_logger(const std::string & name);
[9.674s]       |                 [01;36m[K^~~~~~[m[K
[9.675s] In file included from [01m[K/opt/ros/humble/include/rclcpp/rclcpp/client.hpp:40[m[K,
[9.675s]                  from [01m[K/opt/ros/humble/include/rclcpp/rclcpp/callback_group.hpp:24[m[K,
[9.675s]                  from [01m[K/opt/ros/humble/include/rclcpp/rclcpp/node.hpp:40[m[K,
[9.675s]                  from [01m[K/home/bobo/ros2_ws/src/mr2_public/tug_turtlebot4/include/tug_turtlebot4/SlamNode.hpp:9[m[K,
[9.675s]                  from [01m[K/home/bobo/ros2_ws/src/mr2_public/tug_turtlebot4/src/SlamNode.cpp:1[m[K:
[9.675s] [01m[K/home/bobo/ros2_ws/src/mr2_public/tug_turtlebot4/src/SlamNode.cpp:339:5:[m[K [01;31m[Kerror: [m[Ktemplate argument 1 is invalid
[9.675s]   339 |     [01;31m[KRCLCPP_INFO[m[K(get_logger(), "Sensor data saved to file: %s", filename.c_str());
[9.675s]       |     [01;31m[K^~~~~~~~~~~[m[K
[9.675s] [01m[K/home/bobo/ros2_ws/src/mr2_public/tug_turtlebot4/src/SlamNode.cpp:339:5:[m[K [01;31m[Kerror: [m[Ktemplate argument 1 is invalid
[9.675s]   339 |     [01;31m[KRCLCPP_INFO[m[K(get_logger(), "Sensor data saved to file: %s", filename.c_str());
[9.675s]       |     [01;31m[K^~~~~~~~~~~[m[K
[9.675s] [01m[K/home/bobo/ros2_ws/src/mr2_public/tug_turtlebot4/src/SlamNode.cpp:339:5:[m[K [01;31m[Kerror: [m[Ktemplate argument 1 is invalid
[9.675s]   339 |     [01;31m[KRCLCPP_INFO[m[K(get_logger(), "Sensor data saved to file: %s", filename.c_str());
[9.675s]       |     [01;31m[K^~~~~~~~~~~[m[K
[9.675s] [01m[K/home/bobo/ros2_ws/src/mr2_public/tug_turtlebot4/src/SlamNode.cpp:[m[K At global scope:
[9.676s] [01m[K/home/bobo/ros2_ws/src/mr2_public/tug_turtlebot4/src/SlamNode.cpp:343:6:[m[K [01;31m[Kerror: [m[Kâ€˜[01m[KSlamNode[m[Kâ€™ has not been declared
[9.676s]   343 | void [01;31m[KSlamNode[m[K::loadSensorDataFromCSV(const std::string& filename) {
[9.676s]       |      [01;31m[K^~~~~~~~[m[K
[9.676s] In file included from [01m[K/opt/ros/humble/include/rclcpp/rclcpp/client.hpp:40[m[K,
[9.676s]                  from [01m[K/opt/ros/humble/include/rclcpp/rclcpp/callback_group.hpp:24[m[K,
[9.676s]                  from [01m[K/opt/ros/humble/include/rclcpp/rclcpp/node.hpp:40[m[K,
[9.676s]                  from [01m[K/home/bobo/ros2_ws/src/mr2_public/tug_turtlebot4/include/tug_turtlebot4/SlamNode.hpp:9[m[K,
[9.676s]                  from [01m[K/home/bobo/ros2_ws/src/mr2_public/tug_turtlebot4/src/SlamNode.cpp:1[m[K:
[9.676s] [01m[K/home/bobo/ros2_ws/src/mr2_public/tug_turtlebot4/src/SlamNode.cpp:[m[K In function â€˜[01m[Kvoid loadSensorDataFromCSV(const string&)[m[Kâ€™:
[9.676s] [01m[K/home/bobo/ros2_ws/src/mr2_public/tug_turtlebot4/src/SlamNode.cpp:346:22:[m[K [01;31m[Kerror: [m[Kâ€˜[01m[Kget_logger[m[Kâ€™ was not declared in this scope; did you mean â€˜[01m[Krclcpp::get_logger[m[Kâ€™?
[9.676s]   346 |         RCLCPP_ERROR([01;31m[Kget_logger[m[K(), "Failed to open CSV file: %s", filename.c_str());
[9.676s]       |                      [01;31m[K^~~~~~~~~~[m[K
[9.676s] In file included from [01m[K/opt/ros/humble/include/rclcpp/rclcpp/logging.hpp:23[m[K,
[9.676s]                  from [01m[K/opt/ros/humble/include/rclcpp/rclcpp/client.hpp:40[m[K,
[9.676s]                  from [01m[K/opt/ros/humble/include/rclcpp/rclcpp/callback_group.hpp:24[m[K,
[9.676s]                  from [01m[K/opt/ros/humble/include/rclcpp/rclcpp/node.hpp:40[m[K,
[9.676s]                  from [01m[K/home/bobo/ros2_ws/src/mr2_public/tug_turtlebot4/include/tug_turtlebot4/SlamNode.hpp:9[m[K,
[9.677s]                  from [01m[K/home/bobo/ros2_ws/src/mr2_public/tug_turtlebot4/src/SlamNode.cpp:1[m[K:
[9.677s] [01m[K/opt/ros/humble/include/rclcpp/rclcpp/logger.hpp:106:17:[m[K [01;36m[Knote: [m[Kâ€˜[01m[Krclcpp::get_logger[m[Kâ€™ declared here
[9.677s]   106 |   friend Logger [01;36m[Krclcpp[m[K::get_logger(const std::string & name);
[9.677s]       |                 [01;36m[K^~~~~~[m[K
[9.677s] In file included from [01m[K/opt/ros/humble/include/rclcpp/rclcpp/client.hpp:40[m[K,
[9.677s]                  from [01m[K/opt/ros/humble/include/rclcpp/rclcpp/callback_group.hpp:24[m[K,
[9.677s]                  from [01m[K/opt/ros/humble/include/rclcpp/rclcpp/node.hpp:40[m[K,
[9.677s]                  from [01m[K/home/bobo/ros2_ws/src/mr2_public/tug_turtlebot4/include/tug_turtlebot4/SlamNode.hpp:9[m[K,
[9.677s]                  from [01m[K/home/bobo/ros2_ws/src/mr2_public/tug_turtlebot4/src/SlamNode.cpp:1[m[K:
[9.677s] [01m[K/home/bobo/ros2_ws/src/mr2_public/tug_turtlebot4/src/SlamNode.cpp:346:9:[m[K [01;31m[Kerror: [m[Ktemplate argument 1 is invalid
[9.677s]   346 |         [01;31m[KRCLCPP_ERROR[m[K(get_logger(), "Failed to open CSV file: %s", filename.c_str());
[9.677s]       |         [01;31m[K^~~~~~~~~~~~[m[K
[9.677s] [01m[K/home/bobo/ros2_ws/src/mr2_public/tug_turtlebot4/src/SlamNode.cpp:346:9:[m[K [01;31m[Kerror: [m[Ktemplate argument 1 is invalid
[9.677s]   346 |         [01;31m[KRCLCPP_ERROR[m[K(get_logger(), "Failed to open CSV file: %s", filename.c_str());
[9.677s]       |         [01;31m[K^~~~~~~~~~~~[m[K
[9.677s] [01m[K/home/bobo/ros2_ws/src/mr2_public/tug_turtlebot4/src/SlamNode.cpp:346:9:[m[K [01;31m[Kerror: [m[Ktemplate argument 1 is invalid
[9.678s]   346 |         [01;31m[KRCLCPP_ERROR[m[K(get_logger(), "Failed to open CSV file: %s", filename.c_str());
[9.678s]       |         [01;31m[K^~~~~~~~~~~~[m[K
[9.682s] [01m[K/home/bobo/ros2_ws/src/mr2_public/tug_turtlebot4/src/SlamNode.cpp:350:5:[m[K [01;31m[Kerror: [m[Kâ€˜[01m[Ksensor_readings_[m[Kâ€™ was not declared in this scope
[9.682s]   350 |     [01;31m[Ksensor_readings_[m[K.clear();
[9.683s]       |     [01;31m[K^~~~~~~~~~~~~~~~[m[K
[9.683s] [01m[K/home/bobo/ros2_ws/src/mr2_public/tug_turtlebot4/src/SlamNode.cpp:361:9:[m[K [01;31m[Kerror: [m[Kâ€˜[01m[KSensorReading[m[Kâ€™ was not declared in this scope; did you mean â€˜[01m[Ktug_turtlebot4::SensorReading[m[Kâ€™?
[9.684s]   361 |         [01;31m[KSensorReading[m[K reading;
[9.684s]       |         [01;31m[K^~~~~~~~~~~~~[m[K
[9.684s]       |         [32m[Ktug_turtlebot4::SensorReading[m[K
[9.684s] In file included from [01m[K/home/bobo/ros2_ws/src/mr2_public/tug_turtlebot4/src/SlamNode.cpp:1[m[K:
[9.684s] [01m[K/home/bobo/ros2_ws/src/mr2_public/tug_turtlebot4/include/tug_turtlebot4/SlamNode.hpp:30:8:[m[K [01;36m[Knote: [m[Kâ€˜[01m[Ktug_turtlebot4::SensorReading[m[Kâ€™ declared here
[9.684s]    30 | struct [01;36m[KSensorReading[m[K {
[9.684s]       |        [01;36m[K^~~~~~~~~~~~~[m[K
[9.689s] [01m[K/home/bobo/ros2_ws/src/mr2_public/tug_turtlebot4/src/SlamNode.cpp:365:16:[m[K [01;31m[Kerror: [m[Kâ€˜[01m[Kreading[m[Kâ€™ was not declared in this scope; did you mean â€˜[01m[Kreadlink[m[Kâ€™?
[9.689s]   365 |         iss >> [01;31m[Kreading[m[K.scan.header.stamp.sec >> delimiter
[9.689s]       |                [01;31m[K^~~~~~~[m[K
[9.689s]       |                [32m[Kreadlink[m[K
[9.691s] In file included from [01m[K/opt/ros/humble/include/rclcpp/rclcpp/client.hpp:40[m[K,
[9.691s]                  from [01m[K/opt/ros/humble/include/rclcpp/rclcpp/callback_group.hpp:24[m[K,
[9.691s]                  from [01m[K/opt/ros/humble/include/rclcpp/rclcpp/node.hpp:40[m[K,
[9.691s]                  from [01m[K/home/bobo/ros2_ws/src/mr2_public/tug_turtlebot4/include/tug_turtlebot4/SlamNode.hpp:9[m[K,
[9.691s]                  from [01m[K/home/bobo/ros2_ws/src/mr2_public/tug_turtlebot4/src/SlamNode.cpp:1[m[K:
[9.691s] [01m[K/home/bobo/ros2_ws/src/mr2_public/tug_turtlebot4/src/SlamNode.cpp:389:17:[m[K [01;31m[Kerror: [m[Kâ€˜[01m[Kget_logger[m[Kâ€™ was not declared in this scope; did you mean â€˜[01m[Krclcpp::get_logger[m[Kâ€™?
[9.692s]   389 |     RCLCPP_INFO([01;31m[Kget_logger[m[K(), "Loaded %zu sensor readings from CSV file: %s",
[9.692s]       |                 [01;31m[K^~~~~~~~~~[m[K
[9.692s] In file included from [01m[K/opt/ros/humble/include/rclcpp/rclcpp/logging.hpp:23[m[K,
[9.692s]                  from [01m[K/opt/ros/humble/include/rclcpp/rclcpp/client.hpp:40[m[K,
[9.692s]                  from [01m[K/opt/ros/humble/include/rclcpp/rclcpp/callback_group.hpp:24[m[K,
[9.692s]                  from [01m[K/opt/ros/humble/include/rclcpp/rclcpp/node.hpp:40[m[K,
[9.692s]                  from [01m[K/home/bobo/ros2_ws/src/mr2_public/tug_turtlebot4/include/tug_turtlebot4/SlamNode.hpp:9[m[K,
[9.693s]                  from [01m[K/home/bobo/ros2_ws/src/mr2_public/tug_turtlebot4/src/SlamNode.cpp:1[m[K:
[9.693s] [01m[K/opt/ros/humble/include/rclcpp/rclcpp/logger.hpp:106:17:[m[K [01;36m[Knote: [m[Kâ€˜[01m[Krclcpp::get_logger[m[Kâ€™ declared here
[9.693s]   106 |   friend Logger [01;36m[Krclcpp[m[K::get_logger(const std::string & name);
[9.693s]       |                 [01;36m[K^~~~~~[m[K
[9.693s] In file included from [01m[K/opt/ros/humble/include/rclcpp/rclcpp/client.hpp:40[m[K,
[9.693s]                  from [01m[K/opt/ros/humble/include/rclcpp/rclcpp/callback_group.hpp:24[m[K,
[9.693s]                  from [01m[K/opt/ros/humble/include/rclcpp/rclcpp/node.hpp:40[m[K,
[9.693s]                  from [01m[K/home/bobo/ros2_ws/src/mr2_public/tug_turtlebot4/include/tug_turtlebot4/SlamNode.hpp:9[m[K,
[9.693s]                  from [01m[K/home/bobo/ros2_ws/src/mr2_public/tug_turtlebot4/src/SlamNode.cpp:1[m[K:
[9.694s] [01m[K/home/bobo/ros2_ws/src/mr2_public/tug_turtlebot4/src/SlamNode.cpp:389:5:[m[K [01;31m[Kerror: [m[Ktemplate argument 1 is invalid
[9.694s]   389 |     [01;31m[KRCLCPP_INFO[m[K(get_logger(), "Loaded %zu sensor readings from CSV file: %s",
[9.694s]       |     [01;31m[K^~~~~~~~~~~[m[K
[9.694s] [01m[K/home/bobo/ros2_ws/src/mr2_public/tug_turtlebot4/src/SlamNode.cpp:389:5:[m[K [01;31m[Kerror: [m[Ktemplate argument 1 is invalid
[9.694s]   389 |     [01;31m[KRCLCPP_INFO[m[K(get_logger(), "Loaded %zu sensor readings from CSV file: %s",
[9.694s]       |     [01;31m[K^~~~~~~~~~~[m[K
[9.694s] [01m[K/home/bobo/ros2_ws/src/mr2_public/tug_turtlebot4/src/SlamNode.cpp:389:5:[m[K [01;31m[Kerror: [m[Ktemplate argument 1 is invalid
[9.694s]   389 |     [01;31m[KRCLCPP_INFO[m[K(get_logger(), "Loaded %zu sensor readings from CSV file: %s",
[9.694s]       |     [01;31m[K^~~~~~~~~~~[m[K
[9.694s] [01m[K/home/bobo/ros2_ws/src/mr2_public/tug_turtlebot4/src/SlamNode.cpp:[m[K At global scope:
[9.694s] [01m[K/home/bobo/ros2_ws/src/mr2_public/tug_turtlebot4/src/SlamNode.cpp:396:1:[m[K [01;31m[Kerror: [m[Kexpected declaration before â€˜[01m[K}[m[Kâ€™ token
[9.694s]   396 | [01;31m[K}[m[K /* namespace tug_turtlebot */
[9.694s]       | [01;31m[K^[m[K
[14.460s] gmake[2]: *** [CMakeFiles/slam.dir/build.make:90: CMakeFiles/slam.dir/src/SlamNode.cpp.o] Error 1
[14.460s] gmake[1]: *** [CMakeFiles/Makefile2:195: CMakeFiles/slam.dir/all] Error 2
[14.460s] gmake: *** [Makefile:146: all] Error 2
[14.463s] Invoked command in '/home/bobo/ros2_ws/build/tug_turtlebot4' returned '2': CMAKE_PREFIX_PATH=/home/bobo/ros2_ws/install/tug_msgs:/home/bobo/ros2_ws/install/tug_turtlebot4:/home/bobo/ros2_ws/install/tug_stage_ros2:/home/bobo/ros2_ws/install/tug_mr2:/home/bobo/ros2_ws/install/ros2cpp_tutorials_service:/home/bobo/ros2_ws/install/ros2cpp_tutorials_publisher_subscriber:/home/bobo/ros2_ws/install/ros2cpp_tutorials_parameter:/home/bobo/ros2_ws/install/ros2cpp_tutorials_action:/home/bobo/ros2_ws/install/Eigen3:/opt/ros/humble LD_LIBRARY_PATH=/home/bobo/ros2_ws/install/tug_msgs/lib:/home/bobo/stg/lib:/home/bobo/ros2_ws/install/ros2cpp_tutorials_service/lib:/home/bobo/ros2_ws/install/ros2cpp_tutorials_action/lib:/opt/ros/humble/opt/rviz_ogre_vendor/lib:/opt/ros/humble/lib/x86_64-linux-gnu:/opt/ros/humble/lib /usr/bin/cmake --build /home/bobo/ros2_ws/build/tug_turtlebot4 -- -j8 -l8
