In file included from [01m[K/opt/ros/humble/include/rclcpp/rclcpp/logging.hpp:24[m[K,
                 from [01m[K/opt/ros/humble/include/rclcpp/rclcpp/client.hpp:40[m[K,
                 from [01m[K/opt/ros/humble/include/rclcpp/rclcpp/callback_group.hpp:24[m[K,
                 from [01m[K/opt/ros/humble/include/rclcpp/rclcpp/node.hpp:40[m[K,
                 from [01m[K/home/bobo/ros2_ws/src/mr2_public/tug_turtlebot4/include/tug_turtlebot4/NavNode.hpp:4[m[K,
                 from [01m[K/home/bobo/ros2_ws/src/mr2_public/tug_turtlebot4/src/NavNode.cpp:1[m[K:
[01m[K/home/bobo/ros2_ws/src/mr2_public/tug_turtlebot4/src/NavNode.cpp:[m[K In member function â€˜[01m[Kvoid tug_turtlebot4::NavNode::laserScanCallback(const ConstSharedPtr&)[m[Kâ€™:
[01m[K/home/bobo/ros2_ws/src/mr2_public/tug_turtlebot4/src/NavNode.cpp:187:58:[m[K [01;31m[Kerror: [m[Kâ€˜[01m[Kangle[m[Kâ€™ was not declared in this scope
  187 |         RCLCPP_INFO(get_logger(), "Angel: %f; Hist: %f ",[01;31m[Kangle[m[K, histogram[i]);
      |                                                          [01;31m[K^~~~~[m[K
gmake[2]: *** [CMakeFiles/nav.dir/build.make:90: CMakeFiles/nav.dir/src/NavNode.cpp.o] Error 1
gmake[1]: *** [CMakeFiles/Makefile2:171: CMakeFiles/nav.dir/all] Error 2
gmake: *** [Makefile:146: all] Error 2
