[0.029s] Invoking command in '/home/bobo/ros2_ws/build/tug_turtlebot4': CMAKE_PREFIX_PATH=/home/bobo/ros2_ws/install/tug_msgs:/home/bobo/ros2_ws/install/tug_turtlebot4:/home/bobo/ros2_ws/install/tug_stage_ros2:/home/bobo/ros2_ws/install/tug_mr2:/home/bobo/ros2_ws/install/ros2cpp_tutorials_service:/home/bobo/ros2_ws/install/ros2cpp_tutorials_publisher_subscriber:/home/bobo/ros2_ws/install/ros2cpp_tutorials_parameter:/home/bobo/ros2_ws/install/ros2cpp_tutorials_action:/home/bobo/ros2_ws/install/Eigen3:/opt/ros/humble LD_LIBRARY_PATH=/home/bobo/ros2_ws/install/tug_msgs/lib:/home/bobo/stg/lib:/home/bobo/ros2_ws/install/ros2cpp_tutorials_service/lib:/home/bobo/ros2_ws/install/ros2cpp_tutorials_action/lib:/opt/ros/humble/opt/rviz_ogre_vendor/lib:/opt/ros/humble/lib/x86_64-linux-gnu:/opt/ros/humble/lib /usr/bin/cmake --build /home/bobo/ros2_ws/build/tug_turtlebot4 -- -j8 -l8
[0.135s] [ 14%] Built target tug_wheel_encoder-system
[0.182s] [ 28%] Built target static_transform_publisher
[0.240s] [ 57%] Built target slam
[0.288s] [ 78%] Built target simple_turtle
[0.307s] [35m[1mConsolidate compiler generated dependencies of target nav[0m
[0.339s] [ 85%] [32mBuilding CXX object CMakeFiles/nav.dir/src/NavNode.cpp.o[0m
[2.436s] In file included from [01m[K/opt/ros/humble/include/rclcpp/rclcpp/logging.hpp:24[m[K,
[2.436s]                  from [01m[K/opt/ros/humble/include/rclcpp/rclcpp/client.hpp:40[m[K,
[2.436s]                  from [01m[K/opt/ros/humble/include/rclcpp/rclcpp/callback_group.hpp:24[m[K,
[2.436s]                  from [01m[K/opt/ros/humble/include/rclcpp/rclcpp/node.hpp:40[m[K,
[2.436s]                  from [01m[K/home/bobo/ros2_ws/src/mr2_public/tug_turtlebot4/include/tug_turtlebot4/NavNode.hpp:4[m[K,
[2.436s]                  from [01m[K/home/bobo/ros2_ws/src/mr2_public/tug_turtlebot4/src/NavNode.cpp:1[m[K:
[2.436s] [01m[K/home/bobo/ros2_ws/src/mr2_public/tug_turtlebot4/src/NavNode.cpp:[m[K In member function â€˜[01m[Kvoid tug_turtlebot4::NavNode::laserScanCallback(const ConstSharedPtr&)[m[Kâ€™:
[2.436s] [01m[K/home/bobo/ros2_ws/src/mr2_public/tug_turtlebot4/src/NavNode.cpp:187:58:[m[K [01;31m[Kerror: [m[Kâ€˜[01m[Kangle[m[Kâ€™ was not declared in this scope
[2.436s]   187 |         RCLCPP_INFO(get_logger(), "Angel: %f; Hist: %f ",[01;31m[Kangle[m[K, histogram[i]);
[2.437s]       |                                                          [01;31m[K^~~~~[m[K
[7.922s] gmake[2]: *** [CMakeFiles/nav.dir/build.make:90: CMakeFiles/nav.dir/src/NavNode.cpp.o] Error 1
[7.922s] gmake[1]: *** [CMakeFiles/Makefile2:171: CMakeFiles/nav.dir/all] Error 2
[7.923s] gmake: *** [Makefile:146: all] Error 2
[7.926s] Invoked command in '/home/bobo/ros2_ws/build/tug_turtlebot4' returned '2': CMAKE_PREFIX_PATH=/home/bobo/ros2_ws/install/tug_msgs:/home/bobo/ros2_ws/install/tug_turtlebot4:/home/bobo/ros2_ws/install/tug_stage_ros2:/home/bobo/ros2_ws/install/tug_mr2:/home/bobo/ros2_ws/install/ros2cpp_tutorials_service:/home/bobo/ros2_ws/install/ros2cpp_tutorials_publisher_subscriber:/home/bobo/ros2_ws/install/ros2cpp_tutorials_parameter:/home/bobo/ros2_ws/install/ros2cpp_tutorials_action:/home/bobo/ros2_ws/install/Eigen3:/opt/ros/humble LD_LIBRARY_PATH=/home/bobo/ros2_ws/install/tug_msgs/lib:/home/bobo/stg/lib:/home/bobo/ros2_ws/install/ros2cpp_tutorials_service/lib:/home/bobo/ros2_ws/install/ros2cpp_tutorials_action/lib:/opt/ros/humble/opt/rviz_ogre_vendor/lib:/opt/ros/humble/lib/x86_64-linux-gnu:/opt/ros/humble/lib /usr/bin/cmake --build /home/bobo/ros2_ws/build/tug_turtlebot4 -- -j8 -l8
