-- The C compiler identification is GNU 11.4.0
-- The CXX compiler identification is GNU 11.4.0
-- Detecting C compiler ABI info
-- Detecting C compiler ABI info - done
-- Check for working C compiler: /usr/bin/cc - skipped
-- Detecting C compile features
-- Detecting C compile features - done
-- Detecting CXX compiler ABI info
-- Detecting CXX compiler ABI info - done
-- Check for working CXX compiler: /usr/bin/c++ - skipped
-- Detecting CXX compile features
-- Detecting CXX compile features - done
-- Found ament_cmake: 1.3.10 (/opt/ros/humble/share/ament_cmake/cmake)
-- Found Python3: /usr/bin/python3 (found version "3.10.12") found components: Interpreter 
-- Found rclcpp: 16.0.10 (/opt/ros/humble/share/rclcpp/cmake)
-- Found rosidl_generator_c: 3.1.5 (/opt/ros/humble/share/rosidl_generator_c/cmake)
-- Found rosidl_adapter: 3.1.5 (/opt/ros/humble/share/rosidl_adapter/cmake)
-- Found rosidl_generator_cpp: 3.1.5 (/opt/ros/humble/share/rosidl_generator_cpp/cmake)
-- Using all available rosidl_typesupport_c: rosidl_typesupport_fastrtps_c;rosidl_typesupport_introspection_c
-- Using all available rosidl_typesupport_cpp: rosidl_typesupport_fastrtps_cpp;rosidl_typesupport_introspection_cpp
-- Found rmw_implementation_cmake: 6.1.2 (/opt/ros/humble/share/rmw_implementation_cmake/cmake)
-- Found rmw_fastrtps_cpp: 6.2.7 (/opt/ros/humble/share/rmw_fastrtps_cpp/cmake)
-- Found OpenSSL: /usr/lib/x86_64-linux-gnu/libcrypto.so (found version "3.0.2")  
-- Found FastRTPS: /opt/ros/humble/include  
-- Using RMW implementation 'rmw_fastrtps_cpp' as default
-- Looking for pthread.h
-- Looking for pthread.h - found
-- Performing Test CMAKE_HAVE_LIBC_PTHREAD
-- Performing Test CMAKE_HAVE_LIBC_PTHREAD - Success
-- Found Threads: TRUE  
-- Found geometry_msgs: 4.2.4 (/opt/ros/humble/share/geometry_msgs/cmake)
-- Found nav_msgs: 4.2.4 (/opt/ros/humble/share/nav_msgs/cmake)
-- Found sensor_msgs: 4.2.4 (/opt/ros/humble/share/sensor_msgs/cmake)
-- Found tug_msgs: 0.0.0 (/home/bobo/ros2_ws/install/tug_msgs/share/tug_msgs/cmake)
-- Found tf2: 0.25.8 (/opt/ros/humble/share/tf2/cmake)
-- Found ament_lint_auto: 0.12.11 (/opt/ros/humble/share/ament_lint_auto/cmake)
-- Added test 'cppcheck' to perform static code analysis on C / C++ code
-- Configured cppcheck include dirs: /home/bobo/ros2_ws/src/mr2_public/tug_mr2/include/
-- Configured cppcheck exclude dirs and/or files: 
-- Added test 'lint_cmake' to check CMake code style
-- Added test 'uncrustify' to check C / C++ code style
-- Configured uncrustify additional arguments: 
-- Added test 'xmllint' to check XML markup files
-- Configuring done
-- Generating done
-- Build files have been written to: /home/bobo/ros2_ws/build/tug_mr2
[ 16%] [32mBuilding CXX object CMakeFiles/tug_transform.dir/src/TransformNode.cpp.o[0m
[ 33%] [32mBuilding CXX object CMakeFiles/tug_transform.dir/src/tug_transform.cpp.o[0m
[ 50%] [32mBuilding CXX object CMakeFiles/tug_kinematic.dir/src/tug_kinematic.cpp.o[0m
[ 66%] [32mBuilding CXX object CMakeFiles/tug_kinematic.dir/src/KinematicNode.cpp.o[0m
In file included from [01m[K/home/bobo/ros2_ws/src/mr2_public/tug_mr2/src/TransformNode.cpp:1[m[K:
[01m[K/home/bobo/ros2_ws/src/mr2_public/tug_mr2/include/tug_mr2/TransformNode.hpp:5:10:[m[K [01;31m[Kfatal error: [m[Kgeometry_msgs/msg/point_cloud.hpp: No such file or directory
    5 | #include [01;31m[K"geometry_msgs/msg/point_cloud.hpp"[m[K
      |          [01;31m[K^~~~~~~~~~~~~~~~~~~~~~~~~~~~~~~~~~~[m[K
compilation terminated.
gmake[2]: *** [CMakeFiles/tug_transform.dir/build.make:90: CMakeFiles/tug_transform.dir/src/TransformNode.cpp.o] Error 1
gmake[2]: *** Waiting for unfinished jobs....
In file included from [01m[K/home/bobo/ros2_ws/src/mr2_public/tug_mr2/src/tug_transform.cpp:5[m[K:
[01m[K/home/bobo/ros2_ws/src/mr2_public/tug_mr2/include/tug_mr2/TransformNode.hpp:5:10:[m[K [01;31m[Kfatal error: [m[Kgeometry_msgs/msg/point_cloud.hpp: No such file or directory
    5 | #include [01;31m[K"geometry_msgs/msg/point_cloud.hpp"[m[K
      |          [01;31m[K^~~~~~~~~~~~~~~~~~~~~~~~~~~~~~~~~~~[m[K
compilation terminated.
gmake[2]: *** [CMakeFiles/tug_transform.dir/build.make:76: CMakeFiles/tug_transform.dir/src/tug_transform.cpp.o] Error 1
gmake[1]: *** [CMakeFiles/Makefile2:165: CMakeFiles/tug_transform.dir/all] Error 2
gmake[1]: *** Waiting for unfinished jobs....
[01m[K/home/bobo/ros2_ws/src/mr2_public/tug_mr2/src/KinematicNode.cpp:[m[K In member function â€˜[01m[Kvoid tug_mr2::KinematicNode::movementCallback(const ConstSharedPtr&)[m[Kâ€™:
[01m[K/home/bobo/ros2_ws/src/mr2_public/tug_mr2/src/KinematicNode.cpp:90:11:[m[K [01;35m[Kwarning: [m[Kunused variable â€˜[01m[Kx[m[Kâ€™ [[01;35m[K]8;;https://gcc.gnu.org/onlinedocs/gcc/Warning-Options.html#index-Wunused-variable-Wunused-variable]8;;[m[K]
   90 |     float [01;35m[Kx[m[K = a * sin(omega * t);
      |           [01;35m[K^[m[K
[01m[K/home/bobo/ros2_ws/src/mr2_public/tug_mr2/src/KinematicNode.cpp:91:11:[m[K [01;35m[Kwarning: [m[Kunused variable â€˜[01m[Ky[m[Kâ€™ [[01;35m[K]8;;https://gcc.gnu.org/onlinedocs/gcc/Warning-Options.html#index-Wunused-variable-Wunused-variable]8;;[m[K]
   91 |     float [01;35m[Ky[m[K = b*sin(2*omega*t);
      |           [01;35m[K^[m[K
[01m[K/home/bobo/ros2_ws/src/mr2_public/tug_mr2/src/KinematicNode.cpp:96:11:[m[K [01;35m[Kwarning: [m[Kunused variable â€˜[01m[Ktheta1[m[Kâ€™ [[01;35m[K]8;;https://gcc.gnu.org/onlinedocs/gcc/Warning-Options.html#index-Wunused-variable-Wunused-variable]8;;[m[K]
   96 |     float [01;35m[Ktheta1[m[K = atan2(dy, dx);
      |           [01;35m[K^~~~~~[m[K
[01m[K/home/bobo/ros2_ws/src/mr2_public/tug_mr2/src/KinematicNode.cpp:118:11:[m[K [01;35m[Kwarning: [m[Kunused variable â€˜[01m[Kx[m[Kâ€™ [[01;35m[K]8;;https://gcc.gnu.org/onlinedocs/gcc/Warning-Options.html#index-Wunused-variable-Wunused-variable]8;;[m[K]
  118 |     float [01;35m[Kx[m[K = a*sin(omega * t);
      |           [01;35m[K^[m[K
[01m[K/home/bobo/ros2_ws/src/mr2_public/tug_mr2/src/KinematicNode.cpp:119:11:[m[K [01;35m[Kwarning: [m[Kunused variable â€˜[01m[Ky[m[Kâ€™ [[01;35m[K]8;;https://gcc.gnu.org/onlinedocs/gcc/Warning-Options.html#index-Wunused-variable-Wunused-variable]8;;[m[K]
  119 |     float [01;35m[Ky[m[K = b*sin(2*omega*t);
      |           [01;35m[K^[m[K
[01m[K/home/bobo/ros2_ws/src/mr2_public/tug_mr2/src/KinematicNode.cpp:127:11:[m[K [01;35m[Kwarning: [m[Kunused variable â€˜[01m[Ktheta[m[Kâ€™ [[01;35m[K]8;;https://gcc.gnu.org/onlinedocs/gcc/Warning-Options.html#index-Wunused-variable-Wunused-variable]8;;[m[K]
  127 |     float [01;35m[Ktheta[m[K = atan2(dy_dt, dx_dt);
      |           [01;35m[K^~~~~[m[K
[01m[K/home/bobo/ros2_ws/src/mr2_public/tug_mr2/src/KinematicNode.cpp:163:11:[m[K [01;35m[Kwarning: [m[Kunused variable â€˜[01m[Kx[m[Kâ€™ [[01;35m[K]8;;https://gcc.gnu.org/onlinedocs/gcc/Warning-Options.html#index-Wunused-variable-Wunused-variable]8;;[m[K]
  163 |     float [01;35m[Kx[m[K = a*sin(omega * t);
      |           [01;35m[K^[m[K
[01m[K/home/bobo/ros2_ws/src/mr2_public/tug_mr2/src/KinematicNode.cpp:164:11:[m[K [01;35m[Kwarning: [m[Kunused variable â€˜[01m[Ky[m[Kâ€™ [[01;35m[K]8;;https://gcc.gnu.org/onlinedocs/gcc/Warning-Options.html#index-Wunused-variable-Wunused-variable]8;;[m[K]
  164 |     float [01;35m[Ky[m[K = b*sin(2*omega*t);
      |           [01;35m[K^[m[K
[01m[K/home/bobo/ros2_ws/src/mr2_public/tug_mr2/src/KinematicNode.cpp:83:15:[m[K [01;35m[Kwarning: [m[Kunused variable â€˜[01m[Ktime_step[m[Kâ€™ [[01;35m[K]8;;https://gcc.gnu.org/onlinedocs/gcc/Warning-Options.html#index-Wunused-variable-Wunused-variable]8;;[m[K]
   83 |   const float [01;35m[Ktime_step[m[K = 0.05;
      |               [01;35m[K^~~~~~~~~[m[K
[ 83%] [32m[1mLinking CXX executable tug_kinematic[0m
[ 83%] Built target tug_kinematic
gmake: *** [Makefile:146: all] Error 2
