[0.035s] Invoking command in '/home/bobo/ros2_ws/build/tug_mr2': CMAKE_PREFIX_PATH=/home/bobo/ros2_ws/install/tug_msgs:/home/bobo/ros2_ws/install/tug_stage_ros2:/home/bobo/ros2_ws/install/tug_mr2:/home/bobo/ros2_ws/install/ros2cpp_tutorials_service:/home/bobo/ros2_ws/install/ros2cpp_tutorials_publisher_subscriber:/home/bobo/ros2_ws/install/ros2cpp_tutorials_parameter:/home/bobo/ros2_ws/install/ros2cpp_tutorials_action:/opt/ros/humble LD_LIBRARY_PATH=/home/bobo/ros2_ws/install/tug_msgs/lib:/home/bobo/stg/lib:/home/bobo/ros2_ws/install/ros2cpp_tutorials_service/lib:/home/bobo/ros2_ws/install/ros2cpp_tutorials_action/lib:/opt/ros/humble/opt/rviz_ogre_vendor/lib:/opt/ros/humble/lib/x86_64-linux-gnu:/opt/ros/humble/lib /usr/bin/cmake /home/bobo/ros2_ws/src/mr2_public/tug_mr2 -DCMAKE_INSTALL_PREFIX=/home/bobo/ros2_ws/install/tug_mr2
[0.275s] -- The C compiler identification is GNU 11.4.0
[0.539s] -- The CXX compiler identification is GNU 11.4.0
[0.558s] -- Detecting C compiler ABI info
[0.892s] -- Detecting C compiler ABI info - done
[0.946s] -- Check for working C compiler: /usr/bin/cc - skipped
[0.946s] -- Detecting C compile features
[0.947s] -- Detecting C compile features - done
[0.960s] -- Detecting CXX compiler ABI info
[1.344s] -- Detecting CXX compiler ABI info - done
[1.401s] -- Check for working CXX compiler: /usr/bin/c++ - skipped
[1.401s] -- Detecting CXX compile features
[1.402s] -- Detecting CXX compile features - done
[1.413s] -- Found ament_cmake: 1.3.10 (/opt/ros/humble/share/ament_cmake/cmake)
[1.953s] -- Found Python3: /usr/bin/python3 (found version "3.10.12") found components: Interpreter 
[2.182s] -- Found rclcpp: 16.0.10 (/opt/ros/humble/share/rclcpp/cmake)
[2.290s] -- Found rosidl_generator_c: 3.1.5 (/opt/ros/humble/share/rosidl_generator_c/cmake)
[2.309s] -- Found rosidl_adapter: 3.1.5 (/opt/ros/humble/share/rosidl_adapter/cmake)
[2.326s] -- Found rosidl_generator_cpp: 3.1.5 (/opt/ros/humble/share/rosidl_generator_cpp/cmake)
[2.355s] -- Using all available rosidl_typesupport_c: rosidl_typesupport_fastrtps_c;rosidl_typesupport_introspection_c
[2.400s] -- Using all available rosidl_typesupport_cpp: rosidl_typesupport_fastrtps_cpp;rosidl_typesupport_introspection_cpp
[2.524s] -- Found rmw_implementation_cmake: 6.1.2 (/opt/ros/humble/share/rmw_implementation_cmake/cmake)
[2.531s] -- Found rmw_fastrtps_cpp: 6.2.7 (/opt/ros/humble/share/rmw_fastrtps_cpp/cmake)
[2.740s] -- Found OpenSSL: /usr/lib/x86_64-linux-gnu/libcrypto.so (found version "3.0.2")  
[2.806s] -- Found FastRTPS: /opt/ros/humble/include  
[2.914s] -- Using RMW implementation 'rmw_fastrtps_cpp' as default
[2.936s] -- Looking for pthread.h
[3.150s] -- Looking for pthread.h - found
[3.152s] -- Performing Test CMAKE_HAVE_LIBC_PTHREAD
[3.495s] -- Performing Test CMAKE_HAVE_LIBC_PTHREAD - Success
[3.500s] -- Found Threads: TRUE  
[3.801s] -- Found geometry_msgs: 4.2.4 (/opt/ros/humble/share/geometry_msgs/cmake)
[3.888s] -- Found nav_msgs: 4.2.4 (/opt/ros/humble/share/nav_msgs/cmake)
[4.005s] -- Found sensor_msgs: 4.2.4 (/opt/ros/humble/share/sensor_msgs/cmake)
[4.114s] -- Found tug_msgs: 0.0.0 (/home/bobo/ros2_ws/install/tug_msgs/share/tug_msgs/cmake)
[4.173s] -- Found tf2: 0.25.8 (/opt/ros/humble/share/tf2/cmake)
[4.241s] -- Found ament_lint_auto: 0.12.11 (/opt/ros/humble/share/ament_lint_auto/cmake)
[4.578s] -- Added test 'cppcheck' to perform static code analysis on C / C++ code
[4.578s] -- Configured cppcheck include dirs: /home/bobo/ros2_ws/src/mr2_public/tug_mr2/include/
[4.579s] -- Configured cppcheck exclude dirs and/or files: 
[4.594s] -- Added test 'lint_cmake' to check CMake code style
[4.613s] -- Added test 'uncrustify' to check C / C++ code style
[4.613s] -- Configured uncrustify additional arguments: 
[4.617s] -- Added test 'xmllint' to check XML markup files
[4.621s] -- Configuring done
[4.661s] -- Generating done
[4.666s] -- Build files have been written to: /home/bobo/ros2_ws/build/tug_mr2
[4.710s] Invoked command in '/home/bobo/ros2_ws/build/tug_mr2' returned '0': CMAKE_PREFIX_PATH=/home/bobo/ros2_ws/install/tug_msgs:/home/bobo/ros2_ws/install/tug_stage_ros2:/home/bobo/ros2_ws/install/tug_mr2:/home/bobo/ros2_ws/install/ros2cpp_tutorials_service:/home/bobo/ros2_ws/install/ros2cpp_tutorials_publisher_subscriber:/home/bobo/ros2_ws/install/ros2cpp_tutorials_parameter:/home/bobo/ros2_ws/install/ros2cpp_tutorials_action:/opt/ros/humble LD_LIBRARY_PATH=/home/bobo/ros2_ws/install/tug_msgs/lib:/home/bobo/stg/lib:/home/bobo/ros2_ws/install/ros2cpp_tutorials_service/lib:/home/bobo/ros2_ws/install/ros2cpp_tutorials_action/lib:/opt/ros/humble/opt/rviz_ogre_vendor/lib:/opt/ros/humble/lib/x86_64-linux-gnu:/opt/ros/humble/lib /usr/bin/cmake /home/bobo/ros2_ws/src/mr2_public/tug_mr2 -DCMAKE_INSTALL_PREFIX=/home/bobo/ros2_ws/install/tug_mr2
[4.711s] Invoking command in '/home/bobo/ros2_ws/build/tug_mr2': CMAKE_PREFIX_PATH=/home/bobo/ros2_ws/install/tug_msgs:/home/bobo/ros2_ws/install/tug_stage_ros2:/home/bobo/ros2_ws/install/tug_mr2:/home/bobo/ros2_ws/install/ros2cpp_tutorials_service:/home/bobo/ros2_ws/install/ros2cpp_tutorials_publisher_subscriber:/home/bobo/ros2_ws/install/ros2cpp_tutorials_parameter:/home/bobo/ros2_ws/install/ros2cpp_tutorials_action:/opt/ros/humble LD_LIBRARY_PATH=/home/bobo/ros2_ws/install/tug_msgs/lib:/home/bobo/stg/lib:/home/bobo/ros2_ws/install/ros2cpp_tutorials_service/lib:/home/bobo/ros2_ws/install/ros2cpp_tutorials_action/lib:/opt/ros/humble/opt/rviz_ogre_vendor/lib:/opt/ros/humble/lib/x86_64-linux-gnu:/opt/ros/humble/lib /usr/bin/cmake --build /home/bobo/ros2_ws/build/tug_mr2 -- -j8 -l8
[4.940s] [ 16%] [32mBuilding CXX object CMakeFiles/tug_transform.dir/src/TransformNode.cpp.o[0m
[4.978s] [ 33%] [32mBuilding CXX object CMakeFiles/tug_transform.dir/src/tug_transform.cpp.o[0m
[5.000s] [ 50%] [32mBuilding CXX object CMakeFiles/tug_kinematic.dir/src/tug_kinematic.cpp.o[0m
[5.018s] [ 66%] [32mBuilding CXX object CMakeFiles/tug_kinematic.dir/src/KinematicNode.cpp.o[0m
[6.269s] In file included from [01m[K/home/bobo/ros2_ws/src/mr2_public/tug_mr2/src/TransformNode.cpp:1[m[K:
[6.270s] [01m[K/home/bobo/ros2_ws/src/mr2_public/tug_mr2/include/tug_mr2/TransformNode.hpp:5:10:[m[K [01;31m[Kfatal error: [m[Kgeometry_msgs/msg/point_cloud.hpp: No such file or directory
[6.270s]     5 | #include [01;31m[K"geometry_msgs/msg/point_cloud.hpp"[m[K
[6.270s]       |          [01;31m[K^~~~~~~~~~~~~~~~~~~~~~~~~~~~~~~~~~~[m[K
[6.271s] compilation terminated.
[6.286s] gmake[2]: *** [CMakeFiles/tug_transform.dir/build.make:90: CMakeFiles/tug_transform.dir/src/TransformNode.cpp.o] Error 1
[6.286s] gmake[2]: *** Waiting for unfinished jobs....
[6.483s] In file included from [01m[K/home/bobo/ros2_ws/src/mr2_public/tug_mr2/src/tug_transform.cpp:5[m[K:
[6.484s] [01m[K/home/bobo/ros2_ws/src/mr2_public/tug_mr2/include/tug_mr2/TransformNode.hpp:5:10:[m[K [01;31m[Kfatal error: [m[Kgeometry_msgs/msg/point_cloud.hpp: No such file or directory
[6.484s]     5 | #include [01;31m[K"geometry_msgs/msg/point_cloud.hpp"[m[K
[6.484s]       |          [01;31m[K^~~~~~~~~~~~~~~~~~~~~~~~~~~~~~~~~~~[m[K
[6.487s] compilation terminated.
[6.496s] gmake[2]: *** [CMakeFiles/tug_transform.dir/build.make:76: CMakeFiles/tug_transform.dir/src/tug_transform.cpp.o] Error 1
[6.496s] gmake[1]: *** [CMakeFiles/Makefile2:165: CMakeFiles/tug_transform.dir/all] Error 2
[6.497s] gmake[1]: *** Waiting for unfinished jobs....
[8.946s] [01m[K/home/bobo/ros2_ws/src/mr2_public/tug_mr2/src/KinematicNode.cpp:[m[K In member function â€˜[01m[Kvoid tug_mr2::KinematicNode::movementCallback(const ConstSharedPtr&)[m[Kâ€™:
[8.946s] [01m[K/home/bobo/ros2_ws/src/mr2_public/tug_mr2/src/KinematicNode.cpp:90:11:[m[K [01;35m[Kwarning: [m[Kunused variable â€˜[01m[Kx[m[Kâ€™ [[01;35m[K]8;;https://gcc.gnu.org/onlinedocs/gcc/Warning-Options.html#index-Wunused-variable-Wunused-variable]8;;[m[K]
[8.946s]    90 |     float [01;35m[Kx[m[K = a * sin(omega * t);
[8.946s]       |           [01;35m[K^[m[K
[8.947s] [01m[K/home/bobo/ros2_ws/src/mr2_public/tug_mr2/src/KinematicNode.cpp:91:11:[m[K [01;35m[Kwarning: [m[Kunused variable â€˜[01m[Ky[m[Kâ€™ [[01;35m[K]8;;https://gcc.gnu.org/onlinedocs/gcc/Warning-Options.html#index-Wunused-variable-Wunused-variable]8;;[m[K]
[8.947s]    91 |     float [01;35m[Ky[m[K = b*sin(2*omega*t);
[8.947s]       |           [01;35m[K^[m[K
[8.947s] [01m[K/home/bobo/ros2_ws/src/mr2_public/tug_mr2/src/KinematicNode.cpp:96:11:[m[K [01;35m[Kwarning: [m[Kunused variable â€˜[01m[Ktheta1[m[Kâ€™ [[01;35m[K]8;;https://gcc.gnu.org/onlinedocs/gcc/Warning-Options.html#index-Wunused-variable-Wunused-variable]8;;[m[K]
[8.947s]    96 |     float [01;35m[Ktheta1[m[K = atan2(dy, dx);
[8.947s]       |           [01;35m[K^~~~~~[m[K
[8.948s] [01m[K/home/bobo/ros2_ws/src/mr2_public/tug_mr2/src/KinematicNode.cpp:118:11:[m[K [01;35m[Kwarning: [m[Kunused variable â€˜[01m[Kx[m[Kâ€™ [[01;35m[K]8;;https://gcc.gnu.org/onlinedocs/gcc/Warning-Options.html#index-Wunused-variable-Wunused-variable]8;;[m[K]
[8.948s]   118 |     float [01;35m[Kx[m[K = a*sin(omega * t);
[8.948s]       |           [01;35m[K^[m[K
[8.948s] [01m[K/home/bobo/ros2_ws/src/mr2_public/tug_mr2/src/KinematicNode.cpp:119:11:[m[K [01;35m[Kwarning: [m[Kunused variable â€˜[01m[Ky[m[Kâ€™ [[01;35m[K]8;;https://gcc.gnu.org/onlinedocs/gcc/Warning-Options.html#index-Wunused-variable-Wunused-variable]8;;[m[K]
[8.948s]   119 |     float [01;35m[Ky[m[K = b*sin(2*omega*t);
[8.949s]       |           [01;35m[K^[m[K
[8.949s] [01m[K/home/bobo/ros2_ws/src/mr2_public/tug_mr2/src/KinematicNode.cpp:127:11:[m[K [01;35m[Kwarning: [m[Kunused variable â€˜[01m[Ktheta[m[Kâ€™ [[01;35m[K]8;;https://gcc.gnu.org/onlinedocs/gcc/Warning-Options.html#index-Wunused-variable-Wunused-variable]8;;[m[K]
[8.949s]   127 |     float [01;35m[Ktheta[m[K = atan2(dy_dt, dx_dt);
[8.949s]       |           [01;35m[K^~~~~[m[K
[8.949s] [01m[K/home/bobo/ros2_ws/src/mr2_public/tug_mr2/src/KinematicNode.cpp:163:11:[m[K [01;35m[Kwarning: [m[Kunused variable â€˜[01m[Kx[m[Kâ€™ [[01;35m[K]8;;https://gcc.gnu.org/onlinedocs/gcc/Warning-Options.html#index-Wunused-variable-Wunused-variable]8;;[m[K]
[8.950s]   163 |     float [01;35m[Kx[m[K = a*sin(omega * t);
[8.950s]       |           [01;35m[K^[m[K
[8.950s] [01m[K/home/bobo/ros2_ws/src/mr2_public/tug_mr2/src/KinematicNode.cpp:164:11:[m[K [01;35m[Kwarning: [m[Kunused variable â€˜[01m[Ky[m[Kâ€™ [[01;35m[K]8;;https://gcc.gnu.org/onlinedocs/gcc/Warning-Options.html#index-Wunused-variable-Wunused-variable]8;;[m[K]
[8.950s]   164 |     float [01;35m[Ky[m[K = b*sin(2*omega*t);
[8.950s]       |           [01;35m[K^[m[K
[8.950s] [01m[K/home/bobo/ros2_ws/src/mr2_public/tug_mr2/src/KinematicNode.cpp:83:15:[m[K [01;35m[Kwarning: [m[Kunused variable â€˜[01m[Ktime_step[m[Kâ€™ [[01;35m[K]8;;https://gcc.gnu.org/onlinedocs/gcc/Warning-Options.html#index-Wunused-variable-Wunused-variable]8;;[m[K]
[8.951s]    83 |   const float [01;35m[Ktime_step[m[K = 0.05;
[8.951s]       |               [01;35m[K^~~~~~~~~[m[K
[16.127s] [ 83%] [32m[1mLinking CXX executable tug_kinematic[0m
[16.716s] [ 83%] Built target tug_kinematic
[16.717s] gmake: *** [Makefile:146: all] Error 2
