[0.013s] Invoking command in '/home/bobo/ros2_ws/build/tug_mr2': CMAKE_PREFIX_PATH=/home/bobo/ros2_ws/install/tug_msgs:/home/bobo/ros2_ws/install/tug_stage_ros2:/home/bobo/ros2_ws/install/tug_mr2:/home/bobo/ros2_ws/install/ros2cpp_tutorials_service:/home/bobo/ros2_ws/install/ros2cpp_tutorials_publisher_subscriber:/home/bobo/ros2_ws/install/ros2cpp_tutorials_parameter:/home/bobo/ros2_ws/install/ros2cpp_tutorials_action:/opt/ros/humble LD_LIBRARY_PATH=/home/bobo/ros2_ws/install/tug_msgs/lib:/home/bobo/stg/lib:/home/bobo/ros2_ws/install/ros2cpp_tutorials_service/lib:/home/bobo/ros2_ws/install/ros2cpp_tutorials_action/lib:/opt/ros/humble/opt/rviz_ogre_vendor/lib:/opt/ros/humble/lib/x86_64-linux-gnu:/opt/ros/humble/lib /usr/bin/cmake --build /home/bobo/ros2_ws/build/tug_mr2 -- -j8 -l8
[0.056s] [35m[1mConsolidate compiler generated dependencies of target tug_kinematic[0m
[0.066s] [ 16%] [32mBuilding CXX object CMakeFiles/tug_transform.dir/src/tug_transform.cpp.o[0m
[0.067s] [ 33%] [32mBuilding CXX object CMakeFiles/tug_transform.dir/src/TransformNode.cpp.o[0m
[0.082s] [ 50%] [32mBuilding CXX object CMakeFiles/tug_kinematic.dir/src/tug_kinematic.cpp.o[0m
[0.082s] [ 66%] [32mBuilding CXX object CMakeFiles/tug_kinematic.dir/src/KinematicNode.cpp.o[0m
[0.321s] In file included from [01m[K/home/bobo/ros2_ws/src/mr2_public/tug_mr2/src/TransformNode.cpp:1[m[K:
[0.321s] [01m[K/home/bobo/ros2_ws/src/mr2_public/tug_mr2/include/tug_mr2/TransformNode.hpp:5:10:[m[K [01;31m[Kfatal error: [m[Kgeometry_msgs/msg/point_cloud.hpp: No such file or directory
[0.322s]     5 | #include [01;31m[K"geometry_msgs/msg/point_cloud.hpp"[m[K
[0.322s]       |          [01;31m[K^~~~~~~~~~~~~~~~~~~~~~~~~~~~~~~~~~~[m[K
[0.322s] compilation terminated.
[0.325s] gmake[2]: *** [CMakeFiles/tug_transform.dir/build.make:90: CMakeFiles/tug_transform.dir/src/TransformNode.cpp.o] Error 1
[0.325s] gmake[2]: *** Waiting for unfinished jobs....
[0.480s] In file included from [01m[K/home/bobo/ros2_ws/src/mr2_public/tug_mr2/src/tug_transform.cpp:5[m[K:
[0.480s] [01m[K/home/bobo/ros2_ws/src/mr2_public/tug_mr2/include/tug_mr2/TransformNode.hpp:5:10:[m[K [01;31m[Kfatal error: [m[Kgeometry_msgs/msg/point_cloud.hpp: No such file or directory
[0.480s]     5 | #include [01;31m[K"geometry_msgs/msg/point_cloud.hpp"[m[K
[0.480s]       |          [01;31m[K^~~~~~~~~~~~~~~~~~~~~~~~~~~~~~~~~~~[m[K
[0.480s] compilation terminated.
[0.485s] gmake[2]: *** [CMakeFiles/tug_transform.dir/build.make:76: CMakeFiles/tug_transform.dir/src/tug_transform.cpp.o] Error 1
[0.485s] gmake[1]: *** [CMakeFiles/Makefile2:165: CMakeFiles/tug_transform.dir/all] Error 2
[0.485s] gmake[1]: *** Waiting for unfinished jobs....
[1.908s] [01m[K/home/bobo/ros2_ws/src/mr2_public/tug_mr2/src/KinematicNode.cpp:[m[K In member function â€˜[01m[Kvoid tug_mr2::KinematicNode::movementCallback(const ConstSharedPtr&)[m[Kâ€™:
[1.908s] [01m[K/home/bobo/ros2_ws/src/mr2_public/tug_mr2/src/KinematicNode.cpp:90:11:[m[K [01;35m[Kwarning: [m[Kunused variable â€˜[01m[Kx[m[Kâ€™ [[01;35m[K]8;;https://gcc.gnu.org/onlinedocs/gcc/Warning-Options.html#index-Wunused-variable-Wunused-variable]8;;[m[K]
[1.909s]    90 |     float [01;35m[Kx[m[K = a * sin(omega * t);
[1.909s]       |           [01;35m[K^[m[K
[1.909s] [01m[K/home/bobo/ros2_ws/src/mr2_public/tug_mr2/src/KinematicNode.cpp:91:11:[m[K [01;35m[Kwarning: [m[Kunused variable â€˜[01m[Ky[m[Kâ€™ [[01;35m[K]8;;https://gcc.gnu.org/onlinedocs/gcc/Warning-Options.html#index-Wunused-variable-Wunused-variable]8;;[m[K]
[1.909s]    91 |     float [01;35m[Ky[m[K = b*sin(2*omega*t);
[1.909s]       |           [01;35m[K^[m[K
[1.909s] [01m[K/home/bobo/ros2_ws/src/mr2_public/tug_mr2/src/KinematicNode.cpp:96:11:[m[K [01;35m[Kwarning: [m[Kunused variable â€˜[01m[Ktheta1[m[Kâ€™ [[01;35m[K]8;;https://gcc.gnu.org/onlinedocs/gcc/Warning-Options.html#index-Wunused-variable-Wunused-variable]8;;[m[K]
[1.909s]    96 |     float [01;35m[Ktheta1[m[K = atan2(dy, dx);
[1.909s]       |           [01;35m[K^~~~~~[m[K
[1.909s] [01m[K/home/bobo/ros2_ws/src/mr2_public/tug_mr2/src/KinematicNode.cpp:118:11:[m[K [01;35m[Kwarning: [m[Kunused variable â€˜[01m[Kx[m[Kâ€™ [[01;35m[K]8;;https://gcc.gnu.org/onlinedocs/gcc/Warning-Options.html#index-Wunused-variable-Wunused-variable]8;;[m[K]
[1.909s]   118 |     float [01;35m[Kx[m[K = a*sin(omega * t);
[1.909s]       |           [01;35m[K^[m[K
[1.909s] [01m[K/home/bobo/ros2_ws/src/mr2_public/tug_mr2/src/KinematicNode.cpp:119:11:[m[K [01;35m[Kwarning: [m[Kunused variable â€˜[01m[Ky[m[Kâ€™ [[01;35m[K]8;;https://gcc.gnu.org/onlinedocs/gcc/Warning-Options.html#index-Wunused-variable-Wunused-variable]8;;[m[K]
[1.909s]   119 |     float [01;35m[Ky[m[K = b*sin(2*omega*t);
[1.909s]       |           [01;35m[K^[m[K
[1.910s] [01m[K/home/bobo/ros2_ws/src/mr2_public/tug_mr2/src/KinematicNode.cpp:127:11:[m[K [01;35m[Kwarning: [m[Kunused variable â€˜[01m[Ktheta[m[Kâ€™ [[01;35m[K]8;;https://gcc.gnu.org/onlinedocs/gcc/Warning-Options.html#index-Wunused-variable-Wunused-variable]8;;[m[K]
[1.910s]   127 |     float [01;35m[Ktheta[m[K = atan2(dy_dt, dx_dt);
[1.910s]       |           [01;35m[K^~~~~[m[K
[1.910s] [01m[K/home/bobo/ros2_ws/src/mr2_public/tug_mr2/src/KinematicNode.cpp:163:11:[m[K [01;35m[Kwarning: [m[Kunused variable â€˜[01m[Kx[m[Kâ€™ [[01;35m[K]8;;https://gcc.gnu.org/onlinedocs/gcc/Warning-Options.html#index-Wunused-variable-Wunused-variable]8;;[m[K]
[1.910s]   163 |     float [01;35m[Kx[m[K = a*sin(omega * t);
[1.910s]       |           [01;35m[K^[m[K
[1.910s] [01m[K/home/bobo/ros2_ws/src/mr2_public/tug_mr2/src/KinematicNode.cpp:164:11:[m[K [01;35m[Kwarning: [m[Kunused variable â€˜[01m[Ky[m[Kâ€™ [[01;35m[K]8;;https://gcc.gnu.org/onlinedocs/gcc/Warning-Options.html#index-Wunused-variable-Wunused-variable]8;;[m[K]
[1.910s]   164 |     float [01;35m[Ky[m[K = b*sin(2*omega*t);
[1.910s]       |           [01;35m[K^[m[K
[1.910s] [01m[K/home/bobo/ros2_ws/src/mr2_public/tug_mr2/src/KinematicNode.cpp:83:15:[m[K [01;35m[Kwarning: [m[Kunused variable â€˜[01m[Ktime_step[m[Kâ€™ [[01;35m[K]8;;https://gcc.gnu.org/onlinedocs/gcc/Warning-Options.html#index-Wunused-variable-Wunused-variable]8;;[m[K]
[1.910s]    83 |   const float [01;35m[Ktime_step[m[K = 0.05;
[1.910s]       |               [01;35m[K^~~~~~~~~[m[K
[9.956s] [ 83%] [32m[1mLinking CXX executable tug_kinematic[0m
[10.554s] [ 83%] Built target tug_kinematic
[10.555s] gmake: *** [Makefile:146: all] Error 2
