[ 18%] Built target tug_wheel_encoder-system
[ 36%] Built target static_transform_publisher
[35m[1mConsolidate compiler generated dependencies of target slam[0m
[ 45%] [32mBuilding CXX object CMakeFiles/slam.dir/src/SlamNode.cpp.o[0m
[01m[K/home/bobo/ros2_ws/src/mr2_public/tug_turtlebot4/src/SlamNode.cpp:[m[K In function â€˜[01m[Kstd::vector<std::pair<double, double> > tug_turtlebot4::draw_line(int, int, int, int)[m[Kâ€™:
[01m[K/home/bobo/ros2_ws/src/mr2_public/tug_turtlebot4/src/SlamNode.cpp:138:14:[m[K [01;31m[Kerror: [m[Ktoo few arguments to function â€˜[01m[Kvoid tug_turtlebot4::drawLineV(double, double, double, double, std::vector<std::pair<double, double> >&, rclcpp::Logger)[m[Kâ€™
  138 |     [01;31m[KdrawLineV(x1, y0, x0, y1, points)[m[K;
      |     [01;31m[K~~~~~~~~~^~~~~~~~~~~~~~~~~~~~~~~~[m[K
[01m[K/home/bobo/ros2_ws/src/mr2_public/tug_turtlebot4/src/SlamNode.cpp:80:6:[m[K [01;36m[Knote: [m[Kdeclared here
   80 | void [01;36m[KdrawLineV[m[K(double x0, double y0, double x1, double y1,
      |      [01;36m[K^~~~~~~~~[m[K
gmake[2]: *** [CMakeFiles/slam.dir/build.make:90: CMakeFiles/slam.dir/src/SlamNode.cpp.o] Error 1
gmake[1]: *** [CMakeFiles/Makefile2:195: CMakeFiles/slam.dir/all] Error 2
gmake: *** [Makefile:146: all] Error 2
