[0.016s] Invoking command in '/home/bobo/ros2_ws/build/tug_turtlebot4': CMAKE_PREFIX_PATH=/home/bobo/ros2_ws/install/tug_msgs:/home/bobo/ros2_ws/install/tug_turtlebot4:/home/bobo/ros2_ws/install/tug_stage_ros2:/home/bobo/ros2_ws/install/tug_mr2:/home/bobo/ros2_ws/install/ros2cpp_tutorials_service:/home/bobo/ros2_ws/install/ros2cpp_tutorials_publisher_subscriber:/home/bobo/ros2_ws/install/ros2cpp_tutorials_parameter:/home/bobo/ros2_ws/install/ros2cpp_tutorials_action:/home/bobo/ros2_ws/install/Eigen3:/opt/ros/humble LD_LIBRARY_PATH=/home/bobo/ros2_ws/install/tug_msgs/lib:/home/bobo/stg/lib:/home/bobo/ros2_ws/install/ros2cpp_tutorials_service/lib:/home/bobo/ros2_ws/install/ros2cpp_tutorials_action/lib:/opt/ros/humble/opt/rviz_ogre_vendor/lib:/opt/ros/humble/lib/x86_64-linux-gnu:/opt/ros/humble/lib /usr/bin/cmake --build /home/bobo/ros2_ws/build/tug_turtlebot4 -- -j8 -l8
[0.088s] [35m[1mConsolidate compiler generated dependencies of target slam[0m
[0.106s] [ 18%] Built target static_transform_publisher
[0.107s] [ 36%] Built target tug_wheel_encoder-system
[0.108s] [ 63%] Built target simple_turtle
[0.120s] [ 72%] [32mBuilding CXX object CMakeFiles/slam.dir/src/SlamNode.cpp.o[0m
[3.792s] [01m[K/home/bobo/ros2_ws/src/mr2_public/tug_turtlebot4/src/SlamNode.cpp:[m[K In member function â€˜[01m[Kvoid tug_turtlebot4::SlamNode::laserScanCallback(const ConstSharedPtr&)[m[Kâ€™:
[3.792s] [01m[K/home/bobo/ros2_ws/src/mr2_public/tug_turtlebot4/src/SlamNode.cpp:143:57:[m[K [01;31m[Kerror: [m[Kâ€˜[01m[Kline_drawing[m[Kâ€™ was not declared in this scope
[3.792s]   143 |         std::vector<std::pair<double, double>> points = [01;31m[Kline_drawing[m[K(robot_pose.x, robot_pose.y, x, y);
[3.792s]       |                                                         [01;31m[K^~~~~~~~~~~~[m[K
[3.798s] [01m[K/home/bobo/ros2_ws/src/mr2_public/tug_turtlebot4/src/SlamNode.cpp:146:7:[m[K [01;31m[Kerror: [m[Kâ€˜[01m[Koccupancy_grid_map[m[Kâ€™ was not declared in this scope; did you mean â€˜[01m[Koccupancy_grid_map_[m[Kâ€™?
[3.798s]   146 |       [01;31m[Koccupancy_grid_map[m[K->wordlToCell(points.first, points.second, cell_x, cell_y);
[3.798s]       |       [01;31m[K^~~~~~~~~~~~~~~~~~[m[K
[3.798s]       |       [32m[Koccupancy_grid_map_[m[K
[3.798s] [01m[K/home/bobo/ros2_ws/src/mr2_public/tug_turtlebot4/src/SlamNode.cpp:146:46:[m[K [01;31m[Kerror: [m[Kâ€˜[01m[Kclass std::vector<std::pair<double, double> >[m[Kâ€™ has no member named â€˜[01m[Kfirst[m[Kâ€™
[3.798s]   146 |       occupancy_grid_map->wordlToCell(points.[01;31m[Kfirst[m[K, points.second, cell_x, cell_y);
[3.799s]       |                                              [01;31m[K^~~~~[m[K
[3.799s] [01m[K/home/bobo/ros2_ws/src/mr2_public/tug_turtlebot4/src/SlamNode.cpp:146:60:[m[K [01;31m[Kerror: [m[Kâ€˜[01m[Kclass std::vector<std::pair<double, double> >[m[Kâ€™ has no member named â€˜[01m[Ksecond[m[Kâ€™
[3.799s]   146 |       occupancy_grid_map->wordlToCell(points.first, points.[01;31m[Ksecond[m[K, cell_x, cell_y);
[3.799s]       |                                                            [01;31m[K^~~~~~[m[K
[3.799s] [01m[K/home/bobo/ros2_ws/src/mr2_public/tug_turtlebot4/src/SlamNode.cpp:145:16:[m[K [01;35m[Kwarning: [m[Kunused variable â€˜[01m[Kp[m[Kâ€™ [[01;35m[K]8;;https://gcc.gnu.org/onlinedocs/gcc/Warning-Options.html#index-Wunused-variable-Wunused-variable]8;;[m[K]
[3.799s]   145 |     for (auto& [01;35m[Kp[m[K : points) {
[3.799s]       |                [01;35m[K^[m[K
[7.982s] gmake[2]: *** [CMakeFiles/slam.dir/build.make:90: CMakeFiles/slam.dir/src/SlamNode.cpp.o] Error 1
[7.982s] gmake[1]: *** [CMakeFiles/Makefile2:195: CMakeFiles/slam.dir/all] Error 2
[7.983s] gmake: *** [Makefile:146: all] Error 2
[7.986s] Invoked command in '/home/bobo/ros2_ws/build/tug_turtlebot4' returned '2': CMAKE_PREFIX_PATH=/home/bobo/ros2_ws/install/tug_msgs:/home/bobo/ros2_ws/install/tug_turtlebot4:/home/bobo/ros2_ws/install/tug_stage_ros2:/home/bobo/ros2_ws/install/tug_mr2:/home/bobo/ros2_ws/install/ros2cpp_tutorials_service:/home/bobo/ros2_ws/install/ros2cpp_tutorials_publisher_subscriber:/home/bobo/ros2_ws/install/ros2cpp_tutorials_parameter:/home/bobo/ros2_ws/install/ros2cpp_tutorials_action:/home/bobo/ros2_ws/install/Eigen3:/opt/ros/humble LD_LIBRARY_PATH=/home/bobo/ros2_ws/install/tug_msgs/lib:/home/bobo/stg/lib:/home/bobo/ros2_ws/install/ros2cpp_tutorials_service/lib:/home/bobo/ros2_ws/install/ros2cpp_tutorials_action/lib:/opt/ros/humble/opt/rviz_ogre_vendor/lib:/opt/ros/humble/lib/x86_64-linux-gnu:/opt/ros/humble/lib /usr/bin/cmake --build /home/bobo/ros2_ws/build/tug_turtlebot4 -- -j8 -l8
