[35m[1mConsolidate compiler generated dependencies of target nav[0m
[ 14%] Built target static_transform_publisher
[ 35%] Built target simple_turtle
[ 64%] Built target slam
[ 78%] Built target tug_wheel_encoder-system
[ 85%] [32mBuilding CXX object CMakeFiles/nav.dir/src/NavNode.cpp.o[0m
[01m[K/home/bobo/ros2_ws/src/mr2_public/tug_turtlebot4/src/NavNode.cpp:[m[K In member function â€˜[01m[Kdouble tug_turtlebot4::NavNode::findBestSector(int, const std::vector<int>&)[m[Kâ€™:
[01m[K/home/bobo/ros2_ws/src/mr2_public/tug_turtlebot4/src/NavNode.cpp:108:14:[m[K [01;31m[Kerror: [m[Kâ€˜[01m[Ksector[m[Kâ€™ was not declared in this scope
  108 |       return [01;31m[Ksector[m[K;
      |              [01;31m[K^~~~~~[m[K
gmake[2]: *** [CMakeFiles/nav.dir/build.make:90: CMakeFiles/nav.dir/src/NavNode.cpp.o] Error 1
gmake[1]: *** [CMakeFiles/Makefile2:171: CMakeFiles/nav.dir/all] Error 2
gmake: *** [Makefile:146: all] Error 2
