[01m[K/home/bobo/ros2_ws/src/mr2_public/tug_turtlebot4/src/SlamNode.cpp:[m[K In member function â€˜[01m[Kvoid tug_turtlebot4::SlamNode::laserScanCallback(const ConstSharedPtr&)[m[Kâ€™:
[01m[K/home/bobo/ros2_ws/src/mr2_public/tug_turtlebot4/src/SlamNode.cpp:108:38:[m[K [01;31m[Kerror: [m[Kâ€˜[01m[Kx_rotated[m[Kâ€™ was not declared in this scope
  108 |     occupancy_grid_map_->worldToCell([01;31m[Kx_rotated[m[K, y_rotated, cell_x, cell_y);
      |                                      [01;31m[K^~~~~~~~~[m[K
[01m[K/home/bobo/ros2_ws/src/mr2_public/tug_turtlebot4/src/SlamNode.cpp:108:49:[m[K [01;31m[Kerror: [m[Kâ€˜[01m[Ky_rotated[m[Kâ€™ was not declared in this scope
  108 |     occupancy_grid_map_->worldToCell(x_rotated, [01;31m[Ky_rotated[m[K, cell_x, cell_y);
      |                                                 [01;31m[K^~~~~~~~~[m[K
[01m[K/home/bobo/ros2_ws/src/mr2_public/tug_turtlebot4/src/SlamNode.cpp:104:11:[m[K [01;35m[Kwarning: [m[Kunused variable â€˜[01m[Kx[m[Kâ€™ [[01;35m[K]8;;https://gcc.gnu.org/onlinedocs/gcc/Warning-Options.html#index-Wunused-variable-Wunused-variable]8;;[m[K]
  104 |     float [01;35m[Kx[m[K = point_map.point.x;
      |           [01;35m[K^[m[K
[01m[K/home/bobo/ros2_ws/src/mr2_public/tug_turtlebot4/src/SlamNode.cpp:105:11:[m[K [01;35m[Kwarning: [m[Kunused variable â€˜[01m[Ky[m[Kâ€™ [[01;35m[K]8;;https://gcc.gnu.org/onlinedocs/gcc/Warning-Options.html#index-Wunused-variable-Wunused-variable]8;;[m[K]
  105 |     float [01;35m[Ky[m[K = point_map.point.y;
      |           [01;35m[K^[m[K
[01m[K/home/bobo/ros2_ws/src/mr2_public/tug_turtlebot4/src/SlamNode.cpp:73:9:[m[K [01;35m[Kwarning: [m[Kunused variable â€˜[01m[Krobot_pose[m[Kâ€™ [[01;35m[K]8;;https://gcc.gnu.org/onlinedocs/gcc/Warning-Options.html#index-Wunused-variable-Wunused-variable]8;;[m[K]
   73 |   auto& [01;35m[Krobot_pose[m[K = bot_to_odom.transform.translation;
      |         [01;35m[K^~~~~~~~~~[m[K
gmake[2]: *** [CMakeFiles/slam.dir/build.make:90: CMakeFiles/slam.dir/src/SlamNode.cpp.o] Error 1
gmake[1]: *** [CMakeFiles/Makefile2:195: CMakeFiles/slam.dir/all] Error 2
gmake: *** [Makefile:146: all] Error 2
