[ 18%] Built target tug_wheel_encoder-system
[ 45%] Built target simple_turtle
[35m[1mConsolidate compiler generated dependencies of target slam[0m
[ 63%] Built target static_transform_publisher
[ 72%] [32mBuilding CXX object CMakeFiles/slam.dir/src/SlamNode.cpp.o[0m
[01m[K/home/bobo/ros2_ws/src/mr2_public/tug_turtlebot4/src/SlamNode.cpp:[m[K In member function â€˜[01m[Kvoid tug_turtlebot4::SlamNode::laserScanCallback(const ConstSharedPtr&)[m[Kâ€™:
[01m[K/home/bobo/ros2_ws/src/mr2_public/tug_turtlebot4/src/SlamNode.cpp:210:12:[m[K [01;31m[Kerror: [m[Kredeclaration of â€˜[01m[Kdouble x0[m[Kâ€™
  210 |     double [01;31m[Kx0[m[K = x;
      |            [01;31m[K^~[m[K
[01m[K/home/bobo/ros2_ws/src/mr2_public/tug_turtlebot4/src/SlamNode.cpp:208:12:[m[K [01;36m[Knote: [m[Kâ€˜[01m[Kdouble x0[m[Kâ€™ previously declared here
  208 |     double [01;36m[Kx0[m[K = robot_pose.x;
      |            [01;36m[K^~[m[K
[01m[K/home/bobo/ros2_ws/src/mr2_public/tug_turtlebot4/src/SlamNode.cpp:215:20:[m[K [01;31m[Kerror: [m[Kinvalid operands of types â€˜[01m[Kdouble(double) noexcept[m[Kâ€™ and â€˜[01m[Kdouble[m[Kâ€™ to binary â€˜[01m[Koperator-[m[Kâ€™
  215 |     double dy = [32m[Ky1[m[K [01;31m[K-[m[K [34m[Ky0[m[K;
      |                 [32m[K~~[m[K [01;31m[K^[m[K [34m[K~~[m[K
      |                 [32m[K|[m[K    [34m[K|[m[K
      |                 [32m[K|[m[K    [34m[Kdouble[m[K
      |                 [32m[Kdouble(double) noexcept[m[K
In file included from [01m[K/opt/ros/humble/include/rclcpp/rclcpp/client.hpp:40[m[K,
                 from [01m[K/opt/ros/humble/include/rclcpp/rclcpp/callback_group.hpp:24[m[K,
                 from [01m[K/opt/ros/humble/include/rclcpp/rclcpp/node.hpp:40[m[K,
                 from [01m[K/home/bobo/ros2_ws/src/mr2_public/tug_turtlebot4/include/tug_turtlebot4/SlamNode.hpp:6[m[K,
                 from [01m[K/home/bobo/ros2_ws/src/mr2_public/tug_turtlebot4/src/SlamNode.cpp:1[m[K:
[01m[K/home/bobo/ros2_ws/src/mr2_public/tug_turtlebot4/src/SlamNode.cpp:218:17:[m[K [01;31m[Kerror: [m[Kâ€˜[01m[Klogger[m[Kâ€™ was not declared in this scope
  218 |     RCLCPP_INFO([01;31m[Klogger[m[K, "[Start] Drawing line from (X0: %f, Y0: %f) to (X1: %f, Y1: %f)", x0, y0, x1, y1);
      |                 [01;31m[K^~~~~~[m[K
[01m[K/home/bobo/ros2_ws/src/mr2_public/tug_turtlebot4/src/SlamNode.cpp:218:5:[m[K [01;31m[Kerror: [m[Ktemplate argument 1 is invalid
  218 |     [01;31m[KRCLCPP_INFO[m[K(logger, "[Start] Drawing line from (X0: %f, Y0: %f) to (X1: %f, Y1: %f)", x0, y0, x1, y1);
      |     [01;31m[K^~~~~~~~~~~[m[K
[01m[K/home/bobo/ros2_ws/src/mr2_public/tug_turtlebot4/src/SlamNode.cpp:218:5:[m[K [01;31m[Kerror: [m[Ktemplate argument 1 is invalid
  218 |     [01;31m[KRCLCPP_INFO[m[K(logger, "[Start] Drawing line from (X0: %f, Y0: %f) to (X1: %f, Y1: %f)", x0, y0, x1, y1);
      |     [01;31m[K^~~~~~~~~~~[m[K
[01m[K/home/bobo/ros2_ws/src/mr2_public/tug_turtlebot4/src/SlamNode.cpp:218:5:[m[K [01;31m[Kerror: [m[Ktemplate argument 1 is invalid
  218 |     [01;31m[KRCLCPP_INFO[m[K(logger, "[Start] Drawing line from (X0: %f, Y0: %f) to (X1: %f, Y1: %f)", x0, y0, x1, y1);
      |     [01;31m[K^~~~~~~~~~~[m[K
[01m[K/home/bobo/ros2_ws/src/mr2_public/tug_turtlebot4/src/SlamNode.cpp:219:17:[m[K [01;31m[Kerror: [m[Kâ€˜[01m[Klogger[m[Kâ€™ was not declared in this scope
  219 |     RCLCPP_INFO([01;31m[Klogger[m[K, "dx: %f, dy: %f, step: %f", dx, dy, step);
      |                 [01;31m[K^~~~~~[m[K
[01m[K/home/bobo/ros2_ws/src/mr2_public/tug_turtlebot4/src/SlamNode.cpp:219:5:[m[K [01;31m[Kerror: [m[Ktemplate argument 1 is invalid
  219 |     [01;31m[KRCLCPP_INFO[m[K(logger, "dx: %f, dy: %f, step: %f", dx, dy, step);
      |     [01;31m[K^~~~~~~~~~~[m[K
[01m[K/home/bobo/ros2_ws/src/mr2_public/tug_turtlebot4/src/SlamNode.cpp:219:5:[m[K [01;31m[Kerror: [m[Ktemplate argument 1 is invalid
  219 |     [01;31m[KRCLCPP_INFO[m[K(logger, "dx: %f, dy: %f, step: %f", dx, dy, step);
      |     [01;31m[K^~~~~~~~~~~[m[K
[01m[K/home/bobo/ros2_ws/src/mr2_public/tug_turtlebot4/src/SlamNode.cpp:219:5:[m[K [01;31m[Kerror: [m[Ktemplate argument 1 is invalid
  219 |     [01;31m[KRCLCPP_INFO[m[K(logger, "dx: %f, dy: %f, step: %f", dx, dy, step);
      |     [01;31m[K^~~~~~~~~~~[m[K
[01m[K/home/bobo/ros2_ws/src/mr2_public/tug_turtlebot4/src/SlamNode.cpp:223:19:[m[K [01;31m[Kerror: [m[Kâ€˜[01m[Klogger[m[Kâ€™ was not declared in this scope
  223 |       RCLCPP_INFO([01;31m[Klogger[m[K, "StepX: %f, StepY: %f", stepX, stepY);
      |                   [01;31m[K^~~~~~[m[K
[01m[K/home/bobo/ros2_ws/src/mr2_public/tug_turtlebot4/src/SlamNode.cpp:223:7:[m[K [01;31m[Kerror: [m[Ktemplate argument 1 is invalid
  223 |       [01;31m[KRCLCPP_INFO[m[K(logger, "StepX: %f, StepY: %f", stepX, stepY);
      |       [01;31m[K^~~~~~~~~~~[m[K
[01m[K/home/bobo/ros2_ws/src/mr2_public/tug_turtlebot4/src/SlamNode.cpp:223:7:[m[K [01;31m[Kerror: [m[Ktemplate argument 1 is invalid
  223 |       [01;31m[KRCLCPP_INFO[m[K(logger, "StepX: %f, StepY: %f", stepX, stepY);
      |       [01;31m[K^~~~~~~~~~~[m[K
[01m[K/home/bobo/ros2_ws/src/mr2_public/tug_turtlebot4/src/SlamNode.cpp:223:7:[m[K [01;31m[Kerror: [m[Ktemplate argument 1 is invalid
  223 |       [01;31m[KRCLCPP_INFO[m[K(logger, "StepX: %f, StepY: %f", stepX, stepY);
      |       [01;31m[K^~~~~~~~~~~[m[K
[01m[K/home/bobo/ros2_ws/src/mr2_public/tug_turtlebot4/src/SlamNode.cpp:225:21:[m[K [01;31m[Kerror: [m[Kâ€˜[01m[Klogger[m[Kâ€™ was not declared in this scope
  225 |         RCLCPP_INFO([01;31m[Klogger[m[K, "[i - %ld] Current point: (X: %f, Y: %f)", i, currentX, currentY);
      |                     [01;31m[K^~~~~~[m[K
[01m[K/home/bobo/ros2_ws/src/mr2_public/tug_turtlebot4/src/SlamNode.cpp:225:9:[m[K [01;31m[Kerror: [m[Ktemplate argument 1 is invalid
  225 |         [01;31m[KRCLCPP_INFO[m[K(logger, "[i - %ld] Current point: (X: %f, Y: %f)", i, currentX, currentY);
      |         [01;31m[K^~~~~~~~~~~[m[K
[01m[K/home/bobo/ros2_ws/src/mr2_public/tug_turtlebot4/src/SlamNode.cpp:225:9:[m[K [01;31m[Kerror: [m[Ktemplate argument 1 is invalid
  225 |         [01;31m[KRCLCPP_INFO[m[K(logger, "[i - %ld] Current point: (X: %f, Y: %f)", i, currentX, currentY);
      |         [01;31m[K^~~~~~~~~~~[m[K
[01m[K/home/bobo/ros2_ws/src/mr2_public/tug_turtlebot4/src/SlamNode.cpp:225:9:[m[K [01;31m[Kerror: [m[Ktemplate argument 1 is invalid
  225 |         [01;31m[KRCLCPP_INFO[m[K(logger, "[i - %ld] Current point: (X: %f, Y: %f)", i, currentX, currentY);
      |         [01;31m[K^~~~~~~~~~~[m[K
In file included from [01m[K/opt/ros/humble/include/rclcpp/rclcpp/logging.hpp:24[m[K,
                 from [01m[K/opt/ros/humble/include/rclcpp/rclcpp/client.hpp:40[m[K,
                 from [01m[K/opt/ros/humble/include/rclcpp/rclcpp/callback_group.hpp:24[m[K,
                 from [01m[K/opt/ros/humble/include/rclcpp/rclcpp/node.hpp:40[m[K,
                 from [01m[K/home/bobo/ros2_ws/src/mr2_public/tug_turtlebot4/include/tug_turtlebot4/SlamNode.hpp:6[m[K,
                 from [01m[K/home/bobo/ros2_ws/src/mr2_public/tug_turtlebot4/src/SlamNode.cpp:1[m[K:
[01m[K/home/bobo/ros2_ws/src/mr2_public/tug_turtlebot4/src/SlamNode.cpp:225:75:[m[K [01;31m[Kerror: [m[Kâ€˜[01m[KcurrentX[m[Kâ€™ was not declared in this scope
  225 | _INFO(logger, "[i - %ld] Current point: (X: %f, Y: %f)", i, [01;31m[KcurrentX[m[K, currentY);
      |                                                             [01;31m[K^~~~~~~~[m[K

[01m[K/home/bobo/ros2_ws/src/mr2_public/tug_turtlebot4/src/SlamNode.cpp:225:85:[m[K [01;31m[Kerror: [m[Kâ€˜[01m[KcurrentY[m[Kâ€™ was not declared in this scope
  225 | ger, "[i - %ld] Current point: (X: %f, Y: %f)", i, currentX, [01;31m[KcurrentY[m[K);
      |                                                              [01;31m[K^~~~~~~~[m[K

gmake[2]: *** [CMakeFiles/slam.dir/build.make:90: CMakeFiles/slam.dir/src/SlamNode.cpp.o] Error 1
gmake[1]: *** [CMakeFiles/Makefile2:195: CMakeFiles/slam.dir/all] Error 2
gmake: *** [Makefile:146: all] Error 2
