[35m[1mConsolidate compiler generated dependencies of target slam[0m
[ 18%] Built target static_transform_publisher
[ 45%] Built target simple_turtle
[ 63%] Built target tug_wheel_encoder-system
[ 72%] [32mBuilding CXX object CMakeFiles/slam.dir/src/SlamNode.cpp.o[0m
[01m[K/home/bobo/ros2_ws/src/mr2_public/tug_turtlebot4/src/SlamNode.cpp:[m[K In member function â€˜[01m[Kvoid tug_turtlebot4::SlamNode::laserScanCallback(const ConstSharedPtr&)[m[Kâ€™:
[01m[K/home/bobo/ros2_ws/src/mr2_public/tug_turtlebot4/src/SlamNode.cpp:148:28:[m[K [01;31m[Kerror: [m[Kâ€˜[01m[Kusing element_type = class tug_turtlebot4::OccupancyGridMap[m[Kâ€™ {aka â€˜[01m[Kclass tug_turtlebot4::OccupancyGridMap[m[Kâ€™} has no member named â€˜[01m[KwordlToCell[m[Kâ€™; did you mean â€˜[01m[KworldToCell[m[Kâ€™?
  148 |       occupancy_grid_map_->[01;31m[KwordlToCell[m[K(x1, y1, cell_x, cell_y);
      |                            [01;31m[K^~~~~~~~~~~[m[K
      |                            [32m[KworldToCell[m[K
[01m[K/home/bobo/ros2_ws/src/mr2_public/tug_turtlebot4/src/SlamNode.cpp:149:38:[m[K [01;31m[Kerror: [m[Kno matching function for call to â€˜[01m[Ktug_turtlebot4::OccupancyGridMap::updateCell(uint32_t&, uint32_t&)[m[Kâ€™
  149 |       [01;31m[Koccupancy_grid_map_->updateCell(cell_x, cell_y)[m[K;
      |       [01;31m[K~~~~~~~~~~~~~~~~~~~~~~~~~~~~~~~^~~~~~~~~~~~~~~~[m[K
In file included from [01m[K/home/bobo/ros2_ws/src/mr2_public/tug_turtlebot4/include/tug_turtlebot4/SlamNode.hpp:16[m[K,
                 from [01m[K/home/bobo/ros2_ws/src/mr2_public/tug_turtlebot4/src/SlamNode.cpp:1[m[K:
[01m[K/home/bobo/ros2_ws/src/mr2_public/tug_turtlebot4/include/tug_turtlebot4/OccupancyGridMap.hpp:57:10:[m[K [01;36m[Knote: [m[Kcandidate: â€˜[01m[Kvoid tug_turtlebot4::OccupancyGridMap::updateCell(uint32_t, uint32_t, float)[m[Kâ€™
   57 |     void [01;36m[KupdateCell[m[K(uint32_t cell_x, uint32_t cell_y, float value);
      |          [01;36m[K^~~~~~~~~~[m[K
[01m[K/home/bobo/ros2_ws/src/mr2_public/tug_turtlebot4/include/tug_turtlebot4/OccupancyGridMap.hpp:57:10:[m[K [01;36m[Knote: [m[K  candidate expects 3 arguments, 2 provided
gmake[2]: *** [CMakeFiles/slam.dir/build.make:90: CMakeFiles/slam.dir/src/SlamNode.cpp.o] Error 1
gmake[1]: *** [CMakeFiles/Makefile2:195: CMakeFiles/slam.dir/all] Error 2
gmake: *** [Makefile:146: all] Error 2
