[0.015s] Invoking command in '/home/bobo/ros2_ws/build/tug_turtlebot4': CMAKE_PREFIX_PATH=/home/bobo/ros2_ws/install/tug_msgs:/home/bobo/ros2_ws/install/tug_turtlebot4:/home/bobo/ros2_ws/install/tug_stage_ros2:/home/bobo/ros2_ws/install/tug_mr2:/home/bobo/ros2_ws/install/ros2cpp_tutorials_service:/home/bobo/ros2_ws/install/ros2cpp_tutorials_publisher_subscriber:/home/bobo/ros2_ws/install/ros2cpp_tutorials_parameter:/home/bobo/ros2_ws/install/ros2cpp_tutorials_action:/home/bobo/ros2_ws/install/Eigen3:/opt/ros/humble LD_LIBRARY_PATH=/home/bobo/ros2_ws/install/tug_msgs/lib:/home/bobo/stg/lib:/home/bobo/ros2_ws/install/ros2cpp_tutorials_service/lib:/home/bobo/ros2_ws/install/ros2cpp_tutorials_action/lib:/opt/ros/humble/opt/rviz_ogre_vendor/lib:/opt/ros/humble/lib/x86_64-linux-gnu:/opt/ros/humble/lib /usr/bin/cmake --build /home/bobo/ros2_ws/build/tug_turtlebot4 -- -j8 -l8
[0.084s] [35m[1mConsolidate compiler generated dependencies of target slam[0m
[0.097s] [ 18%] Built target static_transform_publisher
[0.108s] [ 36%] Built target tug_wheel_encoder-system
[0.109s] [ 63%] Built target simple_turtle
[0.126s] [ 72%] [32mBuilding CXX object CMakeFiles/slam.dir/src/SlamNode.cpp.o[0m
[4.129s] In file included from [01m[K/opt/ros/humble/include/rclcpp/rclcpp/client.hpp:40[m[K,
[4.130s]                  from [01m[K/opt/ros/humble/include/rclcpp/rclcpp/callback_group.hpp:24[m[K,
[4.130s]                  from [01m[K/opt/ros/humble/include/rclcpp/rclcpp/node.hpp:40[m[K,
[4.130s]                  from [01m[K/home/bobo/ros2_ws/src/mr2_public/tug_turtlebot4/include/tug_turtlebot4/SlamNode.hpp:6[m[K,
[4.130s]                  from [01m[K/home/bobo/ros2_ws/src/mr2_public/tug_turtlebot4/src/SlamNode.cpp:1[m[K:
[4.130s] [01m[K/home/bobo/ros2_ws/src/mr2_public/tug_turtlebot4/src/SlamNode.cpp:[m[K In function â€˜[01m[Kvoid tug_turtlebot4::drawLineV(double, double, double, double, std::vector<std::pair<double, double> >&)[m[Kâ€™:
[4.131s] [01m[K/home/bobo/ros2_ws/src/mr2_public/tug_turtlebot4/src/SlamNode.cpp:93:17:[m[K [01;31m[Kerror: [m[Kinvalid use of â€˜[01m[Kthis[m[Kâ€™ in non-member function
[4.131s]    93 |     RCLCPP_INFO([01;31m[Kthis[m[K->get_logger(), "Initial Values:");
[4.131s]       |                 [01;31m[K^~~~[m[K
[4.131s] [01m[K/home/bobo/ros2_ws/src/mr2_public/tug_turtlebot4/src/SlamNode.cpp:93:17:[m[K [01;31m[Kerror: [m[Kinvalid use of â€˜[01m[Kthis[m[Kâ€™ in non-member function
[4.132s] [01m[K/home/bobo/ros2_ws/src/mr2_public/tug_turtlebot4/src/SlamNode.cpp:93:5:[m[K [01;31m[Kerror: [m[Ktemplate argument 1 is invalid
[4.132s]    93 |     [01;31m[KRCLCPP_INFO[m[K(this->get_logger(), "Initial Values:");
[4.132s]       |     [01;31m[K^~~~~~~~~~~[m[K
[4.132s] [01m[K/home/bobo/ros2_ws/src/mr2_public/tug_turtlebot4/src/SlamNode.cpp:93:5:[m[K [01;31m[Kerror: [m[Ktemplate argument 1 is invalid
[4.132s]    93 |     [01;31m[KRCLCPP_INFO[m[K(this->get_logger(), "Initial Values:");
[4.132s]       |     [01;31m[K^~~~~~~~~~~[m[K
[4.133s] [01m[K/home/bobo/ros2_ws/src/mr2_public/tug_turtlebot4/src/SlamNode.cpp:93:5:[m[K [01;31m[Kerror: [m[Ktemplate argument 1 is invalid
[4.133s]    93 |     [01;31m[KRCLCPP_INFO[m[K(this->get_logger(), "Initial Values:");
[4.133s]       |     [01;31m[K^~~~~~~~~~~[m[K
[4.133s] In file included from [01m[K/opt/ros/humble/include/rclcpp/rclcpp/logging.hpp:24[m[K,
[4.133s]                  from [01m[K/opt/ros/humble/include/rclcpp/rclcpp/client.hpp:40[m[K,
[4.133s]                  from [01m[K/opt/ros/humble/include/rclcpp/rclcpp/callback_group.hpp:24[m[K,
[4.133s]                  from [01m[K/opt/ros/humble/include/rclcpp/rclcpp/node.hpp:40[m[K,
[4.133s]                  from [01m[K/home/bobo/ros2_ws/src/mr2_public/tug_turtlebot4/include/tug_turtlebot4/SlamNode.hpp:6[m[K,
[4.133s]                  from [01m[K/home/bobo/ros2_ws/src/mr2_public/tug_turtlebot4/src/SlamNode.cpp:1[m[K:
[4.134s] [01m[K/home/bobo/ros2_ws/src/mr2_public/tug_turtlebot4/src/SlamNode.cpp:93:17:[m[K [01;31m[Kerror: [m[Kinvalid use of â€˜[01m[Kthis[m[Kâ€™ in non-member function
[4.134s]    93 |     RCLCPP_INFO([01;31m[Kthis[m[K->get_logger(), "Initial Values:");
[4.134s]       |                 [01;31m[K^~~~[m[K
[4.134s] [01m[K/home/bobo/ros2_ws/src/mr2_public/tug_turtlebot4/src/SlamNode.cpp:93:17:[m[K [01;31m[Kerror: [m[Kinvalid use of â€˜[01m[Kthis[m[Kâ€™ in non-member function
[4.134s]    93 |     RCLCPP_INFO([01;31m[Kthis[m[K->get_logger(), "Initial Values:");
[4.135s]       |                 [01;31m[K^~~~[m[K
[4.135s] In file included from [01m[K/opt/ros/humble/include/rclcpp/rclcpp/client.hpp:40[m[K,
[4.135s]                  from [01m[K/opt/ros/humble/include/rclcpp/rclcpp/callback_group.hpp:24[m[K,
[4.135s]                  from [01m[K/opt/ros/humble/include/rclcpp/rclcpp/node.hpp:40[m[K,
[4.135s]                  from [01m[K/home/bobo/ros2_ws/src/mr2_public/tug_turtlebot4/include/tug_turtlebot4/SlamNode.hpp:6[m[K,
[4.136s]                  from [01m[K/home/bobo/ros2_ws/src/mr2_public/tug_turtlebot4/src/SlamNode.cpp:1[m[K:
[4.136s] [01m[K/home/bobo/ros2_ws/src/mr2_public/tug_turtlebot4/src/SlamNode.cpp:94:17:[m[K [01;31m[Kerror: [m[Kinvalid use of â€˜[01m[Kthis[m[Kâ€™ in non-member function
[4.137s]    94 |     RCLCPP_INFO([01;31m[Kthis[m[K->get_logger(), "x0: %f, y0: %f, x1: %f, y1: %f", x0, y0, x1, y1);
[4.137s]       |                 [01;31m[K^~~~[m[K
[4.137s] [01m[K/home/bobo/ros2_ws/src/mr2_public/tug_turtlebot4/src/SlamNode.cpp:94:17:[m[K [01;31m[Kerror: [m[Kinvalid use of â€˜[01m[Kthis[m[Kâ€™ in non-member function
[4.138s] [01m[K/home/bobo/ros2_ws/src/mr2_public/tug_turtlebot4/src/SlamNode.cpp:94:5:[m[K [01;31m[Kerror: [m[Ktemplate argument 1 is invalid
[4.138s]    94 |     [01;31m[KRCLCPP_INFO[m[K(this->get_logger(), "x0: %f, y0: %f, x1: %f, y1: %f", x0, y0, x1, y1);
[4.138s]       |     [01;31m[K^~~~~~~~~~~[m[K
[4.138s] [01m[K/home/bobo/ros2_ws/src/mr2_public/tug_turtlebot4/src/SlamNode.cpp:94:5:[m[K [01;31m[Kerror: [m[Ktemplate argument 1 is invalid
[4.138s]    94 |     [01;31m[KRCLCPP_INFO[m[K(this->get_logger(), "x0: %f, y0: %f, x1: %f, y1: %f", x0, y0, x1, y1);
[4.138s]       |     [01;31m[K^~~~~~~~~~~[m[K
[4.139s] [01m[K/home/bobo/ros2_ws/src/mr2_public/tug_turtlebot4/src/SlamNode.cpp:94:5:[m[K [01;31m[Kerror: [m[Ktemplate argument 1 is invalid
[4.139s]    94 |     [01;31m[KRCLCPP_INFO[m[K(this->get_logger(), "x0: %f, y0: %f, x1: %f, y1: %f", x0, y0, x1, y1);
[4.139s]       |     [01;31m[K^~~~~~~~~~~[m[K
[4.139s] In file included from [01m[K/opt/ros/humble/include/rclcpp/rclcpp/logging.hpp:24[m[K,
[4.139s]                  from [01m[K/opt/ros/humble/include/rclcpp/rclcpp/client.hpp:40[m[K,
[4.139s]                  from [01m[K/opt/ros/humble/include/rclcpp/rclcpp/callback_group.hpp:24[m[K,
[4.139s]                  from [01m[K/opt/ros/humble/include/rclcpp/rclcpp/node.hpp:40[m[K,
[4.140s]                  from [01m[K/home/bobo/ros2_ws/src/mr2_public/tug_turtlebot4/include/tug_turtlebot4/SlamNode.hpp:6[m[K,
[4.140s]                  from [01m[K/home/bobo/ros2_ws/src/mr2_public/tug_turtlebot4/src/SlamNode.cpp:1[m[K:
[4.140s] [01m[K/home/bobo/ros2_ws/src/mr2_public/tug_turtlebot4/src/SlamNode.cpp:94:17:[m[K [01;31m[Kerror: [m[Kinvalid use of â€˜[01m[Kthis[m[Kâ€™ in non-member function
[4.140s]    94 |     RCLCPP_INFO([01;31m[Kthis[m[K->get_logger(), "x0: %f, y0: %f, x1: %f, y1: %f", x0, y0, x1, y1);
[4.140s]       |                 [01;31m[K^~~~[m[K
[4.140s] [01m[K/home/bobo/ros2_ws/src/mr2_public/tug_turtlebot4/src/SlamNode.cpp:94:17:[m[K [01;31m[Kerror: [m[Kinvalid use of â€˜[01m[Kthis[m[Kâ€™ in non-member function
[4.141s]    94 |     RCLCPP_INFO([01;31m[Kthis[m[K->get_logger(), "x0: %f, y0: %f, x1: %f, y1: %f", x0, y0, x1, y1);
[4.141s]       |                 [01;31m[K^~~~[m[K
[4.141s] In file included from [01m[K/opt/ros/humble/include/rclcpp/rclcpp/client.hpp:40[m[K,
[4.141s]                  from [01m[K/opt/ros/humble/include/rclcpp/rclcpp/callback_group.hpp:24[m[K,
[4.141s]                  from [01m[K/opt/ros/humble/include/rclcpp/rclcpp/node.hpp:40[m[K,
[4.141s]                  from [01m[K/home/bobo/ros2_ws/src/mr2_public/tug_turtlebot4/include/tug_turtlebot4/SlamNode.hpp:6[m[K,
[4.142s]                  from [01m[K/home/bobo/ros2_ws/src/mr2_public/tug_turtlebot4/src/SlamNode.cpp:1[m[K:
[4.142s] [01m[K/home/bobo/ros2_ws/src/mr2_public/tug_turtlebot4/src/SlamNode.cpp:95:17:[m[K [01;31m[Kerror: [m[Kinvalid use of â€˜[01m[Kthis[m[Kâ€™ in non-member function
[4.142s]    95 |     RCLCPP_INFO([01;31m[Kthis[m[K->get_logger(), "dx: %f, dy: %f, direction: %d", dx, dy, dir);
[4.142s]       |                 [01;31m[K^~~~[m[K
[4.142s] [01m[K/home/bobo/ros2_ws/src/mr2_public/tug_turtlebot4/src/SlamNode.cpp:95:17:[m[K [01;31m[Kerror: [m[Kinvalid use of â€˜[01m[Kthis[m[Kâ€™ in non-member function
[4.142s] [01m[K/home/bobo/ros2_ws/src/mr2_public/tug_turtlebot4/src/SlamNode.cpp:95:5:[m[K [01;31m[Kerror: [m[Ktemplate argument 1 is invalid
[4.142s]    95 |     [01;31m[KRCLCPP_INFO[m[K(this->get_logger(), "dx: %f, dy: %f, direction: %d", dx, dy, dir);
[4.142s]       |     [01;31m[K^~~~~~~~~~~[m[K
[4.143s] [01m[K/home/bobo/ros2_ws/src/mr2_public/tug_turtlebot4/src/SlamNode.cpp:95:5:[m[K [01;31m[Kerror: [m[Ktemplate argument 1 is invalid
[4.143s]    95 |     [01;31m[KRCLCPP_INFO[m[K(this->get_logger(), "dx: %f, dy: %f, direction: %d", dx, dy, dir);
[4.143s]       |     [01;31m[K^~~~~~~~~~~[m[K
[4.143s] [01m[K/home/bobo/ros2_ws/src/mr2_public/tug_turtlebot4/src/SlamNode.cpp:95:5:[m[K [01;31m[Kerror: [m[Ktemplate argument 1 is invalid
[4.143s]    95 |     [01;31m[KRCLCPP_INFO[m[K(this->get_logger(), "dx: %f, dy: %f, direction: %d", dx, dy, dir);
[4.143s]       |     [01;31m[K^~~~~~~~~~~[m[K
[4.143s] In file included from [01m[K/opt/ros/humble/include/rclcpp/rclcpp/logging.hpp:24[m[K,
[4.143s]                  from [01m[K/opt/ros/humble/include/rclcpp/rclcpp/client.hpp:40[m[K,
[4.144s]                  from [01m[K/opt/ros/humble/include/rclcpp/rclcpp/callback_group.hpp:24[m[K,
[4.144s]                  from [01m[K/opt/ros/humble/include/rclcpp/rclcpp/node.hpp:40[m[K,
[4.144s]                  from [01m[K/home/bobo/ros2_ws/src/mr2_public/tug_turtlebot4/include/tug_turtlebot4/SlamNode.hpp:6[m[K,
[4.144s]                  from [01m[K/home/bobo/ros2_ws/src/mr2_public/tug_turtlebot4/src/SlamNode.cpp:1[m[K:
[4.144s] [01m[K/home/bobo/ros2_ws/src/mr2_public/tug_turtlebot4/src/SlamNode.cpp:95:17:[m[K [01;31m[Kerror: [m[Kinvalid use of â€˜[01m[Kthis[m[Kâ€™ in non-member function
[4.144s]    95 |     RCLCPP_INFO([01;31m[Kthis[m[K->get_logger(), "dx: %f, dy: %f, direction: %d", dx, dy, dir);
[4.144s]       |                 [01;31m[K^~~~[m[K
[4.144s] [01m[K/home/bobo/ros2_ws/src/mr2_public/tug_turtlebot4/src/SlamNode.cpp:95:17:[m[K [01;31m[Kerror: [m[Kinvalid use of â€˜[01m[Kthis[m[Kâ€™ in non-member function
[4.144s]    95 |     RCLCPP_INFO([01;31m[Kthis[m[K->get_logger(), "dx: %f, dy: %f, direction: %d", dx, dy, dir);
[4.145s]       |                 [01;31m[K^~~~[m[K
[4.145s] In file included from [01m[K/opt/ros/humble/include/rclcpp/rclcpp/client.hpp:40[m[K,
[4.145s]                  from [01m[K/opt/ros/humble/include/rclcpp/rclcpp/callback_group.hpp:24[m[K,
[4.145s]                  from [01m[K/opt/ros/humble/include/rclcpp/rclcpp/node.hpp:40[m[K,
[4.145s]                  from [01m[K/home/bobo/ros2_ws/src/mr2_public/tug_turtlebot4/include/tug_turtlebot4/SlamNode.hpp:6[m[K,
[4.145s]                  from [01m[K/home/bobo/ros2_ws/src/mr2_public/tug_turtlebot4/src/SlamNode.cpp:1[m[K:
[4.145s] [01m[K/home/bobo/ros2_ws/src/mr2_public/tug_turtlebot4/src/SlamNode.cpp:102:21:[m[K [01;31m[Kerror: [m[Kinvalid use of â€˜[01m[Kthis[m[Kâ€™ in non-member function
[4.145s]   102 |         RCLCPP_INFO([01;31m[Kthis[m[K->get_logger(), "Starting Line Drawing:");
[4.145s]       |                     [01;31m[K^~~~[m[K
[4.145s] [01m[K/home/bobo/ros2_ws/src/mr2_public/tug_turtlebot4/src/SlamNode.cpp:102:21:[m[K [01;31m[Kerror: [m[Kinvalid use of â€˜[01m[Kthis[m[Kâ€™ in non-member function
[4.146s] [01m[K/home/bobo/ros2_ws/src/mr2_public/tug_turtlebot4/src/SlamNode.cpp:102:9:[m[K [01;31m[Kerror: [m[Ktemplate argument 1 is invalid
[4.146s]   102 |         [01;31m[KRCLCPP_INFO[m[K(this->get_logger(), "Starting Line Drawing:");
[4.146s]       |         [01;31m[K^~~~~~~~~~~[m[K
[4.146s] [01m[K/home/bobo/ros2_ws/src/mr2_public/tug_turtlebot4/src/SlamNode.cpp:102:9:[m[K [01;31m[Kerror: [m[Ktemplate argument 1 is invalid
[4.146s]   102 |         [01;31m[KRCLCPP_INFO[m[K(this->get_logger(), "Starting Line Drawing:");
[4.146s]       |         [01;31m[K^~~~~~~~~~~[m[K
[4.146s] [01m[K/home/bobo/ros2_ws/src/mr2_public/tug_turtlebot4/src/SlamNode.cpp:102:9:[m[K [01;31m[Kerror: [m[Ktemplate argument 1 is invalid
[4.146s]   102 |         [01;31m[KRCLCPP_INFO[m[K(this->get_logger(), "Starting Line Drawing:");
[4.147s]       |         [01;31m[K^~~~~~~~~~~[m[K
[4.147s] In file included from [01m[K/opt/ros/humble/include/rclcpp/rclcpp/logging.hpp:24[m[K,
[4.147s]                  from [01m[K/opt/ros/humble/include/rclcpp/rclcpp/client.hpp:40[m[K,
[4.147s]                  from [01m[K/opt/ros/humble/include/rclcpp/rclcpp/callback_group.hpp:24[m[K,
[4.147s]                  from [01m[K/opt/ros/humble/include/rclcpp/rclcpp/node.hpp:40[m[K,
[4.147s]                  from [01m[K/home/bobo/ros2_ws/src/mr2_public/tug_turtlebot4/include/tug_turtlebot4/SlamNode.hpp:6[m[K,
[4.147s]                  from [01m[K/home/bobo/ros2_ws/src/mr2_public/tug_turtlebot4/src/SlamNode.cpp:1[m[K:
[4.147s] [01m[K/home/bobo/ros2_ws/src/mr2_public/tug_turtlebot4/src/SlamNode.cpp:102:21:[m[K [01;31m[Kerror: [m[Kinvalid use of â€˜[01m[Kthis[m[Kâ€™ in non-member function
[4.147s]   102 |         RCLCPP_INFO([01;31m[Kthis[m[K->get_logger(), "Starting Line Drawing:");
[4.148s]       |                     [01;31m[K^~~~[m[K
[4.148s] [01m[K/home/bobo/ros2_ws/src/mr2_public/tug_turtlebot4/src/SlamNode.cpp:102:21:[m[K [01;31m[Kerror: [m[Kinvalid use of â€˜[01m[Kthis[m[Kâ€™ in non-member function
[4.148s]   102 |         RCLCPP_INFO([01;31m[Kthis[m[K->get_logger(), "Starting Line Drawing:");
[4.148s]       |                     [01;31m[K^~~~[m[K
[4.148s] In file included from [01m[K/opt/ros/humble/include/rclcpp/rclcpp/client.hpp:40[m[K,
[4.148s]                  from [01m[K/opt/ros/humble/include/rclcpp/rclcpp/callback_group.hpp:24[m[K,
[4.148s]                  from [01m[K/opt/ros/humble/include/rclcpp/rclcpp/node.hpp:40[m[K,
[4.148s]                  from [01m[K/home/bobo/ros2_ws/src/mr2_public/tug_turtlebot4/include/tug_turtlebot4/SlamNode.hpp:6[m[K,
[4.149s]                  from [01m[K/home/bobo/ros2_ws/src/mr2_public/tug_turtlebot4/src/SlamNode.cpp:1[m[K:
[4.149s] [01m[K/home/bobo/ros2_ws/src/mr2_public/tug_turtlebot4/src/SlamNode.cpp:109:25:[m[K [01;31m[Kerror: [m[Kinvalid use of â€˜[01m[Kthis[m[Kâ€™ in non-member function
[4.149s]   109 |             RCLCPP_INFO([01;31m[Kthis[m[K->get_logger(), "Step i: %f", i);
[4.149s]       |                         [01;31m[K^~~~[m[K
[4.149s] [01m[K/home/bobo/ros2_ws/src/mr2_public/tug_turtlebot4/src/SlamNode.cpp:109:25:[m[K [01;31m[Kerror: [m[Kinvalid use of â€˜[01m[Kthis[m[Kâ€™ in non-member function
[4.149s] [01m[K/home/bobo/ros2_ws/src/mr2_public/tug_turtlebot4/src/SlamNode.cpp:109:13:[m[K [01;31m[Kerror: [m[Ktemplate argument 1 is invalid
[4.149s]   109 |             [01;31m[KRCLCPP_INFO[m[K(this->get_logger(), "Step i: %f", i);
[4.149s]       |             [01;31m[K^~~~~~~~~~~[m[K
[4.150s] [01m[K/home/bobo/ros2_ws/src/mr2_public/tug_turtlebot4/src/SlamNode.cpp:109:13:[m[K [01;31m[Kerror: [m[Ktemplate argument 1 is invalid
[4.150s]   109 |             [01;31m[KRCLCPP_INFO[m[K(this->get_logger(), "Step i: %f", i);
[4.150s]       |             [01;31m[K^~~~~~~~~~~[m[K
[4.150s] [01m[K/home/bobo/ros2_ws/src/mr2_public/tug_turtlebot4/src/SlamNode.cpp:109:13:[m[K [01;31m[Kerror: [m[Ktemplate argument 1 is invalid
[4.150s]   109 |             [01;31m[KRCLCPP_INFO[m[K(this->get_logger(), "Step i: %f", i);
[4.150s]       |             [01;31m[K^~~~~~~~~~~[m[K
[4.150s] In file included from [01m[K/opt/ros/humble/include/rclcpp/rclcpp/logging.hpp:24[m[K,
[4.150s]                  from [01m[K/opt/ros/humble/include/rclcpp/rclcpp/client.hpp:40[m[K,
[4.151s]                  from [01m[K/opt/ros/humble/include/rclcpp/rclcpp/callback_group.hpp:24[m[K,
[4.151s]                  from [01m[K/opt/ros/humble/include/rclcpp/rclcpp/node.hpp:40[m[K,
[4.151s]                  from [01m[K/home/bobo/ros2_ws/src/mr2_public/tug_turtlebot4/include/tug_turtlebot4/SlamNode.hpp:6[m[K,
[4.151s]                  from [01m[K/home/bobo/ros2_ws/src/mr2_public/tug_turtlebot4/src/SlamNode.cpp:1[m[K:
[4.151s] [01m[K/home/bobo/ros2_ws/src/mr2_public/tug_turtlebot4/src/SlamNode.cpp:109:25:[m[K [01;31m[Kerror: [m[Kinvalid use of â€˜[01m[Kthis[m[Kâ€™ in non-member function
[4.151s]   109 |             RCLCPP_INFO([01;31m[Kthis[m[K->get_logger(), "Step i: %f", i);
[4.151s]       |                         [01;31m[K^~~~[m[K
[4.151s] [01m[K/home/bobo/ros2_ws/src/mr2_public/tug_turtlebot4/src/SlamNode.cpp:109:25:[m[K [01;31m[Kerror: [m[Kinvalid use of â€˜[01m[Kthis[m[Kâ€™ in non-member function
[4.152s]   109 |             RCLCPP_INFO([01;31m[Kthis[m[K->get_logger(), "Step i: %f", i);
[4.152s]       |                         [01;31m[K^~~~[m[K
[4.152s] In file included from [01m[K/opt/ros/humble/include/rclcpp/rclcpp/client.hpp:40[m[K,
[4.152s]                  from [01m[K/opt/ros/humble/include/rclcpp/rclcpp/callback_group.hpp:24[m[K,
[4.152s]                  from [01m[K/opt/ros/humble/include/rclcpp/rclcpp/node.hpp:40[m[K,
[4.152s]                  from [01m[K/home/bobo/ros2_ws/src/mr2_public/tug_turtlebot4/include/tug_turtlebot4/SlamNode.hpp:6[m[K,
[4.152s]                  from [01m[K/home/bobo/ros2_ws/src/mr2_public/tug_turtlebot4/src/SlamNode.cpp:1[m[K:
[4.152s] [01m[K/home/bobo/ros2_ws/src/mr2_public/tug_turtlebot4/src/SlamNode.cpp:110:25:[m[K [01;31m[Kerror: [m[Kinvalid use of â€˜[01m[Kthis[m[Kâ€™ in non-member function
[4.152s]   110 |             RCLCPP_INFO([01;31m[Kthis[m[K->get_logger(), "Current Point: (%f, %f)", x, y0 + i);
[4.153s]       |                         [01;31m[K^~~~[m[K
[4.153s] [01m[K/home/bobo/ros2_ws/src/mr2_public/tug_turtlebot4/src/SlamNode.cpp:110:25:[m[K [01;31m[Kerror: [m[Kinvalid use of â€˜[01m[Kthis[m[Kâ€™ in non-member function
[4.153s] [01m[K/home/bobo/ros2_ws/src/mr2_public/tug_turtlebot4/src/SlamNode.cpp:110:13:[m[K [01;31m[Kerror: [m[Ktemplate argument 1 is invalid
[4.153s]   110 |             [01;31m[KRCLCPP_INFO[m[K(this->get_logger(), "Current Point: (%f, %f)", x, y0 + i);
[4.153s]       |             [01;31m[K^~~~~~~~~~~[m[K
[4.153s] [01m[K/home/bobo/ros2_ws/src/mr2_public/tug_turtlebot4/src/SlamNode.cpp:110:13:[m[K [01;31m[Kerror: [m[Ktemplate argument 1 is invalid
[4.153s]   110 |             [01;31m[KRCLCPP_INFO[m[K(this->get_logger(), "Current Point: (%f, %f)", x, y0 + i);
[4.153s]       |             [01;31m[K^~~~~~~~~~~[m[K
[4.154s] [01m[K/home/bobo/ros2_ws/src/mr2_public/tug_turtlebot4/src/SlamNode.cpp:110:13:[m[K [01;31m[Kerror: [m[Ktemplate argument 1 is invalid
[4.154s]   110 |             [01;31m[KRCLCPP_INFO[m[K(this->get_logger(), "Current Point: (%f, %f)", x, y0 + i);
[4.154s]       |             [01;31m[K^~~~~~~~~~~[m[K
[4.154s] In file included from [01m[K/opt/ros/humble/include/rclcpp/rclcpp/logging.hpp:24[m[K,
[4.154s]                  from [01m[K/opt/ros/humble/include/rclcpp/rclcpp/client.hpp:40[m[K,
[4.154s]                  from [01m[K/opt/ros/humble/include/rclcpp/rclcpp/callback_group.hpp:24[m[K,
[4.154s]                  from [01m[K/opt/ros/humble/include/rclcpp/rclcpp/node.hpp:40[m[K,
[4.154s]                  from [01m[K/home/bobo/ros2_ws/src/mr2_public/tug_turtlebot4/include/tug_turtlebot4/SlamNode.hpp:6[m[K,
[4.154s]                  from [01m[K/home/bobo/ros2_ws/src/mr2_public/tug_turtlebot4/src/SlamNode.cpp:1[m[K:
[4.154s] [01m[K/home/bobo/ros2_ws/src/mr2_public/tug_turtlebot4/src/SlamNode.cpp:110:25:[m[K [01;31m[Kerror: [m[Kinvalid use of â€˜[01m[Kthis[m[Kâ€™ in non-member function
[4.155s]   110 |             RCLCPP_INFO([01;31m[Kthis[m[K->get_logger(), "Current Point: (%f, %f)", x, y0 + i);
[4.155s]       |                         [01;31m[K^~~~[m[K
[4.155s] [01m[K/home/bobo/ros2_ws/src/mr2_public/tug_turtlebot4/src/SlamNode.cpp:110:25:[m[K [01;31m[Kerror: [m[Kinvalid use of â€˜[01m[Kthis[m[Kâ€™ in non-member function
[4.155s]   110 |             RCLCPP_INFO([01;31m[Kthis[m[K->get_logger(), "Current Point: (%f, %f)", x, y0 + i);
[4.155s]       |                         [01;31m[K^~~~[m[K
[4.155s] In file included from [01m[K/opt/ros/humble/include/rclcpp/rclcpp/client.hpp:40[m[K,
[4.155s]                  from [01m[K/opt/ros/humble/include/rclcpp/rclcpp/callback_group.hpp:24[m[K,
[4.156s]                  from [01m[K/opt/ros/humble/include/rclcpp/rclcpp/node.hpp:40[m[K,
[4.156s]                  from [01m[K/home/bobo/ros2_ws/src/mr2_public/tug_turtlebot4/include/tug_turtlebot4/SlamNode.hpp:6[m[K,
[4.156s]                  from [01m[K/home/bobo/ros2_ws/src/mr2_public/tug_turtlebot4/src/SlamNode.cpp:1[m[K:
[4.156s] [01m[K/home/bobo/ros2_ws/src/mr2_public/tug_turtlebot4/src/SlamNode.cpp:111:25:[m[K [01;31m[Kerror: [m[Kinvalid use of â€˜[01m[Kthis[m[Kâ€™ in non-member function
[4.156s]   111 |             RCLCPP_INFO([01;31m[Kthis[m[K->get_logger(), "p: %f", p);
[4.156s]       |                         [01;31m[K^~~~[m[K
[4.156s] [01m[K/home/bobo/ros2_ws/src/mr2_public/tug_turtlebot4/src/SlamNode.cpp:111:25:[m[K [01;31m[Kerror: [m[Kinvalid use of â€˜[01m[Kthis[m[Kâ€™ in non-member function
[4.156s] [01m[K/home/bobo/ros2_ws/src/mr2_public/tug_turtlebot4/src/SlamNode.cpp:111:13:[m[K [01;31m[Kerror: [m[Ktemplate argument 1 is invalid
[4.157s]   111 |             [01;31m[KRCLCPP_INFO[m[K(this->get_logger(), "p: %f", p);
[4.157s]       |             [01;31m[K^~~~~~~~~~~[m[K
[4.157s] [01m[K/home/bobo/ros2_ws/src/mr2_public/tug_turtlebot4/src/SlamNode.cpp:111:13:[m[K [01;31m[Kerror: [m[Ktemplate argument 1 is invalid
[4.157s]   111 |             [01;31m[KRCLCPP_INFO[m[K(this->get_logger(), "p: %f", p);
[4.157s]       |             [01;31m[K^~~~~~~~~~~[m[K
[4.157s] [01m[K/home/bobo/ros2_ws/src/mr2_public/tug_turtlebot4/src/SlamNode.cpp:111:13:[m[K [01;31m[Kerror: [m[Ktemplate argument 1 is invalid
[4.157s]   111 |             [01;31m[KRCLCPP_INFO[m[K(this->get_logger(), "p: %f", p);
[4.158s]       |             [01;31m[K^~~~~~~~~~~[m[K
[4.158s] In file included from [01m[K/opt/ros/humble/include/rclcpp/rclcpp/logging.hpp:24[m[K,
[4.158s]                  from [01m[K/opt/ros/humble/include/rclcpp/rclcpp/client.hpp:40[m[K,
[4.158s]                  from [01m[K/opt/ros/humble/include/rclcpp/rclcpp/callback_group.hpp:24[m[K,
[4.158s]                  from [01m[K/opt/ros/humble/include/rclcpp/rclcpp/node.hpp:40[m[K,
[4.158s]                  from [01m[K/home/bobo/ros2_ws/src/mr2_public/tug_turtlebot4/include/tug_turtlebot4/SlamNode.hpp:6[m[K,
[4.158s]                  from [01m[K/home/bobo/ros2_ws/src/mr2_public/tug_turtlebot4/src/SlamNode.cpp:1[m[K:
[4.158s] [01m[K/home/bobo/ros2_ws/src/mr2_public/tug_turtlebot4/src/SlamNode.cpp:111:25:[m[K [01;31m[Kerror: [m[Kinvalid use of â€˜[01m[Kthis[m[Kâ€™ in non-member function
[4.158s]   111 |             RCLCPP_INFO([01;31m[Kthis[m[K->get_logger(), "p: %f", p);
[4.159s]       |                         [01;31m[K^~~~[m[K
[4.159s] [01m[K/home/bobo/ros2_ws/src/mr2_public/tug_turtlebot4/src/SlamNode.cpp:111:25:[m[K [01;31m[Kerror: [m[Kinvalid use of â€˜[01m[Kthis[m[Kâ€™ in non-member function
[4.159s]   111 |             RCLCPP_INFO([01;31m[Kthis[m[K->get_logger(), "p: %f", p);
[4.159s]       |                         [01;31m[K^~~~[m[K
[4.159s] In file included from [01m[K/opt/ros/humble/include/rclcpp/rclcpp/client.hpp:40[m[K,
[4.159s]                  from [01m[K/opt/ros/humble/include/rclcpp/rclcpp/callback_group.hpp:24[m[K,
[4.159s]                  from [01m[K/opt/ros/humble/include/rclcpp/rclcpp/node.hpp:40[m[K,
[4.160s]                  from [01m[K/home/bobo/ros2_ws/src/mr2_public/tug_turtlebot4/include/tug_turtlebot4/SlamNode.hpp:6[m[K,
[4.160s]                  from [01m[K/home/bobo/ros2_ws/src/mr2_public/tug_turtlebot4/src/SlamNode.cpp:1[m[K:
[4.160s] [01m[K/home/bobo/ros2_ws/src/mr2_public/tug_turtlebot4/src/SlamNode.cpp:116:29:[m[K [01;31m[Kerror: [m[Kinvalid use of â€˜[01m[Kthis[m[Kâ€™ in non-member function
[4.160s]   116 |                 RCLCPP_INFO([01;31m[Kthis[m[K->get_logger(), "x incremented to: %f", x);
[4.160s]       |                             [01;31m[K^~~~[m[K
[4.160s] [01m[K/home/bobo/ros2_ws/src/mr2_public/tug_turtlebot4/src/SlamNode.cpp:116:29:[m[K [01;31m[Kerror: [m[Kinvalid use of â€˜[01m[Kthis[m[Kâ€™ in non-member function
[4.160s] [01m[K/home/bobo/ros2_ws/src/mr2_public/tug_turtlebot4/src/SlamNode.cpp:116:17:[m[K [01;31m[Kerror: [m[Ktemplate argument 1 is invalid
[4.161s]   116 |                 [01;31m[KRCLCPP_INFO[m[K(this->get_logger(), "x incremented to: %f", x);
[4.161s]       |                 [01;31m[K^~~~~~~~~~~[m[K
[4.161s] [01m[K/home/bobo/ros2_ws/src/mr2_public/tug_turtlebot4/src/SlamNode.cpp:116:17:[m[K [01;31m[Kerror: [m[Ktemplate argument 1 is invalid
[4.161s]   116 |                 [01;31m[KRCLCPP_INFO[m[K(this->get_logger(), "x incremented to: %f", x);
[4.161s]       |                 [01;31m[K^~~~~~~~~~~[m[K
[4.161s] [01m[K/home/bobo/ros2_ws/src/mr2_public/tug_turtlebot4/src/SlamNode.cpp:116:17:[m[K [01;31m[Kerror: [m[Ktemplate argument 1 is invalid
[4.161s]   116 |                 [01;31m[KRCLCPP_INFO[m[K(this->get_logger(), "x incremented to: %f", x);
[4.161s]       |                 [01;31m[K^~~~~~~~~~~[m[K
[4.161s] In file included from [01m[K/opt/ros/humble/include/rclcpp/rclcpp/logging.hpp:24[m[K,
[4.162s]                  from [01m[K/opt/ros/humble/include/rclcpp/rclcpp/client.hpp:40[m[K,
[4.162s]                  from [01m[K/opt/ros/humble/include/rclcpp/rclcpp/callback_group.hpp:24[m[K,
[4.162s]                  from [01m[K/opt/ros/humble/include/rclcpp/rclcpp/node.hpp:40[m[K,
[4.162s]                  from [01m[K/home/bobo/ros2_ws/src/mr2_public/tug_turtlebot4/include/tug_turtlebot4/SlamNode.hpp:6[m[K,
[4.162s]                  from [01m[K/home/bobo/ros2_ws/src/mr2_public/tug_turtlebot4/src/SlamNode.cpp:1[m[K:
[4.162s] [01m[K/home/bobo/ros2_ws/src/mr2_public/tug_turtlebot4/src/SlamNode.cpp:116:29:[m[K [01;31m[Kerror: [m[Kinvalid use of â€˜[01m[Kthis[m[Kâ€™ in non-member function
[4.162s]   116 |                 RCLCPP_INFO([01;31m[Kthis[m[K->get_logger(), "x incremented to: %f", x);
[4.162s]       |                             [01;31m[K^~~~[m[K
[4.163s] [01m[K/home/bobo/ros2_ws/src/mr2_public/tug_turtlebot4/src/SlamNode.cpp:116:29:[m[K [01;31m[Kerror: [m[Kinvalid use of â€˜[01m[Kthis[m[Kâ€™ in non-member function
[4.163s]   116 |                 RCLCPP_INFO([01;31m[Kthis[m[K->get_logger(), "x incremented to: %f", x);
[4.163s]       |                             [01;31m[K^~~~[m[K
[4.163s] In file included from [01m[K/opt/ros/humble/include/rclcpp/rclcpp/client.hpp:40[m[K,
[4.163s]                  from [01m[K/opt/ros/humble/include/rclcpp/rclcpp/callback_group.hpp:24[m[K,
[4.163s]                  from [01m[K/opt/ros/humble/include/rclcpp/rclcpp/node.hpp:40[m[K,
[4.163s]                  from [01m[K/home/bobo/ros2_ws/src/mr2_public/tug_turtlebot4/include/tug_turtlebot4/SlamNode.hpp:6[m[K,
[4.164s]                  from [01m[K/home/bobo/ros2_ws/src/mr2_public/tug_turtlebot4/src/SlamNode.cpp:1[m[K:
[4.164s] [01m[K/home/bobo/ros2_ws/src/mr2_public/tug_turtlebot4/src/SlamNode.cpp:120:25:[m[K [01;31m[Kerror: [m[Kinvalid use of â€˜[01m[Kthis[m[Kâ€™ in non-member function
[4.164s]   120 |             RCLCPP_INFO([01;31m[Kthis[m[K->get_logger(), "Updated p: %f", p);
[4.164s]       |                         [01;31m[K^~~~[m[K
[4.164s] [01m[K/home/bobo/ros2_ws/src/mr2_public/tug_turtlebot4/src/SlamNode.cpp:120:25:[m[K [01;31m[Kerror: [m[Kinvalid use of â€˜[01m[Kthis[m[Kâ€™ in non-member function
[4.164s] [01m[K/home/bobo/ros2_ws/src/mr2_public/tug_turtlebot4/src/SlamNode.cpp:120:13:[m[K [01;31m[Kerror: [m[Ktemplate argument 1 is invalid
[4.164s]   120 |             [01;31m[KRCLCPP_INFO[m[K(this->get_logger(), "Updated p: %f", p);
[4.164s]       |             [01;31m[K^~~~~~~~~~~[m[K
[4.165s] [01m[K/home/bobo/ros2_ws/src/mr2_public/tug_turtlebot4/src/SlamNode.cpp:120:13:[m[K [01;31m[Kerror: [m[Ktemplate argument 1 is invalid
[4.165s]   120 |             [01;31m[KRCLCPP_INFO[m[K(this->get_logger(), "Updated p: %f", p);
[4.165s]       |             [01;31m[K^~~~~~~~~~~[m[K
[4.165s] [01m[K/home/bobo/ros2_ws/src/mr2_public/tug_turtlebot4/src/SlamNode.cpp:120:13:[m[K [01;31m[Kerror: [m[Ktemplate argument 1 is invalid
[4.165s]   120 |             [01;31m[KRCLCPP_INFO[m[K(this->get_logger(), "Updated p: %f", p);
[4.165s]       |             [01;31m[K^~~~~~~~~~~[m[K
[4.165s] In file included from [01m[K/opt/ros/humble/include/rclcpp/rclcpp/logging.hpp:24[m[K,
[4.165s]                  from [01m[K/opt/ros/humble/include/rclcpp/rclcpp/client.hpp:40[m[K,
[4.166s]                  from [01m[K/opt/ros/humble/include/rclcpp/rclcpp/callback_group.hpp:24[m[K,
[4.166s]                  from [01m[K/opt/ros/humble/include/rclcpp/rclcpp/node.hpp:40[m[K,
[4.166s]                  from [01m[K/home/bobo/ros2_ws/src/mr2_public/tug_turtlebot4/include/tug_turtlebot4/SlamNode.hpp:6[m[K,
[4.166s]                  from [01m[K/home/bobo/ros2_ws/src/mr2_public/tug_turtlebot4/src/SlamNode.cpp:1[m[K:
[4.166s] [01m[K/home/bobo/ros2_ws/src/mr2_public/tug_turtlebot4/src/SlamNode.cpp:120:25:[m[K [01;31m[Kerror: [m[Kinvalid use of â€˜[01m[Kthis[m[Kâ€™ in non-member function
[4.166s]   120 |             RCLCPP_INFO([01;31m[Kthis[m[K->get_logger(), "Updated p: %f", p);
[4.166s]       |                         [01;31m[K^~~~[m[K
[4.166s] [01m[K/home/bobo/ros2_ws/src/mr2_public/tug_turtlebot4/src/SlamNode.cpp:120:25:[m[K [01;31m[Kerror: [m[Kinvalid use of â€˜[01m[Kthis[m[Kâ€™ in non-member function
[4.167s]   120 |             RCLCPP_INFO([01;31m[Kthis[m[K->get_logger(), "Updated p: %f", p);
[4.167s]       |                         [01;31m[K^~~~[m[K
[4.167s] In file included from [01m[K/opt/ros/humble/include/rclcpp/rclcpp/client.hpp:40[m[K,
[4.167s]                  from [01m[K/opt/ros/humble/include/rclcpp/rclcpp/callback_group.hpp:24[m[K,
[4.167s]                  from [01m[K/opt/ros/humble/include/rclcpp/rclcpp/node.hpp:40[m[K,
[4.167s]                  from [01m[K/home/bobo/ros2_ws/src/mr2_public/tug_turtlebot4/include/tug_turtlebot4/SlamNode.hpp:6[m[K,
[4.167s]                  from [01m[K/home/bobo/ros2_ws/src/mr2_public/tug_turtlebot4/src/SlamNode.cpp:1[m[K:
[4.167s] [01m[K/home/bobo/ros2_ws/src/mr2_public/tug_turtlebot4/src/SlamNode.cpp:124:17:[m[K [01;31m[Kerror: [m[Kinvalid use of â€˜[01m[Kthis[m[Kâ€™ in non-member function
[4.168s]   124 |     RCLCPP_INFO([01;31m[Kthis[m[K->get_logger(), "Finished Line Drawing. Total Points: %lu", line.size());
[4.168s]       |                 [01;31m[K^~~~[m[K
[4.168s] [01m[K/home/bobo/ros2_ws/src/mr2_public/tug_turtlebot4/src/SlamNode.cpp:124:17:[m[K [01;31m[Kerror: [m[Kinvalid use of â€˜[01m[Kthis[m[Kâ€™ in non-member function
[4.168s] [01m[K/home/bobo/ros2_ws/src/mr2_public/tug_turtlebot4/src/SlamNode.cpp:124:5:[m[K [01;31m[Kerror: [m[Ktemplate argument 1 is invalid
[4.168s]   124 |     [01;31m[KRCLCPP_INFO[m[K(this->get_logger(), "Finished Line Drawing. Total Points: %lu", line.size());
[4.168s]       |     [01;31m[K^~~~~~~~~~~[m[K
[4.168s] [01m[K/home/bobo/ros2_ws/src/mr2_public/tug_turtlebot4/src/SlamNode.cpp:124:5:[m[K [01;31m[Kerror: [m[Ktemplate argument 1 is invalid
[4.168s]   124 |     [01;31m[KRCLCPP_INFO[m[K(this->get_logger(), "Finished Line Drawing. Total Points: %lu", line.size());
[4.169s]       |     [01;31m[K^~~~~~~~~~~[m[K
[4.169s] [01m[K/home/bobo/ros2_ws/src/mr2_public/tug_turtlebot4/src/SlamNode.cpp:124:5:[m[K [01;31m[Kerror: [m[Ktemplate argument 1 is invalid
[4.169s]   124 |     [01;31m[KRCLCPP_INFO[m[K(this->get_logger(), "Finished Line Drawing. Total Points: %lu", line.size());
[4.169s]       |     [01;31m[K^~~~~~~~~~~[m[K
[4.169s] In file included from [01m[K/opt/ros/humble/include/rclcpp/rclcpp/logging.hpp:24[m[K,
[4.169s]                  from [01m[K/opt/ros/humble/include/rclcpp/rclcpp/client.hpp:40[m[K,
[4.169s]                  from [01m[K/opt/ros/humble/include/rclcpp/rclcpp/callback_group.hpp:24[m[K,
[4.169s]                  from [01m[K/opt/ros/humble/include/rclcpp/rclcpp/node.hpp:40[m[K,
[4.170s]                  from [01m[K/home/bobo/ros2_ws/src/mr2_public/tug_turtlebot4/include/tug_turtlebot4/SlamNode.hpp:6[m[K,
[4.170s]                  from [01m[K/home/bobo/ros2_ws/src/mr2_public/tug_turtlebot4/src/SlamNode.cpp:1[m[K:
[4.170s] [01m[K/home/bobo/ros2_ws/src/mr2_public/tug_turtlebot4/src/SlamNode.cpp:124:17:[m[K [01;31m[Kerror: [m[Kinvalid use of â€˜[01m[Kthis[m[Kâ€™ in non-member function
[4.170s]   124 |     RCLCPP_INFO([01;31m[Kthis[m[K->get_logger(), "Finished Line Drawing. Total Points: %lu", line.size());
[4.170s]       |                 [01;31m[K^~~~[m[K
[4.170s] [01m[K/home/bobo/ros2_ws/src/mr2_public/tug_turtlebot4/src/SlamNode.cpp:124:17:[m[K [01;31m[Kerror: [m[Kinvalid use of â€˜[01m[Kthis[m[Kâ€™ in non-member function
[4.170s]   124 |     RCLCPP_INFO([01;31m[Kthis[m[K->get_logger(), "Finished Line Drawing. Total Points: %lu", line.size());
[4.170s]       |                 [01;31m[K^~~~[m[K
[4.171s] In file included from [01m[K/opt/ros/humble/include/rclcpp/rclcpp/client.hpp:40[m[K,
[4.171s]                  from [01m[K/opt/ros/humble/include/rclcpp/rclcpp/callback_group.hpp:24[m[K,
[4.171s]                  from [01m[K/opt/ros/humble/include/rclcpp/rclcpp/node.hpp:40[m[K,
[4.171s]                  from [01m[K/home/bobo/ros2_ws/src/mr2_public/tug_turtlebot4/include/tug_turtlebot4/SlamNode.hpp:6[m[K,
[4.171s]                  from [01m[K/home/bobo/ros2_ws/src/mr2_public/tug_turtlebot4/src/SlamNode.cpp:1[m[K:
[4.171s] [01m[K/home/bobo/ros2_ws/src/mr2_public/tug_turtlebot4/src/SlamNode.cpp:125:17:[m[K [01;31m[Kerror: [m[Kinvalid use of â€˜[01m[Kthis[m[Kâ€™ in non-member function
[4.171s]   125 |     RCLCPP_INFO([01;31m[Kthis[m[K->get_logger(), "Line Points:");
[4.171s]       |                 [01;31m[K^~~~[m[K
[4.172s] [01m[K/home/bobo/ros2_ws/src/mr2_public/tug_turtlebot4/src/SlamNode.cpp:125:17:[m[K [01;31m[Kerror: [m[Kinvalid use of â€˜[01m[Kthis[m[Kâ€™ in non-member function
[4.172s] [01m[K/home/bobo/ros2_ws/src/mr2_public/tug_turtlebot4/src/SlamNode.cpp:125:5:[m[K [01;31m[Kerror: [m[Ktemplate argument 1 is invalid
[4.172s]   125 |     [01;31m[KRCLCPP_INFO[m[K(this->get_logger(), "Line Points:");
[4.172s]       |     [01;31m[K^~~~~~~~~~~[m[K
[4.172s] [01m[K/home/bobo/ros2_ws/src/mr2_public/tug_turtlebot4/src/SlamNode.cpp:125:5:[m[K [01;31m[Kerror: [m[Ktemplate argument 1 is invalid
[4.172s]   125 |     [01;31m[KRCLCPP_INFO[m[K(this->get_logger(), "Line Points:");
[4.172s]       |     [01;31m[K^~~~~~~~~~~[m[K
[4.173s] [01m[K/home/bobo/ros2_ws/src/mr2_public/tug_turtlebot4/src/SlamNode.cpp:125:5:[m[K [01;31m[Kerror: [m[Ktemplate argument 1 is invalid
[4.173s]   125 |     [01;31m[KRCLCPP_INFO[m[K(this->get_logger(), "Line Points:");
[4.173s]       |     [01;31m[K^~~~~~~~~~~[m[K
[4.173s] In file included from [01m[K/opt/ros/humble/include/rclcpp/rclcpp/logging.hpp:24[m[K,
[4.173s]                  from [01m[K/opt/ros/humble/include/rclcpp/rclcpp/client.hpp:40[m[K,
[4.173s]                  from [01m[K/opt/ros/humble/include/rclcpp/rclcpp/callback_group.hpp:24[m[K,
[4.173s]                  from [01m[K/opt/ros/humble/include/rclcpp/rclcpp/node.hpp:40[m[K,
[4.173s]                  from [01m[K/home/bobo/ros2_ws/src/mr2_public/tug_turtlebot4/include/tug_turtlebot4/SlamNode.hpp:6[m[K,
[4.174s]                  from [01m[K/home/bobo/ros2_ws/src/mr2_public/tug_turtlebot4/src/SlamNode.cpp:1[m[K:
[4.174s] [01m[K/home/bobo/ros2_ws/src/mr2_public/tug_turtlebot4/src/SlamNode.cpp:125:17:[m[K [01;31m[Kerror: [m[Kinvalid use of â€˜[01m[Kthis[m[Kâ€™ in non-member function
[4.174s]   125 |     RCLCPP_INFO([01;31m[Kthis[m[K->get_logger(), "Line Points:");
[4.174s]       |                 [01;31m[K^~~~[m[K
[4.174s] [01m[K/home/bobo/ros2_ws/src/mr2_public/tug_turtlebot4/src/SlamNode.cpp:125:17:[m[K [01;31m[Kerror: [m[Kinvalid use of â€˜[01m[Kthis[m[Kâ€™ in non-member function
[4.174s]   125 |     RCLCPP_INFO([01;31m[Kthis[m[K->get_logger(), "Line Points:");
[4.174s]       |                 [01;31m[K^~~~[m[K
[4.174s] In file included from [01m[K/opt/ros/humble/include/rclcpp/rclcpp/client.hpp:40[m[K,
[4.175s]                  from [01m[K/opt/ros/humble/include/rclcpp/rclcpp/callback_group.hpp:24[m[K,
[4.175s]                  from [01m[K/opt/ros/humble/include/rclcpp/rclcpp/node.hpp:40[m[K,
[4.175s]                  from [01m[K/home/bobo/ros2_ws/src/mr2_public/tug_turtlebot4/include/tug_turtlebot4/SlamNode.hpp:6[m[K,
[4.175s]                  from [01m[K/home/bobo/ros2_ws/src/mr2_public/tug_turtlebot4/src/SlamNode.cpp:1[m[K:
[4.175s] [01m[K/home/bobo/ros2_ws/src/mr2_public/tug_turtlebot4/src/SlamNode.cpp:127:21:[m[K [01;31m[Kerror: [m[Kinvalid use of â€˜[01m[Kthis[m[Kâ€™ in non-member function
[4.175s]   127 |         RCLCPP_INFO([01;31m[Kthis[m[K->get_logger(), "(%f, %f)", point.first, point.second);
[4.175s]       |                     [01;31m[K^~~~[m[K
[4.175s] [01m[K/home/bobo/ros2_ws/src/mr2_public/tug_turtlebot4/src/SlamNode.cpp:127:21:[m[K [01;31m[Kerror: [m[Kinvalid use of â€˜[01m[Kthis[m[Kâ€™ in non-member function
[4.175s] [01m[K/home/bobo/ros2_ws/src/mr2_public/tug_turtlebot4/src/SlamNode.cpp:127:9:[m[K [01;31m[Kerror: [m[Ktemplate argument 1 is invalid
[4.176s]   127 |         [01;31m[KRCLCPP_INFO[m[K(this->get_logger(), "(%f, %f)", point.first, point.second);
[4.176s]       |         [01;31m[K^~~~~~~~~~~[m[K
[4.176s] [01m[K/home/bobo/ros2_ws/src/mr2_public/tug_turtlebot4/src/SlamNode.cpp:127:9:[m[K [01;31m[Kerror: [m[Ktemplate argument 1 is invalid
[4.176s]   127 |         [01;31m[KRCLCPP_INFO[m[K(this->get_logger(), "(%f, %f)", point.first, point.second);
[4.176s]       |         [01;31m[K^~~~~~~~~~~[m[K
[4.176s] [01m[K/home/bobo/ros2_ws/src/mr2_public/tug_turtlebot4/src/SlamNode.cpp:127:9:[m[K [01;31m[Kerror: [m[Ktemplate argument 1 is invalid
[4.176s]   127 |         [01;31m[KRCLCPP_INFO[m[K(this->get_logger(), "(%f, %f)", point.first, point.second);
[4.176s]       |         [01;31m[K^~~~~~~~~~~[m[K
[4.177s] In file included from [01m[K/opt/ros/humble/include/rclcpp/rclcpp/logging.hpp:24[m[K,
[4.177s]                  from [01m[K/opt/ros/humble/include/rclcpp/rclcpp/client.hpp:40[m[K,
[4.177s]                  from [01m[K/opt/ros/humble/include/rclcpp/rclcpp/callback_group.hpp:24[m[K,
[4.177s]                  from [01m[K/opt/ros/humble/include/rclcpp/rclcpp/node.hpp:40[m[K,
[4.177s]                  from [01m[K/home/bobo/ros2_ws/src/mr2_public/tug_turtlebot4/include/tug_turtlebot4/SlamNode.hpp:6[m[K,
[4.177s]                  from [01m[K/home/bobo/ros2_ws/src/mr2_public/tug_turtlebot4/src/SlamNode.cpp:1[m[K:
[4.177s] [01m[K/home/bobo/ros2_ws/src/mr2_public/tug_turtlebot4/src/SlamNode.cpp:127:21:[m[K [01;31m[Kerror: [m[Kinvalid use of â€˜[01m[Kthis[m[Kâ€™ in non-member function
[4.177s]   127 |         RCLCPP_INFO([01;31m[Kthis[m[K->get_logger(), "(%f, %f)", point.first, point.second);
[4.178s]       |                     [01;31m[K^~~~[m[K
[4.178s] [01m[K/home/bobo/ros2_ws/src/mr2_public/tug_turtlebot4/src/SlamNode.cpp:127:21:[m[K [01;31m[Kerror: [m[Kinvalid use of â€˜[01m[Kthis[m[Kâ€™ in non-member function
[4.178s]   127 |         RCLCPP_INFO([01;31m[Kthis[m[K->get_logger(), "(%f, %f)", point.first, point.second);
[4.178s]       |                     [01;31m[K^~~~[m[K
[8.419s] gmake[2]: *** [CMakeFiles/slam.dir/build.make:90: CMakeFiles/slam.dir/src/SlamNode.cpp.o] Error 1
[8.420s] gmake[1]: *** [CMakeFiles/Makefile2:195: CMakeFiles/slam.dir/all] Error 2
[8.420s] gmake: *** [Makefile:146: all] Error 2
[8.423s] Invoked command in '/home/bobo/ros2_ws/build/tug_turtlebot4' returned '2': CMAKE_PREFIX_PATH=/home/bobo/ros2_ws/install/tug_msgs:/home/bobo/ros2_ws/install/tug_turtlebot4:/home/bobo/ros2_ws/install/tug_stage_ros2:/home/bobo/ros2_ws/install/tug_mr2:/home/bobo/ros2_ws/install/ros2cpp_tutorials_service:/home/bobo/ros2_ws/install/ros2cpp_tutorials_publisher_subscriber:/home/bobo/ros2_ws/install/ros2cpp_tutorials_parameter:/home/bobo/ros2_ws/install/ros2cpp_tutorials_action:/home/bobo/ros2_ws/install/Eigen3:/opt/ros/humble LD_LIBRARY_PATH=/home/bobo/ros2_ws/install/tug_msgs/lib:/home/bobo/stg/lib:/home/bobo/ros2_ws/install/ros2cpp_tutorials_service/lib:/home/bobo/ros2_ws/install/ros2cpp_tutorials_action/lib:/opt/ros/humble/opt/rviz_ogre_vendor/lib:/opt/ros/humble/lib/x86_64-linux-gnu:/opt/ros/humble/lib /usr/bin/cmake --build /home/bobo/ros2_ws/build/tug_turtlebot4 -- -j8 -l8
