[35m[1mConsolidate compiler generated dependencies of target static_transform_publisher[0m
[35m[1mConsolidate compiler generated dependencies of target tug_wheel_encoder-system[0m
[35m[1mConsolidate compiler generated dependencies of target simple_turtle[0m
[35m[1mConsolidate compiler generated dependencies of target slam[0m
[ 18%] Built target static_transform_publisher
[ 45%] Built target simple_turtle
[ 63%] Built target tug_wheel_encoder-system
[ 72%] [32mBuilding CXX object CMakeFiles/slam.dir/src/SlamNode.cpp.o[0m
[01m[K/home/bobo/ros2_ws/src/mr2_public/tug_turtlebot4/src/SlamNode.cpp:[m[K In member function â€˜[01m[Kvoid tug_turtlebot4::SlamNode::laserScanCallback(const ConstSharedPtr&)[m[Kâ€™:
[01m[K/home/bobo/ros2_ws/src/mr2_public/tug_turtlebot4/src/SlamNode.cpp:201:54:[m[K [01;31m[Kerror: [m[Kâ€˜[01m[Kusing element_type = class tug_turtlebot4::OccupancyGridMap[m[Kâ€™ {aka â€˜[01m[Kclass tug_turtlebot4::OccupancyGridMap[m[Kâ€™} has no member named â€˜[01m[KtoMessage[m[Kâ€™
  201 |   occupancy_grid_pub_->publish(*occupancy_grid_map_->[01;31m[KtoMessage[m[K());
      |                                                      [01;31m[K^~~~~~~~~[m[K
gmake[2]: *** [CMakeFiles/slam.dir/build.make:90: CMakeFiles/slam.dir/src/SlamNode.cpp.o] Error 1
gmake[1]: *** [CMakeFiles/Makefile2:195: CMakeFiles/slam.dir/all] Error 2
gmake: *** [Makefile:146: all] Error 2
