[01m[K/home/bobo/ros2_ws/src/mr2_public/tug_turtlebot4/src/SlamNode.cpp:[m[K In member function â€˜[01m[Kvoid tug_turtlebot4::SlamNode::laserScanCallback(const ConstSharedPtr&)[m[Kâ€™:
[01m[K/home/bobo/ros2_ws/src/mr2_public/tug_turtlebot4/src/SlamNode.cpp:209:21:[m[K [01;31m[Kerror: [m[Kâ€˜[01m[Kr[m[Kâ€™ was not declared in this scope
  209 |     point.point.x = [01;31m[Kr[m[K*cos(angle);
      |                     [01;31m[K^[m[K
[01m[K/home/bobo/ros2_ws/src/mr2_public/tug_turtlebot4/src/SlamNode.cpp:209:27:[m[K [01;31m[Kerror: [m[Kâ€˜[01m[Kangle[m[Kâ€™ was not declared in this scope; did you mean â€˜[01m[Ktf2::angle[m[Kâ€™?
  209 |     point.point.x = r*cos([01;31m[Kangle[m[K);
      |                           [01;31m[K^~~~~[m[K
      |                           [32m[Ktf2::angle[m[K
In file included from [01m[K/opt/ros/humble/include/tf2/tf2/LinearMath/Matrix3x3.h:20[m[K,
                 from [01m[K/opt/ros/humble/include/tf2/tf2/LinearMath/Transform.h:21[m[K,
                 from [01m[K/opt/ros/humble/include/tf2/tf2/buffer_core.h:47[m[K,
                 from [01m[K/opt/ros/humble/include/tf2_ros/tf2_ros/async_buffer_interface.h:39[m[K,
                 from [01m[K/opt/ros/humble/include/tf2_ros/tf2_ros/buffer.h:41[m[K,
                 from [01m[K/home/bobo/ros2_ws/src/mr2_public/tug_turtlebot4/include/tug_turtlebot4/SlamNode.hpp:8[m[K,
                 from [01m[K/home/bobo/ros2_ws/src/mr2_public/tug_turtlebot4/src/SlamNode.cpp:1[m[K:
[01m[K/opt/ros/humble/include/tf2/tf2/LinearMath/Quaternion.h:410:1:[m[K [01;36m[Knote: [m[Kâ€˜[01m[Ktf2::angle[m[Kâ€™ declared here
  410 | [01;36m[Kangle[m[K(const Quaternion& q1, const Quaternion& q2)
      | [01;36m[K^~~~~[m[K
[01m[K/home/bobo/ros2_ws/src/mr2_public/tug_turtlebot4/src/SlamNode.cpp:215:43:[m[K [01;31m[Kerror: [m[Kâ€˜[01m[Ktransform_stamped[m[Kâ€™ was not declared in this scope
  215 |       tf2::doTransform(point, point_odom, [01;31m[Ktransform_stamped[m[K);
      |                                           [01;31m[K^~~~~~~~~~~~~~~~~[m[K
[01m[K/home/bobo/ros2_ws/src/mr2_public/tug_turtlebot4/src/SlamNode.cpp:222:38:[m[K [01;31m[Kerror: [m[Kâ€˜[01m[Kx[m[Kâ€™ was not declared in this scope
  222 |     occupancy_grid_map_->worldToCell([01;31m[Kx[m[K, y, cell_x, cell_y);
      |                                      [01;31m[K^[m[K
[01m[K/home/bobo/ros2_ws/src/mr2_public/tug_turtlebot4/src/SlamNode.cpp:222:41:[m[K [01;31m[Kerror: [m[Kâ€˜[01m[Ky[m[Kâ€™ was not declared in this scope; did you mean â€˜[01m[Kyn[m[Kâ€™?
  222 |     occupancy_grid_map_->worldToCell(x, [01;31m[Ky[m[K, cell_x, cell_y);
      |                                         [01;31m[K^[m[K
      |                                         [32m[Kyn[m[K
[01m[K/home/bobo/ros2_ws/src/mr2_public/tug_turtlebot4/src/SlamNode.cpp:229:19:[m[K [01;31m[Kerror: [m[Kâ€˜[01m[Kx_map[m[Kâ€™ was not declared in this scope
  229 |     if ((log_x != [01;31m[Kx_map[m[K || log_y != y_map) && (y != 300)) {
      |                   [01;31m[K^~~~~[m[K
[01m[K/home/bobo/ros2_ws/src/mr2_public/tug_turtlebot4/src/SlamNode.cpp:229:37:[m[K [01;31m[Kerror: [m[Kâ€˜[01m[Ky_map[m[Kâ€™ was not declared in this scope
  229 |     if ((log_x != x_map || log_y != [01;31m[Ky_map[m[K) && (y != 300)) {
      |                                     [01;31m[K^~~~~[m[K
[01m[K/home/bobo/ros2_ws/src/mr2_public/tug_turtlebot4/src/SlamNode.cpp:185:9:[m[K [01;35m[Kwarning: [m[Kunused variable â€˜[01m[Ktheta[m[Kâ€™ [[01;35m[K]8;;https://gcc.gnu.org/onlinedocs/gcc/Warning-Options.html#index-Wunused-variable-Wunused-variable]8;;[m[K]
  185 |   float [01;35m[Ktheta[m[K = static_cast<float>(yaw);
      |         [01;35m[K^~~~~[m[K
gmake[2]: *** [CMakeFiles/slam.dir/build.make:90: CMakeFiles/slam.dir/src/SlamNode.cpp.o] Error 1
gmake[1]: *** [CMakeFiles/Makefile2:195: CMakeFiles/slam.dir/all] Error 2
gmake: *** [Makefile:146: all] Error 2
