[0.036s] Invoking command in '/home/bobo/ros2_ws/build/tug_turtlebot4': CMAKE_PREFIX_PATH=/home/bobo/ros2_ws/install/tug_msgs:/home/bobo/ros2_ws/install/tug_turtlebot4:/home/bobo/ros2_ws/install/tug_stage_ros2:/home/bobo/ros2_ws/install/tug_mr2:/home/bobo/ros2_ws/install/ros2cpp_tutorials_service:/home/bobo/ros2_ws/install/ros2cpp_tutorials_publisher_subscriber:/home/bobo/ros2_ws/install/ros2cpp_tutorials_parameter:/home/bobo/ros2_ws/install/ros2cpp_tutorials_action:/home/bobo/ros2_ws/install/Eigen3:/opt/ros/humble LD_LIBRARY_PATH=/home/bobo/ros2_ws/install/tug_msgs/lib:/home/bobo/stg/lib:/home/bobo/ros2_ws/install/ros2cpp_tutorials_service/lib:/home/bobo/ros2_ws/install/ros2cpp_tutorials_action/lib:/opt/ros/humble/opt/rviz_ogre_vendor/lib:/opt/ros/humble/lib/x86_64-linux-gnu:/opt/ros/humble/lib /usr/bin/cmake --build /home/bobo/ros2_ws/build/tug_turtlebot4 -- -j8 -l8
[0.155s] [ 18%] Built target tug_wheel_encoder-system
[0.214s] [ 36%] Built target static_transform_publisher
[0.247s] [35m[1mConsolidate compiler generated dependencies of target slam[0m
[0.295s] [ 45%] [32mBuilding CXX object CMakeFiles/slam.dir/src/SlamNode.cpp.o[0m
[5.129s] [01m[K/home/bobo/ros2_ws/src/mr2_public/tug_turtlebot4/src/SlamNode.cpp:[m[K In member function â€˜[01m[Kvoid tug_turtlebot4::SlamNode::laserScanCallback(const ConstSharedPtr&)[m[Kâ€™:
[5.129s] [01m[K/home/bobo/ros2_ws/src/mr2_public/tug_turtlebot4/src/SlamNode.cpp:209:21:[m[K [01;31m[Kerror: [m[Kâ€˜[01m[Kr[m[Kâ€™ was not declared in this scope
[5.130s]   209 |     point.point.x = [01;31m[Kr[m[K*cos(angle);
[5.130s]       |                     [01;31m[K^[m[K
[5.130s] [01m[K/home/bobo/ros2_ws/src/mr2_public/tug_turtlebot4/src/SlamNode.cpp:209:27:[m[K [01;31m[Kerror: [m[Kâ€˜[01m[Kangle[m[Kâ€™ was not declared in this scope; did you mean â€˜[01m[Ktf2::angle[m[Kâ€™?
[5.130s]   209 |     point.point.x = r*cos([01;31m[Kangle[m[K);
[5.130s]       |                           [01;31m[K^~~~~[m[K
[5.131s]       |                           [32m[Ktf2::angle[m[K
[5.131s] In file included from [01m[K/opt/ros/humble/include/tf2/tf2/LinearMath/Matrix3x3.h:20[m[K,
[5.131s]                  from [01m[K/opt/ros/humble/include/tf2/tf2/LinearMath/Transform.h:21[m[K,
[5.131s]                  from [01m[K/opt/ros/humble/include/tf2/tf2/buffer_core.h:47[m[K,
[5.131s]                  from [01m[K/opt/ros/humble/include/tf2_ros/tf2_ros/async_buffer_interface.h:39[m[K,
[5.131s]                  from [01m[K/opt/ros/humble/include/tf2_ros/tf2_ros/buffer.h:41[m[K,
[5.131s]                  from [01m[K/home/bobo/ros2_ws/src/mr2_public/tug_turtlebot4/include/tug_turtlebot4/SlamNode.hpp:8[m[K,
[5.131s]                  from [01m[K/home/bobo/ros2_ws/src/mr2_public/tug_turtlebot4/src/SlamNode.cpp:1[m[K:
[5.131s] [01m[K/opt/ros/humble/include/tf2/tf2/LinearMath/Quaternion.h:410:1:[m[K [01;36m[Knote: [m[Kâ€˜[01m[Ktf2::angle[m[Kâ€™ declared here
[5.131s]   410 | [01;36m[Kangle[m[K(const Quaternion& q1, const Quaternion& q2)
[5.131s]       | [01;36m[K^~~~~[m[K
[5.148s] [01m[K/home/bobo/ros2_ws/src/mr2_public/tug_turtlebot4/src/SlamNode.cpp:215:43:[m[K [01;31m[Kerror: [m[Kâ€˜[01m[Ktransform_stamped[m[Kâ€™ was not declared in this scope
[5.148s]   215 |       tf2::doTransform(point, point_odom, [01;31m[Ktransform_stamped[m[K);
[5.148s]       |                                           [01;31m[K^~~~~~~~~~~~~~~~~[m[K
[5.158s] [01m[K/home/bobo/ros2_ws/src/mr2_public/tug_turtlebot4/src/SlamNode.cpp:222:38:[m[K [01;31m[Kerror: [m[Kâ€˜[01m[Kx[m[Kâ€™ was not declared in this scope
[5.159s]   222 |     occupancy_grid_map_->worldToCell([01;31m[Kx[m[K, y, cell_x, cell_y);
[5.159s]       |                                      [01;31m[K^[m[K
[5.165s] [01m[K/home/bobo/ros2_ws/src/mr2_public/tug_turtlebot4/src/SlamNode.cpp:222:41:[m[K [01;31m[Kerror: [m[Kâ€˜[01m[Ky[m[Kâ€™ was not declared in this scope; did you mean â€˜[01m[Kyn[m[Kâ€™?
[5.165s]   222 |     occupancy_grid_map_->worldToCell(x, [01;31m[Ky[m[K, cell_x, cell_y);
[5.165s]       |                                         [01;31m[K^[m[K
[5.165s]       |                                         [32m[Kyn[m[K
[5.174s] [01m[K/home/bobo/ros2_ws/src/mr2_public/tug_turtlebot4/src/SlamNode.cpp:229:19:[m[K [01;31m[Kerror: [m[Kâ€˜[01m[Kx_map[m[Kâ€™ was not declared in this scope
[5.174s]   229 |     if ((log_x != [01;31m[Kx_map[m[K || log_y != y_map) && (y != 300)) {
[5.174s]       |                   [01;31m[K^~~~~[m[K
[5.181s] [01m[K/home/bobo/ros2_ws/src/mr2_public/tug_turtlebot4/src/SlamNode.cpp:229:37:[m[K [01;31m[Kerror: [m[Kâ€˜[01m[Ky_map[m[Kâ€™ was not declared in this scope
[5.181s]   229 |     if ((log_x != x_map || log_y != [01;31m[Ky_map[m[K) && (y != 300)) {
[5.181s]       |                                     [01;31m[K^~~~~[m[K
[5.182s] [01m[K/home/bobo/ros2_ws/src/mr2_public/tug_turtlebot4/src/SlamNode.cpp:185:9:[m[K [01;35m[Kwarning: [m[Kunused variable â€˜[01m[Ktheta[m[Kâ€™ [[01;35m[K]8;;https://gcc.gnu.org/onlinedocs/gcc/Warning-Options.html#index-Wunused-variable-Wunused-variable]8;;[m[K]
[5.182s]   185 |   float [01;35m[Ktheta[m[K = static_cast<float>(yaw);
[5.182s]       |         [01;35m[K^~~~~[m[K
[12.669s] gmake[2]: *** [CMakeFiles/slam.dir/build.make:90: CMakeFiles/slam.dir/src/SlamNode.cpp.o] Error 1
[12.670s] gmake[1]: *** [CMakeFiles/Makefile2:195: CMakeFiles/slam.dir/all] Error 2
[12.670s] gmake: *** [Makefile:146: all] Error 2
[12.675s] Invoked command in '/home/bobo/ros2_ws/build/tug_turtlebot4' returned '2': CMAKE_PREFIX_PATH=/home/bobo/ros2_ws/install/tug_msgs:/home/bobo/ros2_ws/install/tug_turtlebot4:/home/bobo/ros2_ws/install/tug_stage_ros2:/home/bobo/ros2_ws/install/tug_mr2:/home/bobo/ros2_ws/install/ros2cpp_tutorials_service:/home/bobo/ros2_ws/install/ros2cpp_tutorials_publisher_subscriber:/home/bobo/ros2_ws/install/ros2cpp_tutorials_parameter:/home/bobo/ros2_ws/install/ros2cpp_tutorials_action:/home/bobo/ros2_ws/install/Eigen3:/opt/ros/humble LD_LIBRARY_PATH=/home/bobo/ros2_ws/install/tug_msgs/lib:/home/bobo/stg/lib:/home/bobo/ros2_ws/install/ros2cpp_tutorials_service/lib:/home/bobo/ros2_ws/install/ros2cpp_tutorials_action/lib:/opt/ros/humble/opt/rviz_ogre_vendor/lib:/opt/ros/humble/lib/x86_64-linux-gnu:/opt/ros/humble/lib /usr/bin/cmake --build /home/bobo/ros2_ws/build/tug_turtlebot4 -- -j8 -l8
