[0.033s] Invoking command in '/home/bobo/ros2_ws/build/tug_mr2': CMAKE_PREFIX_PATH=/home/bobo/ros2_ws/install/tug_msgs:/home/bobo/ros2_ws/install/tug_stage_ros2:/home/bobo/ros2_ws/install/tug_mr2:/home/bobo/ros2_ws/install/ros2cpp_tutorials_service:/home/bobo/ros2_ws/install/ros2cpp_tutorials_publisher_subscriber:/home/bobo/ros2_ws/install/ros2cpp_tutorials_parameter:/home/bobo/ros2_ws/install/ros2cpp_tutorials_action:/opt/ros/humble LD_LIBRARY_PATH=/home/bobo/ros2_ws/install/tug_msgs/lib:/home/bobo/stg/lib:/home/bobo/ros2_ws/install/ros2cpp_tutorials_service/lib:/home/bobo/ros2_ws/install/ros2cpp_tutorials_action/lib:/opt/ros/humble/opt/rviz_ogre_vendor/lib:/opt/ros/humble/lib/x86_64-linux-gnu:/opt/ros/humble/lib /usr/bin/cmake --build /home/bobo/ros2_ws/build/tug_mr2 -- -j8 -l8
[0.083s] [35m[1mConsolidate compiler generated dependencies of target tug_kinematic[0m
[0.101s] [ 50%] Built target tug_transform
[0.106s] [ 66%] [32mBuilding CXX object CMakeFiles/tug_kinematic.dir/src/KinematicNode.cpp.o[0m
[1.762s] [01m[K/home/bobo/ros2_ws/src/mr2_public/tug_mr2/src/KinematicNode.cpp:[m[K In member function â€˜[01m[Kvoid tug_mr2::KinematicNode::movementCallback(const ConstSharedPtr&)[m[Kâ€™:
[1.762s] [01m[K/home/bobo/ros2_ws/src/mr2_public/tug_mr2/src/KinematicNode.cpp:112:3:[m[K [01;31m[Kerror: [m[Kexpected â€˜[01m[K,[m[Kâ€™ or â€˜[01m[K;[m[Kâ€™ before â€˜[01m[Kfor[m[Kâ€™
[1.762s]   112 |   [01;31m[Kfor[m[K (int i=0; i < num_points; ++i) {
[1.762s]       |   [01;31m[K^~~[m[K
[1.774s] [01m[K/home/bobo/ros2_ws/src/mr2_public/tug_mr2/src/KinematicNode.cpp:112:17:[m[K [01;31m[Kerror: [m[Kâ€˜[01m[Ki[m[Kâ€™ was not declared in this scope
[1.774s]   112 |   for (int i=0; [01;31m[Ki[m[K < num_points; ++i) {
[1.774s]       |                 [01;31m[K^[m[K
[1.774s] [01m[K/home/bobo/ros2_ws/src/mr2_public/tug_mr2/src/KinematicNode.cpp:104:7:[m[K [01;35m[Kwarning: [m[Kunused variable â€˜[01m[KA[m[Kâ€™ [[01;35m[K]8;;https://gcc.gnu.org/onlinedocs/gcc/Warning-Options.html#index-Wunused-variable-Wunused-variable]8;;[m[K]
[1.774s]   104 |   int [01;35m[KA[m[K=5;
[1.774s]       |       [01;35m[K^[m[K
[1.774s] [01m[K/home/bobo/ros2_ws/src/mr2_public/tug_mr2/src/KinematicNode.cpp:105:7:[m[K [01;35m[Kwarning: [m[Kunused variable â€˜[01m[KB[m[Kâ€™ [[01;35m[K]8;;https://gcc.gnu.org/onlinedocs/gcc/Warning-Options.html#index-Wunused-variable-Wunused-variable]8;;[m[K]
[1.774s]   105 |   int [01;35m[KB[m[K=4;
[1.774s]       |       [01;35m[K^[m[K
[1.774s] [01m[K/home/bobo/ros2_ws/src/mr2_public/tug_mr2/src/KinematicNode.cpp:106:7:[m[K [01;35m[Kwarning: [m[Kunused variable â€˜[01m[Ka[m[Kâ€™ [[01;35m[K]8;;https://gcc.gnu.org/onlinedocs/gcc/Warning-Options.html#index-Wunused-variable-Wunused-variable]8;;[m[K]
[1.775s]   106 |   int [01;35m[Ka[m[K = 3;
[1.775s]       |       [01;35m[K^[m[K
[1.775s] [01m[K/home/bobo/ros2_ws/src/mr2_public/tug_mr2/src/KinematicNode.cpp:109:10:[m[K [01;35m[Kwarning: [m[Kunused variable â€˜[01m[Kdt[m[Kâ€™ [[01;35m[K]8;;https://gcc.gnu.org/onlinedocs/gcc/Warning-Options.html#index-Wunused-variable-Wunused-variable]8;;[m[K]
[1.775s]   109 |   double [01;35m[Kdt[m[K = duration/num_points;
[1.775s]       |          [01;35m[K^~[m[K
[1.775s] [01m[K/home/bobo/ros2_ws/src/mr2_public/tug_mr2/src/KinematicNode.cpp:111:7:[m[K [01;35m[Kwarning: [m[Kunused variable â€˜[01m[Kround[m[Kâ€™ [[01;35m[K]8;;https://gcc.gnu.org/onlinedocs/gcc/Warning-Options.html#index-Wunused-variable-Wunused-variable]8;;[m[K]
[1.775s]   111 |   int [01;35m[Kround[m[K = 01
[1.775s]       |       [01;35m[K^~~~~[m[K
[4.956s] gmake[2]: *** [CMakeFiles/tug_kinematic.dir/build.make:90: CMakeFiles/tug_kinematic.dir/src/KinematicNode.cpp.o] Error 1
[4.956s] gmake[1]: *** [CMakeFiles/Makefile2:139: CMakeFiles/tug_kinematic.dir/all] Error 2
[4.957s] gmake: *** [Makefile:146: all] Error 2
[4.960s] Invoked command in '/home/bobo/ros2_ws/build/tug_mr2' returned '2': CMAKE_PREFIX_PATH=/home/bobo/ros2_ws/install/tug_msgs:/home/bobo/ros2_ws/install/tug_stage_ros2:/home/bobo/ros2_ws/install/tug_mr2:/home/bobo/ros2_ws/install/ros2cpp_tutorials_service:/home/bobo/ros2_ws/install/ros2cpp_tutorials_publisher_subscriber:/home/bobo/ros2_ws/install/ros2cpp_tutorials_parameter:/home/bobo/ros2_ws/install/ros2cpp_tutorials_action:/opt/ros/humble LD_LIBRARY_PATH=/home/bobo/ros2_ws/install/tug_msgs/lib:/home/bobo/stg/lib:/home/bobo/ros2_ws/install/ros2cpp_tutorials_service/lib:/home/bobo/ros2_ws/install/ros2cpp_tutorials_action/lib:/opt/ros/humble/opt/rviz_ogre_vendor/lib:/opt/ros/humble/lib/x86_64-linux-gnu:/opt/ros/humble/lib /usr/bin/cmake --build /home/bobo/ros2_ws/build/tug_mr2 -- -j8 -l8
