[ 28%] Built target tug_wheel_encoder-system
[ 57%] Built target static_transform_publisher
[35m[1mConsolidate compiler generated dependencies of target simple_turtle[0m
[ 71%] [32mBuilding CXX object CMakeFiles/simple_turtle.dir/src/SimpleTurtleNode.cpp.o[0m
[01m[K/home/bobo/ros2_ws/src/mr2_public/tug_turtlebot4/src/SimpleTurtleNode.cpp:[m[K In member function â€˜[01m[Kvoid tug_turtlebot4::SimpleTurtleNode::wheelEncoderCallback(const ConstSharedPtr&)[m[Kâ€™:
[01m[K/home/bobo/ros2_ws/src/mr2_public/tug_turtlebot4/src/SimpleTurtleNode.cpp:80:13:[m[K [01;35m[Kwarning: [m[Kunused variable â€˜[01m[KdiffLeft[m[Kâ€™ [[01;35m[K]8;;https://gcc.gnu.org/onlinedocs/gcc/Warning-Options.html#index-Wunused-variable-Wunused-variable]8;;[m[K]
   80 |     int16_t [01;35m[KdiffLeft[m[K= currentLeft - odom_state.left;
      |             [01;35m[K^~~~~~~~[m[K
[01m[K/home/bobo/ros2_ws/src/mr2_public/tug_turtlebot4/src/SimpleTurtleNode.cpp:83:13:[m[K [01;35m[Kwarning: [m[Kunused variable â€˜[01m[KdiffRight[m[Kâ€™ [[01;35m[K]8;;https://gcc.gnu.org/onlinedocs/gcc/Warning-Options.html#index-Wunused-variable-Wunused-variable]8;;[m[K]
   83 |     int16_t [01;35m[KdiffRight[m[K = currentRight - odom_state.right;
      |             [01;35m[K^~~~~~~~~[m[K
[01m[K/home/bobo/ros2_ws/src/mr2_public/tug_turtlebot4/src/SimpleTurtleNode.cpp:86:8:[m[K [01;31m[Kerror: [m[Kâ€˜[01m[KdiffLeft[m[Kâ€™ was not declared in this scope
   86 |   if (([01;31m[KdiffLeft[m[K < 0 && diffRight > 0) || (diffLeft > 0 && diffRight < 0)) {
      |        [01;31m[K^~~~~~~~[m[K
[01m[K/home/bobo/ros2_ws/src/mr2_public/tug_turtlebot4/src/SimpleTurtleNode.cpp:86:24:[m[K [01;31m[Kerror: [m[Kâ€˜[01m[KdiffRight[m[Kâ€™ was not declared in this scope
   86 |   if ((diffLeft < 0 && [01;31m[KdiffRight[m[K > 0) || (diffLeft > 0 && diffRight < 0)) {
      |                        [01;31m[K^~~~~~~~~[m[K
[01m[K/home/bobo/ros2_ws/src/mr2_public/tug_turtlebot4/src/SimpleTurtleNode.cpp:90:8:[m[K [01;31m[Kerror: [m[Kâ€˜[01m[KdiffLeft[m[Kâ€™ was not declared in this scope
   90 |   if (([01;31m[KdiffLeft[m[K != (currentLeft) || diffRight != currentRight) && !rotating){
      |        [01;31m[K^~~~~~~~[m[K
[01m[K/home/bobo/ros2_ws/src/mr2_public/tug_turtlebot4/src/SimpleTurtleNode.cpp:90:37:[m[K [01;31m[Kerror: [m[Kâ€˜[01m[KdiffRight[m[Kâ€™ was not declared in this scope
   90 |   if ((diffLeft != (currentLeft) || [01;31m[KdiffRight[m[K != currentRight) && !rotating){
      |                                     [01;31m[K^~~~~~~~~[m[K
[01m[K/home/bobo/ros2_ws/src/mr2_public/tug_turtlebot4/src/SimpleTurtleNode.cpp:[m[K In member function â€˜[01m[Kvoid tug_turtlebot4::SimpleTurtleNode::poseCallback(const Pose&)[m[Kâ€™:
[01m[K/home/bobo/ros2_ws/src/mr2_public/tug_turtlebot4/src/SimpleTurtleNode.cpp:120:49:[m[K [01;35m[Kwarning: [m[Kunused parameter â€˜[01m[Kmsg[m[Kâ€™ [[01;35m[K]8;;https://gcc.gnu.org/onlinedocs/gcc/Warning-Options.html#index-Wunused-parameter-Wunused-parameter]8;;[m[K]
  120 | void SimpleTurtleNode::poseCallback([01;35m[Kconst Pose& msg[m[K)
      |                                     [01;35m[K~~~~~~~~~~~~^~~[m[K
gmake[2]: *** [CMakeFiles/simple_turtle.dir/build.make:90: CMakeFiles/simple_turtle.dir/src/SimpleTurtleNode.cpp.o] Error 1
gmake[1]: *** [CMakeFiles/Makefile2:167: CMakeFiles/simple_turtle.dir/all] Error 2
gmake: *** [Makefile:146: all] Error 2
