[0.040s] Invoking command in '/home/bobo/ros2_ws/build/tug_turtlebot4': CMAKE_PREFIX_PATH=/home/bobo/ros2_ws/install/tug_msgs:/home/bobo/ros2_ws/install/tug_turtlebot4:/home/bobo/ros2_ws/install/tug_stage_ros2:/home/bobo/ros2_ws/install/tug_mr2:/home/bobo/ros2_ws/install/ros2cpp_tutorials_service:/home/bobo/ros2_ws/install/ros2cpp_tutorials_publisher_subscriber:/home/bobo/ros2_ws/install/ros2cpp_tutorials_parameter:/home/bobo/ros2_ws/install/ros2cpp_tutorials_action:/home/bobo/ros2_ws/install/Eigen3:/opt/ros/humble LD_LIBRARY_PATH=/home/bobo/ros2_ws/install/tug_msgs/lib:/home/bobo/stg/lib:/home/bobo/ros2_ws/install/ros2cpp_tutorials_service/lib:/home/bobo/ros2_ws/install/ros2cpp_tutorials_action/lib:/opt/ros/humble/opt/rviz_ogre_vendor/lib:/opt/ros/humble/lib/x86_64-linux-gnu:/opt/ros/humble/lib /usr/bin/cmake --build /home/bobo/ros2_ws/build/tug_turtlebot4 -- -j8 -l8
[0.121s] [ 28%] Built target tug_wheel_encoder-system
[0.153s] [ 57%] Built target static_transform_publisher
[0.168s] [35m[1mConsolidate compiler generated dependencies of target simple_turtle[0m
[0.198s] [ 71%] [32mBuilding CXX object CMakeFiles/simple_turtle.dir/src/SimpleTurtleNode.cpp.o[0m
[3.000s] [01m[K/home/bobo/ros2_ws/src/mr2_public/tug_turtlebot4/src/SimpleTurtleNode.cpp:[m[K In member function â€˜[01m[Kvoid tug_turtlebot4::SimpleTurtleNode::wheelEncoderCallback(const ConstSharedPtr&)[m[Kâ€™:
[3.000s] [01m[K/home/bobo/ros2_ws/src/mr2_public/tug_turtlebot4/src/SimpleTurtleNode.cpp:80:13:[m[K [01;35m[Kwarning: [m[Kunused variable â€˜[01m[KdiffLeft[m[Kâ€™ [[01;35m[K]8;;https://gcc.gnu.org/onlinedocs/gcc/Warning-Options.html#index-Wunused-variable-Wunused-variable]8;;[m[K]
[3.000s]    80 |     int16_t [01;35m[KdiffLeft[m[K= currentLeft - odom_state.left;
[3.000s]       |             [01;35m[K^~~~~~~~[m[K
[3.001s] [01m[K/home/bobo/ros2_ws/src/mr2_public/tug_turtlebot4/src/SimpleTurtleNode.cpp:83:13:[m[K [01;35m[Kwarning: [m[Kunused variable â€˜[01m[KdiffRight[m[Kâ€™ [[01;35m[K]8;;https://gcc.gnu.org/onlinedocs/gcc/Warning-Options.html#index-Wunused-variable-Wunused-variable]8;;[m[K]
[3.001s]    83 |     int16_t [01;35m[KdiffRight[m[K = currentRight - odom_state.right;
[3.001s]       |             [01;35m[K^~~~~~~~~[m[K
[3.007s] [01m[K/home/bobo/ros2_ws/src/mr2_public/tug_turtlebot4/src/SimpleTurtleNode.cpp:86:8:[m[K [01;31m[Kerror: [m[Kâ€˜[01m[KdiffLeft[m[Kâ€™ was not declared in this scope
[3.007s]    86 |   if (([01;31m[KdiffLeft[m[K < 0 && diffRight > 0) || (diffLeft > 0 && diffRight < 0)) {
[3.007s]       |        [01;31m[K^~~~~~~~[m[K
[3.013s] [01m[K/home/bobo/ros2_ws/src/mr2_public/tug_turtlebot4/src/SimpleTurtleNode.cpp:86:24:[m[K [01;31m[Kerror: [m[Kâ€˜[01m[KdiffRight[m[Kâ€™ was not declared in this scope
[3.013s]    86 |   if ((diffLeft < 0 && [01;31m[KdiffRight[m[K > 0) || (diffLeft > 0 && diffRight < 0)) {
[3.013s]       |                        [01;31m[K^~~~~~~~~[m[K
[3.018s] [01m[K/home/bobo/ros2_ws/src/mr2_public/tug_turtlebot4/src/SimpleTurtleNode.cpp:90:8:[m[K [01;31m[Kerror: [m[Kâ€˜[01m[KdiffLeft[m[Kâ€™ was not declared in this scope
[3.018s]    90 |   if (([01;31m[KdiffLeft[m[K != (currentLeft) || diffRight != currentRight) && !rotating){
[3.018s]       |        [01;31m[K^~~~~~~~[m[K
[3.024s] [01m[K/home/bobo/ros2_ws/src/mr2_public/tug_turtlebot4/src/SimpleTurtleNode.cpp:90:37:[m[K [01;31m[Kerror: [m[Kâ€˜[01m[KdiffRight[m[Kâ€™ was not declared in this scope
[3.025s]    90 |   if ((diffLeft != (currentLeft) || [01;31m[KdiffRight[m[K != currentRight) && !rotating){
[3.025s]       |                                     [01;31m[K^~~~~~~~~[m[K
[3.025s] [01m[K/home/bobo/ros2_ws/src/mr2_public/tug_turtlebot4/src/SimpleTurtleNode.cpp:[m[K In member function â€˜[01m[Kvoid tug_turtlebot4::SimpleTurtleNode::poseCallback(const Pose&)[m[Kâ€™:
[3.025s] [01m[K/home/bobo/ros2_ws/src/mr2_public/tug_turtlebot4/src/SimpleTurtleNode.cpp:120:49:[m[K [01;35m[Kwarning: [m[Kunused parameter â€˜[01m[Kmsg[m[Kâ€™ [[01;35m[K]8;;https://gcc.gnu.org/onlinedocs/gcc/Warning-Options.html#index-Wunused-parameter-Wunused-parameter]8;;[m[K]
[3.025s]   120 | void SimpleTurtleNode::poseCallback([01;35m[Kconst Pose& msg[m[K)
[3.025s]       |                                     [01;35m[K~~~~~~~~~~~~^~~[m[K
[6.892s] gmake[2]: *** [CMakeFiles/simple_turtle.dir/build.make:90: CMakeFiles/simple_turtle.dir/src/SimpleTurtleNode.cpp.o] Error 1
[6.892s] gmake[1]: *** [CMakeFiles/Makefile2:167: CMakeFiles/simple_turtle.dir/all] Error 2
[6.892s] gmake: *** [Makefile:146: all] Error 2
[6.895s] Invoked command in '/home/bobo/ros2_ws/build/tug_turtlebot4' returned '2': CMAKE_PREFIX_PATH=/home/bobo/ros2_ws/install/tug_msgs:/home/bobo/ros2_ws/install/tug_turtlebot4:/home/bobo/ros2_ws/install/tug_stage_ros2:/home/bobo/ros2_ws/install/tug_mr2:/home/bobo/ros2_ws/install/ros2cpp_tutorials_service:/home/bobo/ros2_ws/install/ros2cpp_tutorials_publisher_subscriber:/home/bobo/ros2_ws/install/ros2cpp_tutorials_parameter:/home/bobo/ros2_ws/install/ros2cpp_tutorials_action:/home/bobo/ros2_ws/install/Eigen3:/opt/ros/humble LD_LIBRARY_PATH=/home/bobo/ros2_ws/install/tug_msgs/lib:/home/bobo/stg/lib:/home/bobo/ros2_ws/install/ros2cpp_tutorials_service/lib:/home/bobo/ros2_ws/install/ros2cpp_tutorials_action/lib:/opt/ros/humble/opt/rviz_ogre_vendor/lib:/opt/ros/humble/lib/x86_64-linux-gnu:/opt/ros/humble/lib /usr/bin/cmake --build /home/bobo/ros2_ws/build/tug_turtlebot4 -- -j8 -l8
