[ 28%] Built target static_transform_publisher
[ 42%] [32mBuilding CXX object CMakeFiles/simple_turtle.dir/src/SimpleTurtleNode.cpp.o[0m
[ 71%] Built target tug_wheel_encoder-system
[01m[K/home/bobo/ros2_ws/src/mr2_public/tug_turtlebot4/src/SimpleTurtleNode.cpp:122:6:[m[K [01;31m[Kerror: [m[Kâ€˜[01m[KSimpleTurtleNode[m[Kâ€™ has not been declared
  122 | void [01;31m[KSimpleTurtleNode[m[K::poseCallback(const Pose& msg)
      |      [01;31m[K^~~~~~~~~~~~~~~~[m[K
[01m[K/home/bobo/ros2_ws/src/mr2_public/tug_turtlebot4/src/SimpleTurtleNode.cpp:122:43:[m[K [01;31m[Kerror: [m[Kâ€˜[01m[KPose[m[Kâ€™ does not name a type
  122 | void SimpleTurtleNode::poseCallback(const [01;31m[KPose[m[K& msg)
      |                                           [01;31m[K^~~~[m[K
[01m[K/home/bobo/ros2_ws/src/mr2_public/tug_turtlebot4/src/SimpleTurtleNode.cpp:[m[K In function â€˜[01m[Kvoid poseCallback(const int&)[m[Kâ€™:
[01m[K/home/bobo/ros2_ws/src/mr2_public/tug_turtlebot4/src/SimpleTurtleNode.cpp:122:49:[m[K [01;35m[Kwarning: [m[Kunused parameter â€˜[01m[Kmsg[m[Kâ€™ [[01;35m[K]8;;https://gcc.gnu.org/onlinedocs/gcc/Warning-Options.html#index-Wunused-parameter-Wunused-parameter]8;;[m[K]
  122 | void SimpleTurtleNode::poseCallback([01;35m[Kconst Pose& msg[m[K)
      |                                     [01;35m[K~~~~~~~~~~~~^~~[m[K
[01m[K/home/bobo/ros2_ws/src/mr2_public/tug_turtlebot4/src/SimpleTurtleNode.cpp:[m[K At global scope:
[01m[K/home/bobo/ros2_ws/src/mr2_public/tug_turtlebot4/src/SimpleTurtleNode.cpp:128:6:[m[K [01;31m[Kerror: [m[Kâ€˜[01m[KSimpleTurtleNode[m[Kâ€™ has not been declared
  128 | void [01;31m[KSimpleTurtleNode[m[K::publishTransform(
      |      [01;31m[K^~~~~~~~~~~~~~~~[m[K
[01m[K/home/bobo/ros2_ws/src/mr2_public/tug_turtlebot4/src/SimpleTurtleNode.cpp:[m[K In function â€˜[01m[Kvoid publishTransform(const tf2::Quaternion&, const tf2::Vector3&)[m[Kâ€™:
[01m[K/home/bobo/ros2_ws/src/mr2_public/tug_turtlebot4/src/SimpleTurtleNode.cpp:134:28:[m[K [01;31m[Kerror: [m[Kâ€˜[01m[Kget_clock[m[Kâ€™ was not declared in this scope
  134 |   transform.header.stamp = [01;31m[Kget_clock[m[K()->now();
      |                            [01;31m[K^~~~~~~~~[m[K
[01m[K/home/bobo/ros2_ws/src/mr2_public/tug_turtlebot4/src/SimpleTurtleNode.cpp:140:3:[m[K [01;31m[Kerror: [m[Kâ€˜[01m[Ktf_broadcaster_[m[Kâ€™ was not declared in this scope
  140 |   [01;31m[Ktf_broadcaster_[m[K->sendTransform(transform);
      |   [01;31m[K^~~~~~~~~~~~~~~[m[K
[01m[K/home/bobo/ros2_ws/src/mr2_public/tug_turtlebot4/src/SimpleTurtleNode.cpp:[m[K At global scope:
[01m[K/home/bobo/ros2_ws/src/mr2_public/tug_turtlebot4/src/SimpleTurtleNode.cpp:144:6:[m[K [01;31m[Kerror: [m[Kâ€˜[01m[KSimpleTurtleNode[m[Kâ€™ has not been declared
  144 | void [01;31m[KSimpleTurtleNode[m[K::step()
      |      [01;31m[K^~~~~~~~~~~~~~~~[m[K
[01m[K/home/bobo/ros2_ws/src/mr2_public/tug_turtlebot4/src/SimpleTurtleNode.cpp:[m[K In function â€˜[01m[Kvoid step()[m[Kâ€™:
[01m[K/home/bobo/ros2_ws/src/mr2_public/tug_turtlebot4/src/SimpleTurtleNode.cpp:148:14:[m[K [01;31m[Kerror: [m[Kâ€˜[01m[Kcmd_vel_msgs_[m[Kâ€™ was not declared in this scope
  148 |   if (step < [01;31m[Kcmd_vel_msgs_[m[K.size())
      |              [01;31m[K^~~~~~~~~~~~~[m[K
[01m[K/home/bobo/ros2_ws/src/mr2_public/tug_turtlebot4/src/SimpleTurtleNode.cpp:149:5:[m[K [01;31m[Kerror: [m[Kâ€˜[01m[Kcmd_vel_pub_[m[Kâ€™ was not declared in this scope
  149 |     [01;31m[Kcmd_vel_pub_[m[K->publish(cmd_vel_msgs_[step++]);
      |     [01;31m[K^~~~~~~~~~~~[m[K
[01m[K/home/bobo/ros2_ws/src/mr2_public/tug_turtlebot4/src/SimpleTurtleNode.cpp:152:5:[m[K [01;31m[Kerror: [m[Kâ€˜[01m[Kcmd_vel_pub_[m[Kâ€™ was not declared in this scope
  152 |     [01;31m[Kcmd_vel_pub_[m[K->publish(Twist());
      |     [01;31m[K^~~~~~~~~~~~[m[K
[01m[K/home/bobo/ros2_ws/src/mr2_public/tug_turtlebot4/src/SimpleTurtleNode.cpp:152:27:[m[K [01;31m[Kerror: [m[Kâ€˜[01m[KTwist[m[Kâ€™ was not declared in this scope
  152 |     cmd_vel_pub_->publish([01;31m[KTwist[m[K());
      |                           [01;31m[K^~~~~[m[K
[01m[K/home/bobo/ros2_ws/src/mr2_public/tug_turtlebot4/src/SimpleTurtleNode.cpp:152:27:[m[K [01;36m[Knote: [m[Ksuggested alternatives:
In file included from [01m[K/opt/ros/humble/include/tf2_geometry_msgs/tf2_geometry_msgs/tf2_geometry_msgs.hpp:54[m[K,
                 from [01m[K/home/bobo/ros2_ws/src/mr2_public/tug_turtlebot4/src/SimpleTurtleNode.cpp:9[m[K:
[01m[K/usr/include/kdl/frames.hpp:720:7:[m[K [01;36m[Knote: [m[K  â€˜[01m[KKDL::Twist[m[Kâ€™
  720 | class [01;36m[KTwist[m[K {
      |       [01;36m[K^~~~~[m[K
In file included from [01m[K/opt/ros/humble/include/geometry_msgs/geometry_msgs/msg/twist.hpp:7[m[K,
                 from [01m[K/home/bobo/ros2_ws/src/mr2_public/tug_turtlebot4/include/tug_turtlebot4/SimpleTurtleNode.hpp:16[m[K,
                 from [01m[K/home/bobo/ros2_ws/src/mr2_public/tug_turtlebot4/src/SimpleTurtleNode.cpp:1[m[K:
[01m[K/opt/ros/humble/include/geometry_msgs/geometry_msgs/msg/detail/twist__struct.hpp:134:7:[m[K [01;36m[Knote: [m[K  â€˜[01m[Kgeometry_msgs::msg::Twist[m[Kâ€™
  134 | using [01;36m[KTwist[m[K =
      |       [01;36m[K^~~~~[m[K
[01m[K/home/bobo/ros2_ws/src/mr2_public/tug_turtlebot4/src/SimpleTurtleNode.cpp:[m[K At global scope:
[01m[K/home/bobo/ros2_ws/src/mr2_public/tug_turtlebot4/src/SimpleTurtleNode.cpp:158:6:[m[K [01;31m[Kerror: [m[Kâ€˜[01m[KSimpleTurtleNode[m[Kâ€™ has not been declared
  158 | void [01;31m[KSimpleTurtleNode[m[K::initMotionPattern()
      |      [01;31m[K^~~~~~~~~~~~~~~~[m[K
[01m[K/home/bobo/ros2_ws/src/mr2_public/tug_turtlebot4/src/SimpleTurtleNode.cpp:[m[K In function â€˜[01m[Kvoid initMotionPattern()[m[Kâ€™:
[01m[K/home/bobo/ros2_ws/src/mr2_public/tug_turtlebot4/src/SimpleTurtleNode.cpp:161:3:[m[K [01;31m[Kerror: [m[Kâ€˜[01m[Kcmd_vel_msgs_[m[Kâ€™ was not declared in this scope
  161 |   [01;31m[Kcmd_vel_msgs_[m[K.push_back(Twist());
      |   [01;31m[K^~~~~~~~~~~~~[m[K
[01m[K/home/bobo/ros2_ws/src/mr2_public/tug_turtlebot4/src/SimpleTurtleNode.cpp:161:27:[m[K [01;31m[Kerror: [m[Kâ€˜[01m[KTwist[m[Kâ€™ was not declared in this scope
  161 |   cmd_vel_msgs_.push_back([01;31m[KTwist[m[K());
      |                           [01;31m[K^~~~~[m[K
[01m[K/home/bobo/ros2_ws/src/mr2_public/tug_turtlebot4/src/SimpleTurtleNode.cpp:161:27:[m[K [01;36m[Knote: [m[Ksuggested alternatives:
In file included from [01m[K/opt/ros/humble/include/tf2_geometry_msgs/tf2_geometry_msgs/tf2_geometry_msgs.hpp:54[m[K,
                 from [01m[K/home/bobo/ros2_ws/src/mr2_public/tug_turtlebot4/src/SimpleTurtleNode.cpp:9[m[K:
[01m[K/usr/include/kdl/frames.hpp:720:7:[m[K [01;36m[Knote: [m[K  â€˜[01m[KKDL::Twist[m[Kâ€™
  720 | class [01;36m[KTwist[m[K {
      |       [01;36m[K^~~~~[m[K
In file included from [01m[K/opt/ros/humble/include/geometry_msgs/geometry_msgs/msg/twist.hpp:7[m[K,
                 from [01m[K/home/bobo/ros2_ws/src/mr2_public/tug_turtlebot4/include/tug_turtlebot4/SimpleTurtleNode.hpp:16[m[K,
                 from [01m[K/home/bobo/ros2_ws/src/mr2_public/tug_turtlebot4/src/SimpleTurtleNode.cpp:1[m[K:
[01m[K/opt/ros/humble/include/geometry_msgs/geometry_msgs/msg/detail/twist__struct.hpp:134:7:[m[K [01;36m[Knote: [m[K  â€˜[01m[Kgeometry_msgs::msg::Twist[m[Kâ€™
  134 | using [01;36m[KTwist[m[K =
      |       [01;36m[K^~~~~[m[K
[01m[K/home/bobo/ros2_ws/src/mr2_public/tug_turtlebot4/src/SimpleTurtleNode.cpp:[m[K At global scope:
[01m[K/home/bobo/ros2_ws/src/mr2_public/tug_turtlebot4/src/SimpleTurtleNode.cpp:164:1:[m[K [01;31m[Kerror: [m[Kexpected declaration before â€˜[01m[K}[m[Kâ€™ token
  164 | [01;31m[K}[m[K /* namespace tug_turtlebot4 */
      | [01;31m[K^[m[K
gmake[2]: *** [CMakeFiles/simple_turtle.dir/build.make:90: CMakeFiles/simple_turtle.dir/src/SimpleTurtleNode.cpp.o] Error 1
gmake[1]: *** [CMakeFiles/Makefile2:167: CMakeFiles/simple_turtle.dir/all] Error 2
gmake: *** [Makefile:146: all] Error 2
