[35m[1mConsolidate compiler generated dependencies of target slam[0m
[ 18%] Built target static_transform_publisher
[ 36%] Built target tug_wheel_encoder-system
[ 63%] Built target simple_turtle
[ 72%] [32mBuilding CXX object CMakeFiles/slam.dir/src/SlamNode.cpp.o[0m
[01m[K/home/bobo/ros2_ws/src/mr2_public/tug_turtlebot4/src/SlamNode.cpp:[m[K In member function â€˜[01m[Kvoid tug_turtlebot4::SlamNode::laserScanCallback(const ConstSharedPtr&)[m[Kâ€™:
[01m[K/home/bobo/ros2_ws/src/mr2_public/tug_turtlebot4/src/SlamNode.cpp:215:43:[m[K [01;31m[Kerror: [m[Kâ€˜[01m[Ktransform_stamped[m[Kâ€™ was not declared in this scope
  215 |       tf2::doTransform(point, point_odom, [01;31m[Ktransform_stamped[m[K);
      |                                           [01;31m[K^~~~~~~~~~~~~~~~~[m[K
[01m[K/home/bobo/ros2_ws/src/mr2_public/tug_turtlebot4/src/SlamNode.cpp:229:10:[m[K [01;31m[Kerror: [m[Kâ€˜[01m[Klog_x[m[Kâ€™ was not declared in this scope
  229 |     if (([01;31m[Klog_x[m[K != x_map || log_y != y_map) && (y != 300)) {
      |          [01;31m[K^~~~~[m[K
[01m[K/home/bobo/ros2_ws/src/mr2_public/tug_turtlebot4/src/SlamNode.cpp:229:19:[m[K [01;31m[Kerror: [m[Kâ€˜[01m[Kx_map[m[Kâ€™ was not declared in this scope
  229 |     if ((log_x != [01;31m[Kx_map[m[K || log_y != y_map) && (y != 300)) {
      |                   [01;31m[K^~~~~[m[K
[01m[K/home/bobo/ros2_ws/src/mr2_public/tug_turtlebot4/src/SlamNode.cpp:229:28:[m[K [01;31m[Kerror: [m[Kâ€˜[01m[Klog_y[m[Kâ€™ was not declared in this scope
  229 |     if ((log_x != x_map || [01;31m[Klog_y[m[K != y_map) && (y != 300)) {
      |                            [01;31m[K^~~~~[m[K
[01m[K/home/bobo/ros2_ws/src/mr2_public/tug_turtlebot4/src/SlamNode.cpp:229:37:[m[K [01;31m[Kerror: [m[Kâ€˜[01m[Ky_map[m[Kâ€™ was not declared in this scope
  229 |     if ((log_x != x_map || log_y != [01;31m[Ky_map[m[K) && (y != 300)) {
      |                                     [01;31m[K^~~~~[m[K
[01m[K/home/bobo/ros2_ws/src/mr2_public/tug_turtlebot4/src/SlamNode.cpp:229:48:[m[K [01;31m[Kerror: [m[Kâ€˜[01m[Ky[m[Kâ€™ was not declared in this scope; did you mean â€˜[01m[Kyn[m[Kâ€™?
  229 |     if ((log_x != x_map || log_y != y_map) && ([01;31m[Ky[m[K != 300)) {
      |                                                [01;31m[K^[m[K
      |                                                [32m[Kyn[m[K
[01m[K/home/bobo/ros2_ws/src/mr2_public/tug_turtlebot4/src/SlamNode.cpp:185:9:[m[K [01;35m[Kwarning: [m[Kunused variable â€˜[01m[Ktheta[m[Kâ€™ [[01;35m[K]8;;https://gcc.gnu.org/onlinedocs/gcc/Warning-Options.html#index-Wunused-variable-Wunused-variable]8;;[m[K]
  185 |   float [01;35m[Ktheta[m[K = static_cast<float>(yaw);
      |         [01;35m[K^~~~~[m[K
gmake[2]: *** [CMakeFiles/slam.dir/build.make:90: CMakeFiles/slam.dir/src/SlamNode.cpp.o] Error 1
gmake[1]: *** [CMakeFiles/Makefile2:195: CMakeFiles/slam.dir/all] Error 2
gmake: *** [Makefile:146: all] Error 2
