[35m[1mConsolidate compiler generated dependencies of target nav[0m
[ 14%] Built target static_transform_publisher
[ 21%] [32mBuilding CXX object CMakeFiles/nav.dir/src/NavNode.cpp.o[0m
[ 42%] Built target simple_turtle
[ 57%] Built target tug_wheel_encoder-system
[ 85%] Built target slam
In file included from [01m[K/opt/ros/humble/include/rclcpp/rclcpp/logging.hpp:24[m[K,
                 from [01m[K/opt/ros/humble/include/rclcpp/rclcpp/client.hpp:40[m[K,
                 from [01m[K/opt/ros/humble/include/rclcpp/rclcpp/callback_group.hpp:24[m[K,
                 from [01m[K/opt/ros/humble/include/rclcpp/rclcpp/node.hpp:40[m[K,
                 from [01m[K/home/bobo/ros2_ws/src/mr2_public/tug_turtlebot4/include/tug_turtlebot4/NavNode.hpp:4[m[K,
                 from [01m[K/home/bobo/ros2_ws/src/mr2_public/tug_turtlebot4/src/NavNode.cpp:1[m[K:
[01m[K/home/bobo/ros2_ws/src/mr2_public/tug_turtlebot4/src/NavNode.cpp:[m[K In member function â€˜[01m[Kdouble tug_turtlebot4::NavNode::findBestSector(int, const std::vector<int>&)[m[Kâ€™:
[01m[K/home/bobo/ros2_ws/src/mr2_public/tug_turtlebot4/src/NavNode.cpp:109:47:[m[K [01;31m[Kerror: [m[Kâ€˜[01m[Ksector[m[Kâ€™ was not declared in this scope
  109 |       RCLCPP_INFO(get_logger(), "Case 1: %f", [01;31m[Ksector[m[K);
      |                                               [01;31m[K^~~~~~[m[K
[01m[K/home/bobo/ros2_ws/src/mr2_public/tug_turtlebot4/src/NavNode.cpp:110:14:[m[K [01;31m[Kerror: [m[Kâ€˜[01m[Ksector[m[Kâ€™ was not declared in this scope
  110 |       return [01;31m[Ksector[m[K;
      |              [01;31m[K^~~~~~[m[K
In file included from [01m[K/opt/ros/humble/include/rclcpp/rclcpp/logging.hpp:24[m[K,
                 from [01m[K/opt/ros/humble/include/rclcpp/rclcpp/client.hpp:40[m[K,
                 from [01m[K/opt/ros/humble/include/rclcpp/rclcpp/callback_group.hpp:24[m[K,
                 from [01m[K/opt/ros/humble/include/rclcpp/rclcpp/node.hpp:40[m[K,
                 from [01m[K/home/bobo/ros2_ws/src/mr2_public/tug_turtlebot4/include/tug_turtlebot4/NavNode.hpp:4[m[K,
                 from [01m[K/home/bobo/ros2_ws/src/mr2_public/tug_turtlebot4/src/NavNode.cpp:1[m[K:
[01m[K/home/bobo/ros2_ws/src/mr2_public/tug_turtlebot4/src/NavNode.cpp:121:47:[m[K [01;31m[Kerror: [m[Kâ€˜[01m[Ksector[m[Kâ€™ was not declared in this scope
  121 |       RCLCPP_INFO(get_logger(), "Case 2: %f", [01;31m[Ksector[m[K);
      |                                               [01;31m[K^~~~~~[m[K
[01m[K/home/bobo/ros2_ws/src/mr2_public/tug_turtlebot4/src/NavNode.cpp:134:47:[m[K [01;31m[Kerror: [m[Kâ€˜[01m[Ksector[m[Kâ€™ was not declared in this scope
  134 |       RCLCPP_INFO(get_logger(), "Case 3: %f", [01;31m[Ksector[m[K);
      |                                               [01;31m[K^~~~~~[m[K
gmake[2]: *** [CMakeFiles/nav.dir/build.make:90: CMakeFiles/nav.dir/src/NavNode.cpp.o] Error 1
gmake[1]: *** [CMakeFiles/Makefile2:171: CMakeFiles/nav.dir/all] Error 2
gmake: *** [Makefile:146: all] Error 2
