[01m[K/home/bobo/ros2_ws/src/mr2_public/tug_turtlebot4/src/SlamNode.cpp:[m[K In member function â€˜[01m[Kvoid tug_turtlebot4::SlamNode::laserScanCallback(const ConstSharedPtr&)[m[Kâ€™:
[01m[K/home/bobo/ros2_ws/src/mr2_public/tug_turtlebot4/src/SlamNode.cpp:177:44:[m[K [01;31m[Kerror: [m[Kâ€˜[01m[Kcell_x[m[Kâ€™ was not declared in this scope
  177 |     occupancy_grid_map_->worldToCell(x, y, [01;31m[Kcell_x[m[K, cell_y);
      |                                            [01;31m[K^~~~~~[m[K
[01m[K/home/bobo/ros2_ws/src/mr2_public/tug_turtlebot4/src/SlamNode.cpp:177:52:[m[K [01;31m[Kerror: [m[Kâ€˜[01m[Kcell_y[m[Kâ€™ was not declared in this scope
  177 |     occupancy_grid_map_->worldToCell(x, y, cell_x, [01;31m[Kcell_y[m[K);
      |                                                    [01;31m[K^~~~~~[m[K
gmake[2]: *** [CMakeFiles/slam.dir/build.make:90: CMakeFiles/slam.dir/src/SlamNode.cpp.o] Error 1
gmake[1]: *** [CMakeFiles/Makefile2:195: CMakeFiles/slam.dir/all] Error 2
gmake: *** [Makefile:146: all] Error 2
