[35m[1mConsolidate compiler generated dependencies of target simple_turtle[0m
[ 28%] Built target static_transform_publisher
[ 57%] Built target tug_wheel_encoder-system
[ 71%] [32mBuilding CXX object CMakeFiles/simple_turtle.dir/src/SimpleTurtleNode.cpp.o[0m
[01m[K/home/bobo/ros2_ws/src/mr2_public/tug_turtlebot4/src/SimpleTurtleNode.cpp:[m[K In member function â€˜[01m[Kvoid tug_turtlebot4::SimpleTurtleNode::poseCallback(const Pose&)[m[Kâ€™:
[01m[K/home/bobo/ros2_ws/src/mr2_public/tug_turtlebot4/src/SimpleTurtleNode.cpp:147:20:[m[K [01;31m[Kerror: [m[Kexpected initializer before â€˜[01m[K.[m[Kâ€™ token
  147 |   double pose_state[01;31m[K.[m[Ktime = this->now().seconds();
      |                    [01;31m[K^[m[K
[01m[K/home/bobo/ros2_ws/src/mr2_public/tug_turtlebot4/src/SimpleTurtleNode.cpp:154:18:[m[K [01;31m[Kerror: [m[Kâ€˜[01m[Kstruct tug_turtlebot4::pose[m[Kâ€™ has no member named â€˜[01m[Kcounter[m[Kâ€™
  154 |     ++pose_state.[01;31m[Kcounter[m[K;
      |                  [01;31m[K^~~~~~~[m[K
[01m[K/home/bobo/ros2_ws/src/mr2_public/tug_turtlebot4/src/SimpleTurtleNode.cpp:155:20:[m[K [01;31m[Kerror: [m[Kâ€˜[01m[Kstruct tug_turtlebot4::pose[m[Kâ€™ has no member named â€˜[01m[Kcounter[m[Kâ€™
  155 |     if (pose_state.[01;31m[Kcounter[m[K == 10) {
      |                    [01;31m[K^~~~~~~[m[K
[01m[K/home/bobo/ros2_ws/src/mr2_public/tug_turtlebot4/src/SimpleTurtleNode.cpp:165:18:[m[K [01;31m[Kerror: [m[Kâ€˜[01m[Kstruct tug_turtlebot4::pose[m[Kâ€™ has no member named â€˜[01m[Kcounter[m[Kâ€™
  165 |       pose_state.[01;31m[Kcounter[m[K = 0;
      |                  [01;31m[K^~~~~~~[m[K
gmake[2]: *** [CMakeFiles/simple_turtle.dir/build.make:90: CMakeFiles/simple_turtle.dir/src/SimpleTurtleNode.cpp.o] Error 1
gmake[1]: *** [CMakeFiles/Makefile2:167: CMakeFiles/simple_turtle.dir/all] Error 2
gmake: *** [Makefile:146: all] Error 2
