[01m[K/home/bobo/ros2_ws/src/mr2_public/tug_turtlebot4/src/SlamNode.cpp:[m[K In member function â€˜[01m[Kvoid tug_turtlebot4::SlamNode::laserScanCallback(const ConstSharedPtr&)[m[Kâ€™:
[01m[K/home/bobo/ros2_ws/src/mr2_public/tug_turtlebot4/src/SlamNode.cpp:117:23:[m[K [01;31m[Kerror: [m[Kexpected â€˜[01m[K)[m[Kâ€™ before â€˜[01m[K{[m[Kâ€™ token
  117 |     if [34m[K([m[Kisinf(prevLog)[01;31m[K [m[K[32m[K{[m[K
      |        [34m[K~[m[K              [01;31m[K^[m[K[32m[K~[m[K
      |                       [32m[K)[m[K
[01m[K/home/bobo/ros2_ws/src/mr2_public/tug_turtlebot4/src/SlamNode.cpp:120:60:[m[K [01;35m[Kwarning: [m[Ksuggest braces around empty body in an â€˜[01m[Kif[m[Kâ€™ statement [[01;35m[K]8;;https://gcc.gnu.org/onlinedocs/gcc/Warning-Options.html#index-Wempty-body-Wempty-body]8;;[m[K]
  120 |     double logOddsUpdate = probToLog(P_OCCUPIED) + prevLog)[01;35m[K;[m[K
      |                                                            [01;35m[K^[m[K
In file included from [01m[K/opt/ros/humble/include/rclcpp/rclcpp/logging.hpp:24[m[K,
                 from [01m[K/opt/ros/humble/include/rclcpp/rclcpp/client.hpp:40[m[K,
                 from [01m[K/opt/ros/humble/include/rclcpp/rclcpp/callback_group.hpp:24[m[K,
                 from [01m[K/opt/ros/humble/include/rclcpp/rclcpp/node.hpp:40[m[K,
                 from [01m[K/home/bobo/ros2_ws/src/mr2_public/tug_turtlebot4/include/tug_turtlebot4/SlamNode.hpp:6[m[K,
                 from [01m[K/home/bobo/ros2_ws/src/mr2_public/tug_turtlebot4/src/SlamNode.cpp:1[m[K:
[01m[K/home/bobo/ros2_ws/src/mr2_public/tug_turtlebot4/src/SlamNode.cpp:122:56:[m[K [01;31m[Kerror: [m[Kâ€˜[01m[KlogOddsUpdate[m[Kâ€™ was not declared in this scope
  122 |       RCLCPP_INFO(get_logger(), "log update black %f", [01;31m[KlogOddsUpdate[m[K);
      |                                                        [01;31m[K^~~~~~~~~~~~~[m[K
[01m[K/home/bobo/ros2_ws/src/mr2_public/tug_turtlebot4/src/SlamNode.cpp:125:57:[m[K [01;31m[Kerror: [m[Kâ€˜[01m[KlogOddsUpdate[m[Kâ€™ was not declared in this scope
  125 |         occupancy_grid_map_->updateCell(cell_x, cell_y, [01;31m[KlogOddsUpdate[m[K);
      |                                                         [01;31m[K^~~~~~~~~~~~~[m[K
[01m[K/home/bobo/ros2_ws/src/mr2_public/tug_turtlebot4/src/SlamNode.cpp:156:25:[m[K [01;31m[Kerror: [m[Kexpected â€˜[01m[K)[m[Kâ€™ before â€˜[01m[K{[m[Kâ€™ token
  156 |       if [34m[K([m[Kisinf(prevLog)[01;31m[K [m[K[32m[K{[m[K
      |          [34m[K~[m[K              [01;31m[K^[m[K[32m[K~[m[K
      |                         [32m[K)[m[K
[01m[K/home/bobo/ros2_ws/src/mr2_public/tug_turtlebot4/src/SlamNode.cpp:159:58:[m[K [01;35m[Kwarning: [m[Ksuggest braces around empty body in an â€˜[01m[Kif[m[Kâ€™ statement [[01;35m[K]8;;https://gcc.gnu.org/onlinedocs/gcc/Warning-Options.html#index-Wempty-body-Wempty-body]8;;[m[K]
  159 |       double logOddsUpdate = probToLog(P_FREE) + prevLog)[01;35m[K;[m[K
      |                                                          [01;35m[K^[m[K
gmake[2]: *** [CMakeFiles/slam.dir/build.make:90: CMakeFiles/slam.dir/src/SlamNode.cpp.o] Error 1
gmake[1]: *** [CMakeFiles/Makefile2:195: CMakeFiles/slam.dir/all] Error 2
gmake: *** [Makefile:146: all] Error 2
