[35m[1mConsolidate compiler generated dependencies of target nav[0m
[ 14%] Built target static_transform_publisher
[ 28%] Built target tug_wheel_encoder-system
[ 50%] Built target simple_turtle
[ 78%] Built target slam
[ 85%] [32mBuilding CXX object CMakeFiles/nav.dir/src/NavNode.cpp.o[0m
[01m[K/home/bobo/ros2_ws/src/mr2_public/tug_turtlebot4/src/NavNode.cpp:[m[K In member function â€˜[01m[Kvoid tug_turtlebot4::NavNode::laserScanCallback(const ConstSharedPtr&)[m[Kâ€™:
[01m[K/home/bobo/ros2_ws/src/mr2_public/tug_turtlebot4/src/NavNode.cpp:165:9:[m[K [01;31m[Kerror: [m[Kâ€˜[01m[Kdistance[m[Kâ€™ was not declared in this scope; did you mean â€˜[01m[Kstd::distance[m[Kâ€™?
  165 |     if ([01;31m[Kdistance[m[K >= scan->range_max || distance <= scan->range_min) {
      |         [01;31m[K^~~~~~~~[m[K
      |         [32m[Kstd::distance[m[K
In file included from [01m[K/usr/include/c++/11/bits/stl_algobase.h:66[m[K,
                 from [01m[K/usr/include/c++/11/bits/char_traits.h:39[m[K,
                 from [01m[K/usr/include/c++/11/string:40[m[K,
                 from [01m[K/usr/include/c++/11/stdexcept:39[m[K,
                 from [01m[K/usr/include/c++/11/system_error:41[m[K,
                 from [01m[K/usr/include/c++/11/bits/std_mutex.h:39[m[K,
                 from [01m[K/usr/include/c++/11/condition_variable:40[m[K,
                 from [01m[K/opt/ros/humble/include/rclcpp/rclcpp/node.hpp:19[m[K,
                 from [01m[K/home/bobo/ros2_ws/src/mr2_public/tug_turtlebot4/include/tug_turtlebot4/NavNode.hpp:4[m[K,
                 from [01m[K/home/bobo/ros2_ws/src/mr2_public/tug_turtlebot4/src/NavNode.cpp:1[m[K:
[01m[K/usr/include/c++/11/bits/stl_iterator_base_funcs.h:138:5:[m[K [01;36m[Knote: [m[Kâ€˜[01m[Kstd::distance[m[Kâ€™ declared here
  138 |     [01;36m[Kdistance[m[K(_InputIterator __first, _InputIterator __last)
      |     [01;36m[K^~~~~~~~[m[K
gmake[2]: *** [CMakeFiles/nav.dir/build.make:90: CMakeFiles/nav.dir/src/NavNode.cpp.o] Error 1
gmake[1]: *** [CMakeFiles/Makefile2:171: CMakeFiles/nav.dir/all] Error 2
gmake: *** [Makefile:146: all] Error 2
