[ 18%] Built target tug_wheel_encoder-system
[ 36%] Built target static_transform_publisher
[35m[1mConsolidate compiler generated dependencies of target slam[0m
[ 45%] [32mBuilding CXX object CMakeFiles/slam.dir/src/SlamNode.cpp.o[0m
[01m[K/home/bobo/ros2_ws/src/mr2_public/tug_turtlebot4/src/SlamNode.cpp:80:6:[m[K [01;31m[Kerror: [m[Kno declaration matches â€˜[01m[Kvoid tug_turtlebot4::SlamNode::drawLineV(double, double, double, double, std::vector<std::pair<double, double> >&)[m[Kâ€™
   80 | void [01;31m[KSlamNode[m[K::drawLineV(double x0, double y0, double x1, double y1,
      |      [01;31m[K^~~~~~~~[m[K
[01m[K/home/bobo/ros2_ws/src/mr2_public/tug_turtlebot4/src/SlamNode.cpp:80:6:[m[K [01;36m[Knote: [m[Kno functions named â€˜[01m[Kvoid tug_turtlebot4::SlamNode::drawLineV(double, double, double, double, std::vector<std::pair<double, double> >&)[m[Kâ€™
In file included from [01m[K/home/bobo/ros2_ws/src/mr2_public/tug_turtlebot4/src/SlamNode.cpp:1[m[K:
[01m[K/home/bobo/ros2_ws/src/mr2_public/tug_turtlebot4/include/tug_turtlebot4/SlamNode.hpp:21:7:[m[K [01;36m[Knote: [m[Kâ€˜[01m[Kclass tug_turtlebot4::SlamNode[m[Kâ€™ defined here
   21 | class [01;36m[KSlamNode[m[K : public rclcpp::Node
      |       [01;36m[K^~~~~~~~[m[K
[01m[K/home/bobo/ros2_ws/src/mr2_public/tug_turtlebot4/src/SlamNode.cpp:[m[K In function â€˜[01m[Kstd::vector<std::pair<double, double> > tug_turtlebot4::draw_line(double, double, double, double)[m[Kâ€™:
[01m[K/home/bobo/ros2_ws/src/mr2_public/tug_turtlebot4/src/SlamNode.cpp:137:5:[m[K [01;31m[Kerror: [m[Kâ€˜[01m[KdrawLineV[m[Kâ€™ was not declared in this scope; did you mean â€˜[01m[KdrawLineH[m[Kâ€™?
  137 |     [01;31m[KdrawLineV[m[K(x0, y0, x1, y1, points);
      |     [01;31m[K^~~~~~~~~[m[K
      |     [32m[KdrawLineH[m[K
gmake[2]: *** [CMakeFiles/slam.dir/build.make:90: CMakeFiles/slam.dir/src/SlamNode.cpp.o] Error 1
gmake[1]: *** [CMakeFiles/Makefile2:195: CMakeFiles/slam.dir/all] Error 2
gmake: *** [Makefile:146: all] Error 2
