[0.076s] Invoking command in '/home/bobo/ros2_ws/build/tug_turtlebot4': CMAKE_PREFIX_PATH=/home/bobo/ros2_ws/install/tug_msgs:/home/bobo/ros2_ws/install/tug_turtlebot4:/home/bobo/ros2_ws/install/tug_stage_ros2:/home/bobo/ros2_ws/install/tug_mr2:/home/bobo/ros2_ws/install/ros2cpp_tutorials_service:/home/bobo/ros2_ws/install/ros2cpp_tutorials_publisher_subscriber:/home/bobo/ros2_ws/install/ros2cpp_tutorials_parameter:/home/bobo/ros2_ws/install/ros2cpp_tutorials_action:/home/bobo/ros2_ws/install/Eigen3:/opt/ros/humble LD_LIBRARY_PATH=/home/bobo/ros2_ws/install/tug_msgs/lib:/home/bobo/stg/lib:/home/bobo/ros2_ws/install/ros2cpp_tutorials_service/lib:/home/bobo/ros2_ws/install/ros2cpp_tutorials_action/lib:/opt/ros/humble/opt/rviz_ogre_vendor/lib:/opt/ros/humble/lib/x86_64-linux-gnu:/opt/ros/humble/lib /usr/bin/cmake --build /home/bobo/ros2_ws/build/tug_turtlebot4 -- -j8 -l8
[0.379s] [ 18%] Built target tug_wheel_encoder-system
[0.500s] [ 36%] Built target static_transform_publisher
[0.560s] [35m[1mConsolidate compiler generated dependencies of target slam[0m
[0.673s] [ 45%] [32mBuilding CXX object CMakeFiles/slam.dir/src/SlamNode.cpp.o[0m
[17.076s] [01m[K/home/bobo/ros2_ws/src/mr2_public/tug_turtlebot4/src/SlamNode.cpp:80:6:[m[K [01;31m[Kerror: [m[Kno declaration matches â€˜[01m[Kvoid tug_turtlebot4::SlamNode::drawLineV(double, double, double, double, std::vector<std::pair<double, double> >&)[m[Kâ€™
[17.076s]    80 | void [01;31m[KSlamNode[m[K::drawLineV(double x0, double y0, double x1, double y1,
[17.077s]       |      [01;31m[K^~~~~~~~[m[K
[17.077s] [01m[K/home/bobo/ros2_ws/src/mr2_public/tug_turtlebot4/src/SlamNode.cpp:80:6:[m[K [01;36m[Knote: [m[Kno functions named â€˜[01m[Kvoid tug_turtlebot4::SlamNode::drawLineV(double, double, double, double, std::vector<std::pair<double, double> >&)[m[Kâ€™
[17.077s] In file included from [01m[K/home/bobo/ros2_ws/src/mr2_public/tug_turtlebot4/src/SlamNode.cpp:1[m[K:
[17.078s] [01m[K/home/bobo/ros2_ws/src/mr2_public/tug_turtlebot4/include/tug_turtlebot4/SlamNode.hpp:21:7:[m[K [01;36m[Knote: [m[Kâ€˜[01m[Kclass tug_turtlebot4::SlamNode[m[Kâ€™ defined here
[17.078s]    21 | class [01;36m[KSlamNode[m[K : public rclcpp::Node
[17.078s]       |       [01;36m[K^~~~~~~~[m[K
[17.091s] [01m[K/home/bobo/ros2_ws/src/mr2_public/tug_turtlebot4/src/SlamNode.cpp:[m[K In function â€˜[01m[Kstd::vector<std::pair<double, double> > tug_turtlebot4::draw_line(double, double, double, double)[m[Kâ€™:
[17.091s] [01m[K/home/bobo/ros2_ws/src/mr2_public/tug_turtlebot4/src/SlamNode.cpp:137:5:[m[K [01;31m[Kerror: [m[Kâ€˜[01m[KdrawLineV[m[Kâ€™ was not declared in this scope; did you mean â€˜[01m[KdrawLineH[m[Kâ€™?
[17.091s]   137 |     [01;31m[KdrawLineV[m[K(x0, y0, x1, y1, points);
[17.092s]       |     [01;31m[K^~~~~~~~~[m[K
[17.092s]       |     [32m[KdrawLineH[m[K
[33.298s] gmake[2]: *** [CMakeFiles/slam.dir/build.make:90: CMakeFiles/slam.dir/src/SlamNode.cpp.o] Error 1
[33.299s] gmake[1]: *** [CMakeFiles/Makefile2:195: CMakeFiles/slam.dir/all] Error 2
[33.300s] gmake: *** [Makefile:146: all] Error 2
[33.308s] Invoked command in '/home/bobo/ros2_ws/build/tug_turtlebot4' returned '2': CMAKE_PREFIX_PATH=/home/bobo/ros2_ws/install/tug_msgs:/home/bobo/ros2_ws/install/tug_turtlebot4:/home/bobo/ros2_ws/install/tug_stage_ros2:/home/bobo/ros2_ws/install/tug_mr2:/home/bobo/ros2_ws/install/ros2cpp_tutorials_service:/home/bobo/ros2_ws/install/ros2cpp_tutorials_publisher_subscriber:/home/bobo/ros2_ws/install/ros2cpp_tutorials_parameter:/home/bobo/ros2_ws/install/ros2cpp_tutorials_action:/home/bobo/ros2_ws/install/Eigen3:/opt/ros/humble LD_LIBRARY_PATH=/home/bobo/ros2_ws/install/tug_msgs/lib:/home/bobo/stg/lib:/home/bobo/ros2_ws/install/ros2cpp_tutorials_service/lib:/home/bobo/ros2_ws/install/ros2cpp_tutorials_action/lib:/opt/ros/humble/opt/rviz_ogre_vendor/lib:/opt/ros/humble/lib/x86_64-linux-gnu:/opt/ros/humble/lib /usr/bin/cmake --build /home/bobo/ros2_ws/build/tug_turtlebot4 -- -j8 -l8
