[0.037s] Invoking command in '/home/bobo/ros2_ws/build/tug_turtlebot4': CMAKE_PREFIX_PATH=/home/bobo/ros2_ws/install/tug_msgs:/home/bobo/ros2_ws/install/tug_turtlebot4:/home/bobo/ros2_ws/install/tug_stage_ros2:/home/bobo/ros2_ws/install/tug_mr2:/home/bobo/ros2_ws/install/ros2cpp_tutorials_service:/home/bobo/ros2_ws/install/ros2cpp_tutorials_publisher_subscriber:/home/bobo/ros2_ws/install/ros2cpp_tutorials_parameter:/home/bobo/ros2_ws/install/ros2cpp_tutorials_action:/home/bobo/ros2_ws/install/Eigen3:/opt/ros/humble LD_LIBRARY_PATH=/home/bobo/ros2_ws/install/tug_msgs/lib:/home/bobo/stg/lib:/home/bobo/ros2_ws/install/ros2cpp_tutorials_service/lib:/home/bobo/ros2_ws/install/ros2cpp_tutorials_action/lib:/opt/ros/humble/opt/rviz_ogre_vendor/lib:/opt/ros/humble/lib/x86_64-linux-gnu:/opt/ros/humble/lib /usr/bin/cmake --build /home/bobo/ros2_ws/build/tug_turtlebot4 -- -j8 -l8
[0.154s] [35m[1mConsolidate compiler generated dependencies of target slam[0m
[0.173s] [ 18%] Built target static_transform_publisher
[0.178s] [ 45%] Built target simple_turtle
[0.179s] [ 63%] Built target tug_wheel_encoder-system
[0.220s] [ 72%] [32mBuilding CXX object CMakeFiles/slam.dir/src/slam.cpp.o[0m
[0.221s] [ 81%] [32mBuilding CXX object CMakeFiles/slam.dir/src/SlamNode.cpp.o[0m
[6.295s] [01m[K/home/bobo/ros2_ws/src/mr2_public/tug_turtlebot4/src/SlamNode.cpp:336:8:[m[K [01;31m[Kerror: [m[Kredefinition of â€˜[01m[Kdouble tug_turtlebot4::SlamNode::calculateLogLikelihood(uint32_t, uint32_t, double)[m[Kâ€™
[6.295s]   336 | double [01;31m[KSlamNode[m[K::calculateLogLikelihood(uint32_t cell_x, uint32_t cell_y, double log_odds) {
[6.295s]       |        [01;31m[K^~~~~~~~[m[K
[6.295s] [01m[K/home/bobo/ros2_ws/src/mr2_public/tug_turtlebot4/src/SlamNode.cpp:144:8:[m[K [01;36m[Knote: [m[Kâ€˜[01m[Kdouble tug_turtlebot4::SlamNode::calculateLogLikelihood(uint32_t, uint32_t, double)[m[Kâ€™ previously defined here
[6.295s]   144 | double [01;36m[KSlamNode[m[K::calculateLogLikelihood(uint32_t cell_x, uint32_t cell_y, double log_odds) {
[6.296s]       |        [01;36m[K^~~~~~~~[m[K
[13.056s] gmake[2]: *** [CMakeFiles/slam.dir/build.make:90: CMakeFiles/slam.dir/src/SlamNode.cpp.o] Error 1
[13.056s] gmake[1]: *** [CMakeFiles/Makefile2:195: CMakeFiles/slam.dir/all] Error 2
[13.056s] gmake: *** [Makefile:146: all] Error 2
[13.060s] Invoked command in '/home/bobo/ros2_ws/build/tug_turtlebot4' returned '2': CMAKE_PREFIX_PATH=/home/bobo/ros2_ws/install/tug_msgs:/home/bobo/ros2_ws/install/tug_turtlebot4:/home/bobo/ros2_ws/install/tug_stage_ros2:/home/bobo/ros2_ws/install/tug_mr2:/home/bobo/ros2_ws/install/ros2cpp_tutorials_service:/home/bobo/ros2_ws/install/ros2cpp_tutorials_publisher_subscriber:/home/bobo/ros2_ws/install/ros2cpp_tutorials_parameter:/home/bobo/ros2_ws/install/ros2cpp_tutorials_action:/home/bobo/ros2_ws/install/Eigen3:/opt/ros/humble LD_LIBRARY_PATH=/home/bobo/ros2_ws/install/tug_msgs/lib:/home/bobo/stg/lib:/home/bobo/ros2_ws/install/ros2cpp_tutorials_service/lib:/home/bobo/ros2_ws/install/ros2cpp_tutorials_action/lib:/opt/ros/humble/opt/rviz_ogre_vendor/lib:/opt/ros/humble/lib/x86_64-linux-gnu:/opt/ros/humble/lib /usr/bin/cmake --build /home/bobo/ros2_ws/build/tug_turtlebot4 -- -j8 -l8
