[0.031s] Invoking command in '/home/bobo/ros2_ws/build/tug_turtlebot4': CMAKE_PREFIX_PATH=/home/bobo/ros2_ws/install/tug_msgs:/home/bobo/ros2_ws/install/tug_turtlebot4:/home/bobo/ros2_ws/install/tug_stage_ros2:/home/bobo/ros2_ws/install/tug_mr2:/home/bobo/ros2_ws/install/ros2cpp_tutorials_service:/home/bobo/ros2_ws/install/ros2cpp_tutorials_publisher_subscriber:/home/bobo/ros2_ws/install/ros2cpp_tutorials_parameter:/home/bobo/ros2_ws/install/ros2cpp_tutorials_action:/home/bobo/ros2_ws/install/Eigen3:/opt/ros/humble LD_LIBRARY_PATH=/home/bobo/ros2_ws/install/tug_msgs/lib:/home/bobo/stg/lib:/home/bobo/ros2_ws/install/ros2cpp_tutorials_service/lib:/home/bobo/ros2_ws/install/ros2cpp_tutorials_action/lib:/opt/ros/humble/opt/rviz_ogre_vendor/lib:/opt/ros/humble/lib/x86_64-linux-gnu:/opt/ros/humble/lib /usr/bin/cmake --build /home/bobo/ros2_ws/build/tug_turtlebot4 -- -j8 -l8
[0.128s] [35m[1mConsolidate compiler generated dependencies of target slam[0m
[0.156s] [ 27%] Built target simple_turtle
[0.158s] [ 45%] Built target static_transform_publisher
[0.169s] [ 63%] Built target tug_wheel_encoder-system
[0.187s] [ 72%] [32mBuilding CXX object CMakeFiles/slam.dir/src/SlamNode.cpp.o[0m
[4.907s] [01m[K/home/bobo/ros2_ws/src/mr2_public/tug_turtlebot4/src/SlamNode.cpp:123:6:[m[K [01;31m[Kerror: [m[Kno declaration matches â€˜[01m[Kvoid tug_turtlebot4::SlamNode::hillClimbOptimization(const std::set<std::pair<unsigned int, unsigned int> >&)[m[Kâ€™
[4.907s]   123 | void [01;31m[KSlamNode[m[K::hillClimbOptimization(const std::set<std::pair<uint32_t, uint32_t>>& scanned_cells) {
[4.907s]       |      [01;31m[K^~~~~~~~[m[K
[4.907s] [01m[K/home/bobo/ros2_ws/src/mr2_public/tug_turtlebot4/src/SlamNode.cpp:123:6:[m[K [01;36m[Knote: [m[Kno functions named â€˜[01m[Kvoid tug_turtlebot4::SlamNode::hillClimbOptimization(const std::set<std::pair<unsigned int, unsigned int> >&)[m[Kâ€™
[4.907s] In file included from [01m[K/home/bobo/ros2_ws/src/mr2_public/tug_turtlebot4/src/SlamNode.cpp:1[m[K:
[4.907s] [01m[K/home/bobo/ros2_ws/src/mr2_public/tug_turtlebot4/include/tug_turtlebot4/SlamNode.hpp:35:7:[m[K [01;36m[Knote: [m[Kâ€˜[01m[Kclass tug_turtlebot4::SlamNode[m[Kâ€™ defined here
[4.907s]    35 | class [01;36m[KSlamNode[m[K : public rclcpp::Node
[4.908s]       |       [01;36m[K^~~~~~~~[m[K
[4.957s] [01m[K/home/bobo/ros2_ws/src/mr2_public/tug_turtlebot4/src/SlamNode.cpp:[m[K In member function â€˜[01m[Kvoid tug_turtlebot4::SlamNode::laserScanCallback(const ConstSharedPtr&)[m[Kâ€™:
[4.957s] [01m[K/home/bobo/ros2_ws/src/mr2_public/tug_turtlebot4/src/SlamNode.cpp:301:5:[m[K [01;31m[Kerror: [m[Kâ€˜[01m[KhillClimbOptimization[m[Kâ€™ was not declared in this scope
[4.957s]   301 |     [01;31m[KhillClimbOptimization[m[K(scanned_cells);
[4.957s]       |     [01;31m[K^~~~~~~~~~~~~~~~~~~~~[m[K
[4.960s] [01m[K/home/bobo/ros2_ws/src/mr2_public/tug_turtlebot4/src/SlamNode.cpp:[m[K At global scope:
[4.960s] [01m[K/home/bobo/ros2_ws/src/mr2_public/tug_turtlebot4/src/SlamNode.cpp:336:8:[m[K [01;31m[Kerror: [m[Kredefinition of â€˜[01m[Kdouble tug_turtlebot4::SlamNode::calculateLogLikelihood(uint32_t, uint32_t, double)[m[Kâ€™
[4.960s]   336 | double [01;31m[KSlamNode[m[K::calculateLogLikelihood(uint32_t cell_x, uint32_t cell_y, double log_odds) {
[4.960s]       |        [01;31m[K^~~~~~~~[m[K
[4.960s] [01m[K/home/bobo/ros2_ws/src/mr2_public/tug_turtlebot4/src/SlamNode.cpp:144:8:[m[K [01;36m[Knote: [m[Kâ€˜[01m[Kdouble tug_turtlebot4::SlamNode::calculateLogLikelihood(uint32_t, uint32_t, double)[m[Kâ€™ previously defined here
[4.960s]   144 | double [01;36m[KSlamNode[m[K::calculateLogLikelihood(uint32_t cell_x, uint32_t cell_y, double log_odds) {
[4.960s]       |        [01;36m[K^~~~~~~~[m[K
[10.433s] gmake[2]: *** [CMakeFiles/slam.dir/build.make:90: CMakeFiles/slam.dir/src/SlamNode.cpp.o] Error 1
[10.433s] gmake[1]: *** [CMakeFiles/Makefile2:195: CMakeFiles/slam.dir/all] Error 2
[10.434s] gmake: *** [Makefile:146: all] Error 2
[10.437s] Invoked command in '/home/bobo/ros2_ws/build/tug_turtlebot4' returned '2': CMAKE_PREFIX_PATH=/home/bobo/ros2_ws/install/tug_msgs:/home/bobo/ros2_ws/install/tug_turtlebot4:/home/bobo/ros2_ws/install/tug_stage_ros2:/home/bobo/ros2_ws/install/tug_mr2:/home/bobo/ros2_ws/install/ros2cpp_tutorials_service:/home/bobo/ros2_ws/install/ros2cpp_tutorials_publisher_subscriber:/home/bobo/ros2_ws/install/ros2cpp_tutorials_parameter:/home/bobo/ros2_ws/install/ros2cpp_tutorials_action:/home/bobo/ros2_ws/install/Eigen3:/opt/ros/humble LD_LIBRARY_PATH=/home/bobo/ros2_ws/install/tug_msgs/lib:/home/bobo/stg/lib:/home/bobo/ros2_ws/install/ros2cpp_tutorials_service/lib:/home/bobo/ros2_ws/install/ros2cpp_tutorials_action/lib:/opt/ros/humble/opt/rviz_ogre_vendor/lib:/opt/ros/humble/lib/x86_64-linux-gnu:/opt/ros/humble/lib /usr/bin/cmake --build /home/bobo/ros2_ws/build/tug_turtlebot4 -- -j8 -l8
