[0.041s] Invoking command in '/home/bobo/ros2_ws/build/tug_stage_ros2': CMAKE_PREFIX_PATH=/home/bobo/ros2_ws/install/tug_msgs:/home/bobo/ros2_ws/install/tug_stage_ros2:/home/bobo/ros2_ws/install/tug_mr2:/home/bobo/ros2_ws/install/ros2cpp_tutorials_service:/home/bobo/ros2_ws/install/ros2cpp_tutorials_publisher_subscriber:/home/bobo/ros2_ws/install/ros2cpp_tutorials_parameter:/home/bobo/ros2_ws/install/ros2cpp_tutorials_action:/opt/ros/humble LD_LIBRARY_PATH=/home/bobo/ros2_ws/install/tug_msgs/lib:/home/bobo/stg/lib:/home/bobo/ros2_ws/install/ros2cpp_tutorials_service/lib:/home/bobo/ros2_ws/install/ros2cpp_tutorials_action/lib:/opt/ros/humble/opt/rviz_ogre_vendor/lib:/opt/ros/humble/lib/x86_64-linux-gnu:/opt/ros/humble/lib /usr/bin/cmake /home/bobo/ros2_ws/src/mr2_public/tug_stage_ros2 -DCMAKE_INSTALL_PREFIX=/home/bobo/ros2_ws/install/tug_stage_ros2
[0.276s] -- The C compiler identification is GNU 11.4.0
[0.553s] -- The CXX compiler identification is GNU 11.4.0
[0.581s] -- Detecting C compiler ABI info
[0.908s] -- Detecting C compiler ABI info - done
[0.958s] -- Check for working C compiler: /usr/bin/cc - skipped
[0.958s] -- Detecting C compile features
[0.958s] -- Detecting C compile features - done
[0.973s] -- Detecting CXX compiler ABI info
[1.307s] -- Detecting CXX compiler ABI info - done
[1.349s] -- Check for working CXX compiler: /usr/bin/c++ - skipped
[1.349s] -- Detecting CXX compile features
[1.353s] -- Detecting CXX compile features - done
[1.367s] -- Found ament_cmake: 1.3.10 (/opt/ros/humble/share/ament_cmake/cmake)
[2.043s] -- Found Python3: /usr/bin/python3 (found version "3.10.12") found components: Interpreter 
[2.279s] -- Found rclcpp: 16.0.10 (/opt/ros/humble/share/rclcpp/cmake)
[2.494s] -- Found rosidl_generator_c: 3.1.5 (/opt/ros/humble/share/rosidl_generator_c/cmake)
[2.516s] -- Found rosidl_adapter: 3.1.5 (/opt/ros/humble/share/rosidl_adapter/cmake)
[2.569s] -- Found rosidl_generator_cpp: 3.1.5 (/opt/ros/humble/share/rosidl_generator_cpp/cmake)
[2.634s] -- Using all available rosidl_typesupport_c: rosidl_typesupport_fastrtps_c;rosidl_typesupport_introspection_c
[2.729s] -- Using all available rosidl_typesupport_cpp: rosidl_typesupport_fastrtps_cpp;rosidl_typesupport_introspection_cpp
[2.958s] -- Found rmw_implementation_cmake: 6.1.2 (/opt/ros/humble/share/rmw_implementation_cmake/cmake)
[2.973s] -- Found rmw_fastrtps_cpp: 6.2.7 (/opt/ros/humble/share/rmw_fastrtps_cpp/cmake)
[3.341s] -- Found OpenSSL: /usr/lib/x86_64-linux-gnu/libcrypto.so (found version "3.0.2")  
[3.424s] -- Found FastRTPS: /opt/ros/humble/include  
[3.620s] -- Using RMW implementation 'rmw_fastrtps_cpp' as default
[3.652s] -- Looking for pthread.h
[3.960s] -- Looking for pthread.h - found
[3.962s] -- Performing Test CMAKE_HAVE_LIBC_PTHREAD
[4.315s] -- Performing Test CMAKE_HAVE_LIBC_PTHREAD - Success
[4.318s] -- Found Threads: TRUE  
[4.485s] -- Found tf2: 0.25.8 (/opt/ros/humble/share/tf2/cmake)
[4.687s] -- Found tf2_ros: 0.25.8 (/opt/ros/humble/share/tf2_ros/cmake)
[5.375s] -- Found nav_msgs: 4.2.4 (/opt/ros/humble/share/nav_msgs/cmake)
[5.484s] -- Found sensor_msgs: 4.2.4 (/opt/ros/humble/share/sensor_msgs/cmake)
[5.618s] -- Found tf2_geometry_msgs: 0.25.8 (/opt/ros/humble/share/tf2_geometry_msgs/cmake)
[5.708s] -- Found eigen3_cmake_module: 0.1.1 (/opt/ros/humble/share/eigen3_cmake_module/cmake)
[5.714s] -- Found Eigen3: TRUE (found version "3.4.0") 
[5.714s] -- Ensuring Eigen3 include directory is part of orocos-kdl CMake target
[5.723s] -- Found tug_msgs: 0.0.0 (/home/bobo/ros2_ws/install/tug_msgs/share/tug_msgs/cmake)
[5.766s] -- Found ament_lint_auto: 0.12.11 (/opt/ros/humble/share/ament_lint_auto/cmake)
[6.201s] -- Added test 'cppcheck' to perform static code analysis on C / C++ code
[6.201s] -- Configured cppcheck include dirs: /home/bobo/ros2_ws/src/mr2_public/tug_stage_ros2/include/
[6.201s] -- Configured cppcheck exclude dirs and/or files: 
[6.214s] -- Added test 'lint_cmake' to check CMake code style
[6.252s] -- Added test 'uncrustify' to check C / C++ code style
[6.258s] -- Configured uncrustify additional arguments: 
[6.259s] -- Added test 'xmllint' to check XML markup files
[6.275s] -- Configuring done
[6.340s] -- Generating done
[6.371s] -- Build files have been written to: /home/bobo/ros2_ws/build/tug_stage_ros2
[6.443s] Invoked command in '/home/bobo/ros2_ws/build/tug_stage_ros2' returned '0': CMAKE_PREFIX_PATH=/home/bobo/ros2_ws/install/tug_msgs:/home/bobo/ros2_ws/install/tug_stage_ros2:/home/bobo/ros2_ws/install/tug_mr2:/home/bobo/ros2_ws/install/ros2cpp_tutorials_service:/home/bobo/ros2_ws/install/ros2cpp_tutorials_publisher_subscriber:/home/bobo/ros2_ws/install/ros2cpp_tutorials_parameter:/home/bobo/ros2_ws/install/ros2cpp_tutorials_action:/opt/ros/humble LD_LIBRARY_PATH=/home/bobo/ros2_ws/install/tug_msgs/lib:/home/bobo/stg/lib:/home/bobo/ros2_ws/install/ros2cpp_tutorials_service/lib:/home/bobo/ros2_ws/install/ros2cpp_tutorials_action/lib:/opt/ros/humble/opt/rviz_ogre_vendor/lib:/opt/ros/humble/lib/x86_64-linux-gnu:/opt/ros/humble/lib /usr/bin/cmake /home/bobo/ros2_ws/src/mr2_public/tug_stage_ros2 -DCMAKE_INSTALL_PREFIX=/home/bobo/ros2_ws/install/tug_stage_ros2
[6.445s] Invoking command in '/home/bobo/ros2_ws/build/tug_stage_ros2': CMAKE_PREFIX_PATH=/home/bobo/ros2_ws/install/tug_msgs:/home/bobo/ros2_ws/install/tug_stage_ros2:/home/bobo/ros2_ws/install/tug_mr2:/home/bobo/ros2_ws/install/ros2cpp_tutorials_service:/home/bobo/ros2_ws/install/ros2cpp_tutorials_publisher_subscriber:/home/bobo/ros2_ws/install/ros2cpp_tutorials_parameter:/home/bobo/ros2_ws/install/ros2cpp_tutorials_action:/opt/ros/humble LD_LIBRARY_PATH=/home/bobo/ros2_ws/install/tug_msgs/lib:/home/bobo/stg/lib:/home/bobo/ros2_ws/install/ros2cpp_tutorials_service/lib:/home/bobo/ros2_ws/install/ros2cpp_tutorials_action/lib:/opt/ros/humble/opt/rviz_ogre_vendor/lib:/opt/ros/humble/lib/x86_64-linux-gnu:/opt/ros/humble/lib /usr/bin/cmake --build /home/bobo/ros2_ws/build/tug_stage_ros2 -- -j8 -l8
[6.699s] [ 33%] [32mBuilding CXX object CMakeFiles/tug_stage_ros2.dir/src/StageNode.cpp.o[0m
[6.705s] [ 66%] [32mBuilding CXX object CMakeFiles/tug_stage_ros2.dir/src/tug_stage_ros2.cpp.o[0m
[7.705s] In file included from [01m[K/home/bobo/ros2_ws/src/mr2_public/tug_stage_ros2/src/tug_stage_ros2.cpp:6[m[K:
[7.705s] [01m[K/home/bobo/ros2_ws/src/mr2_public/tug_stage_ros2/include/tug_stage_ros2/StageNode.hpp:14:10:[m[K [01;31m[Kfatal error: [m[Knav_msgs/odometry.hpp: No such file or directory
[7.705s]    14 | #include [01;31m[K"nav_msgs/odometry.hpp"[m[K
[7.705s]       |          [01;31m[K^~~~~~~~~~~~~~~~~~~~~~~[m[K
[7.706s] compilation terminated.
[7.711s] gmake[2]: *** [CMakeFiles/tug_stage_ros2.dir/build.make:76: CMakeFiles/tug_stage_ros2.dir/src/tug_stage_ros2.cpp.o] Error 1
[7.711s] gmake[2]: *** Waiting for unfinished jobs....
[7.725s] In file included from [01m[K/home/bobo/ros2_ws/src/mr2_public/tug_stage_ros2/src/StageNode.cpp:1[m[K:
[7.727s] [01m[K/home/bobo/ros2_ws/src/mr2_public/tug_stage_ros2/include/tug_stage_ros2/StageNode.hpp:14:10:[m[K [01;31m[Kfatal error: [m[Knav_msgs/odometry.hpp: No such file or directory
[7.728s]    14 | #include [01;31m[K"nav_msgs/odometry.hpp"[m[K
[7.728s]       |          [01;31m[K^~~~~~~~~~~~~~~~~~~~~~~[m[K
[7.728s] compilation terminated.
[7.732s] gmake[2]: *** [CMakeFiles/tug_stage_ros2.dir/build.make:90: CMakeFiles/tug_stage_ros2.dir/src/StageNode.cpp.o] Error 1
[7.732s] gmake[1]: *** [CMakeFiles/Makefile2:137: CMakeFiles/tug_stage_ros2.dir/all] Error 2
[7.733s] gmake: *** [Makefile:146: all] Error 2
[7.739s] Invoked command in '/home/bobo/ros2_ws/build/tug_stage_ros2' returned '2': CMAKE_PREFIX_PATH=/home/bobo/ros2_ws/install/tug_msgs:/home/bobo/ros2_ws/install/tug_stage_ros2:/home/bobo/ros2_ws/install/tug_mr2:/home/bobo/ros2_ws/install/ros2cpp_tutorials_service:/home/bobo/ros2_ws/install/ros2cpp_tutorials_publisher_subscriber:/home/bobo/ros2_ws/install/ros2cpp_tutorials_parameter:/home/bobo/ros2_ws/install/ros2cpp_tutorials_action:/opt/ros/humble LD_LIBRARY_PATH=/home/bobo/ros2_ws/install/tug_msgs/lib:/home/bobo/stg/lib:/home/bobo/ros2_ws/install/ros2cpp_tutorials_service/lib:/home/bobo/ros2_ws/install/ros2cpp_tutorials_action/lib:/opt/ros/humble/opt/rviz_ogre_vendor/lib:/opt/ros/humble/lib/x86_64-linux-gnu:/opt/ros/humble/lib /usr/bin/cmake --build /home/bobo/ros2_ws/build/tug_stage_ros2 -- -j8 -l8
