In file included from [01m[K/home/bobo/ros2_ws/src/mr2_public/tug_turtlebot4/src/slam.cpp:5[m[K:
[01m[K/home/bobo/ros2_ws/src/mr2_public/tug_turtlebot4/include/tug_turtlebot4/SlamNode.hpp:81:92:[m[K [01;31m[Kerror: [m[Kexpected â€˜[01m[K;[m[Kâ€™ at end of member declaration
   81 |     void hillClimbOptimization(const std::set<std::pair<uint32_t, uint32_t>>& scanned_cells[01;31m[K)[m[K
      |                                                                                            [01;31m[K^[m[K
      |                                                                                             [32m[K;[m[K
In file included from [01m[K/home/bobo/ros2_ws/src/mr2_public/tug_turtlebot4/src/SlamNode.cpp:1[m[K:
[01m[K/home/bobo/ros2_ws/src/mr2_public/tug_turtlebot4/include/tug_turtlebot4/SlamNode.hpp:81:92:[m[K [01;31m[Kerror: [m[Kexpected â€˜[01m[K;[m[Kâ€™ at end of member declaration
   81 |     void hillClimbOptimization(const std::set<std::pair<uint32_t, uint32_t>>& scanned_cells[01;31m[K)[m[K
      |                                                                                            [01;31m[K^[m[K
      |                                                                                             [32m[K;[m[K
[01m[K/home/bobo/ros2_ws/src/mr2_public/tug_turtlebot4/src/SlamNode.cpp:336:8:[m[K [01;31m[Kerror: [m[Kredefinition of â€˜[01m[Kdouble tug_turtlebot4::SlamNode::calculateLogLikelihood(uint32_t, uint32_t, double)[m[Kâ€™
  336 | double [01;31m[KSlamNode[m[K::calculateLogLikelihood(uint32_t cell_x, uint32_t cell_y, double log_odds) {
      |        [01;31m[K^~~~~~~~[m[K
[01m[K/home/bobo/ros2_ws/src/mr2_public/tug_turtlebot4/src/SlamNode.cpp:144:8:[m[K [01;36m[Knote: [m[Kâ€˜[01m[Kdouble tug_turtlebot4::SlamNode::calculateLogLikelihood(uint32_t, uint32_t, double)[m[Kâ€™ previously defined here
  144 | double [01;36m[KSlamNode[m[K::calculateLogLikelihood(uint32_t cell_x, uint32_t cell_y, double log_odds) {
      |        [01;36m[K^~~~~~~~[m[K
gmake[2]: *** [CMakeFiles/slam.dir/build.make:76: CMakeFiles/slam.dir/src/slam.cpp.o] Error 1
gmake[2]: *** Waiting for unfinished jobs....
gmake[2]: *** [CMakeFiles/slam.dir/build.make:90: CMakeFiles/slam.dir/src/SlamNode.cpp.o] Error 1
gmake[1]: *** [CMakeFiles/Makefile2:195: CMakeFiles/slam.dir/all] Error 2
gmake: *** [Makefile:146: all] Error 2
