[0.029s] Invoking command in '/home/bobo/ros2_ws/build/tug_turtlebot4': CMAKE_PREFIX_PATH=/home/bobo/ros2_ws/install/tug_msgs:/home/bobo/ros2_ws/install/tug_turtlebot4:/home/bobo/ros2_ws/install/tug_stage_ros2:/home/bobo/ros2_ws/install/tug_mr2:/home/bobo/ros2_ws/install/ros2cpp_tutorials_service:/home/bobo/ros2_ws/install/ros2cpp_tutorials_publisher_subscriber:/home/bobo/ros2_ws/install/ros2cpp_tutorials_parameter:/home/bobo/ros2_ws/install/ros2cpp_tutorials_action:/home/bobo/ros2_ws/install/Eigen3:/opt/ros/humble LD_LIBRARY_PATH=/home/bobo/ros2_ws/install/tug_msgs/lib:/home/bobo/stg/lib:/home/bobo/ros2_ws/install/ros2cpp_tutorials_service/lib:/home/bobo/ros2_ws/install/ros2cpp_tutorials_action/lib:/opt/ros/humble/opt/rviz_ogre_vendor/lib:/opt/ros/humble/lib/x86_64-linux-gnu:/opt/ros/humble/lib /usr/bin/cmake --build /home/bobo/ros2_ws/build/tug_turtlebot4 -- -j8 -l8
[0.131s] [35m[1mConsolidate compiler generated dependencies of target slam[0m
[0.158s] [ 18%] Built target static_transform_publisher
[0.160s] [ 45%] Built target simple_turtle
[0.169s] [ 63%] Built target tug_wheel_encoder-system
[0.197s] [ 72%] [32mBuilding CXX object CMakeFiles/slam.dir/src/slam.cpp.o[0m
[0.200s] [ 81%] [32mBuilding CXX object CMakeFiles/slam.dir/src/SlamNode.cpp.o[0m
[5.933s] In file included from [01m[K/home/bobo/ros2_ws/src/mr2_public/tug_turtlebot4/src/slam.cpp:5[m[K:
[5.933s] [01m[K/home/bobo/ros2_ws/src/mr2_public/tug_turtlebot4/include/tug_turtlebot4/SlamNode.hpp:81:92:[m[K [01;31m[Kerror: [m[Kexpected â€˜[01m[K;[m[Kâ€™ at end of member declaration
[5.933s]    81 |     void hillClimbOptimization(const std::set<std::pair<uint32_t, uint32_t>>& scanned_cells[01;31m[K)[m[K
[5.933s]       |                                                                                            [01;31m[K^[m[K
[5.933s]       |                                                                                             [32m[K;[m[K
[6.108s] In file included from [01m[K/home/bobo/ros2_ws/src/mr2_public/tug_turtlebot4/src/SlamNode.cpp:1[m[K:
[6.108s] [01m[K/home/bobo/ros2_ws/src/mr2_public/tug_turtlebot4/include/tug_turtlebot4/SlamNode.hpp:81:92:[m[K [01;31m[Kerror: [m[Kexpected â€˜[01m[K;[m[Kâ€™ at end of member declaration
[6.108s]    81 |     void hillClimbOptimization(const std::set<std::pair<uint32_t, uint32_t>>& scanned_cells[01;31m[K)[m[K
[6.108s]       |                                                                                            [01;31m[K^[m[K
[6.108s]       |                                                                                             [32m[K;[m[K
[6.218s] [01m[K/home/bobo/ros2_ws/src/mr2_public/tug_turtlebot4/src/SlamNode.cpp:336:8:[m[K [01;31m[Kerror: [m[Kredefinition of â€˜[01m[Kdouble tug_turtlebot4::SlamNode::calculateLogLikelihood(uint32_t, uint32_t, double)[m[Kâ€™
[6.218s]   336 | double [01;31m[KSlamNode[m[K::calculateLogLikelihood(uint32_t cell_x, uint32_t cell_y, double log_odds) {
[6.218s]       |        [01;31m[K^~~~~~~~[m[K
[6.218s] [01m[K/home/bobo/ros2_ws/src/mr2_public/tug_turtlebot4/src/SlamNode.cpp:144:8:[m[K [01;36m[Knote: [m[Kâ€˜[01m[Kdouble tug_turtlebot4::SlamNode::calculateLogLikelihood(uint32_t, uint32_t, double)[m[Kâ€™ previously defined here
[6.219s]   144 | double [01;36m[KSlamNode[m[K::calculateLogLikelihood(uint32_t cell_x, uint32_t cell_y, double log_odds) {
[6.219s]       |        [01;36m[K^~~~~~~~[m[K
[6.711s] gmake[2]: *** [CMakeFiles/slam.dir/build.make:76: CMakeFiles/slam.dir/src/slam.cpp.o] Error 1
[6.711s] gmake[2]: *** Waiting for unfinished jobs....
[11.738s] gmake[2]: *** [CMakeFiles/slam.dir/build.make:90: CMakeFiles/slam.dir/src/SlamNode.cpp.o] Error 1
[11.738s] gmake[1]: *** [CMakeFiles/Makefile2:195: CMakeFiles/slam.dir/all] Error 2
[11.739s] gmake: *** [Makefile:146: all] Error 2
[11.743s] Invoked command in '/home/bobo/ros2_ws/build/tug_turtlebot4' returned '2': CMAKE_PREFIX_PATH=/home/bobo/ros2_ws/install/tug_msgs:/home/bobo/ros2_ws/install/tug_turtlebot4:/home/bobo/ros2_ws/install/tug_stage_ros2:/home/bobo/ros2_ws/install/tug_mr2:/home/bobo/ros2_ws/install/ros2cpp_tutorials_service:/home/bobo/ros2_ws/install/ros2cpp_tutorials_publisher_subscriber:/home/bobo/ros2_ws/install/ros2cpp_tutorials_parameter:/home/bobo/ros2_ws/install/ros2cpp_tutorials_action:/home/bobo/ros2_ws/install/Eigen3:/opt/ros/humble LD_LIBRARY_PATH=/home/bobo/ros2_ws/install/tug_msgs/lib:/home/bobo/stg/lib:/home/bobo/ros2_ws/install/ros2cpp_tutorials_service/lib:/home/bobo/ros2_ws/install/ros2cpp_tutorials_action/lib:/opt/ros/humble/opt/rviz_ogre_vendor/lib:/opt/ros/humble/lib/x86_64-linux-gnu:/opt/ros/humble/lib /usr/bin/cmake --build /home/bobo/ros2_ws/build/tug_turtlebot4 -- -j8 -l8
