[01m[K/home/bobo/ros2_ws/src/mr2_public/tug_turtlebot4/src/SlamNode.cpp:[m[K In member function â€˜[01m[Kvoid tug_turtlebot4::SlamNode::laserScanCallback(const ConstSharedPtr&)[m[Kâ€™:
[01m[K/home/bobo/ros2_ws/src/mr2_public/tug_turtlebot4/src/SlamNode.cpp:111:62:[m[K [01;31m[Kerror: [m[Kâ€˜[01m[Koccupancy_grid_map[m[Kâ€™ was not declared in this scope; did you mean â€˜[01m[Koccupancy_grid_map_[m[Kâ€™?
  111 |     double logOddsUpdate = probToLog(P_OCCUPIED) + probToLog([01;31m[Koccupancy_grid_map[m[K->getCell(cell_x, cell_y));
      |                                                              [01;31m[K^~~~~~~~~~~~~~~~~~[m[K
      |                                                              [32m[Koccupancy_grid_map_[m[K
gmake[2]: *** [CMakeFiles/slam.dir/build.make:90: CMakeFiles/slam.dir/src/SlamNode.cpp.o] Error 1
gmake[1]: *** [CMakeFiles/Makefile2:195: CMakeFiles/slam.dir/all] Error 2
gmake: *** [Makefile:146: all] Error 2
