[0.035s] Invoking command in '/home/bobo/ros2_ws/build/tug_turtlebot4': CMAKE_PREFIX_PATH=/home/bobo/ros2_ws/install/tug_msgs:/home/bobo/ros2_ws/install/tug_turtlebot4:/home/bobo/ros2_ws/install/tug_stage_ros2:/home/bobo/ros2_ws/install/tug_mr2:/home/bobo/ros2_ws/install/ros2cpp_tutorials_service:/home/bobo/ros2_ws/install/ros2cpp_tutorials_publisher_subscriber:/home/bobo/ros2_ws/install/ros2cpp_tutorials_parameter:/home/bobo/ros2_ws/install/ros2cpp_tutorials_action:/home/bobo/ros2_ws/install/Eigen3:/opt/ros/humble LD_LIBRARY_PATH=/home/bobo/ros2_ws/install/tug_msgs/lib:/home/bobo/stg/lib:/home/bobo/ros2_ws/install/ros2cpp_tutorials_service/lib:/home/bobo/ros2_ws/install/ros2cpp_tutorials_action/lib:/opt/ros/humble/opt/rviz_ogre_vendor/lib:/opt/ros/humble/lib/x86_64-linux-gnu:/opt/ros/humble/lib /usr/bin/cmake --build /home/bobo/ros2_ws/build/tug_turtlebot4 -- -j8 -l8
[0.149s] [35m[1mConsolidate compiler generated dependencies of target slam[0m
[0.173s] [ 27%] Built target simple_turtle
[0.177s] [ 45%] Built target static_transform_publisher
[0.177s] [ 63%] Built target tug_wheel_encoder-system
[0.212s] [ 72%] [32mBuilding CXX object CMakeFiles/slam.dir/src/SlamNode.cpp.o[0m
[4.397s] [01m[K/home/bobo/ros2_ws/src/mr2_public/tug_turtlebot4/src/SlamNode.cpp:[m[K In member function â€˜[01m[Kvoid tug_turtlebot4::SlamNode::laserScanCallback(const ConstSharedPtr&)[m[Kâ€™:
[4.397s] [01m[K/home/bobo/ros2_ws/src/mr2_public/tug_turtlebot4/src/SlamNode.cpp:191:51:[m[K [01;31m[Kerror: [m[Kâ€˜[01m[Kstruct geometry_msgs::msg::Vector3_<std::allocator<void> >[m[Kâ€™ has no member named â€˜[01m[Ktheta[m[Kâ€™
[4.397s]   191 |     float x_map = robot_pose.x + x*cos(robot_pose.[01;31m[Ktheta[m[K) - y * sin(robot_pose.theta);
[4.397s]       |                                                   [01;31m[K^~~~~[m[K
[4.397s] [01m[K/home/bobo/ros2_ws/src/mr2_public/tug_turtlebot4/src/SlamNode.cpp:191:79:[m[K [01;31m[Kerror: [m[Kâ€˜[01m[Kstruct geometry_msgs::msg::Vector3_<std::allocator<void> >[m[Kâ€™ has no member named â€˜[01m[Ktheta[m[Kâ€™
[4.397s]   191 |     float x_map = robot_pose.x + x*cos(robot_pose.theta) - y * sin(robot_pose.[01;31m[Ktheta[m[K);
[4.398s]       |                                                                               [01;31m[K^~~~~[m[K
[4.398s] [01m[K/home/bobo/ros2_ws/src/mr2_public/tug_turtlebot4/src/SlamNode.cpp:192:51:[m[K [01;31m[Kerror: [m[Kâ€˜[01m[Kstruct geometry_msgs::msg::Vector3_<std::allocator<void> >[m[Kâ€™ has no member named â€˜[01m[Ktheta[m[Kâ€™
[4.398s]   192 |     float y_map = robot_pose.y + x*sin(robot_pose.[01;31m[Ktheta[m[K) + y * cos(robot_pose.theta);
[4.398s]       |                                                   [01;31m[K^~~~~[m[K
[4.398s] [01m[K/home/bobo/ros2_ws/src/mr2_public/tug_turtlebot4/src/SlamNode.cpp:192:79:[m[K [01;31m[Kerror: [m[Kâ€˜[01m[Kstruct geometry_msgs::msg::Vector3_<std::allocator<void> >[m[Kâ€™ has no member named â€˜[01m[Ktheta[m[Kâ€™
[4.398s]   192 |     float y_map = robot_pose.y + x*sin(robot_pose.theta) + y * cos(robot_pose.[01;31m[Ktheta[m[K);
[4.398s]       |                                                                               [01;31m[K^~~~~[m[K
[4.399s] [01m[K/home/bobo/ros2_ws/src/mr2_public/tug_turtlebot4/src/SlamNode.cpp:191:11:[m[K [01;35m[Kwarning: [m[Kunused variable â€˜[01m[Kx_map[m[Kâ€™ [[01;35m[K]8;;https://gcc.gnu.org/onlinedocs/gcc/Warning-Options.html#index-Wunused-variable-Wunused-variable]8;;[m[K]
[4.399s]   191 |     float [01;35m[Kx_map[m[K = robot_pose.x + x*cos(robot_pose.theta) - y * sin(robot_pose.theta);
[4.399s]       |           [01;35m[K^~~~~[m[K
[4.399s] [01m[K/home/bobo/ros2_ws/src/mr2_public/tug_turtlebot4/src/SlamNode.cpp:192:11:[m[K [01;35m[Kwarning: [m[Kunused variable â€˜[01m[Ky_map[m[Kâ€™ [[01;35m[K]8;;https://gcc.gnu.org/onlinedocs/gcc/Warning-Options.html#index-Wunused-variable-Wunused-variable]8;;[m[K]
[4.399s]   192 |     float [01;35m[Ky_map[m[K = robot_pose.y + x*sin(robot_pose.theta) + y * cos(robot_pose.theta);
[4.400s]       |           [01;35m[K^~~~~[m[K
[4.400s] [01m[K/home/bobo/ros2_ws/src/mr2_public/tug_turtlebot4/src/SlamNode.cpp:176:14:[m[K [01;35m[Kwarning: [m[Kunused variable â€˜[01m[Ki[m[Kâ€™ [[01;35m[K]8;;https://gcc.gnu.org/onlinedocs/gcc/Warning-Options.html#index-Wunused-variable-Wunused-variable]8;;[m[K]
[4.400s]   176 |   static int [01;35m[Ki[m[K = 0;
[4.400s]       |              [01;35m[K^[m[K
[9.619s] [01m[K/home/bobo/ros2_ws/src/mr2_public/tug_turtlebot4/src/SlamNode.cpp:[m[K At global scope:
[9.619s] [01m[K/home/bobo/ros2_ws/src/mr2_public/tug_turtlebot4/src/SlamNode.cpp:176:14:[m[K [01;35m[Kwarning: [m[Kâ€˜[01m[Ki[m[Kâ€™ defined but not used [[01;35m[K]8;;https://gcc.gnu.org/onlinedocs/gcc/Warning-Options.html#index-Wunused-variable-Wunused-variable]8;;[m[K]
[9.690s] gmake[2]: *** [CMakeFiles/slam.dir/build.make:90: CMakeFiles/slam.dir/src/SlamNode.cpp.o] Error 1
[9.691s] gmake[1]: *** [CMakeFiles/Makefile2:195: CMakeFiles/slam.dir/all] Error 2
[9.691s] gmake: *** [Makefile:146: all] Error 2
[9.695s] Invoked command in '/home/bobo/ros2_ws/build/tug_turtlebot4' returned '2': CMAKE_PREFIX_PATH=/home/bobo/ros2_ws/install/tug_msgs:/home/bobo/ros2_ws/install/tug_turtlebot4:/home/bobo/ros2_ws/install/tug_stage_ros2:/home/bobo/ros2_ws/install/tug_mr2:/home/bobo/ros2_ws/install/ros2cpp_tutorials_service:/home/bobo/ros2_ws/install/ros2cpp_tutorials_publisher_subscriber:/home/bobo/ros2_ws/install/ros2cpp_tutorials_parameter:/home/bobo/ros2_ws/install/ros2cpp_tutorials_action:/home/bobo/ros2_ws/install/Eigen3:/opt/ros/humble LD_LIBRARY_PATH=/home/bobo/ros2_ws/install/tug_msgs/lib:/home/bobo/stg/lib:/home/bobo/ros2_ws/install/ros2cpp_tutorials_service/lib:/home/bobo/ros2_ws/install/ros2cpp_tutorials_action/lib:/opt/ros/humble/opt/rviz_ogre_vendor/lib:/opt/ros/humble/lib/x86_64-linux-gnu:/opt/ros/humble/lib /usr/bin/cmake --build /home/bobo/ros2_ws/build/tug_turtlebot4 -- -j8 -l8
