[0.018s] Invoking command in '/home/bobo/ros2_ws/build/tug_turtlebot4': CMAKE_PREFIX_PATH=/home/bobo/ros2_ws/install/tug_msgs:/home/bobo/ros2_ws/install/tug_turtlebot4:/home/bobo/ros2_ws/install/tug_stage_ros2:/home/bobo/ros2_ws/install/tug_mr2:/home/bobo/ros2_ws/install/ros2cpp_tutorials_service:/home/bobo/ros2_ws/install/ros2cpp_tutorials_publisher_subscriber:/home/bobo/ros2_ws/install/ros2cpp_tutorials_parameter:/home/bobo/ros2_ws/install/ros2cpp_tutorials_action:/home/bobo/ros2_ws/install/Eigen3:/opt/ros/humble LD_LIBRARY_PATH=/home/bobo/ros2_ws/install/tug_msgs/lib:/home/bobo/stg/lib:/home/bobo/ros2_ws/install/ros2cpp_tutorials_service/lib:/home/bobo/ros2_ws/install/ros2cpp_tutorials_action/lib:/opt/ros/humble/opt/rviz_ogre_vendor/lib:/opt/ros/humble/lib/x86_64-linux-gnu:/opt/ros/humble/lib /usr/bin/cmake --build /home/bobo/ros2_ws/build/tug_turtlebot4 -- -j8 -l8
[0.086s] [35m[1mConsolidate compiler generated dependencies of target simple_turtle[0m
[0.106s] [ 28%] Built target tug_wheel_encoder-system
[0.106s] [ 57%] Built target static_transform_publisher
[0.119s] [ 71%] [32mBuilding CXX object CMakeFiles/simple_turtle.dir/src/SimpleTurtleNode.cpp.o[0m
[3.183s] In file included from [01m[K/opt/ros/humble/include/rclcpp/rclcpp/logging.hpp:24[m[K,
[3.183s]                  from [01m[K/opt/ros/humble/include/rclcpp/rclcpp/client.hpp:40[m[K,
[3.183s]                  from [01m[K/opt/ros/humble/include/rclcpp/rclcpp/callback_group.hpp:24[m[K,
[3.183s]                  from [01m[K/opt/ros/humble/include/rclcpp/rclcpp/node.hpp:40[m[K,
[3.183s]                  from [01m[K/home/bobo/ros2_ws/src/mr2_public/tug_turtlebot4/include/tug_turtlebot4/SimpleTurtleNode.hpp:7[m[K,
[3.183s]                  from [01m[K/home/bobo/ros2_ws/src/mr2_public/tug_turtlebot4/src/SimpleTurtleNode.cpp:1[m[K:
[3.183s] [01m[K/home/bobo/ros2_ws/src/mr2_public/tug_turtlebot4/src/SimpleTurtleNode.cpp:[m[K In member function â€˜[01m[Kvoid tug_turtlebot4::SimpleTurtleNode::wheelEncoderCallback(const ConstSharedPtr&)[m[Kâ€™:
[3.184s] [01m[K/home/bobo/ros2_ws/src/mr2_public/tug_turtlebot4/src/SimpleTurtleNode.cpp:97:124:[m[K [01;31m[Kerror: [m[Kexpected â€˜[01m[K)[m[Kâ€™ before â€˜[01m[KxT[m[Kâ€™
[3.184s]    97 |     RCLCPP_INFO(this->get_logger(), "xT = %f + %f*cos(%f*%f/2) = %f", odom_state.x, deltaDist,odom_state.theta, deltaTheta [01;31m[KxT[m[K);
[3.184s]       |                                                                                                                            [01;31m[K^~[m[K
[3.184s] [01m[K/home/bobo/ros2_ws/src/mr2_public/tug_turtlebot4/src/SimpleTurtleNode.cpp:97:5:[m[K [01;36m[Knote: [m[Kto match this â€˜[01m[K([m[Kâ€™
[3.184s]    97 |     [01;36m[KRCLCPP_INFO[m[K(this->get_logger(), "xT = %f + %f*cos(%f*%f/2) = %f", odom_state.x, deltaDist,odom_state.theta, deltaTheta xT);
[3.184s]       |     [01;36m[K^~~~~~~~~~~[m[K
[3.184s] [01m[K/home/bobo/ros2_ws/src/mr2_public/tug_turtlebot4/src/SimpleTurtleNode.cpp:97:37:[m[K [01;35m[Kwarning: [m[Kformat â€˜[01m[K%f[m[Kâ€™ expects a matching â€˜[01m[Kdouble[m[Kâ€™ argument [[01;35m[K]8;;https://gcc.gnu.org/onlinedocs/gcc/Warning-Options.html#index-Wformat=-Wformat=]8;;[m[K]
[3.184s]    97 |     RCLCPP_INFO(this->get_logger(), [01;35m[K"xT = %f + %f*cos(%f*%f/2) = %f"[m[K, odom_state.x, deltaDist,odom_state.theta, deltaTheta xT);
[3.184s]       |                                     [01;35m[K^~~~~~~~~~~~~~~~~~~~~~~~~~~~~~~~[m[K
[3.184s] [01m[K/home/bobo/ros2_ws/src/mr2_public/tug_turtlebot4/src/SimpleTurtleNode.cpp:97:67:[m[K [01;36m[Knote: [m[Kformat string is defined here
[3.184s]    97 |     RCLCPP_INFO(this->get_logger(), "xT = %f + %f*cos(%f*%f/2) = [01;36m[K%f[m[K", odom_state.x, deltaDist,odom_state.theta, deltaTheta xT);
[3.184s]       |                                                                  [01;36m[K~^[m[K
[3.184s]       |                                                                   [01;36m[K|[m[K
[3.184s]       |                                                                   [01;36m[Kdouble[m[K
[3.184s] [01m[K/home/bobo/ros2_ws/src/mr2_public/tug_turtlebot4/src/SimpleTurtleNode.cpp:[m[K In member function â€˜[01m[Kvoid tug_turtlebot4::SimpleTurtleNode::poseCallback(const Pose&)[m[Kâ€™:
[3.185s] [01m[K/home/bobo/ros2_ws/src/mr2_public/tug_turtlebot4/src/SimpleTurtleNode.cpp:116:49:[m[K [01;35m[Kwarning: [m[Kunused parameter â€˜[01m[Kmsg[m[Kâ€™ [[01;35m[K]8;;https://gcc.gnu.org/onlinedocs/gcc/Warning-Options.html#index-Wunused-parameter-Wunused-parameter]8;;[m[K]
[3.185s]   116 | void SimpleTurtleNode::poseCallback([01;35m[Kconst Pose& msg[m[K)
[3.185s]       |                                     [01;35m[K~~~~~~~~~~~~^~~[m[K
[7.039s] gmake[2]: *** [CMakeFiles/simple_turtle.dir/build.make:90: CMakeFiles/simple_turtle.dir/src/SimpleTurtleNode.cpp.o] Error 1
[7.039s] gmake[1]: *** [CMakeFiles/Makefile2:167: CMakeFiles/simple_turtle.dir/all] Error 2
[7.039s] gmake: *** [Makefile:146: all] Error 2
[7.042s] Invoked command in '/home/bobo/ros2_ws/build/tug_turtlebot4' returned '2': CMAKE_PREFIX_PATH=/home/bobo/ros2_ws/install/tug_msgs:/home/bobo/ros2_ws/install/tug_turtlebot4:/home/bobo/ros2_ws/install/tug_stage_ros2:/home/bobo/ros2_ws/install/tug_mr2:/home/bobo/ros2_ws/install/ros2cpp_tutorials_service:/home/bobo/ros2_ws/install/ros2cpp_tutorials_publisher_subscriber:/home/bobo/ros2_ws/install/ros2cpp_tutorials_parameter:/home/bobo/ros2_ws/install/ros2cpp_tutorials_action:/home/bobo/ros2_ws/install/Eigen3:/opt/ros/humble LD_LIBRARY_PATH=/home/bobo/ros2_ws/install/tug_msgs/lib:/home/bobo/stg/lib:/home/bobo/ros2_ws/install/ros2cpp_tutorials_service/lib:/home/bobo/ros2_ws/install/ros2cpp_tutorials_action/lib:/opt/ros/humble/opt/rviz_ogre_vendor/lib:/opt/ros/humble/lib/x86_64-linux-gnu:/opt/ros/humble/lib /usr/bin/cmake --build /home/bobo/ros2_ws/build/tug_turtlebot4 -- -j8 -l8
