[0.033s] Invoking command in '/home/bobo/ros2_ws/build/tug_turtlebot4': CMAKE_PREFIX_PATH=/home/bobo/ros2_ws/install/tug_msgs:/home/bobo/ros2_ws/install/tug_turtlebot4:/home/bobo/ros2_ws/install/tug_stage_ros2:/home/bobo/ros2_ws/install/tug_mr2:/home/bobo/ros2_ws/install/ros2cpp_tutorials_service:/home/bobo/ros2_ws/install/ros2cpp_tutorials_publisher_subscriber:/home/bobo/ros2_ws/install/ros2cpp_tutorials_parameter:/home/bobo/ros2_ws/install/ros2cpp_tutorials_action:/home/bobo/ros2_ws/install/Eigen3:/opt/ros/humble LD_LIBRARY_PATH=/home/bobo/ros2_ws/install/tug_msgs/lib:/home/bobo/stg/lib:/home/bobo/ros2_ws/install/ros2cpp_tutorials_service/lib:/home/bobo/ros2_ws/install/ros2cpp_tutorials_action/lib:/opt/ros/humble/opt/rviz_ogre_vendor/lib:/opt/ros/humble/lib/x86_64-linux-gnu:/opt/ros/humble/lib /usr/bin/cmake --build /home/bobo/ros2_ws/build/tug_turtlebot4 -- -j8 -l8
[0.136s] [35m[1mConsolidate compiler generated dependencies of target slam[0m
[0.163s] [ 18%] Built target tug_wheel_encoder-system
[0.173s] [ 36%] Built target static_transform_publisher
[0.177s] [ 63%] Built target simple_turtle
[0.190s] [ 72%] [32mBuilding CXX object CMakeFiles/slam.dir/src/SlamNode.cpp.o[0m
[5.182s] In file included from [01m[K/opt/ros/humble/include/rclcpp/rclcpp/client.hpp:40[m[K,
[5.182s]                  from [01m[K/opt/ros/humble/include/rclcpp/rclcpp/callback_group.hpp:24[m[K,
[5.183s]                  from [01m[K/opt/ros/humble/include/rclcpp/rclcpp/node.hpp:40[m[K,
[5.183s]                  from [01m[K/home/bobo/ros2_ws/src/mr2_public/tug_turtlebot4/include/tug_turtlebot4/SlamNode.hpp:6[m[K,
[5.183s]                  from [01m[K/home/bobo/ros2_ws/src/mr2_public/tug_turtlebot4/src/SlamNode.cpp:1[m[K:
[5.184s] [01m[K/home/bobo/ros2_ws/src/mr2_public/tug_turtlebot4/src/SlamNode.cpp:[m[K In function â€˜[01m[Kvoid tug_turtlebot4::drawLineV(double, double, double, double, std::vector<std::pair<double, double> >&)[m[Kâ€™:
[5.184s] [01m[K/home/bobo/ros2_ws/src/mr2_public/tug_turtlebot4/src/SlamNode.cpp:93:17:[m[K [01;31m[Kerror: [m[Kâ€˜[01m[Kget_logger[m[Kâ€™ was not declared in this scope; did you mean â€˜[01m[Krclcpp::get_logger[m[Kâ€™?
[5.184s]    93 |     RCLCPP_INFO([01;31m[Kget_logger[m[K("SlamNode.cpp"), "Initial Values:");
[5.184s]       |                 [01;31m[K^~~~~~~~~~[m[K
[5.184s] In file included from [01m[K/opt/ros/humble/include/rclcpp/rclcpp/logging.hpp:23[m[K,
[5.184s]                  from [01m[K/opt/ros/humble/include/rclcpp/rclcpp/client.hpp:40[m[K,
[5.184s]                  from [01m[K/opt/ros/humble/include/rclcpp/rclcpp/callback_group.hpp:24[m[K,
[5.185s]                  from [01m[K/opt/ros/humble/include/rclcpp/rclcpp/node.hpp:40[m[K,
[5.185s]                  from [01m[K/home/bobo/ros2_ws/src/mr2_public/tug_turtlebot4/include/tug_turtlebot4/SlamNode.hpp:6[m[K,
[5.185s]                  from [01m[K/home/bobo/ros2_ws/src/mr2_public/tug_turtlebot4/src/SlamNode.cpp:1[m[K:
[5.185s] [01m[K/opt/ros/humble/include/rclcpp/rclcpp/logger.hpp:106:17:[m[K [01;36m[Knote: [m[Kâ€˜[01m[Krclcpp::get_logger[m[Kâ€™ declared here
[5.185s]   106 |   friend Logger [01;36m[Krclcpp[m[K::get_logger(const std::string & name);
[5.186s]       |                 [01;36m[K^~~~~~[m[K
[5.186s] In file included from [01m[K/opt/ros/humble/include/rclcpp/rclcpp/client.hpp:40[m[K,
[5.186s]                  from [01m[K/opt/ros/humble/include/rclcpp/rclcpp/callback_group.hpp:24[m[K,
[5.186s]                  from [01m[K/opt/ros/humble/include/rclcpp/rclcpp/node.hpp:40[m[K,
[5.186s]                  from [01m[K/home/bobo/ros2_ws/src/mr2_public/tug_turtlebot4/include/tug_turtlebot4/SlamNode.hpp:6[m[K,
[5.186s]                  from [01m[K/home/bobo/ros2_ws/src/mr2_public/tug_turtlebot4/src/SlamNode.cpp:1[m[K:
[5.187s] [01m[K/home/bobo/ros2_ws/src/mr2_public/tug_turtlebot4/src/SlamNode.cpp:93:5:[m[K [01;31m[Kerror: [m[Ktemplate argument 1 is invalid
[5.187s]    93 |     [01;31m[KRCLCPP_INFO[m[K(get_logger("SlamNode.cpp"), "Initial Values:");
[5.187s]       |     [01;31m[K^~~~~~~~~~~[m[K
[5.187s] [01m[K/home/bobo/ros2_ws/src/mr2_public/tug_turtlebot4/src/SlamNode.cpp:93:5:[m[K [01;31m[Kerror: [m[Ktemplate argument 1 is invalid
[5.187s]    93 |     [01;31m[KRCLCPP_INFO[m[K(get_logger("SlamNode.cpp"), "Initial Values:");
[5.187s]       |     [01;31m[K^~~~~~~~~~~[m[K
[5.187s] [01m[K/home/bobo/ros2_ws/src/mr2_public/tug_turtlebot4/src/SlamNode.cpp:93:5:[m[K [01;31m[Kerror: [m[Ktemplate argument 1 is invalid
[5.187s]    93 |     [01;31m[KRCLCPP_INFO[m[K(get_logger("SlamNode.cpp"), "Initial Values:");
[5.187s]       |     [01;31m[K^~~~~~~~~~~[m[K
[5.187s] [01m[K/home/bobo/ros2_ws/src/mr2_public/tug_turtlebot4/src/SlamNode.cpp:94:17:[m[K [01;31m[Kerror: [m[Kâ€˜[01m[Kget_logger[m[Kâ€™ was not declared in this scope; did you mean â€˜[01m[Krclcpp::get_logger[m[Kâ€™?
[5.188s]    94 |     RCLCPP_INFO([01;31m[Kget_logger[m[K("SlamNode.cpp"), "x0: %f, y0: %f, x1: %f, y1: %f", x0, y0, x1, y1);
[5.188s]       |                 [01;31m[K^~~~~~~~~~[m[K
[5.188s] In file included from [01m[K/opt/ros/humble/include/rclcpp/rclcpp/logging.hpp:23[m[K,
[5.188s]                  from [01m[K/opt/ros/humble/include/rclcpp/rclcpp/client.hpp:40[m[K,
[5.188s]                  from [01m[K/opt/ros/humble/include/rclcpp/rclcpp/callback_group.hpp:24[m[K,
[5.188s]                  from [01m[K/opt/ros/humble/include/rclcpp/rclcpp/node.hpp:40[m[K,
[5.188s]                  from [01m[K/home/bobo/ros2_ws/src/mr2_public/tug_turtlebot4/include/tug_turtlebot4/SlamNode.hpp:6[m[K,
[5.188s]                  from [01m[K/home/bobo/ros2_ws/src/mr2_public/tug_turtlebot4/src/SlamNode.cpp:1[m[K:
[5.189s] [01m[K/opt/ros/humble/include/rclcpp/rclcpp/logger.hpp:106:17:[m[K [01;36m[Knote: [m[Kâ€˜[01m[Krclcpp::get_logger[m[Kâ€™ declared here
[5.189s]   106 |   friend Logger [01;36m[Krclcpp[m[K::get_logger(const std::string & name);
[5.189s]       |                 [01;36m[K^~~~~~[m[K
[5.189s] In file included from [01m[K/opt/ros/humble/include/rclcpp/rclcpp/client.hpp:40[m[K,
[5.189s]                  from [01m[K/opt/ros/humble/include/rclcpp/rclcpp/callback_group.hpp:24[m[K,
[5.189s]                  from [01m[K/opt/ros/humble/include/rclcpp/rclcpp/node.hpp:40[m[K,
[5.189s]                  from [01m[K/home/bobo/ros2_ws/src/mr2_public/tug_turtlebot4/include/tug_turtlebot4/SlamNode.hpp:6[m[K,
[5.190s]                  from [01m[K/home/bobo/ros2_ws/src/mr2_public/tug_turtlebot4/src/SlamNode.cpp:1[m[K:
[5.190s] [01m[K/home/bobo/ros2_ws/src/mr2_public/tug_turtlebot4/src/SlamNode.cpp:94:5:[m[K [01;31m[Kerror: [m[Ktemplate argument 1 is invalid
[5.190s]    94 |     [01;31m[KRCLCPP_INFO[m[K(get_logger("SlamNode.cpp"), "x0: %f, y0: %f, x1: %f, y1: %f", x0, y0, x1, y1);
[5.190s]       |     [01;31m[K^~~~~~~~~~~[m[K
[5.190s] [01m[K/home/bobo/ros2_ws/src/mr2_public/tug_turtlebot4/src/SlamNode.cpp:94:5:[m[K [01;31m[Kerror: [m[Ktemplate argument 1 is invalid
[5.191s]    94 |     [01;31m[KRCLCPP_INFO[m[K(get_logger("SlamNode.cpp"), "x0: %f, y0: %f, x1: %f, y1: %f", x0, y0, x1, y1);
[5.191s]       |     [01;31m[K^~~~~~~~~~~[m[K
[5.191s] [01m[K/home/bobo/ros2_ws/src/mr2_public/tug_turtlebot4/src/SlamNode.cpp:94:5:[m[K [01;31m[Kerror: [m[Ktemplate argument 1 is invalid
[5.191s]    94 |     [01;31m[KRCLCPP_INFO[m[K(get_logger("SlamNode.cpp"), "x0: %f, y0: %f, x1: %f, y1: %f", x0, y0, x1, y1);
[5.191s]       |     [01;31m[K^~~~~~~~~~~[m[K
[5.191s] [01m[K/home/bobo/ros2_ws/src/mr2_public/tug_turtlebot4/src/SlamNode.cpp:95:17:[m[K [01;31m[Kerror: [m[Kâ€˜[01m[Kget_logger[m[Kâ€™ was not declared in this scope; did you mean â€˜[01m[Krclcpp::get_logger[m[Kâ€™?
[5.192s]    95 |     RCLCPP_INFO([01;31m[Kget_logger[m[K("SlamNode.cpp"), "dx: %f, dy: %f, direction: %d", dx, dy, dir);
[5.192s]       |                 [01;31m[K^~~~~~~~~~[m[K
[5.192s] In file included from [01m[K/opt/ros/humble/include/rclcpp/rclcpp/logging.hpp:23[m[K,
[5.192s]                  from [01m[K/opt/ros/humble/include/rclcpp/rclcpp/client.hpp:40[m[K,
[5.192s]                  from [01m[K/opt/ros/humble/include/rclcpp/rclcpp/callback_group.hpp:24[m[K,
[5.192s]                  from [01m[K/opt/ros/humble/include/rclcpp/rclcpp/node.hpp:40[m[K,
[5.193s]                  from [01m[K/home/bobo/ros2_ws/src/mr2_public/tug_turtlebot4/include/tug_turtlebot4/SlamNode.hpp:6[m[K,
[5.193s]                  from [01m[K/home/bobo/ros2_ws/src/mr2_public/tug_turtlebot4/src/SlamNode.cpp:1[m[K:
[5.193s] [01m[K/opt/ros/humble/include/rclcpp/rclcpp/logger.hpp:106:17:[m[K [01;36m[Knote: [m[Kâ€˜[01m[Krclcpp::get_logger[m[Kâ€™ declared here
[5.193s]   106 |   friend Logger [01;36m[Krclcpp[m[K::get_logger(const std::string & name);
[5.193s]       |                 [01;36m[K^~~~~~[m[K
[5.193s] In file included from [01m[K/opt/ros/humble/include/rclcpp/rclcpp/client.hpp:40[m[K,
[5.193s]                  from [01m[K/opt/ros/humble/include/rclcpp/rclcpp/callback_group.hpp:24[m[K,
[5.193s]                  from [01m[K/opt/ros/humble/include/rclcpp/rclcpp/node.hpp:40[m[K,
[5.194s]                  from [01m[K/home/bobo/ros2_ws/src/mr2_public/tug_turtlebot4/include/tug_turtlebot4/SlamNode.hpp:6[m[K,
[5.194s]                  from [01m[K/home/bobo/ros2_ws/src/mr2_public/tug_turtlebot4/src/SlamNode.cpp:1[m[K:
[5.194s] [01m[K/home/bobo/ros2_ws/src/mr2_public/tug_turtlebot4/src/SlamNode.cpp:95:5:[m[K [01;31m[Kerror: [m[Ktemplate argument 1 is invalid
[5.194s]    95 |     [01;31m[KRCLCPP_INFO[m[K(get_logger("SlamNode.cpp"), "dx: %f, dy: %f, direction: %d", dx, dy, dir);
[5.194s]       |     [01;31m[K^~~~~~~~~~~[m[K
[5.195s] [01m[K/home/bobo/ros2_ws/src/mr2_public/tug_turtlebot4/src/SlamNode.cpp:95:5:[m[K [01;31m[Kerror: [m[Ktemplate argument 1 is invalid
[5.195s]    95 |     [01;31m[KRCLCPP_INFO[m[K(get_logger("SlamNode.cpp"), "dx: %f, dy: %f, direction: %d", dx, dy, dir);
[5.195s]       |     [01;31m[K^~~~~~~~~~~[m[K
[5.195s] [01m[K/home/bobo/ros2_ws/src/mr2_public/tug_turtlebot4/src/SlamNode.cpp:95:5:[m[K [01;31m[Kerror: [m[Ktemplate argument 1 is invalid
[5.195s]    95 |     [01;31m[KRCLCPP_INFO[m[K(get_logger("SlamNode.cpp"), "dx: %f, dy: %f, direction: %d", dx, dy, dir);
[5.195s]       |     [01;31m[K^~~~~~~~~~~[m[K
[5.195s] [01m[K/home/bobo/ros2_ws/src/mr2_public/tug_turtlebot4/src/SlamNode.cpp:102:21:[m[K [01;31m[Kerror: [m[Kâ€˜[01m[Kget_logger[m[Kâ€™ was not declared in this scope; did you mean â€˜[01m[Krclcpp::get_logger[m[Kâ€™?
[5.195s]   102 |         RCLCPP_INFO([01;31m[Kget_logger[m[K("SlamNode"), "Starting Line Drawing:");
[5.195s]       |                     [01;31m[K^~~~~~~~~~[m[K
[5.195s] In file included from [01m[K/opt/ros/humble/include/rclcpp/rclcpp/logging.hpp:23[m[K,
[5.196s]                  from [01m[K/opt/ros/humble/include/rclcpp/rclcpp/client.hpp:40[m[K,
[5.196s]                  from [01m[K/opt/ros/humble/include/rclcpp/rclcpp/callback_group.hpp:24[m[K,
[5.196s]                  from [01m[K/opt/ros/humble/include/rclcpp/rclcpp/node.hpp:40[m[K,
[5.196s]                  from [01m[K/home/bobo/ros2_ws/src/mr2_public/tug_turtlebot4/include/tug_turtlebot4/SlamNode.hpp:6[m[K,
[5.196s]                  from [01m[K/home/bobo/ros2_ws/src/mr2_public/tug_turtlebot4/src/SlamNode.cpp:1[m[K:
[5.196s] [01m[K/opt/ros/humble/include/rclcpp/rclcpp/logger.hpp:106:17:[m[K [01;36m[Knote: [m[Kâ€˜[01m[Krclcpp::get_logger[m[Kâ€™ declared here
[5.196s]   106 |   friend Logger [01;36m[Krclcpp[m[K::get_logger(const std::string & name);
[5.197s]       |                 [01;36m[K^~~~~~[m[K
[5.197s] In file included from [01m[K/opt/ros/humble/include/rclcpp/rclcpp/client.hpp:40[m[K,
[5.197s]                  from [01m[K/opt/ros/humble/include/rclcpp/rclcpp/callback_group.hpp:24[m[K,
[5.197s]                  from [01m[K/opt/ros/humble/include/rclcpp/rclcpp/node.hpp:40[m[K,
[5.197s]                  from [01m[K/home/bobo/ros2_ws/src/mr2_public/tug_turtlebot4/include/tug_turtlebot4/SlamNode.hpp:6[m[K,
[5.197s]                  from [01m[K/home/bobo/ros2_ws/src/mr2_public/tug_turtlebot4/src/SlamNode.cpp:1[m[K:
[5.197s] [01m[K/home/bobo/ros2_ws/src/mr2_public/tug_turtlebot4/src/SlamNode.cpp:102:9:[m[K [01;31m[Kerror: [m[Ktemplate argument 1 is invalid
[5.197s]   102 |         [01;31m[KRCLCPP_INFO[m[K(get_logger("SlamNode"), "Starting Line Drawing:");
[5.197s]       |         [01;31m[K^~~~~~~~~~~[m[K
[5.198s] [01m[K/home/bobo/ros2_ws/src/mr2_public/tug_turtlebot4/src/SlamNode.cpp:102:9:[m[K [01;31m[Kerror: [m[Ktemplate argument 1 is invalid
[5.198s]   102 |         [01;31m[KRCLCPP_INFO[m[K(get_logger("SlamNode"), "Starting Line Drawing:");
[5.198s]       |         [01;31m[K^~~~~~~~~~~[m[K
[5.198s] [01m[K/home/bobo/ros2_ws/src/mr2_public/tug_turtlebot4/src/SlamNode.cpp:102:9:[m[K [01;31m[Kerror: [m[Ktemplate argument 1 is invalid
[5.198s]   102 |         [01;31m[KRCLCPP_INFO[m[K(get_logger("SlamNode"), "Starting Line Drawing:");
[5.198s]       |         [01;31m[K^~~~~~~~~~~[m[K
[5.198s] [01m[K/home/bobo/ros2_ws/src/mr2_public/tug_turtlebot4/src/SlamNode.cpp:109:25:[m[K [01;31m[Kerror: [m[Kâ€˜[01m[Kget_logger[m[Kâ€™ was not declared in this scope; did you mean â€˜[01m[Krclcpp::get_logger[m[Kâ€™?
[5.198s]   109 |             RCLCPP_INFO([01;31m[Kget_logger[m[K("SlamNode"), "Step i: %f", i);
[5.198s]       |                         [01;31m[K^~~~~~~~~~[m[K
[5.199s] In file included from [01m[K/opt/ros/humble/include/rclcpp/rclcpp/logging.hpp:23[m[K,
[5.199s]                  from [01m[K/opt/ros/humble/include/rclcpp/rclcpp/client.hpp:40[m[K,
[5.199s]                  from [01m[K/opt/ros/humble/include/rclcpp/rclcpp/callback_group.hpp:24[m[K,
[5.199s]                  from [01m[K/opt/ros/humble/include/rclcpp/rclcpp/node.hpp:40[m[K,
[5.199s]                  from [01m[K/home/bobo/ros2_ws/src/mr2_public/tug_turtlebot4/include/tug_turtlebot4/SlamNode.hpp:6[m[K,
[5.199s]                  from [01m[K/home/bobo/ros2_ws/src/mr2_public/tug_turtlebot4/src/SlamNode.cpp:1[m[K:
[5.199s] [01m[K/opt/ros/humble/include/rclcpp/rclcpp/logger.hpp:106:17:[m[K [01;36m[Knote: [m[Kâ€˜[01m[Krclcpp::get_logger[m[Kâ€™ declared here
[5.199s]   106 |   friend Logger [01;36m[Krclcpp[m[K::get_logger(const std::string & name);
[5.199s]       |                 [01;36m[K^~~~~~[m[K
[5.199s] In file included from [01m[K/opt/ros/humble/include/rclcpp/rclcpp/client.hpp:40[m[K,
[5.200s]                  from [01m[K/opt/ros/humble/include/rclcpp/rclcpp/callback_group.hpp:24[m[K,
[5.200s]                  from [01m[K/opt/ros/humble/include/rclcpp/rclcpp/node.hpp:40[m[K,
[5.200s]                  from [01m[K/home/bobo/ros2_ws/src/mr2_public/tug_turtlebot4/include/tug_turtlebot4/SlamNode.hpp:6[m[K,
[5.200s]                  from [01m[K/home/bobo/ros2_ws/src/mr2_public/tug_turtlebot4/src/SlamNode.cpp:1[m[K:
[5.200s] [01m[K/home/bobo/ros2_ws/src/mr2_public/tug_turtlebot4/src/SlamNode.cpp:109:13:[m[K [01;31m[Kerror: [m[Ktemplate argument 1 is invalid
[5.200s]   109 |             [01;31m[KRCLCPP_INFO[m[K(get_logger("SlamNode"), "Step i: %f", i);
[5.200s]       |             [01;31m[K^~~~~~~~~~~[m[K
[5.200s] [01m[K/home/bobo/ros2_ws/src/mr2_public/tug_turtlebot4/src/SlamNode.cpp:109:13:[m[K [01;31m[Kerror: [m[Ktemplate argument 1 is invalid
[5.200s]   109 |             [01;31m[KRCLCPP_INFO[m[K(get_logger("SlamNode"), "Step i: %f", i);
[5.200s]       |             [01;31m[K^~~~~~~~~~~[m[K
[5.200s] [01m[K/home/bobo/ros2_ws/src/mr2_public/tug_turtlebot4/src/SlamNode.cpp:109:13:[m[K [01;31m[Kerror: [m[Ktemplate argument 1 is invalid
[5.200s]   109 |             [01;31m[KRCLCPP_INFO[m[K(get_logger("SlamNode"), "Step i: %f", i);
[5.201s]       |             [01;31m[K^~~~~~~~~~~[m[K
[5.201s] [01m[K/home/bobo/ros2_ws/src/mr2_public/tug_turtlebot4/src/SlamNode.cpp:110:25:[m[K [01;31m[Kerror: [m[Kâ€˜[01m[Kget_logger[m[Kâ€™ was not declared in this scope; did you mean â€˜[01m[Krclcpp::get_logger[m[Kâ€™?
[5.201s]   110 |             RCLCPP_INFO([01;31m[Kget_logger[m[K("SlamNode"), "Current Point: (%f, %f)", x, y0 + i);
[5.201s]       |                         [01;31m[K^~~~~~~~~~[m[K
[5.201s] In file included from [01m[K/opt/ros/humble/include/rclcpp/rclcpp/logging.hpp:23[m[K,
[5.201s]                  from [01m[K/opt/ros/humble/include/rclcpp/rclcpp/client.hpp:40[m[K,
[5.201s]                  from [01m[K/opt/ros/humble/include/rclcpp/rclcpp/callback_group.hpp:24[m[K,
[5.201s]                  from [01m[K/opt/ros/humble/include/rclcpp/rclcpp/node.hpp:40[m[K,
[5.201s]                  from [01m[K/home/bobo/ros2_ws/src/mr2_public/tug_turtlebot4/include/tug_turtlebot4/SlamNode.hpp:6[m[K,
[5.201s]                  from [01m[K/home/bobo/ros2_ws/src/mr2_public/tug_turtlebot4/src/SlamNode.cpp:1[m[K:
[5.202s] [01m[K/opt/ros/humble/include/rclcpp/rclcpp/logger.hpp:106:17:[m[K [01;36m[Knote: [m[Kâ€˜[01m[Krclcpp::get_logger[m[Kâ€™ declared here
[5.202s]   106 |   friend Logger [01;36m[Krclcpp[m[K::get_logger(const std::string & name);
[5.202s]       |                 [01;36m[K^~~~~~[m[K
[5.202s] In file included from [01m[K/opt/ros/humble/include/rclcpp/rclcpp/client.hpp:40[m[K,
[5.202s]                  from [01m[K/opt/ros/humble/include/rclcpp/rclcpp/callback_group.hpp:24[m[K,
[5.202s]                  from [01m[K/opt/ros/humble/include/rclcpp/rclcpp/node.hpp:40[m[K,
[5.202s]                  from [01m[K/home/bobo/ros2_ws/src/mr2_public/tug_turtlebot4/include/tug_turtlebot4/SlamNode.hpp:6[m[K,
[5.202s]                  from [01m[K/home/bobo/ros2_ws/src/mr2_public/tug_turtlebot4/src/SlamNode.cpp:1[m[K:
[5.202s] [01m[K/home/bobo/ros2_ws/src/mr2_public/tug_turtlebot4/src/SlamNode.cpp:110:13:[m[K [01;31m[Kerror: [m[Ktemplate argument 1 is invalid
[5.202s]   110 |             [01;31m[KRCLCPP_INFO[m[K(get_logger("SlamNode"), "Current Point: (%f, %f)", x, y0 + i);
[5.202s]       |             [01;31m[K^~~~~~~~~~~[m[K
[5.202s] [01m[K/home/bobo/ros2_ws/src/mr2_public/tug_turtlebot4/src/SlamNode.cpp:110:13:[m[K [01;31m[Kerror: [m[Ktemplate argument 1 is invalid
[5.203s]   110 |             [01;31m[KRCLCPP_INFO[m[K(get_logger("SlamNode"), "Current Point: (%f, %f)", x, y0 + i);
[5.203s]       |             [01;31m[K^~~~~~~~~~~[m[K
[5.203s] [01m[K/home/bobo/ros2_ws/src/mr2_public/tug_turtlebot4/src/SlamNode.cpp:110:13:[m[K [01;31m[Kerror: [m[Ktemplate argument 1 is invalid
[5.203s]   110 |             [01;31m[KRCLCPP_INFO[m[K(get_logger("SlamNode"), "Current Point: (%f, %f)", x, y0 + i);
[5.203s]       |             [01;31m[K^~~~~~~~~~~[m[K
[5.203s] [01m[K/home/bobo/ros2_ws/src/mr2_public/tug_turtlebot4/src/SlamNode.cpp:111:25:[m[K [01;31m[Kerror: [m[Kâ€˜[01m[Kget_logger[m[Kâ€™ was not declared in this scope; did you mean â€˜[01m[Krclcpp::get_logger[m[Kâ€™?
[5.203s]   111 |             RCLCPP_INFO([01;31m[Kget_logger[m[K("SlamNode"), "p: %f", p);
[5.203s]       |                         [01;31m[K^~~~~~~~~~[m[K
[5.203s] In file included from [01m[K/opt/ros/humble/include/rclcpp/rclcpp/logging.hpp:23[m[K,
[5.203s]                  from [01m[K/opt/ros/humble/include/rclcpp/rclcpp/client.hpp:40[m[K,
[5.203s]                  from [01m[K/opt/ros/humble/include/rclcpp/rclcpp/callback_group.hpp:24[m[K,
[5.204s]                  from [01m[K/opt/ros/humble/include/rclcpp/rclcpp/node.hpp:40[m[K,
[5.204s]                  from [01m[K/home/bobo/ros2_ws/src/mr2_public/tug_turtlebot4/include/tug_turtlebot4/SlamNode.hpp:6[m[K,
[5.204s]                  from [01m[K/home/bobo/ros2_ws/src/mr2_public/tug_turtlebot4/src/SlamNode.cpp:1[m[K:
[5.204s] [01m[K/opt/ros/humble/include/rclcpp/rclcpp/logger.hpp:106:17:[m[K [01;36m[Knote: [m[Kâ€˜[01m[Krclcpp::get_logger[m[Kâ€™ declared here
[5.204s]   106 |   friend Logger [01;36m[Krclcpp[m[K::get_logger(const std::string & name);
[5.204s]       |                 [01;36m[K^~~~~~[m[K
[5.204s] In file included from [01m[K/opt/ros/humble/include/rclcpp/rclcpp/client.hpp:40[m[K,
[5.204s]                  from [01m[K/opt/ros/humble/include/rclcpp/rclcpp/callback_group.hpp:24[m[K,
[5.204s]                  from [01m[K/opt/ros/humble/include/rclcpp/rclcpp/node.hpp:40[m[K,
[5.204s]                  from [01m[K/home/bobo/ros2_ws/src/mr2_public/tug_turtlebot4/include/tug_turtlebot4/SlamNode.hpp:6[m[K,
[5.204s]                  from [01m[K/home/bobo/ros2_ws/src/mr2_public/tug_turtlebot4/src/SlamNode.cpp:1[m[K:
[5.204s] [01m[K/home/bobo/ros2_ws/src/mr2_public/tug_turtlebot4/src/SlamNode.cpp:111:13:[m[K [01;31m[Kerror: [m[Ktemplate argument 1 is invalid
[5.204s]   111 |             [01;31m[KRCLCPP_INFO[m[K(get_logger("SlamNode"), "p: %f", p);
[5.205s]       |             [01;31m[K^~~~~~~~~~~[m[K
[5.205s] [01m[K/home/bobo/ros2_ws/src/mr2_public/tug_turtlebot4/src/SlamNode.cpp:111:13:[m[K [01;31m[Kerror: [m[Ktemplate argument 1 is invalid
[5.205s]   111 |             [01;31m[KRCLCPP_INFO[m[K(get_logger("SlamNode"), "p: %f", p);
[5.205s]       |             [01;31m[K^~~~~~~~~~~[m[K
[5.205s] [01m[K/home/bobo/ros2_ws/src/mr2_public/tug_turtlebot4/src/SlamNode.cpp:111:13:[m[K [01;31m[Kerror: [m[Ktemplate argument 1 is invalid
[5.205s]   111 |             [01;31m[KRCLCPP_INFO[m[K(get_logger("SlamNode"), "p: %f", p);
[5.205s]       |             [01;31m[K^~~~~~~~~~~[m[K
[5.205s] [01m[K/home/bobo/ros2_ws/src/mr2_public/tug_turtlebot4/src/SlamNode.cpp:116:29:[m[K [01;31m[Kerror: [m[Kâ€˜[01m[Kget_logger[m[Kâ€™ was not declared in this scope; did you mean â€˜[01m[Krclcpp::get_logger[m[Kâ€™?
[5.205s]   116 |                 RCLCPP_INFO([01;31m[Kget_logger[m[K("SlamNode"), "x incremented to: %f", x);
[5.205s]       |                             [01;31m[K^~~~~~~~~~[m[K
[5.205s] In file included from [01m[K/opt/ros/humble/include/rclcpp/rclcpp/logging.hpp:23[m[K,
[5.205s]                  from [01m[K/opt/ros/humble/include/rclcpp/rclcpp/client.hpp:40[m[K,
[5.205s]                  from [01m[K/opt/ros/humble/include/rclcpp/rclcpp/callback_group.hpp:24[m[K,
[5.206s]                  from [01m[K/opt/ros/humble/include/rclcpp/rclcpp/node.hpp:40[m[K,
[5.206s]                  from [01m[K/home/bobo/ros2_ws/src/mr2_public/tug_turtlebot4/include/tug_turtlebot4/SlamNode.hpp:6[m[K,
[5.206s]                  from [01m[K/home/bobo/ros2_ws/src/mr2_public/tug_turtlebot4/src/SlamNode.cpp:1[m[K:
[5.206s] [01m[K/opt/ros/humble/include/rclcpp/rclcpp/logger.hpp:106:17:[m[K [01;36m[Knote: [m[Kâ€˜[01m[Krclcpp::get_logger[m[Kâ€™ declared here
[5.206s]   106 |   friend Logger [01;36m[Krclcpp[m[K::get_logger(const std::string & name);
[5.206s]       |                 [01;36m[K^~~~~~[m[K
[5.206s] In file included from [01m[K/opt/ros/humble/include/rclcpp/rclcpp/client.hpp:40[m[K,
[5.206s]                  from [01m[K/opt/ros/humble/include/rclcpp/rclcpp/callback_group.hpp:24[m[K,
[5.206s]                  from [01m[K/opt/ros/humble/include/rclcpp/rclcpp/node.hpp:40[m[K,
[5.206s]                  from [01m[K/home/bobo/ros2_ws/src/mr2_public/tug_turtlebot4/include/tug_turtlebot4/SlamNode.hpp:6[m[K,
[5.206s]                  from [01m[K/home/bobo/ros2_ws/src/mr2_public/tug_turtlebot4/src/SlamNode.cpp:1[m[K:
[5.206s] [01m[K/home/bobo/ros2_ws/src/mr2_public/tug_turtlebot4/src/SlamNode.cpp:116:17:[m[K [01;31m[Kerror: [m[Ktemplate argument 1 is invalid
[5.206s]   116 |                 [01;31m[KRCLCPP_INFO[m[K(get_logger("SlamNode"), "x incremented to: %f", x);
[5.207s]       |                 [01;31m[K^~~~~~~~~~~[m[K
[5.207s] [01m[K/home/bobo/ros2_ws/src/mr2_public/tug_turtlebot4/src/SlamNode.cpp:116:17:[m[K [01;31m[Kerror: [m[Ktemplate argument 1 is invalid
[5.207s]   116 |                 [01;31m[KRCLCPP_INFO[m[K(get_logger("SlamNode"), "x incremented to: %f", x);
[5.207s]       |                 [01;31m[K^~~~~~~~~~~[m[K
[5.207s] [01m[K/home/bobo/ros2_ws/src/mr2_public/tug_turtlebot4/src/SlamNode.cpp:116:17:[m[K [01;31m[Kerror: [m[Ktemplate argument 1 is invalid
[5.207s]   116 |                 [01;31m[KRCLCPP_INFO[m[K(get_logger("SlamNode"), "x incremented to: %f", x);
[5.207s]       |                 [01;31m[K^~~~~~~~~~~[m[K
[5.207s] [01m[K/home/bobo/ros2_ws/src/mr2_public/tug_turtlebot4/src/SlamNode.cpp:120:25:[m[K [01;31m[Kerror: [m[Kâ€˜[01m[Kget_logger[m[Kâ€™ was not declared in this scope; did you mean â€˜[01m[Krclcpp::get_logger[m[Kâ€™?
[5.207s]   120 |             RCLCPP_INFO([01;31m[Kget_logger[m[K("SlamNode"), "Updated p: %f", p);
[5.207s]       |                         [01;31m[K^~~~~~~~~~[m[K
[5.207s] In file included from [01m[K/opt/ros/humble/include/rclcpp/rclcpp/logging.hpp:23[m[K,
[5.207s]                  from [01m[K/opt/ros/humble/include/rclcpp/rclcpp/client.hpp:40[m[K,
[5.207s]                  from [01m[K/opt/ros/humble/include/rclcpp/rclcpp/callback_group.hpp:24[m[K,
[5.208s]                  from [01m[K/opt/ros/humble/include/rclcpp/rclcpp/node.hpp:40[m[K,
[5.208s]                  from [01m[K/home/bobo/ros2_ws/src/mr2_public/tug_turtlebot4/include/tug_turtlebot4/SlamNode.hpp:6[m[K,
[5.208s]                  from [01m[K/home/bobo/ros2_ws/src/mr2_public/tug_turtlebot4/src/SlamNode.cpp:1[m[K:
[5.208s] [01m[K/opt/ros/humble/include/rclcpp/rclcpp/logger.hpp:106:17:[m[K [01;36m[Knote: [m[Kâ€˜[01m[Krclcpp::get_logger[m[Kâ€™ declared here
[5.208s]   106 |   friend Logger [01;36m[Krclcpp[m[K::get_logger(const std::string & name);
[5.208s]       |                 [01;36m[K^~~~~~[m[K
[5.208s] In file included from [01m[K/opt/ros/humble/include/rclcpp/rclcpp/client.hpp:40[m[K,
[5.208s]                  from [01m[K/opt/ros/humble/include/rclcpp/rclcpp/callback_group.hpp:24[m[K,
[5.208s]                  from [01m[K/opt/ros/humble/include/rclcpp/rclcpp/node.hpp:40[m[K,
[5.208s]                  from [01m[K/home/bobo/ros2_ws/src/mr2_public/tug_turtlebot4/include/tug_turtlebot4/SlamNode.hpp:6[m[K,
[5.209s]                  from [01m[K/home/bobo/ros2_ws/src/mr2_public/tug_turtlebot4/src/SlamNode.cpp:1[m[K:
[5.209s] [01m[K/home/bobo/ros2_ws/src/mr2_public/tug_turtlebot4/src/SlamNode.cpp:120:13:[m[K [01;31m[Kerror: [m[Ktemplate argument 1 is invalid
[5.209s]   120 |             [01;31m[KRCLCPP_INFO[m[K(get_logger("SlamNode"), "Updated p: %f", p);
[5.209s]       |             [01;31m[K^~~~~~~~~~~[m[K
[5.209s] [01m[K/home/bobo/ros2_ws/src/mr2_public/tug_turtlebot4/src/SlamNode.cpp:120:13:[m[K [01;31m[Kerror: [m[Ktemplate argument 1 is invalid
[5.209s]   120 |             [01;31m[KRCLCPP_INFO[m[K(get_logger("SlamNode"), "Updated p: %f", p);
[5.209s]       |             [01;31m[K^~~~~~~~~~~[m[K
[5.209s] [01m[K/home/bobo/ros2_ws/src/mr2_public/tug_turtlebot4/src/SlamNode.cpp:120:13:[m[K [01;31m[Kerror: [m[Ktemplate argument 1 is invalid
[5.209s]   120 |             [01;31m[KRCLCPP_INFO[m[K(get_logger("SlamNode"), "Updated p: %f", p);
[5.209s]       |             [01;31m[K^~~~~~~~~~~[m[K
[5.210s] [01m[K/home/bobo/ros2_ws/src/mr2_public/tug_turtlebot4/src/SlamNode.cpp:124:17:[m[K [01;31m[Kerror: [m[Kâ€˜[01m[Kget_logger[m[Kâ€™ was not declared in this scope; did you mean â€˜[01m[Krclcpp::get_logger[m[Kâ€™?
[5.210s]   124 |     RCLCPP_INFO([01;31m[Kget_logger[m[K("SlamNode"), "Finished Line Drawing. Total Points: %lu", line.size());
[5.210s]       |                 [01;31m[K^~~~~~~~~~[m[K
[5.210s] In file included from [01m[K/opt/ros/humble/include/rclcpp/rclcpp/logging.hpp:23[m[K,
[5.210s]                  from [01m[K/opt/ros/humble/include/rclcpp/rclcpp/client.hpp:40[m[K,
[5.210s]                  from [01m[K/opt/ros/humble/include/rclcpp/rclcpp/callback_group.hpp:24[m[K,
[5.210s]                  from [01m[K/opt/ros/humble/include/rclcpp/rclcpp/node.hpp:40[m[K,
[5.210s]                  from [01m[K/home/bobo/ros2_ws/src/mr2_public/tug_turtlebot4/include/tug_turtlebot4/SlamNode.hpp:6[m[K,
[5.210s]                  from [01m[K/home/bobo/ros2_ws/src/mr2_public/tug_turtlebot4/src/SlamNode.cpp:1[m[K:
[5.211s] [01m[K/opt/ros/humble/include/rclcpp/rclcpp/logger.hpp:106:17:[m[K [01;36m[Knote: [m[Kâ€˜[01m[Krclcpp::get_logger[m[Kâ€™ declared here
[5.211s]   106 |   friend Logger [01;36m[Krclcpp[m[K::get_logger(const std::string & name);
[5.211s]       |                 [01;36m[K^~~~~~[m[K
[5.211s] In file included from [01m[K/opt/ros/humble/include/rclcpp/rclcpp/client.hpp:40[m[K,
[5.211s]                  from [01m[K/opt/ros/humble/include/rclcpp/rclcpp/callback_group.hpp:24[m[K,
[5.211s]                  from [01m[K/opt/ros/humble/include/rclcpp/rclcpp/node.hpp:40[m[K,
[5.211s]                  from [01m[K/home/bobo/ros2_ws/src/mr2_public/tug_turtlebot4/include/tug_turtlebot4/SlamNode.hpp:6[m[K,
[5.211s]                  from [01m[K/home/bobo/ros2_ws/src/mr2_public/tug_turtlebot4/src/SlamNode.cpp:1[m[K:
[5.212s] [01m[K/home/bobo/ros2_ws/src/mr2_public/tug_turtlebot4/src/SlamNode.cpp:124:5:[m[K [01;31m[Kerror: [m[Ktemplate argument 1 is invalid
[5.212s]   124 |     [01;31m[KRCLCPP_INFO[m[K(get_logger("SlamNode"), "Finished Line Drawing. Total Points: %lu", line.size());
[5.212s]       |     [01;31m[K^~~~~~~~~~~[m[K
[5.212s] [01m[K/home/bobo/ros2_ws/src/mr2_public/tug_turtlebot4/src/SlamNode.cpp:124:5:[m[K [01;31m[Kerror: [m[Ktemplate argument 1 is invalid
[5.212s]   124 |     [01;31m[KRCLCPP_INFO[m[K(get_logger("SlamNode"), "Finished Line Drawing. Total Points: %lu", line.size());
[5.212s]       |     [01;31m[K^~~~~~~~~~~[m[K
[5.212s] [01m[K/home/bobo/ros2_ws/src/mr2_public/tug_turtlebot4/src/SlamNode.cpp:124:5:[m[K [01;31m[Kerror: [m[Ktemplate argument 1 is invalid
[5.212s]   124 |     [01;31m[KRCLCPP_INFO[m[K(get_logger("SlamNode"), "Finished Line Drawing. Total Points: %lu", line.size());
[5.212s]       |     [01;31m[K^~~~~~~~~~~[m[K
[5.212s] [01m[K/home/bobo/ros2_ws/src/mr2_public/tug_turtlebot4/src/SlamNode.cpp:125:17:[m[K [01;31m[Kerror: [m[Kâ€˜[01m[Kget_logger[m[Kâ€™ was not declared in this scope; did you mean â€˜[01m[Krclcpp::get_logger[m[Kâ€™?
[5.212s]   125 |     RCLCPP_INFO([01;31m[Kget_logger[m[K("SlamNode"), "Line Points:");
[5.212s]       |                 [01;31m[K^~~~~~~~~~[m[K
[5.212s] In file included from [01m[K/opt/ros/humble/include/rclcpp/rclcpp/logging.hpp:23[m[K,
[5.213s]                  from [01m[K/opt/ros/humble/include/rclcpp/rclcpp/client.hpp:40[m[K,
[5.213s]                  from [01m[K/opt/ros/humble/include/rclcpp/rclcpp/callback_group.hpp:24[m[K,
[5.213s]                  from [01m[K/opt/ros/humble/include/rclcpp/rclcpp/node.hpp:40[m[K,
[5.213s]                  from [01m[K/home/bobo/ros2_ws/src/mr2_public/tug_turtlebot4/include/tug_turtlebot4/SlamNode.hpp:6[m[K,
[5.213s]                  from [01m[K/home/bobo/ros2_ws/src/mr2_public/tug_turtlebot4/src/SlamNode.cpp:1[m[K:
[5.213s] [01m[K/opt/ros/humble/include/rclcpp/rclcpp/logger.hpp:106:17:[m[K [01;36m[Knote: [m[Kâ€˜[01m[Krclcpp::get_logger[m[Kâ€™ declared here
[5.213s]   106 |   friend Logger [01;36m[Krclcpp[m[K::get_logger(const std::string & name);
[5.213s]       |                 [01;36m[K^~~~~~[m[K
[5.213s] In file included from [01m[K/opt/ros/humble/include/rclcpp/rclcpp/client.hpp:40[m[K,
[5.213s]                  from [01m[K/opt/ros/humble/include/rclcpp/rclcpp/callback_group.hpp:24[m[K,
[5.213s]                  from [01m[K/opt/ros/humble/include/rclcpp/rclcpp/node.hpp:40[m[K,
[5.213s]                  from [01m[K/home/bobo/ros2_ws/src/mr2_public/tug_turtlebot4/include/tug_turtlebot4/SlamNode.hpp:6[m[K,
[5.213s]                  from [01m[K/home/bobo/ros2_ws/src/mr2_public/tug_turtlebot4/src/SlamNode.cpp:1[m[K:
[5.214s] [01m[K/home/bobo/ros2_ws/src/mr2_public/tug_turtlebot4/src/SlamNode.cpp:125:5:[m[K [01;31m[Kerror: [m[Ktemplate argument 1 is invalid
[5.214s]   125 |     [01;31m[KRCLCPP_INFO[m[K(get_logger("SlamNode"), "Line Points:");
[5.214s]       |     [01;31m[K^~~~~~~~~~~[m[K
[5.214s] [01m[K/home/bobo/ros2_ws/src/mr2_public/tug_turtlebot4/src/SlamNode.cpp:125:5:[m[K [01;31m[Kerror: [m[Ktemplate argument 1 is invalid
[5.214s]   125 |     [01;31m[KRCLCPP_INFO[m[K(get_logger("SlamNode"), "Line Points:");
[5.214s]       |     [01;31m[K^~~~~~~~~~~[m[K
[5.214s] [01m[K/home/bobo/ros2_ws/src/mr2_public/tug_turtlebot4/src/SlamNode.cpp:125:5:[m[K [01;31m[Kerror: [m[Ktemplate argument 1 is invalid
[5.214s]   125 |     [01;31m[KRCLCPP_INFO[m[K(get_logger("SlamNode"), "Line Points:");
[5.214s]       |     [01;31m[K^~~~~~~~~~~[m[K
[5.214s] [01m[K/home/bobo/ros2_ws/src/mr2_public/tug_turtlebot4/src/SlamNode.cpp:127:21:[m[K [01;31m[Kerror: [m[Kâ€˜[01m[Kget_logger[m[Kâ€™ was not declared in this scope; did you mean â€˜[01m[Krclcpp::get_logger[m[Kâ€™?
[5.214s]   127 |         RCLCPP_INFO([01;31m[Kget_logger[m[K("SlamNode"), "(%f, %f)", point.first, point.second);
[5.214s]       |                     [01;31m[K^~~~~~~~~~[m[K
[5.214s] In file included from [01m[K/opt/ros/humble/include/rclcpp/rclcpp/logging.hpp:23[m[K,
[5.215s]                  from [01m[K/opt/ros/humble/include/rclcpp/rclcpp/client.hpp:40[m[K,
[5.215s]                  from [01m[K/opt/ros/humble/include/rclcpp/rclcpp/callback_group.hpp:24[m[K,
[5.215s]                  from [01m[K/opt/ros/humble/include/rclcpp/rclcpp/node.hpp:40[m[K,
[5.215s]                  from [01m[K/home/bobo/ros2_ws/src/mr2_public/tug_turtlebot4/include/tug_turtlebot4/SlamNode.hpp:6[m[K,
[5.215s]                  from [01m[K/home/bobo/ros2_ws/src/mr2_public/tug_turtlebot4/src/SlamNode.cpp:1[m[K:
[5.215s] [01m[K/opt/ros/humble/include/rclcpp/rclcpp/logger.hpp:106:17:[m[K [01;36m[Knote: [m[Kâ€˜[01m[Krclcpp::get_logger[m[Kâ€™ declared here
[5.215s]   106 |   friend Logger [01;36m[Krclcpp[m[K::get_logger(const std::string & name);
[5.215s]       |                 [01;36m[K^~~~~~[m[K
[5.215s] In file included from [01m[K/opt/ros/humble/include/rclcpp/rclcpp/client.hpp:40[m[K,
[5.215s]                  from [01m[K/opt/ros/humble/include/rclcpp/rclcpp/callback_group.hpp:24[m[K,
[5.215s]                  from [01m[K/opt/ros/humble/include/rclcpp/rclcpp/node.hpp:40[m[K,
[5.215s]                  from [01m[K/home/bobo/ros2_ws/src/mr2_public/tug_turtlebot4/include/tug_turtlebot4/SlamNode.hpp:6[m[K,
[5.216s]                  from [01m[K/home/bobo/ros2_ws/src/mr2_public/tug_turtlebot4/src/SlamNode.cpp:1[m[K:
[5.216s] [01m[K/home/bobo/ros2_ws/src/mr2_public/tug_turtlebot4/src/SlamNode.cpp:127:9:[m[K [01;31m[Kerror: [m[Ktemplate argument 1 is invalid
[5.216s]   127 |         [01;31m[KRCLCPP_INFO[m[K(get_logger("SlamNode"), "(%f, %f)", point.first, point.second);
[5.216s]       |         [01;31m[K^~~~~~~~~~~[m[K
[5.216s] [01m[K/home/bobo/ros2_ws/src/mr2_public/tug_turtlebot4/src/SlamNode.cpp:127:9:[m[K [01;31m[Kerror: [m[Ktemplate argument 1 is invalid
[5.216s]   127 |         [01;31m[KRCLCPP_INFO[m[K(get_logger("SlamNode"), "(%f, %f)", point.first, point.second);
[5.216s]       |         [01;31m[K^~~~~~~~~~~[m[K
[5.216s] [01m[K/home/bobo/ros2_ws/src/mr2_public/tug_turtlebot4/src/SlamNode.cpp:127:9:[m[K [01;31m[Kerror: [m[Ktemplate argument 1 is invalid
[5.216s]   127 |         [01;31m[KRCLCPP_INFO[m[K(get_logger("SlamNode"), "(%f, %f)", point.first, point.second);
[5.216s]       |         [01;31m[K^~~~~~~~~~~[m[K
[10.872s] gmake[2]: *** [CMakeFiles/slam.dir/build.make:90: CMakeFiles/slam.dir/src/SlamNode.cpp.o] Error 1
[10.873s] gmake[1]: *** [CMakeFiles/Makefile2:195: CMakeFiles/slam.dir/all] Error 2
[10.873s] gmake: *** [Makefile:146: all] Error 2
[10.877s] Invoked command in '/home/bobo/ros2_ws/build/tug_turtlebot4' returned '2': CMAKE_PREFIX_PATH=/home/bobo/ros2_ws/install/tug_msgs:/home/bobo/ros2_ws/install/tug_turtlebot4:/home/bobo/ros2_ws/install/tug_stage_ros2:/home/bobo/ros2_ws/install/tug_mr2:/home/bobo/ros2_ws/install/ros2cpp_tutorials_service:/home/bobo/ros2_ws/install/ros2cpp_tutorials_publisher_subscriber:/home/bobo/ros2_ws/install/ros2cpp_tutorials_parameter:/home/bobo/ros2_ws/install/ros2cpp_tutorials_action:/home/bobo/ros2_ws/install/Eigen3:/opt/ros/humble LD_LIBRARY_PATH=/home/bobo/ros2_ws/install/tug_msgs/lib:/home/bobo/stg/lib:/home/bobo/ros2_ws/install/ros2cpp_tutorials_service/lib:/home/bobo/ros2_ws/install/ros2cpp_tutorials_action/lib:/opt/ros/humble/opt/rviz_ogre_vendor/lib:/opt/ros/humble/lib/x86_64-linux-gnu:/opt/ros/humble/lib /usr/bin/cmake --build /home/bobo/ros2_ws/build/tug_turtlebot4 -- -j8 -l8
