[0.034s] Invoking command in '/home/bobo/ros2_ws/build/tug_turtlebot4': CMAKE_PREFIX_PATH=/home/bobo/ros2_ws/install/tug_msgs:/home/bobo/ros2_ws/install/tug_turtlebot4:/home/bobo/ros2_ws/install/tug_stage_ros2:/home/bobo/ros2_ws/install/tug_mr2:/home/bobo/ros2_ws/install/ros2cpp_tutorials_service:/home/bobo/ros2_ws/install/ros2cpp_tutorials_publisher_subscriber:/home/bobo/ros2_ws/install/ros2cpp_tutorials_parameter:/home/bobo/ros2_ws/install/ros2cpp_tutorials_action:/home/bobo/ros2_ws/install/Eigen3:/opt/ros/humble LD_LIBRARY_PATH=/home/bobo/ros2_ws/install/tug_msgs/lib:/home/bobo/stg/lib:/home/bobo/ros2_ws/install/ros2cpp_tutorials_service/lib:/home/bobo/ros2_ws/install/ros2cpp_tutorials_action/lib:/opt/ros/humble/opt/rviz_ogre_vendor/lib:/opt/ros/humble/lib/x86_64-linux-gnu:/opt/ros/humble/lib /usr/bin/cmake --build /home/bobo/ros2_ws/build/tug_turtlebot4 -- -j8 -l8
[0.141s] [35m[1mConsolidate compiler generated dependencies of target slam[0m
[0.164s] [ 18%] Built target static_transform_publisher
[0.173s] [ 45%] Built target simple_turtle
[0.177s] [ 63%] Built target tug_wheel_encoder-system
[0.204s] [ 72%] [32mBuilding CXX object CMakeFiles/slam.dir/src/SlamNode.cpp.o[0m
[4.672s] In file included from [01m[K/opt/ros/humble/include/rclcpp/rclcpp/logging.hpp:24[m[K,
[4.672s]                  from [01m[K/opt/ros/humble/include/rclcpp/rclcpp/client.hpp:40[m[K,
[4.672s]                  from [01m[K/opt/ros/humble/include/rclcpp/rclcpp/callback_group.hpp:24[m[K,
[4.673s]                  from [01m[K/opt/ros/humble/include/rclcpp/rclcpp/node.hpp:40[m[K,
[4.673s]                  from [01m[K/home/bobo/ros2_ws/src/mr2_public/tug_turtlebot4/include/tug_turtlebot4/SlamNode.hpp:9[m[K,
[4.673s]                  from [01m[K/home/bobo/ros2_ws/src/mr2_public/tug_turtlebot4/src/SlamNode.cpp:1[m[K:
[4.673s] [01m[K/home/bobo/ros2_ws/src/mr2_public/tug_turtlebot4/src/SlamNode.cpp:[m[K In member function â€˜[01m[Kvoid tug_turtlebot4::SlamNode::saveSensorDataToCSV(const string&)[m[Kâ€™:
[4.673s] [01m[K/home/bobo/ros2_ws/src/mr2_public/tug_turtlebot4/src/SlamNode.cpp:319:68:[m[K [01;31m[Kerror: [m[Kâ€˜[01m[Krange[m[Kâ€™ was not declared in this scope
[4.674s]   319 |             RCLCPP_INFO(get_logger(), "Saving range[%zu]: %f ", i, [01;31m[Krange[m[K);
[4.674s]       |                                                                    [01;31m[K^~~~~[m[K
[10.897s] gmake[2]: *** [CMakeFiles/slam.dir/build.make:90: CMakeFiles/slam.dir/src/SlamNode.cpp.o] Error 1
[10.897s] gmake[1]: *** [CMakeFiles/Makefile2:195: CMakeFiles/slam.dir/all] Error 2
[10.897s] gmake: *** [Makefile:146: all] Error 2
[10.902s] Invoked command in '/home/bobo/ros2_ws/build/tug_turtlebot4' returned '2': CMAKE_PREFIX_PATH=/home/bobo/ros2_ws/install/tug_msgs:/home/bobo/ros2_ws/install/tug_turtlebot4:/home/bobo/ros2_ws/install/tug_stage_ros2:/home/bobo/ros2_ws/install/tug_mr2:/home/bobo/ros2_ws/install/ros2cpp_tutorials_service:/home/bobo/ros2_ws/install/ros2cpp_tutorials_publisher_subscriber:/home/bobo/ros2_ws/install/ros2cpp_tutorials_parameter:/home/bobo/ros2_ws/install/ros2cpp_tutorials_action:/home/bobo/ros2_ws/install/Eigen3:/opt/ros/humble LD_LIBRARY_PATH=/home/bobo/ros2_ws/install/tug_msgs/lib:/home/bobo/stg/lib:/home/bobo/ros2_ws/install/ros2cpp_tutorials_service/lib:/home/bobo/ros2_ws/install/ros2cpp_tutorials_action/lib:/opt/ros/humble/opt/rviz_ogre_vendor/lib:/opt/ros/humble/lib/x86_64-linux-gnu:/opt/ros/humble/lib /usr/bin/cmake --build /home/bobo/ros2_ws/build/tug_turtlebot4 -- -j8 -l8
