[01m[K/home/bobo/ros2_ws/src/mr2_public/tug_turtlebot4/src/SlamNode.cpp:[m[K In function â€˜[01m[Kstd::vector<std::pair<double, double> > tug_turtlebot4::draw_line(double, double, double, double)[m[Kâ€™:
[01m[K/home/bobo/ros2_ws/src/mr2_public/tug_turtlebot4/src/SlamNode.cpp:137:5:[m[K [01;31m[Kerror: [m[Kâ€˜[01m[KdrawLineV[m[Kâ€™ was not declared in this scope; did you mean â€˜[01m[KdrawLineH[m[Kâ€™?
  137 |     [01;31m[KdrawLineV[m[K(x0, y0, x1, y1, points);
      |     [01;31m[K^~~~~~~~~[m[K
      |     [32m[KdrawLineH[m[K
gmake[2]: *** [CMakeFiles/slam.dir/build.make:90: CMakeFiles/slam.dir/src/SlamNode.cpp.o] Error 1
gmake[1]: *** [CMakeFiles/Makefile2:195: CMakeFiles/slam.dir/all] Error 2
gmake: *** [Makefile:146: all] Error 2
