[01m[K/home/bobo/ros2_ws/src/mr2_public/tug_turtlebot4/src/SlamNode.cpp:[m[K In member function â€˜[01m[Kvoid tug_turtlebot4::SlamNode::laserScanCallback(const ConstSharedPtr&)[m[Kâ€™:
[01m[K/home/bobo/ros2_ws/src/mr2_public/tug_turtlebot4/src/SlamNode.cpp:149:5:[m[K [01;31m[Kerror: [m[Kâ€˜[01m[Kbot_to_odom[m[Kâ€™ was not declared in this scope
  149 |     [01;31m[Kbot_to_odom[m[K = tf_buffer_->lookupTransform("odom", "tug_turtlebot4", msg->header.stamp);
      |     [01;31m[K^~~~~~~~~~~[m[K
[01m[K/home/bobo/ros2_ws/src/mr2_public/tug_turtlebot4/src/SlamNode.cpp:154:22:[m[K [01;31m[Kerror: [m[Kâ€˜[01m[Kbot_to_odom[m[Kâ€™ was not declared in this scope
  154 |   auto& robot_pose = [01;31m[Kbot_to_odom[m[K.transform.translation;
      |                      [01;31m[K^~~~~~~~~~~[m[K
gmake[2]: *** [CMakeFiles/slam.dir/build.make:90: CMakeFiles/slam.dir/src/SlamNode.cpp.o] Error 1
gmake[1]: *** [CMakeFiles/Makefile2:195: CMakeFiles/slam.dir/all] Error 2
gmake: *** [Makefile:146: all] Error 2
